================================================================================
                             setup (RelWithDebInfo)
================================================================================
[Pipeline] }
[Pipeline] // withEnv
[Pipeline] }
[Pipeline] // stage
[Pipeline] }
[Pipeline] // timestamps
[Pipeline] }
[Pipeline] // timeout
[Pipeline] timeout
Timeout set to expire in 6 hr 0 min
[Pipeline] {
[Pipeline] timestamps
[Pipeline] {
[Pipeline] stage
[Pipeline] { (Clean)
[Pipeline] withEnv
[Pipeline] {
[Pipeline] sh
[ecg-mayausd-branch-preflight-2020-osx] Running shell script
+ python ecg-maya-usd/build.py --stages=clean --workspace-dir=/local/S/jenkins/workspace/ecg-mayausd-branch-preflight-2020-osx --artifactory-dir=/local/S/jenkins/workspace/shared/Artifactory --build-dir=/local/S/jenkins/workspace/ecg-mayausd-branch-preflight-2020-osx/build --install-dir=/local/S/jenkins/workspace/ecg-mayausd-branch-preflight-2020-osx/install --signing-dir=/local/S/jenkins/workspace/ecg-mayausd-branch-preflight-2020-osx/signing --package-dir=/local/S/jenkins/workspace/ecg-mayausd-branch-preflight-2020-osx/package --output-dir=/local/S/jenkins/workspace/ecg-mayausd-branch-preflight-2020-osx/output --stash-dir=/local/S/jenkins/workspace/ecg-mayausd-branch-preflight-2020-osx/stash --jenkins-build=2026 --git-commit=72058a0fb70c17bf13db99a0dd13a0d74ea7f6ab --git-branch=master --variants=RelWithDebInfo --python=2.7 --post-zips=false --maya-cut-config=maya-rundev-2020.yaml --stage-banner
Using Maya cut from /local/S/jenkins/workspace/shared/Artifactory/OSX/rundev-2020/202107140359/runtime/446214e

================================================================================
                             clean (RelWithDebInfo)
================================================================================
Maya Python RelWithDebInfo Info:
  mayapy executable   = /local/S/jenkins/workspace/shared/Artifactory/OSX/rundev-2020/202107140359/runtime/446214e/runTime/Maya.app/Contents/bin/mayapy
  Include Folder      = /local/S/jenkins/workspace/shared/Artifactory/OSX/rundev-2020/202107140359/runtime/446214e/runTime/Maya.app/Contents/Frameworks/Python.framework/Versions/Current/include/python2.7
  Library             = /local/S/jenkins/workspace/shared/Artifactory/OSX/rundev-2020/202107140359/runtime/446214e/runTime/Maya.app/Contents/Frameworks/Python.framework/Versions/Current/lib/libpython2.7.dylib
  site-package Folder = /local/S/jenkins/workspace/shared/Artifactory/OSX/rundev-2020/202107140359/runtime/446214e/runTime/Maya.app/Contents/Frameworks/Python.framework/Versions/Current/lib/python2.7/site-packages
In workdir: /local/S/jenkins/workspace/ecg-mayausd-branch-preflight-2020-osx/ecg-maya-usd/maya-usd
Executing: /local/S/jenkins/workspace/shared/Artifactory/OSX/rundev-2020/202107140359/runtime/446214e/runTime/Maya.app/Contents/bin/mayapy /local/S/jenkins/workspace/ecg-mayausd-branch-preflight-2020-osx/ecg-maya-usd/maya-usd/build.py --generator Ninja --build-relwithdebug --maya-location /local/S/jenkins/workspace/shared/Artifactory/OSX/rundev-2020/202107140359/runtime/446214e/runTime --devkit-location /local/S/jenkins/workspace/shared/Artifactory/OSX/rundev-2020/202107140359/runtime/446214e/devkitBase --pxrusd-location /local/S/jenkins/workspace/shared/Artifactory/OSX/USD/73ca68d --qt-location /local/S/jenkins/workspace/shared/Artifactory/OSX/qt/5.12.5/3ca78fe --build-args=-DCMAKE_MAKE_PROGRAM=/local/S/jenkins/workspace/shared/Artifactory/OSX/ninja/1.9.0/41005eb/ninja,-DPYTHON_INCLUDE_DIR=/local/S/jenkins/workspace/shared/Artifactory/OSX/rundev-2020/202107140359/runtime/446214e/runTime/Maya.app/Contents/Frameworks/Python.framework/Versions/Current/include/python2.7,-DPython_EXECUTABLE=/local/S/jenkins/workspace/shared/Artifactory/OSX/rundev-2020/202107140359/runtime/446214e/runTime/Maya.app/Contents/bin/mayapy,-DPYTHON_LIBRARIES=/local/S/jenkins/workspace/shared/Artifactory/OSX/rundev-2020/202107140359/runtime/446214e/runTime/Maya.app/Contents/Frameworks/Python.framework/Versions/Current/lib/libpython2.7.dylib,-DUSD_LIB_PREFIX=lib,-DCMAKE_WANT_MATERIALX_BUILD=ON,-DCMAKE_PREFIX_PATH=/local/S/jenkins/workspace/shared/Artifactory/OSX/USD/73ca68d '--ctest-args=-E testUsdReferenceAssemblySelection|testUsdMayaAppDir,-LE interactive,--parallel 4' --stages=clean --redirect-outstream-file=False --install-location /local/S/jenkins/workspace/ecg-mayausd-branch-preflight-2020-osx/install/RelWithDebInfo/MayaUSD /local/S/jenkins/workspace/ecg-mayausd-branch-preflight-2020-osx
Modified environment variables:
    PATH=/local/S/jenkins/workspace/shared/Artifactory/OSX/cmake/3.14.4/e159059/bin:/usr/local/bin:/bin:/usr/sbin:/sbin:/usr/bin
    
        Building with settings:
          Source directory          /local/S/jenkins/workspace/ecg-mayausd-branch-preflight-2020-osx/ecg-maya-usd/maya-usd
          Workspace directory       /local/S/jenkins/workspace/ecg-mayausd-branch-preflight-2020-osx
          Build directory           /local/S/jenkins/workspace/ecg-mayausd-branch-preflight-2020-osx/build/RelWithDebInfo
          Install directory         /local/S/jenkins/workspace/ecg-mayausd-branch-preflight-2020-osx/install/RelWithDebInfo/MayaUSD
          Variant                   RelWithDebInfo
          Python Debug              Off
          CMake generator           Ninja
          Build arguments           ['-DCMAKE_MAKE_PROGRAM=/local/S/jenkins/workspace/shared/Artifactory/OSX/ninja/1.9.0/41005eb/ninja', '-DPYTHON_INCLUDE_DIR=/local/S/jenkins/workspace/shared/Artifactory/OSX/rundev-2020/202107140359/runtime/446214e/runTime/Maya.app/Contents/Frameworks/Python.framework/Versions/Current/include/python2.7', '-DPython_EXECUTABLE=/local/S/jenkins/workspace/shared/Artifactory/OSX/rundev-2020/202107140359/runtime/446214e/runTime/Maya.app/Contents/bin/mayapy', '-DPYTHON_LIBRARIES=/local/S/jenkins/workspace/shared/Artifactory/OSX/rundev-2020/202107140359/runtime/446214e/runTime/Maya.app/Contents/Frameworks/Python.framework/Versions/Current/lib/libpython2.7.dylib', '-DUSD_LIB_PREFIX=lib', '-DCMAKE_WANT_MATERIALX_BUILD=ON', '-DCMAKE_PREFIX_PATH=/local/S/jenkins/workspace/shared/Artifactory/OSX/USD/73ca68d']
          Stages arguments          ['clean']
          CTest arguments           ['-E testUsdReferenceAssemblySelection|testUsdMayaAppDir', '-LE interactive', '--parallel 4']
    Success MayaUSD build and install !!!!
    Elapsed time: 00:00:00
[Pipeline] }
[Pipeline] // withEnv
[Pipeline] }
[Pipeline] // stage
[Pipeline] }
[Pipeline] // timestamps
[Pipeline] }
[Pipeline] // timeout
[Pipeline] timeout
Timeout set to expire in 6 hr 0 min
[Pipeline] {
[Pipeline] timestamps
[Pipeline] {
[Pipeline] stage
[Pipeline] { (Configure)
[Pipeline] withEnv
[Pipeline] {
[Pipeline] sh
[ecg-mayausd-branch-preflight-2020-osx] Running shell script
+ python ecg-maya-usd/build.py --stages=configure --workspace-dir=/local/S/jenkins/workspace/ecg-mayausd-branch-preflight-2020-osx --artifactory-dir=/local/S/jenkins/workspace/shared/Artifactory --build-dir=/local/S/jenkins/workspace/ecg-mayausd-branch-preflight-2020-osx/build --install-dir=/local/S/jenkins/workspace/ecg-mayausd-branch-preflight-2020-osx/install --signing-dir=/local/S/jenkins/workspace/ecg-mayausd-branch-preflight-2020-osx/signing --package-dir=/local/S/jenkins/workspace/ecg-mayausd-branch-preflight-2020-osx/package --output-dir=/local/S/jenkins/workspace/ecg-mayausd-branch-preflight-2020-osx/output --stash-dir=/local/S/jenkins/workspace/ecg-mayausd-branch-preflight-2020-osx/stash --jenkins-build=2026 --git-commit=72058a0fb70c17bf13db99a0dd13a0d74ea7f6ab --git-branch=master --variants=RelWithDebInfo --python=2.7 --post-zips=false --maya-cut-config=maya-rundev-2020.yaml --stage-banner
Using Maya cut from /local/S/jenkins/workspace/shared/Artifactory/OSX/rundev-2020/202107140359/runtime/446214e

================================================================================
                           configure (RelWithDebInfo)
================================================================================
Maya Python RelWithDebInfo Info:
  mayapy executable   = /local/S/jenkins/workspace/shared/Artifactory/OSX/rundev-2020/202107140359/runtime/446214e/runTime/Maya.app/Contents/bin/mayapy
  Include Folder      = /local/S/jenkins/workspace/shared/Artifactory/OSX/rundev-2020/202107140359/runtime/446214e/runTime/Maya.app/Contents/Frameworks/Python.framework/Versions/Current/include/python2.7
  Library             = /local/S/jenkins/workspace/shared/Artifactory/OSX/rundev-2020/202107140359/runtime/446214e/runTime/Maya.app/Contents/Frameworks/Python.framework/Versions/Current/lib/libpython2.7.dylib
  site-package Folder = /local/S/jenkins/workspace/shared/Artifactory/OSX/rundev-2020/202107140359/runtime/446214e/runTime/Maya.app/Contents/Frameworks/Python.framework/Versions/Current/lib/python2.7/site-packages
In workdir: /local/S/jenkins/workspace/ecg-mayausd-branch-preflight-2020-osx/ecg-maya-usd/maya-usd
Executing: /local/S/jenkins/workspace/shared/Artifactory/OSX/rundev-2020/202107140359/runtime/446214e/runTime/Maya.app/Contents/bin/mayapy /local/S/jenkins/workspace/ecg-mayausd-branch-preflight-2020-osx/ecg-maya-usd/maya-usd/build.py --generator Ninja --build-relwithdebug --maya-location /local/S/jenkins/workspace/shared/Artifactory/OSX/rundev-2020/202107140359/runtime/446214e/runTime --devkit-location /local/S/jenkins/workspace/shared/Artifactory/OSX/rundev-2020/202107140359/runtime/446214e/devkitBase --pxrusd-location /local/S/jenkins/workspace/shared/Artifactory/OSX/USD/73ca68d --qt-location /local/S/jenkins/workspace/shared/Artifactory/OSX/qt/5.12.5/3ca78fe --build-args=-DCMAKE_MAKE_PROGRAM=/local/S/jenkins/workspace/shared/Artifactory/OSX/ninja/1.9.0/41005eb/ninja,-DPYTHON_INCLUDE_DIR=/local/S/jenkins/workspace/shared/Artifactory/OSX/rundev-2020/202107140359/runtime/446214e/runTime/Maya.app/Contents/Frameworks/Python.framework/Versions/Current/include/python2.7,-DPython_EXECUTABLE=/local/S/jenkins/workspace/shared/Artifactory/OSX/rundev-2020/202107140359/runtime/446214e/runTime/Maya.app/Contents/bin/mayapy,-DPYTHON_LIBRARIES=/local/S/jenkins/workspace/shared/Artifactory/OSX/rundev-2020/202107140359/runtime/446214e/runTime/Maya.app/Contents/Frameworks/Python.framework/Versions/Current/lib/libpython2.7.dylib,-DUSD_LIB_PREFIX=lib,-DCMAKE_WANT_MATERIALX_BUILD=ON,-DCMAKE_PREFIX_PATH=/local/S/jenkins/workspace/shared/Artifactory/OSX/USD/73ca68d '--ctest-args=-E testUsdReferenceAssemblySelection|testUsdMayaAppDir,-LE interactive,--parallel 4' --stages=configure --redirect-outstream-file=False --install-location /local/S/jenkins/workspace/ecg-mayausd-branch-preflight-2020-osx/install/RelWithDebInfo/MayaUSD /local/S/jenkins/workspace/ecg-mayausd-branch-preflight-2020-osx
Modified environment variables:
    PATH=/local/S/jenkins/workspace/shared/Artifactory/OSX/cmake/3.14.4/e159059/bin:/usr/local/bin:/bin:/usr/sbin:/sbin:/usr/bin
    -- The C compiler identification is AppleClang 10.0.1.10010046
    -- The CXX compiler identification is AppleClang 10.0.1.10010046
    -- Check for working C compiler: /Applications/Xcode.app/Contents/Developer/Toolchains/XcodeDefault.xctoolchain/usr/bin/cc
    -- Check for working C compiler: /Applications/Xcode.app/Contents/Developer/Toolchains/XcodeDefault.xctoolchain/usr/bin/cc -- works
    -- Detecting C compiler ABI info
    -- Detecting C compiler ABI info - done
    -- Detecting C compile features
    -- Detecting C compile features - done
    -- Check for working CXX compiler: /Applications/Xcode.app/Contents/Developer/Toolchains/XcodeDefault.xctoolchain/usr/bin/c++
    -- Check for working CXX compiler: /Applications/Xcode.app/Contents/Developer/Toolchains/XcodeDefault.xctoolchain/usr/bin/c++ -- works
    -- Detecting CXX compiler ABI info
    -- Detecting CXX compiler ABI info - done
    -- Detecting CXX compile features
    -- Detecting CXX compile features - done
    -- Using Maya Light API Version 1
    -- Maya array iterator has difference_type trait
    -- Found Maya: /local/S/jenkins/workspace/shared/Artifactory/OSX/rundev-2020/202107140359/runtime/446214e/runTime/maya.app/Contents/MacOS/Maya (found suitable version "2020", minimum required is "2018")
    -- Found Python: /local/S/jenkins/workspace/shared/Artifactory/OSX/rundev-2020/202107140359/runtime/446214e/runTime/Maya.app/Contents/bin/mayapy (found suitable exact version "2.7.15") found components:  Interpreter
    -- Build MayaUSD with Python3 = OFF
    --    PYTHON_INCLUDE_DIRS = /local/S/jenkins/workspace/shared/Artifactory/OSX/rundev-2020/202107140359/runtime/446214e/runTime/Maya.app/Contents/Frameworks/Python.framework/Versions/Current/include/python2.7
    --    PYTHON_LIBRARIES    = /local/S/jenkins/workspace/shared/Artifactory/OSX/rundev-2020/202107140359/runtime/446214e/runTime/Maya.app/Contents/Frameworks/Python.framework/Versions/Current/lib/libpython2.7.dylib
    --    Python_EXECUTABLE   = /local/S/jenkins/workspace/shared/Artifactory/OSX/rundev-2020/202107140359/runtime/446214e/runTime/Maya.app/Contents/bin/mayapy
    -- USD include dir: /local/S/jenkins/workspace/shared/Artifactory/OSX/USD/73ca68d/include
    -- USD library dir: /local/S/jenkins/workspace/shared/Artifactory/OSX/USD/73ca68d/lib
    -- USD version: 0.21.11
    -- Found USD: /local/S/jenkins/workspace/shared/Artifactory/OSX/USD/73ca68d (found suitable version "0.21.11", minimum required is "0.20.05")
    Updated PYTHONPATH: /local/S/jenkins/workspace/shared/Artifactory/OSX/USD/73ca68d/lib/python
    -- UFE include dir: /local/S/jenkins/workspace/shared/Artifactory/OSX/rundev-2020/202107140359/runtime/446214e/devkitBase/devkit/ufe/include
    -- UFE library: /local/S/jenkins/workspace/shared/Artifactory/OSX/rundev-2020/202107140359/runtime/446214e/devkitBase/devkit/ufe/lib/libufe_1.dylib
    -- UFE version: 1.0.0
    -- Building with UFE 1.0.0 features enabled.
    CMake Warning at CMakeLists.txt:150 (message):
      Disabling MaterialX VP2 rendering: it is not supported by this version of
      Maya.
    
    
    -- Found MaterialX
    -- Building with Qt features enabled.
    -- **** Building Gulrak From Github Repository.
    -- Populating gulrak
    -- Configuring done
    -- Generating done
    -- Build files have been written to: /local/S/jenkins/workspace/ecg-mayausd-branch-preflight-2020-osx/build/RelWithDebInfo/_deps/gulrak-subbuild
    [1/9] Creating directories for 'gulrak-populate'
    [1/9] Performing download step (git clone) for 'gulrak-populate'
    Cloning into 'gulrak-src'...
    HEAD is now at 4e21ab3 Version bump and updated readme.
    [2/9] Performing update step for 'gulrak-populate'
    [3/9] No patch step for 'gulrak-populate'
    [5/9] No configure step for 'gulrak-populate'
    [6/9] No build step for 'gulrak-populate'
    [7/9] No install step for 'gulrak-populate'
    [8/9] No test step for 'gulrak-populate'
    [9/9] Completed 'gulrak-populate'
    -- ========== Installing GoogleTest... ==========
    -- Configuring done
    -- Generating done
    -- Build files have been written to: /local/S/jenkins/workspace/ecg-mayausd-branch-preflight-2020-osx/build/RelWithDebInfo/googletest-config
    [1/8] Creating directories for 'googletest'
    [2/8] Performing download step (git clone) for 'googletest'
    Cloning into 'googletest-src'...
    HEAD is now at 703bd9ca Googletest export
    [3/8] No patch step for 'googletest'
    [4/8] Performing update step for 'googletest'
    [5/8] Performing configure step for 'googletest'
    -- The C compiler identification is AppleClang 10.0.1.10010046
    -- The CXX compiler identification is AppleClang 10.0.1.10010046
    -- Check for working C compiler: /Applications/Xcode.app/Contents/Developer/Toolchains/XcodeDefault.xctoolchain/usr/bin/cc
    -- Check for working C compiler: /Applications/Xcode.app/Contents/Developer/Toolchains/XcodeDefault.xctoolchain/usr/bin/cc -- works
    -- Detecting C compiler ABI info
    -- Detecting C compiler ABI info - done
    -- Detecting C compile features
    -- Detecting C compile features - done
    -- Check for working CXX compiler: /Applications/Xcode.app/Contents/Developer/Toolchains/XcodeDefault.xctoolchain/usr/bin/c++
    -- Check for working CXX compiler: /Applications/Xcode.app/Contents/Developer/Toolchains/XcodeDefault.xctoolchain/usr/bin/c++ -- works
    -- Detecting CXX compiler ABI info
    -- Detecting CXX compiler ABI info - done
    -- Detecting CXX compile features
    -- Detecting CXX compile features - done
    -- Found PythonInterp: /usr/local/bin/python (found version "2.7.15")
    -- Looking for pthread.h
    -- Looking for pthread.h - found
    -- Looking for pthread_create
    -- Looking for pthread_create - found
    -- Found Threads: TRUE
    -- Configuring done
    -- Generating done
    -- Build files have been written to: /local/S/jenkins/workspace/ecg-mayausd-branch-preflight-2020-osx/build/RelWithDebInfo/googletest-build
    [6/8] Performing build step for 'googletest'
    [1/4] Building CXX object googletest/CMakeFiles/gtest_main.dir/src/gtest_main.cc.o
    [2/4] Building CXX object googletest/CMakeFiles/gtest.dir/src/gtest-all.cc.o
    [3/4] Linking CXX shared library lib/libgtest.dylib
    [4/4] Linking CXX shared library lib/libgtest_main.dylib
    [7/8] Performing install step for 'googletest'
    [0/1] Install the project...
    -- Install configuration: "RelWithDebInfo"
    -- Installing: /local/S/jenkins/workspace/ecg-mayausd-branch-preflight-2020-osx/build/RelWithDebInfo/googletest-install/lib/cmake/GTest/GTestTargets.cmake
    -- Installing: /local/S/jenkins/workspace/ecg-mayausd-branch-preflight-2020-osx/build/RelWithDebInfo/googletest-install/lib/cmake/GTest/GTestTargets-relwithdebinfo.cmake
    -- Installing: /local/S/jenkins/workspace/ecg-mayausd-branch-preflight-2020-osx/build/RelWithDebInfo/googletest-install/lib/cmake/GTest/GTestConfigVersion.cmake
    -- Installing: /local/S/jenkins/workspace/ecg-mayausd-branch-preflight-2020-osx/build/RelWithDebInfo/googletest-install/lib/cmake/GTest/GTestConfig.cmake
    -- Installing: /local/S/jenkins/workspace/ecg-mayausd-branch-preflight-2020-osx/build/RelWithDebInfo/googletest-install/include
    -- Installing: /local/S/jenkins/workspace/ecg-mayausd-branch-preflight-2020-osx/build/RelWithDebInfo/googletest-install/include/gtest
    -- Installing: /local/S/jenkins/workspace/ecg-mayausd-branch-preflight-2020-osx/build/RelWithDebInfo/googletest-install/include/gtest/gtest-death-test.h
    -- Installing: /local/S/jenkins/workspace/ecg-mayausd-branch-preflight-2020-osx/build/RelWithDebInfo/googletest-install/include/gtest/gtest-matchers.h
    -- Installing: /local/S/jenkins/workspace/ecg-mayausd-branch-preflight-2020-osx/build/RelWithDebInfo/googletest-install/include/gtest/gtest-message.h
    -- Installing: /local/S/jenkins/workspace/ecg-mayausd-branch-preflight-2020-osx/build/RelWithDebInfo/googletest-install/include/gtest/gtest-param-test.h
    -- Installing: /local/S/jenkins/workspace/ecg-mayausd-branch-preflight-2020-osx/build/RelWithDebInfo/googletest-install/include/gtest/gtest-printers.h
    -- Installing: /local/S/jenkins/workspace/ecg-mayausd-branch-preflight-2020-osx/build/RelWithDebInfo/googletest-install/include/gtest/gtest-spi.h
    -- Installing: /local/S/jenkins/workspace/ecg-mayausd-branch-preflight-2020-osx/build/RelWithDebInfo/googletest-install/include/gtest/gtest-test-part.h
    -- Installing: /local/S/jenkins/workspace/ecg-mayausd-branch-preflight-2020-osx/build/RelWithDebInfo/googletest-install/include/gtest/gtest-typed-test.h
    -- Installing: /local/S/jenkins/workspace/ecg-mayausd-branch-preflight-2020-osx/build/RelWithDebInfo/googletest-install/include/gtest/gtest.h
    -- Installing: /local/S/jenkins/workspace/ecg-mayausd-branch-preflight-2020-osx/build/RelWithDebInfo/googletest-install/include/gtest/gtest_pred_impl.h
    -- Installing: /local/S/jenkins/workspace/ecg-mayausd-branch-preflight-2020-osx/build/RelWithDebInfo/googletest-install/include/gtest/gtest_prod.h
    -- Installing: /local/S/jenkins/workspace/ecg-mayausd-branch-preflight-2020-osx/build/RelWithDebInfo/googletest-install/include/gtest/internal
    -- Installing: /local/S/jenkins/workspace/ecg-mayausd-branch-preflight-2020-osx/build/RelWithDebInfo/googletest-install/include/gtest/internal/custom
    -- Installing: /local/S/jenkins/workspace/ecg-mayausd-branch-preflight-2020-osx/build/RelWithDebInfo/googletest-install/include/gtest/internal/custom/gtest-port.h
    -- Installing: /local/S/jenkins/workspace/ecg-mayausd-branch-preflight-2020-osx/build/RelWithDebInfo/googletest-install/include/gtest/internal/custom/gtest-printers.h
    -- Installing: /local/S/jenkins/workspace/ecg-mayausd-branch-preflight-2020-osx/build/RelWithDebInfo/googletest-install/include/gtest/internal/custom/gtest.h
    -- Installing: /local/S/jenkins/workspace/ecg-mayausd-branch-preflight-2020-osx/build/RelWithDebInfo/googletest-install/include/gtest/internal/custom/README.md
    -- Installing: /local/S/jenkins/workspace/ecg-mayausd-branch-preflight-2020-osx/build/RelWithDebInfo/googletest-install/include/gtest/internal/gtest-death-test-internal.h
    -- Installing: /local/S/jenkins/workspace/ecg-mayausd-branch-preflight-2020-osx/build/RelWithDebInfo/googletest-install/include/gtest/internal/gtest-filepath.h
    -- Installing: /local/S/jenkins/workspace/ecg-mayausd-branch-preflight-2020-osx/build/RelWithDebInfo/googletest-install/include/gtest/internal/gtest-internal.h
    -- Installing: /local/S/jenkins/workspace/ecg-mayausd-branch-preflight-2020-osx/build/RelWithDebInfo/googletest-install/include/gtest/internal/gtest-param-util.h
    -- Installing: /local/S/jenkins/workspace/ecg-mayausd-branch-preflight-2020-osx/build/RelWithDebInfo/googletest-install/include/gtest/internal/gtest-port-arch.h
    -- Installing: /local/S/jenkins/workspace/ecg-mayausd-branch-preflight-2020-osx/build/RelWithDebInfo/googletest-install/include/gtest/internal/gtest-port.h
    -- Installing: /local/S/jenkins/workspace/ecg-mayausd-branch-preflight-2020-osx/build/RelWithDebInfo/googletest-install/include/gtest/internal/gtest-string.h
    -- Installing: /local/S/jenkins/workspace/ecg-mayausd-branch-preflight-2020-osx/build/RelWithDebInfo/googletest-install/include/gtest/internal/gtest-type-util.h
    -- Installing: /local/S/jenkins/workspace/ecg-mayausd-branch-preflight-2020-osx/build/RelWithDebInfo/googletest-install/include/gtest/internal/gtest-type-util.h.pump
    -- Installing: /local/S/jenkins/workspace/ecg-mayausd-branch-preflight-2020-osx/build/RelWithDebInfo/googletest-install/lib/libgtest.dylib
    -- Installing: /local/S/jenkins/workspace/ecg-mayausd-branch-preflight-2020-osx/build/RelWithDebInfo/googletest-install/lib/libgtest_main.dylib
    -- Installing: /local/S/jenkins/workspace/ecg-mayausd-branch-preflight-2020-osx/build/RelWithDebInfo/googletest-install/lib/pkgconfig/gtest.pc
    -- Installing: /local/S/jenkins/workspace/ecg-mayausd-branch-preflight-2020-osx/build/RelWithDebInfo/googletest-install/lib/pkgconfig/gtest_main.pc
    [8/8] Completed 'googletest'
    -- ========== ...  GoogleTest installed. ==========
    -- MAYA_HAS_DEFAULT_MATERIAL_API is FALSE
    -- MAYA_NEW_POINT_SNAPPING_SUPPORT is FALSE
    -- MAYA_HAS_CRASH_DETECTION is FALSE
    -- MAYA_CURRENT_UFE_CAMERA_SUPPORT is FALSE
    -- MAYA_MRENDERITEM_UFE_IDENTIFIER_SUPPORT is FALSE
    -- MAYA_UPDATE_UFE_IDENTIFIER_SUPPORT is FALSE
    -- MAYA_HAS_DISPLAY_STYLE_ALL_VIEWPORTS is FALSE
    -- MAYA_ARRAY_ITERATOR_DIFFERENCE_TYPE_SUPPORT is TRUE
    -- promoting: /local/S/jenkins/workspace/ecg-mayausd-branch-preflight-2020-osx/ecg-maya-usd/maya-usd/lib/mayaUsd/base/mayaUsd.h.src
    -- promoting: /local/S/jenkins/workspace/ecg-mayausd-branch-preflight-2020-osx/ecg-maya-usd/maya-usd/lib/mayaUsd/base/api.h
    -- promoting: /local/S/jenkins/workspace/ecg-mayausd-branch-preflight-2020-osx/ecg-maya-usd/maya-usd/lib/mayaUsd/base/debugCodes.h
    -- promoting: /local/S/jenkins/workspace/ecg-mayausd-branch-preflight-2020-osx/ecg-maya-usd/maya-usd/lib/mayaUsd/base/id.h
    -- promoting: /local/S/jenkins/workspace/ecg-mayausd-branch-preflight-2020-osx/ecg-maya-usd/maya-usd/lib/mayaUsd/base/syncId.h
    -- promoting: /local/S/jenkins/workspace/ecg-mayausd-branch-preflight-2020-osx/ecg-maya-usd/maya-usd/lib/mayaUsd/base/tokens.h
    -- promoting: /local/S/jenkins/workspace/ecg-mayausd-branch-preflight-2020-osx/ecg-maya-usd/maya-usd/lib/mayaUsd/commands/abstractLayerEditorWindow.h
    -- promoting: /local/S/jenkins/workspace/ecg-mayausd-branch-preflight-2020-osx/ecg-maya-usd/maya-usd/lib/mayaUsd/commands/baseExportCommand.h
    -- promoting: /local/S/jenkins/workspace/ecg-mayausd-branch-preflight-2020-osx/ecg-maya-usd/maya-usd/lib/mayaUsd/commands/baseImportCommand.h
    -- promoting: /local/S/jenkins/workspace/ecg-mayausd-branch-preflight-2020-osx/ecg-maya-usd/maya-usd/lib/mayaUsd/commands/baseListJobContextsCommand.h
    -- promoting: /local/S/jenkins/workspace/ecg-mayausd-branch-preflight-2020-osx/ecg-maya-usd/maya-usd/lib/mayaUsd/commands/baseListShadingModesCommand.h
    -- promoting: /local/S/jenkins/workspace/ecg-mayausd-branch-preflight-2020-osx/ecg-maya-usd/maya-usd/lib/mayaUsd/commands/editTargetCommand.h
    -- promoting: /local/S/jenkins/workspace/ecg-mayausd-branch-preflight-2020-osx/ecg-maya-usd/maya-usd/lib/mayaUsd/commands/layerEditorCommand.h
    -- promoting: /local/S/jenkins/workspace/ecg-mayausd-branch-preflight-2020-osx/ecg-maya-usd/maya-usd/lib/mayaUsd/commands/layerEditorWindowCommand.h
    -- promoting: /local/S/jenkins/workspace/ecg-mayausd-branch-preflight-2020-osx/ecg-maya-usd/maya-usd/lib/mayaUsd/fileio/fallbackPrimReader.h
    -- promoting: /local/S/jenkins/workspace/ecg-mayausd-branch-preflight-2020-osx/ecg-maya-usd/maya-usd/lib/mayaUsd/fileio/functorPrimReader.h
    -- promoting: /local/S/jenkins/workspace/ecg-mayausd-branch-preflight-2020-osx/ecg-maya-usd/maya-usd/lib/mayaUsd/fileio/functorPrimWriter.h
    -- promoting: /local/S/jenkins/workspace/ecg-mayausd-branch-preflight-2020-osx/ecg-maya-usd/maya-usd/lib/mayaUsd/fileio/importData.h
    -- promoting: /local/S/jenkins/workspace/ecg-mayausd-branch-preflight-2020-osx/ecg-maya-usd/maya-usd/lib/mayaUsd/fileio/instancedNodeWriter.h
    -- promoting: /local/S/jenkins/workspace/ecg-mayausd-branch-preflight-2020-osx/ecg-maya-usd/maya-usd/lib/mayaUsd/fileio/jobContextRegistry.h
    -- promoting: /local/S/jenkins/workspace/ecg-mayausd-branch-preflight-2020-osx/ecg-maya-usd/maya-usd/lib/mayaUsd/fileio/primReader.h
    -- promoting: /local/S/jenkins/workspace/ecg-mayausd-branch-preflight-2020-osx/ecg-maya-usd/maya-usd/lib/mayaUsd/fileio/primReaderArgs.h
    -- promoting: /local/S/jenkins/workspace/ecg-mayausd-branch-preflight-2020-osx/ecg-maya-usd/maya-usd/lib/mayaUsd/fileio/primReaderContext.h
    -- promoting: /local/S/jenkins/workspace/ecg-mayausd-branch-preflight-2020-osx/ecg-maya-usd/maya-usd/lib/mayaUsd/fileio/primReaderRegistry.h
    -- promoting: /local/S/jenkins/workspace/ecg-mayausd-branch-preflight-2020-osx/ecg-maya-usd/maya-usd/lib/mayaUsd/fileio/primWriter.h
    -- promoting: /local/S/jenkins/workspace/ecg-mayausd-branch-preflight-2020-osx/ecg-maya-usd/maya-usd/lib/mayaUsd/fileio/primWriterArgs.h
    -- promoting: /local/S/jenkins/workspace/ecg-mayausd-branch-preflight-2020-osx/ecg-maya-usd/maya-usd/lib/mayaUsd/fileio/primWriterContext.h
    -- promoting: /local/S/jenkins/workspace/ecg-mayausd-branch-preflight-2020-osx/ecg-maya-usd/maya-usd/lib/mayaUsd/fileio/primWriterRegistry.h
    -- promoting: /local/S/jenkins/workspace/ecg-mayausd-branch-preflight-2020-osx/ecg-maya-usd/maya-usd/lib/mayaUsd/fileio/registryHelper.h
    -- promoting: /local/S/jenkins/workspace/ecg-mayausd-branch-preflight-2020-osx/ecg-maya-usd/maya-usd/lib/mayaUsd/fileio/schemaApiAdaptor.h
    -- promoting: /local/S/jenkins/workspace/ecg-mayausd-branch-preflight-2020-osx/ecg-maya-usd/maya-usd/lib/mayaUsd/fileio/schemaApiAdaptorRegistry.h
    -- promoting: /local/S/jenkins/workspace/ecg-mayausd-branch-preflight-2020-osx/ecg-maya-usd/maya-usd/lib/mayaUsd/fileio/shaderReader.h
    -- promoting: /local/S/jenkins/workspace/ecg-mayausd-branch-preflight-2020-osx/ecg-maya-usd/maya-usd/lib/mayaUsd/fileio/shaderReaderRegistry.h
    -- promoting: /local/S/jenkins/workspace/ecg-mayausd-branch-preflight-2020-osx/ecg-maya-usd/maya-usd/lib/mayaUsd/fileio/shaderWriter.h
    -- promoting: /local/S/jenkins/workspace/ecg-mayausd-branch-preflight-2020-osx/ecg-maya-usd/maya-usd/lib/mayaUsd/fileio/shaderWriterRegistry.h
    -- promoting: /local/S/jenkins/workspace/ecg-mayausd-branch-preflight-2020-osx/ecg-maya-usd/maya-usd/lib/mayaUsd/fileio/transformWriter.h
    -- promoting: /local/S/jenkins/workspace/ecg-mayausd-branch-preflight-2020-osx/ecg-maya-usd/maya-usd/lib/mayaUsd/fileio/writeJobContext.h
    -- promoting: /local/S/jenkins/workspace/ecg-mayausd-branch-preflight-2020-osx/ecg-maya-usd/maya-usd/lib/mayaUsd/fileio/chaser/exportChaser.h
    -- promoting: /local/S/jenkins/workspace/ecg-mayausd-branch-preflight-2020-osx/ecg-maya-usd/maya-usd/lib/mayaUsd/fileio/chaser/exportChaserRegistry.h
    -- promoting: /local/S/jenkins/workspace/ecg-mayausd-branch-preflight-2020-osx/ecg-maya-usd/maya-usd/lib/mayaUsd/fileio/chaser/importChaserRegistry.h
    -- promoting: /local/S/jenkins/workspace/ecg-mayausd-branch-preflight-2020-osx/ecg-maya-usd/maya-usd/lib/mayaUsd/fileio/chaser/importChaser.h
    -- promoting: /local/S/jenkins/workspace/ecg-mayausd-branch-preflight-2020-osx/ecg-maya-usd/maya-usd/lib/mayaUsd/fileio/jobs/jobArgs.h
    -- promoting: /local/S/jenkins/workspace/ecg-mayausd-branch-preflight-2020-osx/ecg-maya-usd/maya-usd/lib/mayaUsd/fileio/jobs/meshDataReadJob.h
    -- promoting: /local/S/jenkins/workspace/ecg-mayausd-branch-preflight-2020-osx/ecg-maya-usd/maya-usd/lib/mayaUsd/fileio/jobs/modelKindProcessor.h
    -- promoting: /local/S/jenkins/workspace/ecg-mayausd-branch-preflight-2020-osx/ecg-maya-usd/maya-usd/lib/mayaUsd/fileio/jobs/readJob.h
    -- promoting: /local/S/jenkins/workspace/ecg-mayausd-branch-preflight-2020-osx/ecg-maya-usd/maya-usd/lib/mayaUsd/fileio/jobs/writeJob.h
    -- promoting: /local/S/jenkins/workspace/ecg-mayausd-branch-preflight-2020-osx/ecg-maya-usd/maya-usd/lib/mayaUsd/fileio/shading/rfmShaderMap.h
    -- promoting: /local/S/jenkins/workspace/ecg-mayausd-branch-preflight-2020-osx/ecg-maya-usd/maya-usd/lib/mayaUsd/fileio/shading/shadingModeExporter.h
    -- promoting: /local/S/jenkins/workspace/ecg-mayausd-branch-preflight-2020-osx/ecg-maya-usd/maya-usd/lib/mayaUsd/fileio/shading/shadingModeExporterContext.h
    -- promoting: /local/S/jenkins/workspace/ecg-mayausd-branch-preflight-2020-osx/ecg-maya-usd/maya-usd/lib/mayaUsd/fileio/shading/shadingModeImporter.h
    -- promoting: /local/S/jenkins/workspace/ecg-mayausd-branch-preflight-2020-osx/ecg-maya-usd/maya-usd/lib/mayaUsd/fileio/shading/shadingModeRegistry.h
    -- promoting: /local/S/jenkins/workspace/ecg-mayausd-branch-preflight-2020-osx/ecg-maya-usd/maya-usd/lib/mayaUsd/fileio/shading/symmetricShaderReader.h
    -- promoting: /local/S/jenkins/workspace/ecg-mayausd-branch-preflight-2020-osx/ecg-maya-usd/maya-usd/lib/mayaUsd/fileio/shading/symmetricShaderWriter.h
    -- promoting: /local/S/jenkins/workspace/ecg-mayausd-branch-preflight-2020-osx/ecg-maya-usd/maya-usd/lib/mayaUsd/fileio/translators/skelBindingsProcessor.h
    -- promoting: /local/S/jenkins/workspace/ecg-mayausd-branch-preflight-2020-osx/ecg-maya-usd/maya-usd/lib/mayaUsd/fileio/translators/translatorCamera.h
    -- promoting: /local/S/jenkins/workspace/ecg-mayausd-branch-preflight-2020-osx/ecg-maya-usd/maya-usd/lib/mayaUsd/fileio/translators/translatorCurves.h
    -- promoting: /local/S/jenkins/workspace/ecg-mayausd-branch-preflight-2020-osx/ecg-maya-usd/maya-usd/lib/mayaUsd/fileio/translators/translatorGprim.h
    -- promoting: /local/S/jenkins/workspace/ecg-mayausd-branch-preflight-2020-osx/ecg-maya-usd/maya-usd/lib/mayaUsd/fileio/translators/translatorLight.h
    -- promoting: /local/S/jenkins/workspace/ecg-mayausd-branch-preflight-2020-osx/ecg-maya-usd/maya-usd/lib/mayaUsd/fileio/translators/translatorMaterial.h
    -- promoting: /local/S/jenkins/workspace/ecg-mayausd-branch-preflight-2020-osx/ecg-maya-usd/maya-usd/lib/mayaUsd/fileio/translators/translatorMayaReference.h
    -- promoting: /local/S/jenkins/workspace/ecg-mayausd-branch-preflight-2020-osx/ecg-maya-usd/maya-usd/lib/mayaUsd/fileio/translators/translatorMesh.h
    -- promoting: /local/S/jenkins/workspace/ecg-mayausd-branch-preflight-2020-osx/ecg-maya-usd/maya-usd/lib/mayaUsd/fileio/translators/translatorNurbsPatch.h
    -- promoting: /local/S/jenkins/workspace/ecg-mayausd-branch-preflight-2020-osx/ecg-maya-usd/maya-usd/lib/mayaUsd/fileio/translators/translatorPrim.h
    -- promoting: /local/S/jenkins/workspace/ecg-mayausd-branch-preflight-2020-osx/ecg-maya-usd/maya-usd/lib/mayaUsd/fileio/translators/translatorRfMLight.h
    -- promoting: /local/S/jenkins/workspace/ecg-mayausd-branch-preflight-2020-osx/ecg-maya-usd/maya-usd/lib/mayaUsd/fileio/translators/translatorSkel.h
    -- promoting: /local/S/jenkins/workspace/ecg-mayausd-branch-preflight-2020-osx/ecg-maya-usd/maya-usd/lib/mayaUsd/fileio/translators/translatorUtil.h
    -- promoting: /local/S/jenkins/workspace/ecg-mayausd-branch-preflight-2020-osx/ecg-maya-usd/maya-usd/lib/mayaUsd/fileio/translators/translatorXformable.h
    -- promoting: /local/S/jenkins/workspace/ecg-mayausd-branch-preflight-2020-osx/ecg-maya-usd/maya-usd/lib/mayaUsd/fileio/utils/adaptor.h
    -- promoting: /local/S/jenkins/workspace/ecg-mayausd-branch-preflight-2020-osx/ecg-maya-usd/maya-usd/lib/mayaUsd/fileio/utils/jointWriteUtils.h
    -- promoting: /local/S/jenkins/workspace/ecg-mayausd-branch-preflight-2020-osx/ecg-maya-usd/maya-usd/lib/mayaUsd/fileio/utils/meshReadUtils.h
    -- promoting: /local/S/jenkins/workspace/ecg-mayausd-branch-preflight-2020-osx/ecg-maya-usd/maya-usd/lib/mayaUsd/fileio/utils/meshWriteUtils.h
    -- promoting: /local/S/jenkins/workspace/ecg-mayausd-branch-preflight-2020-osx/ecg-maya-usd/maya-usd/lib/mayaUsd/fileio/utils/readUtil.h
    -- promoting: /local/S/jenkins/workspace/ecg-mayausd-branch-preflight-2020-osx/ecg-maya-usd/maya-usd/lib/mayaUsd/fileio/utils/roundTripUtil.h
    -- promoting: /local/S/jenkins/workspace/ecg-mayausd-branch-preflight-2020-osx/ecg-maya-usd/maya-usd/lib/mayaUsd/fileio/utils/shadingUtil.h
    -- promoting: /local/S/jenkins/workspace/ecg-mayausd-branch-preflight-2020-osx/ecg-maya-usd/maya-usd/lib/mayaUsd/fileio/utils/userTaggedAttribute.h
    -- promoting: /local/S/jenkins/workspace/ecg-mayausd-branch-preflight-2020-osx/ecg-maya-usd/maya-usd/lib/mayaUsd/fileio/utils/writeUtil.h
    -- promoting: /local/S/jenkins/workspace/ecg-mayausd-branch-preflight-2020-osx/ecg-maya-usd/maya-usd/lib/mayaUsd/fileio/utils/xformStack.h
    -- promoting: /local/S/jenkins/workspace/ecg-mayausd-branch-preflight-2020-osx/ecg-maya-usd/maya-usd/lib/mayaUsd/listeners/notice.h
    -- promoting: /local/S/jenkins/workspace/ecg-mayausd-branch-preflight-2020-osx/ecg-maya-usd/maya-usd/lib/mayaUsd/listeners/proxyShapeNotice.h
    -- promoting: /local/S/jenkins/workspace/ecg-mayausd-branch-preflight-2020-osx/ecg-maya-usd/maya-usd/lib/mayaUsd/listeners/stageNoticeListener.h
    -- promoting: /local/S/jenkins/workspace/ecg-mayausd-branch-preflight-2020-osx/ecg-maya-usd/maya-usd/lib/mayaUsd/nodes/hdImagingShape.h
    -- promoting: /local/S/jenkins/workspace/ecg-mayausd-branch-preflight-2020-osx/ecg-maya-usd/maya-usd/lib/mayaUsd/nodes/pointBasedDeformerNode.h
    -- promoting: /local/S/jenkins/workspace/ecg-mayausd-branch-preflight-2020-osx/ecg-maya-usd/maya-usd/lib/mayaUsd/nodes/proxyAccessor.h
    -- promoting: /local/S/jenkins/workspace/ecg-mayausd-branch-preflight-2020-osx/ecg-maya-usd/maya-usd/lib/mayaUsd/nodes/proxyShapeBase.h
    -- promoting: /local/S/jenkins/workspace/ecg-mayausd-branch-preflight-2020-osx/ecg-maya-usd/maya-usd/lib/mayaUsd/nodes/proxyShapeLoadRules.h
    -- promoting: /local/S/jenkins/workspace/ecg-mayausd-branch-preflight-2020-osx/ecg-maya-usd/maya-usd/lib/mayaUsd/nodes/proxyShapePlugin.h
    -- promoting: /local/S/jenkins/workspace/ecg-mayausd-branch-preflight-2020-osx/ecg-maya-usd/maya-usd/lib/mayaUsd/nodes/proxyStageProvider.h
    -- promoting: /local/S/jenkins/workspace/ecg-mayausd-branch-preflight-2020-osx/ecg-maya-usd/maya-usd/lib/mayaUsd/nodes/stageData.h
    -- promoting: /local/S/jenkins/workspace/ecg-mayausd-branch-preflight-2020-osx/ecg-maya-usd/maya-usd/lib/mayaUsd/nodes/stageNode.h
    -- promoting: /local/S/jenkins/workspace/ecg-mayausd-branch-preflight-2020-osx/ecg-maya-usd/maya-usd/lib/mayaUsd/nodes/usdPrimProvider.h
    -- promoting: /local/S/jenkins/workspace/ecg-mayausd-branch-preflight-2020-osx/ecg-maya-usd/maya-usd/lib/mayaUsd/nodes/layerManager.h
    -- promoting: /local/S/jenkins/workspace/ecg-mayausd-branch-preflight-2020-osx/ecg-maya-usd/maya-usd/lib/mayaUsd/render/px_vp20/glslProgram.h
    -- promoting: /local/S/jenkins/workspace/ecg-mayausd-branch-preflight-2020-osx/ecg-maya-usd/maya-usd/lib/mayaUsd/render/px_vp20/utils.h
    -- promoting: /local/S/jenkins/workspace/ecg-mayausd-branch-preflight-2020-osx/ecg-maya-usd/maya-usd/lib/mayaUsd/render/px_vp20/utils_legacy.h
    -- promoting: /local/S/jenkins/workspace/ecg-mayausd-branch-preflight-2020-osx/ecg-maya-usd/maya-usd/lib/mayaUsd/render/pxrUsdMayaGL/batchRenderer.h
    -- promoting: /local/S/jenkins/workspace/ecg-mayausd-branch-preflight-2020-osx/ecg-maya-usd/maya-usd/lib/mayaUsd/render/pxrUsdMayaGL/debugCodes.h
    -- promoting: /local/S/jenkins/workspace/ecg-mayausd-branch-preflight-2020-osx/ecg-maya-usd/maya-usd/lib/mayaUsd/render/pxrUsdMayaGL/hdImagingShapeDrawOverride.h
    -- promoting: /local/S/jenkins/workspace/ecg-mayausd-branch-preflight-2020-osx/ecg-maya-usd/maya-usd/lib/mayaUsd/render/pxrUsdMayaGL/hdImagingShapeUI.h
    -- promoting: /local/S/jenkins/workspace/ecg-mayausd-branch-preflight-2020-osx/ecg-maya-usd/maya-usd/lib/mayaUsd/render/pxrUsdMayaGL/instancerImager.h
    -- promoting: /local/S/jenkins/workspace/ecg-mayausd-branch-preflight-2020-osx/ecg-maya-usd/maya-usd/lib/mayaUsd/render/pxrUsdMayaGL/instancerShapeAdapter.h
    -- promoting: /local/S/jenkins/workspace/ecg-mayausd-branch-preflight-2020-osx/ecg-maya-usd/maya-usd/lib/mayaUsd/render/pxrUsdMayaGL/proxyDrawOverride.h
    -- promoting: /local/S/jenkins/workspace/ecg-mayausd-branch-preflight-2020-osx/ecg-maya-usd/maya-usd/lib/mayaUsd/render/pxrUsdMayaGL/proxyShapeUI.h
    -- promoting: /local/S/jenkins/workspace/ecg-mayausd-branch-preflight-2020-osx/ecg-maya-usd/maya-usd/lib/mayaUsd/render/pxrUsdMayaGL/renderParams.h
    -- promoting: /local/S/jenkins/workspace/ecg-mayausd-branch-preflight-2020-osx/ecg-maya-usd/maya-usd/lib/mayaUsd/render/pxrUsdMayaGL/sceneDelegate.h
    -- promoting: /local/S/jenkins/workspace/ecg-mayausd-branch-preflight-2020-osx/ecg-maya-usd/maya-usd/lib/mayaUsd/render/pxrUsdMayaGL/shapeAdapter.h
    -- promoting: /local/S/jenkins/workspace/ecg-mayausd-branch-preflight-2020-osx/ecg-maya-usd/maya-usd/lib/mayaUsd/render/pxrUsdMayaGL/softSelectHelper.h
    -- promoting: /local/S/jenkins/workspace/ecg-mayausd-branch-preflight-2020-osx/ecg-maya-usd/maya-usd/lib/mayaUsd/render/pxrUsdMayaGL/usdProxyShapeAdapter.h
    -- promoting: /local/S/jenkins/workspace/ecg-mayausd-branch-preflight-2020-osx/ecg-maya-usd/maya-usd/lib/mayaUsd/render/pxrUsdMayaGL/userData.h
    -- promoting: /local/S/jenkins/workspace/ecg-mayausd-branch-preflight-2020-osx/ecg-maya-usd/maya-usd/lib/mayaUsd/render/vp2RenderDelegate/proxyRenderDelegate.h
    -- promoting: /local/S/jenkins/workspace/ecg-mayausd-branch-preflight-2020-osx/ecg-maya-usd/maya-usd/lib/mayaUsd/render/vp2ShaderFragments/shaderFragments.h
    -- promoting: /local/S/jenkins/workspace/ecg-mayausd-branch-preflight-2020-osx/ecg-maya-usd/maya-usd/lib/mayaUsd/ufe/Global.h
    -- promoting: /local/S/jenkins/workspace/ecg-mayausd-branch-preflight-2020-osx/ecg-maya-usd/maya-usd/lib/mayaUsd/ufe/ProxyShapeHandler.h
    -- promoting: /local/S/jenkins/workspace/ecg-mayausd-branch-preflight-2020-osx/ecg-maya-usd/maya-usd/lib/mayaUsd/ufe/ProxyShapeHierarchy.h
    -- promoting: /local/S/jenkins/workspace/ecg-mayausd-branch-preflight-2020-osx/ecg-maya-usd/maya-usd/lib/mayaUsd/ufe/ProxyShapeHierarchyHandler.h
    -- promoting: /local/S/jenkins/workspace/ecg-mayausd-branch-preflight-2020-osx/ecg-maya-usd/maya-usd/lib/mayaUsd/ufe/StagesSubject.h
    -- promoting: /local/S/jenkins/workspace/ecg-mayausd-branch-preflight-2020-osx/ecg-maya-usd/maya-usd/lib/mayaUsd/ufe/UsdHierarchy.h
    -- promoting: /local/S/jenkins/workspace/ecg-mayausd-branch-preflight-2020-osx/ecg-maya-usd/maya-usd/lib/mayaUsd/ufe/UsdHierarchyHandler.h
    -- promoting: /local/S/jenkins/workspace/ecg-mayausd-branch-preflight-2020-osx/ecg-maya-usd/maya-usd/lib/mayaUsd/ufe/UsdPointInstanceModifierBase.h
    -- promoting: /local/S/jenkins/workspace/ecg-mayausd-branch-preflight-2020-osx/ecg-maya-usd/maya-usd/lib/mayaUsd/ufe/UsdPointInstanceOrientationModifier.h
    -- promoting: /local/S/jenkins/workspace/ecg-mayausd-branch-preflight-2020-osx/ecg-maya-usd/maya-usd/lib/mayaUsd/ufe/UsdPointInstancePositionModifier.h
    -- promoting: /local/S/jenkins/workspace/ecg-mayausd-branch-preflight-2020-osx/ecg-maya-usd/maya-usd/lib/mayaUsd/ufe/UsdPointInstanceScaleModifier.h
    -- promoting: /local/S/jenkins/workspace/ecg-mayausd-branch-preflight-2020-osx/ecg-maya-usd/maya-usd/lib/mayaUsd/ufe/UsdRootChildHierarchy.h
    -- promoting: /local/S/jenkins/workspace/ecg-mayausd-branch-preflight-2020-osx/ecg-maya-usd/maya-usd/lib/mayaUsd/ufe/UsdRotatePivotTranslateUndoableCommand.h
    -- promoting: /local/S/jenkins/workspace/ecg-mayausd-branch-preflight-2020-osx/ecg-maya-usd/maya-usd/lib/mayaUsd/ufe/UsdRotateUndoableCommand.h
    -- promoting: /local/S/jenkins/workspace/ecg-mayausd-branch-preflight-2020-osx/ecg-maya-usd/maya-usd/lib/mayaUsd/ufe/UsdScaleUndoableCommand.h
    -- promoting: /local/S/jenkins/workspace/ecg-mayausd-branch-preflight-2020-osx/ecg-maya-usd/maya-usd/lib/mayaUsd/ufe/UsdSceneItem.h
    -- promoting: /local/S/jenkins/workspace/ecg-mayausd-branch-preflight-2020-osx/ecg-maya-usd/maya-usd/lib/mayaUsd/ufe/UsdSceneItemOps.h
    -- promoting: /local/S/jenkins/workspace/ecg-mayausd-branch-preflight-2020-osx/ecg-maya-usd/maya-usd/lib/mayaUsd/ufe/UsdSceneItemOpsHandler.h
    -- promoting: /local/S/jenkins/workspace/ecg-mayausd-branch-preflight-2020-osx/ecg-maya-usd/maya-usd/lib/mayaUsd/ufe/UsdStageMap.h
    -- promoting: /local/S/jenkins/workspace/ecg-mayausd-branch-preflight-2020-osx/ecg-maya-usd/maya-usd/lib/mayaUsd/ufe/UsdTRSUndoableCommandBase.h
    -- promoting: /local/S/jenkins/workspace/ecg-mayausd-branch-preflight-2020-osx/ecg-maya-usd/maya-usd/lib/mayaUsd/ufe/UsdTransform3d.h
    -- promoting: /local/S/jenkins/workspace/ecg-mayausd-branch-preflight-2020-osx/ecg-maya-usd/maya-usd/lib/mayaUsd/ufe/UsdTransform3dHandler.h
    -- promoting: /local/S/jenkins/workspace/ecg-mayausd-branch-preflight-2020-osx/ecg-maya-usd/maya-usd/lib/mayaUsd/ufe/UsdTranslateUndoableCommand.h
    -- promoting: /local/S/jenkins/workspace/ecg-mayausd-branch-preflight-2020-osx/ecg-maya-usd/maya-usd/lib/mayaUsd/ufe/UsdUndoDeleteCommand.h
    -- promoting: /local/S/jenkins/workspace/ecg-mayausd-branch-preflight-2020-osx/ecg-maya-usd/maya-usd/lib/mayaUsd/ufe/UsdUndoDuplicateCommand.h
    -- promoting: /local/S/jenkins/workspace/ecg-mayausd-branch-preflight-2020-osx/ecg-maya-usd/maya-usd/lib/mayaUsd/ufe/UsdUndoRenameCommand.h
    -- promoting: /local/S/jenkins/workspace/ecg-mayausd-branch-preflight-2020-osx/ecg-maya-usd/maya-usd/lib/mayaUsd/ufe/Utils.h
    -- promoting: /local/S/jenkins/workspace/ecg-mayausd-branch-preflight-2020-osx/ecg-maya-usd/maya-usd/lib/mayaUsd/ufe/UfeVersionCompat.h
    -- promoting: /local/S/jenkins/workspace/ecg-mayausd-branch-preflight-2020-osx/ecg-maya-usd/maya-usd/lib/mayaUsd/undo/OpUndoItemList.h
    -- promoting: /local/S/jenkins/workspace/ecg-mayausd-branch-preflight-2020-osx/ecg-maya-usd/maya-usd/lib/mayaUsd/undo/OpUndoItemMuting.h
    -- promoting: /local/S/jenkins/workspace/ecg-mayausd-branch-preflight-2020-osx/ecg-maya-usd/maya-usd/lib/mayaUsd/undo/OpUndoItemRecorder.h
    -- promoting: /local/S/jenkins/workspace/ecg-mayausd-branch-preflight-2020-osx/ecg-maya-usd/maya-usd/lib/mayaUsd/undo/OpUndoItems.h
    -- promoting: /local/S/jenkins/workspace/ecg-mayausd-branch-preflight-2020-osx/ecg-maya-usd/maya-usd/lib/mayaUsd/undo/UsdUndoBlock.h
    -- promoting: /local/S/jenkins/workspace/ecg-mayausd-branch-preflight-2020-osx/ecg-maya-usd/maya-usd/lib/mayaUsd/undo/UsdUndoManager.h
    -- promoting: /local/S/jenkins/workspace/ecg-mayausd-branch-preflight-2020-osx/ecg-maya-usd/maya-usd/lib/mayaUsd/undo/UsdUndoStateDelegate.h
    -- promoting: /local/S/jenkins/workspace/ecg-mayausd-branch-preflight-2020-osx/ecg-maya-usd/maya-usd/lib/mayaUsd/undo/UsdUndoableItem.h
    -- promoting: /local/S/jenkins/workspace/ecg-mayausd-branch-preflight-2020-osx/ecg-maya-usd/maya-usd/lib/mayaUsd/utils/blockSceneModificationContext.h
    -- promoting: /local/S/jenkins/workspace/ecg-mayausd-branch-preflight-2020-osx/ecg-maya-usd/maya-usd/lib/mayaUsd/utils/colorSpace.h
    -- promoting: /local/S/jenkins/workspace/ecg-mayausd-branch-preflight-2020-osx/ecg-maya-usd/maya-usd/lib/mayaUsd/utils/customLayerData.h
    -- promoting: /local/S/jenkins/workspace/ecg-mayausd-branch-preflight-2020-osx/ecg-maya-usd/maya-usd/lib/mayaUsd/utils/converter.h
    -- promoting: /local/S/jenkins/workspace/ecg-mayausd-branch-preflight-2020-osx/ecg-maya-usd/maya-usd/lib/mayaUsd/utils/diagnosticDelegate.h
    -- promoting: /local/S/jenkins/workspace/ecg-mayausd-branch-preflight-2020-osx/ecg-maya-usd/maya-usd/lib/mayaUsd/utils/editability.h
    -- promoting: /local/S/jenkins/workspace/ecg-mayausd-branch-preflight-2020-osx/ecg-maya-usd/maya-usd/lib/mayaUsd/utils/editRouter.h
    -- promoting: /local/S/jenkins/workspace/ecg-mayausd-branch-preflight-2020-osx/ecg-maya-usd/maya-usd/lib/mayaUsd/utils/hash.h
    -- promoting: /local/S/jenkins/workspace/ecg-mayausd-branch-preflight-2020-osx/ecg-maya-usd/maya-usd/lib/mayaUsd/utils/loadRules.h
    -- promoting: /local/S/jenkins/workspace/ecg-mayausd-branch-preflight-2020-osx/ecg-maya-usd/maya-usd/lib/mayaUsd/utils/query.h
    -- promoting: /local/S/jenkins/workspace/ecg-mayausd-branch-preflight-2020-osx/ecg-maya-usd/maya-usd/lib/mayaUsd/utils/plugRegistryHelper.h
    -- promoting: /local/S/jenkins/workspace/ecg-mayausd-branch-preflight-2020-osx/ecg-maya-usd/maya-usd/lib/mayaUsd/utils/selectability.h
    -- promoting: /local/S/jenkins/workspace/ecg-mayausd-branch-preflight-2020-osx/ecg-maya-usd/maya-usd/lib/mayaUsd/utils/stageCache.h
    -- promoting: /local/S/jenkins/workspace/ecg-mayausd-branch-preflight-2020-osx/ecg-maya-usd/maya-usd/lib/mayaUsd/utils/traverseLayer.h
    -- promoting: /local/S/jenkins/workspace/ecg-mayausd-branch-preflight-2020-osx/ecg-maya-usd/maya-usd/lib/mayaUsd/utils/undoHelperCommand.h
    -- promoting: /local/S/jenkins/workspace/ecg-mayausd-branch-preflight-2020-osx/ecg-maya-usd/maya-usd/lib/mayaUsd/utils/util.h
    -- promoting: /local/S/jenkins/workspace/ecg-mayausd-branch-preflight-2020-osx/ecg-maya-usd/maya-usd/lib/mayaUsd/utils/utilFileSystem.h
    -- promoting: /local/S/jenkins/workspace/ecg-mayausd-branch-preflight-2020-osx/ecg-maya-usd/maya-usd/lib/mayaUsd/utils/utilSerialization.h
    -- promoting: /local/S/jenkins/workspace/ecg-mayausd-branch-preflight-2020-osx/ecg-maya-usd/maya-usd/lib/mayaUsd/render/mayaToHydra/utils.h
    -- promoting: /local/S/jenkins/workspace/ecg-mayausd-branch-preflight-2020-osx/ecg-maya-usd/maya-usd/lib/usd/hdMaya/api.h
    -- promoting: /local/S/jenkins/workspace/ecg-mayausd-branch-preflight-2020-osx/ecg-maya-usd/maya-usd/lib/usd/hdMaya/utils.h
    -- promoting: /local/S/jenkins/workspace/ecg-mayausd-branch-preflight-2020-osx/ecg-maya-usd/maya-usd/lib/usd/hdMaya/debugCodes.h
    -- promoting: /local/S/jenkins/workspace/ecg-mayausd-branch-preflight-2020-osx/ecg-maya-usd/maya-usd/lib/usd/hdMaya/adapters/adapter.h
    -- promoting: /local/S/jenkins/workspace/ecg-mayausd-branch-preflight-2020-osx/ecg-maya-usd/maya-usd/lib/usd/hdMaya/adapters/adapterDebugCodes.h
    -- promoting: /local/S/jenkins/workspace/ecg-mayausd-branch-preflight-2020-osx/ecg-maya-usd/maya-usd/lib/usd/hdMaya/adapters/adapterRegistry.h
    -- promoting: /local/S/jenkins/workspace/ecg-mayausd-branch-preflight-2020-osx/ecg-maya-usd/maya-usd/lib/usd/hdMaya/adapters/cameraAdapter.h
    -- promoting: /local/S/jenkins/workspace/ecg-mayausd-branch-preflight-2020-osx/ecg-maya-usd/maya-usd/lib/usd/hdMaya/adapters/constantShadowMatrix.h
    -- promoting: /local/S/jenkins/workspace/ecg-mayausd-branch-preflight-2020-osx/ecg-maya-usd/maya-usd/lib/usd/hdMaya/adapters/dagAdapter.h
    -- promoting: /local/S/jenkins/workspace/ecg-mayausd-branch-preflight-2020-osx/ecg-maya-usd/maya-usd/lib/usd/hdMaya/adapters/lightAdapter.h
    -- promoting: /local/S/jenkins/workspace/ecg-mayausd-branch-preflight-2020-osx/ecg-maya-usd/maya-usd/lib/usd/hdMaya/adapters/proxyAdapter.h
    -- promoting: /local/S/jenkins/workspace/ecg-mayausd-branch-preflight-2020-osx/ecg-maya-usd/maya-usd/lib/usd/hdMaya/adapters/materialAdapter.h
    -- promoting: /local/S/jenkins/workspace/ecg-mayausd-branch-preflight-2020-osx/ecg-maya-usd/maya-usd/lib/usd/hdMaya/adapters/materialNetworkConverter.h
    -- promoting: /local/S/jenkins/workspace/ecg-mayausd-branch-preflight-2020-osx/ecg-maya-usd/maya-usd/lib/usd/hdMaya/adapters/mayaAttrs.h
    -- promoting: /local/S/jenkins/workspace/ecg-mayausd-branch-preflight-2020-osx/ecg-maya-usd/maya-usd/lib/usd/hdMaya/adapters/shapeAdapter.h
    -- promoting: /local/S/jenkins/workspace/ecg-mayausd-branch-preflight-2020-osx/ecg-maya-usd/maya-usd/lib/usd/hdMaya/adapters/tokens.h
    -- promoting: /local/S/jenkins/workspace/ecg-mayausd-branch-preflight-2020-osx/ecg-maya-usd/maya-usd/lib/usd/hdMaya/delegates/delegate.h
    -- promoting: /local/S/jenkins/workspace/ecg-mayausd-branch-preflight-2020-osx/ecg-maya-usd/maya-usd/lib/usd/hdMaya/delegates/delegateCtx.h
    -- promoting: /local/S/jenkins/workspace/ecg-mayausd-branch-preflight-2020-osx/ecg-maya-usd/maya-usd/lib/usd/hdMaya/delegates/delegateDebugCodes.h
    -- promoting: /local/S/jenkins/workspace/ecg-mayausd-branch-preflight-2020-osx/ecg-maya-usd/maya-usd/lib/usd/hdMaya/delegates/delegateRegistry.h
    -- promoting: /local/S/jenkins/workspace/ecg-mayausd-branch-preflight-2020-osx/ecg-maya-usd/maya-usd/lib/usd/hdMaya/delegates/params.h
    -- promoting: /local/S/jenkins/workspace/ecg-mayausd-branch-preflight-2020-osx/ecg-maya-usd/maya-usd/lib/usd/hdMaya/delegates/proxyDelegate.h
    -- promoting: /local/S/jenkins/workspace/ecg-mayausd-branch-preflight-2020-osx/ecg-maya-usd/maya-usd/lib/usd/hdMaya/delegates/proxyUsdImagingDelegate.h
    -- promoting: /local/S/jenkins/workspace/ecg-mayausd-branch-preflight-2020-osx/ecg-maya-usd/maya-usd/lib/usd/hdMaya/delegates/sceneDelegate.h
    -- promoting: /local/S/jenkins/workspace/ecg-mayausd-branch-preflight-2020-osx/ecg-maya-usd/maya-usd/lib/usd/hdMaya/delegates/testDelegate.h
    -- promoting: /local/S/jenkins/workspace/ecg-mayausd-branch-preflight-2020-osx/ecg-maya-usd/maya-usd/lib/usd/pxrUsdPreviewSurface/usdPreviewSurface.h
    -- promoting: /local/S/jenkins/workspace/ecg-mayausd-branch-preflight-2020-osx/ecg-maya-usd/maya-usd/lib/usd/pxrUsdPreviewSurface/usdPreviewSurfacePlugin.h
    -- promoting: /local/S/jenkins/workspace/ecg-mayausd-branch-preflight-2020-osx/ecg-maya-usd/maya-usd/lib/usd/schemas/api.h
    -- promoting: /local/S/jenkins/workspace/ecg-mayausd-branch-preflight-2020-osx/ecg-maya-usd/maya-usd/lib/usd/schemas/ALMayaReference.h
    -- promoting: /local/S/jenkins/workspace/ecg-mayausd-branch-preflight-2020-osx/ecg-maya-usd/maya-usd/lib/usd/schemas/MayaReference.h
    -- promoting: /local/S/jenkins/workspace/ecg-mayausd-branch-preflight-2020-osx/ecg-maya-usd/maya-usd/lib/usd/schemas/tokens.h
    #################################################################################################
    #  USD_DISABLE_PRIM_DEFINITIONS_FOR_USDGENSCHEMA is overridden to 'true'.  Default is 'false'.  #
    #################################################################################################
    Processing schema classes:
    MayaReference, ALMayaReference
    Loading Templates from /local/S/jenkins/workspace/shared/Artifactory/OSX/USD/73ca68d/lib/usd/usd/resources/codegenTemplates
    Writing API:
    	    wrote /local/S/jenkins/workspace/ecg-mayausd-branch-preflight-2020-osx/build/RelWithDebInfo/lib/usd/schemas/api.h
    Writing Schema Tokens:
    	    wrote /local/S/jenkins/workspace/ecg-mayausd-branch-preflight-2020-osx/build/RelWithDebInfo/lib/usd/schemas/tokens.h
    	    wrote /local/S/jenkins/workspace/ecg-mayausd-branch-preflight-2020-osx/build/RelWithDebInfo/lib/usd/schemas/tokens.cpp
    	    wrote /local/S/jenkins/workspace/ecg-mayausd-branch-preflight-2020-osx/build/RelWithDebInfo/lib/usd/schemas/wrapTokens.cpp
    Generating Classes:
    	    wrote /local/S/jenkins/workspace/ecg-mayausd-branch-preflight-2020-osx/build/RelWithDebInfo/lib/usd/schemas/MayaReference.h
    	    wrote /local/S/jenkins/workspace/ecg-mayausd-branch-preflight-2020-osx/build/RelWithDebInfo/lib/usd/schemas/MayaReference.cpp
    	    wrote /local/S/jenkins/workspace/ecg-mayausd-branch-preflight-2020-osx/build/RelWithDebInfo/lib/usd/schemas/wrapMayaReference.cpp
    	    wrote /local/S/jenkins/workspace/ecg-mayausd-branch-preflight-2020-osx/build/RelWithDebInfo/lib/usd/schemas/ALMayaReference.h
    	    wrote /local/S/jenkins/workspace/ecg-mayausd-branch-preflight-2020-osx/build/RelWithDebInfo/lib/usd/schemas/ALMayaReference.cpp
    	    wrote /local/S/jenkins/workspace/ecg-mayausd-branch-preflight-2020-osx/build/RelWithDebInfo/lib/usd/schemas/wrapALMayaReference.cpp
    Loading Templates from /local/S/jenkins/workspace/shared/Artifactory/OSX/USD/73ca68d/lib/usd/usd/resources/codegenTemplates
    	    wrote /local/S/jenkins/workspace/ecg-mayausd-branch-preflight-2020-osx/build/RelWithDebInfo/lib/usd/schemas/plugInfo.json
    Generating Schematics:
    	    wrote /local/S/jenkins/workspace/ecg-mayausd-branch-preflight-2020-osx/build/RelWithDebInfo/lib/usd/schemas/generatedSchema.usda
    -- promoting: /local/S/jenkins/workspace/ecg-mayausd-branch-preflight-2020-osx/ecg-maya-usd/maya-usd/lib/usd/utils/ALHalf.h
    -- promoting: /local/S/jenkins/workspace/ecg-mayausd-branch-preflight-2020-osx/ecg-maya-usd/maya-usd/lib/usd/utils/Api.h
    -- promoting: /local/S/jenkins/workspace/ecg-mayausd-branch-preflight-2020-osx/ecg-maya-usd/maya-usd/lib/usd/utils/DebugCodes.h
    -- promoting: /local/S/jenkins/workspace/ecg-mayausd-branch-preflight-2020-osx/ecg-maya-usd/maya-usd/lib/usd/utils/DiffCore.h
    -- promoting: /local/S/jenkins/workspace/ecg-mayausd-branch-preflight-2020-osx/ecg-maya-usd/maya-usd/lib/usd/utils/DiffPrims.h
    -- promoting: /local/S/jenkins/workspace/ecg-mayausd-branch-preflight-2020-osx/ecg-maya-usd/maya-usd/lib/usd/utils/MergePrims.h
    -- promoting: /local/S/jenkins/workspace/ecg-mayausd-branch-preflight-2020-osx/ecg-maya-usd/maya-usd/lib/usd/utils/MergePrimsOptions.h
    -- promoting: /local/S/jenkins/workspace/ecg-mayausd-branch-preflight-2020-osx/ecg-maya-usd/maya-usd/lib/usd/utils/ForwardDeclares.h
    -- promoting: /local/S/jenkins/workspace/ecg-mayausd-branch-preflight-2020-osx/ecg-maya-usd/maya-usd/lib/usd/utils/SIMD.h
    -- promoting: /local/S/jenkins/workspace/ecg-mayausd-branch-preflight-2020-osx/ecg-maya-usd/maya-usd/lib/usd/utils/util.h
    -- promoting: /local/S/jenkins/workspace/ecg-mayausd-branch-preflight-2020-osx/ecg-maya-usd/maya-usd/lib/usd/ui/layerEditor/batchSaveLayersUIDelegate.h
    -- promoting: /local/S/jenkins/workspace/ecg-mayausd-branch-preflight-2020-osx/ecg-maya-usd/maya-usd/lib/usd/ui/importDialog/IMayaMQtUtil.h
    -- promoting: /local/S/jenkins/workspace/ecg-mayausd-branch-preflight-2020-osx/ecg-maya-usd/maya-usd/lib/usd/ui/importDialog/ItemDelegate.h
    -- promoting: /local/S/jenkins/workspace/ecg-mayausd-branch-preflight-2020-osx/ecg-maya-usd/maya-usd/lib/usd/ui/importDialog/IUSDImportView.h
    -- promoting: /local/S/jenkins/workspace/ecg-mayausd-branch-preflight-2020-osx/ecg-maya-usd/maya-usd/lib/usd/ui/importDialog/TreeItem.h
    -- promoting: /local/S/jenkins/workspace/ecg-mayausd-branch-preflight-2020-osx/ecg-maya-usd/maya-usd/lib/usd/ui/importDialog/TreeModel.h
    -- promoting: /local/S/jenkins/workspace/ecg-mayausd-branch-preflight-2020-osx/ecg-maya-usd/maya-usd/lib/usd/ui/importDialog/TreeModelFactory.h
    -- promoting: /local/S/jenkins/workspace/ecg-mayausd-branch-preflight-2020-osx/ecg-maya-usd/maya-usd/lib/usd/ui/importDialog/USDImportDialog.h
    -- promoting: /local/S/jenkins/workspace/ecg-mayausd-branch-preflight-2020-osx/ecg-maya-usd/maya-usd/lib/usd/ui/importDialog/USDImportDialogCmd.h
    -- promoting: /local/S/jenkins/workspace/ecg-mayausd-branch-preflight-2020-osx/ecg-maya-usd/maya-usd/lib/usd/ui/importDialog/USDQtUtil.h
    -- promoting: /local/S/jenkins/workspace/ecg-mayausd-branch-preflight-2020-osx/ecg-maya-usd/maya-usd/lib/usd/ui/api.h
    -- promoting: /local/S/jenkins/workspace/ecg-mayausd-branch-preflight-2020-osx/ecg-maya-usd/maya-usd/lib/usd/ui/initStringResources.h
    ========== Pixar USD Plugin ==========
    Compiling /local/S/jenkins/workspace/ecg-mayausd-branch-preflight-2020-osx/build/RelWithDebInfo/plugin/pxr/__init__.py ...
    ========== AL USD Plugin ==========
    CMake Deprecation Warning at plugin/al/CMakeLists.txt:7 (cmake_policy):
      The OLD behavior for policy CMP0026 will be removed from a future version
      of CMake.
    
      The cmake-policies(7) manual explains that the OLD behaviors of all
      policies are deprecated and that a policy should be set to OLD only under
      specific short-term circumstances.  Projects should be ported to the NEW
      behavior and not rely on setting a policy to OLD.
    
    
    -- Found Boost 1.70.0 at /local/S/jenkins/workspace/shared/Artifactory/OSX/USD/73ca68d/lib/cmake/Boost-1.70.0
    --   Requested configuration: QUIET REQUIRED
    -- Found boost_headers 1.70.0 at /local/S/jenkins/workspace/shared/Artifactory/OSX/USD/73ca68d/lib/cmake/boost_headers-1.70.0
    -- Boost  found.
    -- Found Boost 1.70.0 at /local/S/jenkins/workspace/shared/Artifactory/OSX/USD/73ca68d/lib/cmake/Boost-1.70.0
    --   Requested configuration: QUIET REQUIRED COMPONENTS python
    -- Found boost_python 1.70.0 at /local/S/jenkins/workspace/shared/Artifactory/OSX/USD/73ca68d/lib/cmake/boost_python-1.70.0
    --   libboost_python27.dylib
    -- Adding boost_python dependencies: headers
    -- Boost  found.
    -- Found Boost components:
       python
    -- Found GTest: /local/S/jenkins/workspace/ecg-mayausd-branch-preflight-2020-osx/build/RelWithDebInfo/googletest-install/lib/libgtest.dylib
    -- Building AL_USDMayaSchemas
    #################################################################################################
    #  USD_DISABLE_PRIM_DEFINITIONS_FOR_USDGENSCHEMA is overridden to 'true'.  Default is 'false'.  #
    #################################################################################################
    Processing schema classes:
    ALModelAPI, ALFrameRange
    Loading Templates from /local/S/jenkins/workspace/shared/Artifactory/OSX/USD/73ca68d/lib/usd/usd/resources/codegenTemplates
    Writing API:
    	    wrote /local/S/jenkins/workspace/ecg-mayausd-branch-preflight-2020-osx/build/RelWithDebInfo/plugin/al/schemas/AL/usd/schemas/maya/api.h
    Writing Schema Tokens:
    	    wrote /local/S/jenkins/workspace/ecg-mayausd-branch-preflight-2020-osx/build/RelWithDebInfo/plugin/al/schemas/AL/usd/schemas/maya/tokens.h
    	    wrote /local/S/jenkins/workspace/ecg-mayausd-branch-preflight-2020-osx/build/RelWithDebInfo/plugin/al/schemas/AL/usd/schemas/maya/tokens.cpp
    	    wrote /local/S/jenkins/workspace/ecg-mayausd-branch-preflight-2020-osx/build/RelWithDebInfo/plugin/al/schemas/AL/usd/schemas/maya/wrapTokens.cpp
    Generating Classes:
    	    wrote /local/S/jenkins/workspace/ecg-mayausd-branch-preflight-2020-osx/build/RelWithDebInfo/plugin/al/schemas/AL/usd/schemas/maya/ModelAPI.h
    	    wrote /local/S/jenkins/workspace/ecg-mayausd-branch-preflight-2020-osx/build/RelWithDebInfo/plugin/al/schemas/AL/usd/schemas/maya/ModelAPI.cpp
    	    wrote /local/S/jenkins/workspace/ecg-mayausd-branch-preflight-2020-osx/build/RelWithDebInfo/plugin/al/schemas/AL/usd/schemas/maya/wrapModelAPI.cpp
    	    wrote /local/S/jenkins/workspace/ecg-mayausd-branch-preflight-2020-osx/build/RelWithDebInfo/plugin/al/schemas/AL/usd/schemas/maya/FrameRange.h
    	    wrote /local/S/jenkins/workspace/ecg-mayausd-branch-preflight-2020-osx/build/RelWithDebInfo/plugin/al/schemas/AL/usd/schemas/maya/FrameRange.cpp
    	    wrote /local/S/jenkins/workspace/ecg-mayausd-branch-preflight-2020-osx/build/RelWithDebInfo/plugin/al/schemas/AL/usd/schemas/maya/wrapFrameRange.cpp
    Loading Templates from /local/S/jenkins/workspace/shared/Artifactory/OSX/USD/73ca68d/lib/usd/usd/resources/codegenTemplates
    	    wrote /local/S/jenkins/workspace/ecg-mayausd-branch-preflight-2020-osx/build/RelWithDebInfo/plugin/al/schemas/AL/usd/schemas/maya/plugInfo.json
    Generating Schematics:
    	    wrote /local/S/jenkins/workspace/ecg-mayausd-branch-preflight-2020-osx/build/RelWithDebInfo/plugin/al/schemas/AL/usd/schemas/maya/generatedSchema.usda
    #################################################################################################
    #  USD_DISABLE_PRIM_DEFINITIONS_FOR_USDGENSCHEMA is overridden to 'true'.  Default is 'false'.  #
    #################################################################################################
    Processing schema classes:
    ALExamplePolyCubeNode
    Loading Templates from /local/S/jenkins/workspace/shared/Artifactory/OSX/USD/73ca68d/lib/usd/usd/resources/codegenTemplates
    Writing API:
    	    wrote /local/S/jenkins/workspace/ecg-mayausd-branch-preflight-2020-osx/build/RelWithDebInfo/plugin/al/schemas/AL/usd/schemas/mayatest/api.h
    Writing Schema Tokens:
    	    wrote /local/S/jenkins/workspace/ecg-mayausd-branch-preflight-2020-osx/build/RelWithDebInfo/plugin/al/schemas/AL/usd/schemas/mayatest/tokens.h
    	    wrote /local/S/jenkins/workspace/ecg-mayausd-branch-preflight-2020-osx/build/RelWithDebInfo/plugin/al/schemas/AL/usd/schemas/mayatest/tokens.cpp
    	    wrote /local/S/jenkins/workspace/ecg-mayausd-branch-preflight-2020-osx/build/RelWithDebInfo/plugin/al/schemas/AL/usd/schemas/mayatest/wrapTokens.cpp
    Generating Classes:
    	    wrote /local/S/jenkins/workspace/ecg-mayausd-branch-preflight-2020-osx/build/RelWithDebInfo/plugin/al/schemas/AL/usd/schemas/mayatest/ExamplePolyCubeNode.h
    	    wrote /local/S/jenkins/workspace/ecg-mayausd-branch-preflight-2020-osx/build/RelWithDebInfo/plugin/al/schemas/AL/usd/schemas/mayatest/ExamplePolyCubeNode.cpp
    	    wrote /local/S/jenkins/workspace/ecg-mayausd-branch-preflight-2020-osx/build/RelWithDebInfo/plugin/al/schemas/AL/usd/schemas/mayatest/wrapExamplePolyCubeNode.cpp
    Loading Templates from /local/S/jenkins/workspace/shared/Artifactory/OSX/USD/73ca68d/lib/usd/usd/resources/codegenTemplates
    	    wrote /local/S/jenkins/workspace/ecg-mayausd-branch-preflight-2020-osx/build/RelWithDebInfo/plugin/al/schemas/AL/usd/schemas/mayatest/plugInfo.json
    Generating Schematics:
    	    wrote /local/S/jenkins/workspace/ecg-mayausd-branch-preflight-2020-osx/build/RelWithDebInfo/plugin/al/schemas/AL/usd/schemas/mayatest/generatedSchema.usda
    -- Building AL_USDMayaTranslators
    ========== ADSK USD Plugin ==========
    -- Configuring done
    -- Generating done
    -- Build files have been written to: /local/S/jenkins/workspace/ecg-mayausd-branch-preflight-2020-osx/build/RelWithDebInfo
    
        Building with settings:
          Source directory          /local/S/jenkins/workspace/ecg-mayausd-branch-preflight-2020-osx/ecg-maya-usd/maya-usd
          Workspace directory       /local/S/jenkins/workspace/ecg-mayausd-branch-preflight-2020-osx
          Build directory           /local/S/jenkins/workspace/ecg-mayausd-branch-preflight-2020-osx/build/RelWithDebInfo
          Install directory         /local/S/jenkins/workspace/ecg-mayausd-branch-preflight-2020-osx/install/RelWithDebInfo/MayaUSD
          Variant                   RelWithDebInfo
          Python Debug              Off
          CMake generator           Ninja
          Build arguments           ['-DCMAKE_MAKE_PROGRAM=/local/S/jenkins/workspace/shared/Artifactory/OSX/ninja/1.9.0/41005eb/ninja', '-DPYTHON_INCLUDE_DIR=/local/S/jenkins/workspace/shared/Artifactory/OSX/rundev-2020/202107140359/runtime/446214e/runTime/Maya.app/Contents/Frameworks/Python.framework/Versions/Current/include/python2.7', '-DPython_EXECUTABLE=/local/S/jenkins/workspace/shared/Artifactory/OSX/rundev-2020/202107140359/runtime/446214e/runTime/Maya.app/Contents/bin/mayapy', '-DPYTHON_LIBRARIES=/local/S/jenkins/workspace/shared/Artifactory/OSX/rundev-2020/202107140359/runtime/446214e/runTime/Maya.app/Contents/Frameworks/Python.framework/Versions/Current/lib/libpython2.7.dylib', '-DUSD_LIB_PREFIX=lib', '-DCMAKE_WANT_MATERIALX_BUILD=ON', '-DCMAKE_PREFIX_PATH=/local/S/jenkins/workspace/shared/Artifactory/OSX/USD/73ca68d']
          Stages arguments          ['configure']
          CTest arguments           ['-E testUsdReferenceAssemblySelection|testUsdMayaAppDir', '-LE interactive', '--parallel 4']
    Success MayaUSD build and install !!!!
    Elapsed time: 00:00:18
[Pipeline] }
[Pipeline] // withEnv
[Pipeline] }
[Pipeline] // stage
[Pipeline] }
[Pipeline] // timestamps
[Pipeline] }
[Pipeline] // timeout
[Pipeline] timeout
Timeout set to expire in 6 hr 0 min
[Pipeline] {
[Pipeline] timestamps
[Pipeline] {
[Pipeline] stage
[Pipeline] { (Build)
[Pipeline] withEnv
[Pipeline] {
[Pipeline] sh
[ecg-mayausd-branch-preflight-2020-osx] Running shell script
+ python ecg-maya-usd/build.py --stages=build --workspace-dir=/local/S/jenkins/workspace/ecg-mayausd-branch-preflight-2020-osx --artifactory-dir=/local/S/jenkins/workspace/shared/Artifactory --build-dir=/local/S/jenkins/workspace/ecg-mayausd-branch-preflight-2020-osx/build --install-dir=/local/S/jenkins/workspace/ecg-mayausd-branch-preflight-2020-osx/install --signing-dir=/local/S/jenkins/workspace/ecg-mayausd-branch-preflight-2020-osx/signing --package-dir=/local/S/jenkins/workspace/ecg-mayausd-branch-preflight-2020-osx/package --output-dir=/local/S/jenkins/workspace/ecg-mayausd-branch-preflight-2020-osx/output --stash-dir=/local/S/jenkins/workspace/ecg-mayausd-branch-preflight-2020-osx/stash --jenkins-build=2026 --git-commit=72058a0fb70c17bf13db99a0dd13a0d74ea7f6ab --git-branch=master --variants=RelWithDebInfo --python=2.7 --post-zips=false --build-retry=3 --maya-cut-config=maya-rundev-2020.yaml --stage-banner
Using Maya cut from /local/S/jenkins/workspace/shared/Artifactory/OSX/rundev-2020/202107140359/runtime/446214e

================================================================================
                             build (RelWithDebInfo)
================================================================================
Maya Python RelWithDebInfo Info:
  mayapy executable   = /local/S/jenkins/workspace/shared/Artifactory/OSX/rundev-2020/202107140359/runtime/446214e/runTime/Maya.app/Contents/bin/mayapy
  Include Folder      = /local/S/jenkins/workspace/shared/Artifactory/OSX/rundev-2020/202107140359/runtime/446214e/runTime/Maya.app/Contents/Frameworks/Python.framework/Versions/Current/include/python2.7
  Library             = /local/S/jenkins/workspace/shared/Artifactory/OSX/rundev-2020/202107140359/runtime/446214e/runTime/Maya.app/Contents/Frameworks/Python.framework/Versions/Current/lib/libpython2.7.dylib
  site-package Folder = /local/S/jenkins/workspace/shared/Artifactory/OSX/rundev-2020/202107140359/runtime/446214e/runTime/Maya.app/Contents/Frameworks/Python.framework/Versions/Current/lib/python2.7/site-packages
In workdir: /local/S/jenkins/workspace/ecg-mayausd-branch-preflight-2020-osx/ecg-maya-usd/maya-usd
Executing: /local/S/jenkins/workspace/shared/Artifactory/OSX/rundev-2020/202107140359/runtime/446214e/runTime/Maya.app/Contents/bin/mayapy /local/S/jenkins/workspace/ecg-mayausd-branch-preflight-2020-osx/ecg-maya-usd/maya-usd/build.py --generator Ninja --build-relwithdebug --maya-location /local/S/jenkins/workspace/shared/Artifactory/OSX/rundev-2020/202107140359/runtime/446214e/runTime --devkit-location /local/S/jenkins/workspace/shared/Artifactory/OSX/rundev-2020/202107140359/runtime/446214e/devkitBase --pxrusd-location /local/S/jenkins/workspace/shared/Artifactory/OSX/USD/73ca68d --qt-location /local/S/jenkins/workspace/shared/Artifactory/OSX/qt/5.12.5/3ca78fe --build-args=-DCMAKE_MAKE_PROGRAM=/local/S/jenkins/workspace/shared/Artifactory/OSX/ninja/1.9.0/41005eb/ninja,-DPYTHON_INCLUDE_DIR=/local/S/jenkins/workspace/shared/Artifactory/OSX/rundev-2020/202107140359/runtime/446214e/runTime/Maya.app/Contents/Frameworks/Python.framework/Versions/Current/include/python2.7,-DPython_EXECUTABLE=/local/S/jenkins/workspace/shared/Artifactory/OSX/rundev-2020/202107140359/runtime/446214e/runTime/Maya.app/Contents/bin/mayapy,-DPYTHON_LIBRARIES=/local/S/jenkins/workspace/shared/Artifactory/OSX/rundev-2020/202107140359/runtime/446214e/runTime/Maya.app/Contents/Frameworks/Python.framework/Versions/Current/lib/libpython2.7.dylib,-DUSD_LIB_PREFIX=lib,-DCMAKE_WANT_MATERIALX_BUILD=ON,-DCMAKE_PREFIX_PATH=/local/S/jenkins/workspace/shared/Artifactory/OSX/USD/73ca68d '--ctest-args=-E testUsdReferenceAssemblySelection|testUsdMayaAppDir,-LE interactive,--parallel 4' --stages=build --redirect-outstream-file=False --install-location /local/S/jenkins/workspace/ecg-mayausd-branch-preflight-2020-osx/install/RelWithDebInfo/MayaUSD /local/S/jenkins/workspace/ecg-mayausd-branch-preflight-2020-osx
Modified environment variables:
    PATH=/local/S/jenkins/workspace/shared/Artifactory/OSX/cmake/3.14.4/e159059/bin:/usr/local/bin:/bin:/usr/sbin:/sbin:/usr/bin
    [1/654] Building CXX object test/lib/usd/plugin/CMakeFiles/usdTestApiWriter.dir/plugin.cpp.o
    [2/654] Building CXX object test/lib/usd/plugin/CMakeFiles/usdTestUsdPlugin.dir/mayaShaderTranslation.cpp.o
    [3/654] Building CXX object test/lib/usd/plugin/CMakeFiles/usdTestInfoImportChaser.dir/infoImportChaser.cpp.o
    [4/654] Building CXX object test/lib/usd/plugin/CMakeFiles/usdTestApiWriter.dir/nullApiExporter.cpp.o
    [5/654] Building CXX object test/lib/usd/plugin/CMakeFiles/usdTestInfoImportChaser.dir/plugin.cpp.o
    [6/654] Building CXX object test/lib/usd/plugin/CMakeFiles/usdTestMayaPlugin.dir/plugin.cpp.o
    [7/654] Building CXX object test/lib/usd/plugin/CMakeFiles/usdTestApiWriter.dir/bulletAdaptor.cpp.o
    [8/654] Building CXX object test/lib/usd/utils/CMakeFiles/testMergePrims.dir/main.cpp.o
    [9/654] Building CXX object test/lib/usd/utils/CMakeFiles/testDiffComputeOverall.dir/main.cpp.o
    [10/654] Building CXX object test/lib/usd/utils/CMakeFiles/testDiffPrims.dir/main.cpp.o
    [11/654] Building CXX object test/lib/usd/plugin/CMakeFiles/usdTestMayaPlugin.dir/mayaShaderTranslation.cpp.o
    [12/654] Building CXX object test/lib/usd/utils/CMakeFiles/testDiffComputeOverall.dir/test_DiffComputeOverall.cpp.o
    [13/654] Building CXX object test/lib/usd/utils/CMakeFiles/testDiffPrims.dir/test_DiffPrimsAttributes.cpp.o
    [14/654] Building CXX object test/lib/usd/utils/CMakeFiles/testMergePrims.dir/test_MergePrims.cpp.o
    [15/654] Building CXX object test/lib/usd/utils/CMakeFiles/testDiffDictionaries.dir/main.cpp.o
    [16/654] Building CXX object test/lib/usd/utils/CMakeFiles/testDiffPrims.dir/test_DiffPrimsRelations.cpp.o
    [17/654] Building CXX object test/lib/usd/utils/CMakeFiles/testDiffLists.dir/main.cpp.o
    [18/654] Building CXX object test/lib/usd/utils/CMakeFiles/testDiffPrims.dir/test_DiffPrimsChildren.cpp.o
    [19/654] Building CXX object test/lib/usd/utils/CMakeFiles/testDiffAttributes.dir/main.cpp.o
    [20/654] Building CXX object test/lib/usd/utils/CMakeFiles/testDiffPrims.dir/test_DiffPrims.cpp.o
    [21/654] Building CXX object test/lib/usd/utils/CMakeFiles/testDiffCore.dir/main.cpp.o
    [22/654] Building CXX object test/lib/usd/utils/CMakeFiles/testDiffDictionaries.dir/test_DiffDictionaries.cpp.o
    [23/654] Building CXX object test/lib/usd/utils/CMakeFiles/testDiffMetadatas.dir/main.cpp.o
    [24/654] Building CXX object test/lib/usd/utils/CMakeFiles/testDiffCore.dir/test_DiffCore.cpp.o
    [25/654] Building CXX object test/lib/usd/utils/CMakeFiles/testDiffValues.dir/main.cpp.o
    [26/654] Building CXX object test/lib/usd/utils/CMakeFiles/testDiffAttributes.dir/test_DiffAttributes.cpp.o
    [27/654] Building CXX object test/lib/usd/utils/CMakeFiles/testDiffLists.dir/test_DiffLists.cpp.o
    [28/654] Building CXX object test/lib/usd/utils/CMakeFiles/testDiffMetadatas.dir/test_DiffMetadatas.cpp.o
    [29/654] Building CXX object test/lib/usd/utils/CMakeFiles/testDiffValues.dir/test_DiffValues.cpp.o
    [30/654] Building CXX object test/lib/usd/utils/CMakeFiles/testDiffValues.dir/test_DiffValuesMatrices.cpp.o
    [31/654] Building CXX object test/lib/usd/utils/CMakeFiles/testDiffValues.dir/test_DiffValuesGeneric.cpp.o
    [32/654] Building CXX object test/lib/usd/utils/CMakeFiles/testDiffValues.dir/test_DiffValuesArrays.cpp.o
    [33/654] Building CXX object test/lib/usd/utils/CMakeFiles/testDiffValues.dir/test_DiffValuesQuaternions.cpp.o
    [34/654] Building CXX object test/lib/usd/utils/CMakeFiles/testDiffValues.dir/test_DiffValuesDoubleVecs.cpp.o
    [35/654] Building CXX object test/lib/usd/utils/CMakeFiles/testDiffValues.dir/test_DiffValuesFloatVecs.cpp.o
    [36/654] Building CXX object test/lib/usd/utils/CMakeFiles/testDiffValues.dir/test_DiffValuesIntVecs.cpp.o
    [37/654] Building CXX object test/lib/usd/utils/CMakeFiles/testDiffRelationships.dir/main.cpp.o
    [38/654] Building CXX object test/lib/usd/utils/CMakeFiles/testDiffValues.dir/test_DiffValuesHalfVecs.cpp.o
    [39/654] Building CXX object lib/mayaUsd/CMakeFiles/mayaUsd.dir/base/debugCodes.cpp.o
    [40/654] Building CXX object lib/mayaUsd/CMakeFiles/mayaUsd.dir/base/tokens.cpp.o
    [41/654] Building CXX object test/lib/usd/utils/CMakeFiles/testDiffRelationships.dir/test_DiffRelationships.cpp.o
    [42/654] Building CXX object lib/mayaUsd/CMakeFiles/mayaUsd.dir/commands/baseListJobContextsCommand.cpp.o
    [43/654] Building CXX object lib/mayaUsd/CMakeFiles/mayaUsd.dir/commands/baseImportCommand.cpp.o
    [44/654] Building CXX object lib/mayaUsd/CMakeFiles/mayaUsd.dir/commands/baseExportCommand.cpp.o
    [45/654] Building CXX object lib/mayaUsd/CMakeFiles/mayaUsd.dir/commands/layerEditorWindowCommand.cpp.o
    [46/654] Building CXX object lib/mayaUsd/CMakeFiles/mayaUsd.dir/commands/editTargetCommand.cpp.o
    [47/654] Building CXX object lib/mayaUsd/CMakeFiles/mayaUsd.dir/commands/baseListShadingModesCommand.cpp.o
    [48/654] Building CXX object lib/mayaUsd/CMakeFiles/mayaUsd.dir/fileio/fallbackPrimReader.cpp.o
    [49/654] Building CXX object lib/mayaUsd/CMakeFiles/mayaUsd.dir/commands/layerEditorCommand.cpp.o
    [50/654] Building CXX object lib/mayaUsd/CMakeFiles/mayaUsd.dir/fileio/functorPrimReader.cpp.o
    [51/654] Building CXX object lib/mayaUsd/CMakeFiles/mayaUsd.dir/fileio/functorPrimWriter.cpp.o
    [52/654] Building CXX object lib/mayaUsd/CMakeFiles/mayaUsd.dir/fileio/importData.cpp.o
    [53/654] Building CXX object lib/mayaUsd/CMakeFiles/mayaUsd.dir/fileio/jobContextRegistry.cpp.o
    [54/654] Building CXX object lib/mayaUsd/CMakeFiles/mayaUsd.dir/fileio/instancedNodeWriter.cpp.o
    [55/654] Building CXX object lib/mayaUsd/CMakeFiles/mayaUsd.dir/fileio/primReader.cpp.o
    [56/654] Building CXX object lib/mayaUsd/CMakeFiles/mayaUsd.dir/fileio/primReaderArgs.cpp.o
    [57/654] Building CXX object lib/mayaUsd/CMakeFiles/mayaUsd.dir/fileio/primReaderContext.cpp.o
    [58/654] Building CXX object lib/mayaUsd/CMakeFiles/mayaUsd.dir/fileio/primReaderRegistry.cpp.o
    [59/654] Building CXX object lib/mayaUsd/CMakeFiles/mayaUsd.dir/fileio/primWriterArgs.cpp.o
    [60/654] Building CXX object lib/mayaUsd/CMakeFiles/mayaUsd.dir/fileio/primWriterContext.cpp.o
    [61/654] Building CXX object lib/mayaUsd/CMakeFiles/mayaUsd.dir/fileio/primWriter.cpp.o
    [62/654] Building CXX object lib/mayaUsd/CMakeFiles/mayaUsd.dir/fileio/registryHelper.cpp.o
    [63/654] Building CXX object lib/mayaUsd/CMakeFiles/mayaUsd.dir/fileio/primWriterRegistry.cpp.o
    [64/654] Building CXX object lib/mayaUsd/CMakeFiles/mayaUsd.dir/fileio/schemaApiAdaptor.cpp.o
    [65/654] Building CXX object lib/mayaUsd/CMakeFiles/mayaUsd.dir/fileio/schemaApiAdaptorRegistry.cpp.o
    [66/654] Building CXX object lib/mayaUsd/CMakeFiles/mayaUsd.dir/fileio/shaderReader.cpp.o
    [67/654] Building CXX object lib/mayaUsd/CMakeFiles/mayaUsd.dir/fileio/shaderReaderRegistry.cpp.o
    [68/654] Building CXX object lib/mayaUsd/CMakeFiles/mayaUsd.dir/fileio/shaderWriter.cpp.o
    [69/654] Building CXX object lib/mayaUsd/CMakeFiles/mayaUsd.dir/fileio/translators/translatorSkel.cpp.o
    [70/654] Building CXX object lib/mayaUsd/CMakeFiles/mayaUsd.dir/fileio/chaser/exportChaser.cpp.o
    [71/654] Building CXX object lib/mayaUsd/CMakeFiles/mayaUsd.dir/fileio/shaderWriterRegistry.cpp.o
    [72/654] Building CXX object lib/mayaUsd/CMakeFiles/mayaUsd.dir/fileio/transformWriter.cpp.o
    [73/654] Building CXX object lib/mayaUsd/CMakeFiles/mayaUsd.dir/fileio/writeJobContext.cpp.o
    [74/654] Building CXX object lib/mayaUsd/CMakeFiles/mayaUsd.dir/fileio/chaser/exportChaserRegistry.cpp.o
    [75/654] Building CXX object lib/mayaUsd/CMakeFiles/mayaUsd.dir/fileio/chaser/importChaserRegistry.cpp.o
    [76/654] Building CXX object lib/mayaUsd/CMakeFiles/mayaUsd.dir/fileio/chaser/importChaser.cpp.o
    [77/654] Building CXX object lib/mayaUsd/CMakeFiles/mayaUsd.dir/fileio/jobs/meshDataReadJob.cpp.o
    [78/654] Building CXX object lib/mayaUsd/CMakeFiles/mayaUsd.dir/fileio/jobs/modelKindProcessor.cpp.o
    [79/654] Building CXX object lib/mayaUsd/CMakeFiles/mayaUsd.dir/fileio/jobs/readJob.cpp.o
    [80/654] Building CXX object lib/mayaUsd/CMakeFiles/mayaUsd.dir/fileio/jobs/jobArgs.cpp.o
    [81/654] Building CXX object lib/mayaUsd/CMakeFiles/mayaUsd.dir/fileio/jobs/writeJob.cpp.o
    [82/654] Building CXX object lib/mayaUsd/CMakeFiles/mayaUsd.dir/fileio/shading/shadingModeDisplayColor.cpp.o
    [83/654] Building CXX object lib/mayaUsd/CMakeFiles/mayaUsd.dir/fileio/shading/shadingModeExporter.cpp.o
    [84/654] Building CXX object lib/mayaUsd/CMakeFiles/mayaUsd.dir/fileio/shading/shadingModeImporter.cpp.o
    [85/654] Building CXX object lib/mayaUsd/CMakeFiles/mayaUsd.dir/fileio/shading/shadingModeRegistry.cpp.o
    [86/654] Building CXX object lib/mayaUsd/CMakeFiles/mayaUsd.dir/fileio/shading/shadingModeExporterContext.cpp.o
    [87/654] Building CXX object lib/mayaUsd/CMakeFiles/mayaUsd.dir/fileio/shading/shadingModePxrRis.cpp.o
    [88/654] Building CXX object lib/mayaUsd/CMakeFiles/mayaUsd.dir/fileio/shading/shadingModeUseRegistry.cpp.o
    [89/654] Building CXX object lib/mayaUsd/CMakeFiles/mayaUsd.dir/fileio/shading/symmetricShaderReader.cpp.o
    [90/654] Building CXX object lib/mayaUsd/CMakeFiles/mayaUsd.dir/fileio/shading/symmetricShaderWriter.cpp.o
    [91/654] Building CXX object lib/mayaUsd/CMakeFiles/mayaUsd.dir/fileio/translators/skelBindingsProcessor.cpp.o
    [92/654] Building CXX object lib/mayaUsd/CMakeFiles/mayaUsd.dir/fileio/translators/translatorCamera.cpp.o
    [93/654] Building CXX object lib/mayaUsd/CMakeFiles/mayaUsd.dir/fileio/translators/translatorGprim.cpp.o
    [94/654] Building CXX object lib/mayaUsd/CMakeFiles/mayaUsd.dir/fileio/translators/translatorCurves.cpp.o
    [95/654] Building CXX object lib/mayaUsd/CMakeFiles/mayaUsd.dir/fileio/translators/translatorLight.cpp.o
    [96/654] Building CXX object lib/mayaUsd/CMakeFiles/mayaUsd.dir/fileio/translators/translatorMayaReference.cpp.o
    [97/654] Building CXX object lib/mayaUsd/CMakeFiles/mayaUsd.dir/fileio/translators/translatorMaterial.cpp.o
    [98/654] Building CXX object lib/mayaUsd/CMakeFiles/mayaUsd.dir/fileio/translators/translatorMesh.cpp.o
    [99/654] Building CXX object lib/mayaUsd/CMakeFiles/mayaUsd.dir/fileio/translators/translatorNurbsPatch.cpp.o
    [100/654] Building CXX object lib/mayaUsd/CMakeFiles/mayaUsd.dir/fileio/translators/translatorPrim.cpp.o
    [101/654] Building CXX object lib/mayaUsd/CMakeFiles/mayaUsd.dir/fileio/translators/translatorUtil.cpp.o
    [102/654] Building CXX object lib/mayaUsd/CMakeFiles/mayaUsd.dir/fileio/translators/translatorXformable.cpp.o
    [103/654] Building CXX object lib/mayaUsd/CMakeFiles/mayaUsd.dir/fileio/translators/translatorRfMLight.cpp.o
    [104/654] Building CXX object lib/mayaUsd/CMakeFiles/mayaUsd.dir/fileio/translators/translatorXformable_decompose.cpp.o
    [105/654] Building CXX object lib/mayaUsd/CMakeFiles/mayaUsd.dir/fileio/utils/adaptor.cpp.o
    [106/654] Building CXX object lib/mayaUsd/CMakeFiles/mayaUsd.dir/fileio/utils/jointWriteUtils.cpp.o
    [107/654] Building CXX object lib/mayaUsd/CMakeFiles/mayaUsd.dir/fileio/utils/meshReadUtils.cpp.o
    [108/654] Building CXX object lib/mayaUsd/CMakeFiles/mayaUsd.dir/fileio/utils/meshWriteUtils.cpp.o
    [109/654] Building CXX object lib/mayaUsd/CMakeFiles/mayaUsd.dir/fileio/utils/roundTripUtil.cpp.o
    [110/654] Building CXX object lib/mayaUsd/CMakeFiles/mayaUsd.dir/fileio/utils/readUtil.cpp.o
    [111/654] Building CXX object lib/mayaUsd/CMakeFiles/mayaUsd.dir/fileio/utils/userTaggedAttribute.cpp.o
    [112/654] Building CXX object lib/mayaUsd/CMakeFiles/mayaUsd.dir/listeners/notice.cpp.o
    [113/654] Building CXX object lib/mayaUsd/CMakeFiles/mayaUsd.dir/fileio/utils/shadingUtil.cpp.o
    [114/654] Building CXX object lib/mayaUsd/CMakeFiles/mayaUsd.dir/fileio/utils/xformStack.cpp.o
    [115/654] Building CXX object lib/mayaUsd/CMakeFiles/mayaUsd.dir/listeners/proxyShapeNotice.cpp.o
    [116/654] Building CXX object lib/mayaUsd/CMakeFiles/mayaUsd.dir/listeners/stageNoticeListener.cpp.o
    [117/654] Building CXX object lib/mayaUsd/CMakeFiles/mayaUsd.dir/nodes/hdImagingShape.cpp.o
    [118/654] Building CXX object lib/mayaUsd/CMakeFiles/mayaUsd.dir/fileio/utils/writeUtil.cpp.o
    [119/654] Building CXX object lib/mayaUsd/CMakeFiles/mayaUsd.dir/nodes/pointBasedDeformerNode.cpp.o
    [120/654] Building CXX object lib/mayaUsd/CMakeFiles/mayaUsd.dir/nodes/proxyAccessor.cpp.o
    [121/654] Building CXX object lib/mayaUsd/CMakeFiles/mayaUsd.dir/nodes/proxyShapeLoadRules.cpp.o
    [122/654] Building CXX object lib/mayaUsd/CMakeFiles/mayaUsd.dir/nodes/stageData.cpp.o
    [123/654] Building CXX object lib/mayaUsd/CMakeFiles/mayaUsd.dir/nodes/proxyShapeBase.cpp.o
    [124/654] Building CXX object lib/mayaUsd/CMakeFiles/mayaUsd.dir/nodes/proxyShapePlugin.cpp.o
    [125/654] Building CXX object lib/mayaUsd/CMakeFiles/mayaUsd.dir/nodes/stageNode.cpp.o
    [126/654] Building CXX object lib/mayaUsd/CMakeFiles/mayaUsd.dir/render/px_vp20/glslProgram.cpp.o
    [127/654] Building CXX object lib/mayaUsd/CMakeFiles/mayaUsd.dir/python/moduleDeps.cpp.o
    [128/654] Building CXX object lib/mayaUsd/CMakeFiles/mayaUsd.dir/nodes/usdPrimProvider.cpp.o
    [129/654] Building CXX object lib/mayaUsd/CMakeFiles/mayaUsd.dir/render/px_vp20/utils_legacy.cpp.o
    [130/654] Building CXX object lib/mayaUsd/CMakeFiles/mayaUsd.dir/render/px_vp20/utils.cpp.o
    [131/654] Building CXX object lib/mayaUsd/CMakeFiles/mayaUsd.dir/render/pxrUsdMayaGL/debugCodes.cpp.o
    [132/654] Building CXX object lib/mayaUsd/CMakeFiles/mayaUsd.dir/nodes/layerManager.cpp.o
    [133/654] Building CXX object lib/mayaUsd/CMakeFiles/mayaUsd.dir/render/pxrUsdMayaGL/hdImagingShapeDrawOverride.cpp.o
    [134/654] Building CXX object lib/mayaUsd/CMakeFiles/mayaUsd.dir/render/pxrUsdMayaGL/hdImagingShapeUI.cpp.o
    [135/654] Building CXX object lib/mayaUsd/CMakeFiles/mayaUsd.dir/render/pxrUsdMayaGL/batchRenderer.cpp.o
    [136/654] Building CXX object lib/mayaUsd/CMakeFiles/mayaUsd.dir/render/pxrUsdMayaGL/instancerImager.cpp.o
    [137/654] Building CXX object lib/mayaUsd/CMakeFiles/mayaUsd.dir/render/pxrUsdMayaGL/proxyShapeDelegate.cpp.o
    [138/654] Building CXX object lib/mayaUsd/CMakeFiles/mayaUsd.dir/render/pxrUsdMayaGL/proxyDrawOverride.cpp.o
    [139/654] Building CXX object lib/mayaUsd/CMakeFiles/mayaUsd.dir/render/pxrUsdMayaGL/instancerShapeAdapter.cpp.o
    [140/654] Building CXX object lib/mayaUsd/CMakeFiles/mayaUsd.dir/render/pxrUsdMayaGL/softSelectHelper.cpp.o
    [141/654] Building CXX object lib/mayaUsd/CMakeFiles/mayaUsd.dir/render/pxrUsdMayaGL/proxyShapeUI.cpp.o
    [142/654] Building CXX object lib/mayaUsd/CMakeFiles/mayaUsd.dir/render/pxrUsdMayaGL/userData.cpp.o
    [143/654] Building CXX object lib/mayaUsd/CMakeFiles/mayaUsd.dir/render/pxrUsdMayaGL/shapeAdapter.cpp.o
    [144/654] Building CXX object lib/mayaUsd/CMakeFiles/mayaUsd.dir/render/pxrUsdMayaGL/sceneDelegate.cpp.o
    [145/654] Building CXX object lib/mayaUsd/CMakeFiles/mayaUsd.dir/render/vp2RenderDelegate/bboxGeom.cpp.o
    [146/654] Building CXX object lib/mayaUsd/CMakeFiles/mayaUsd.dir/render/vp2RenderDelegate/debugCodes.cpp.o
    [147/654] Building CXX object lib/mayaUsd/CMakeFiles/mayaUsd.dir/render/pxrUsdMayaGL/usdProxyShapeAdapter.cpp.o
    [148/654] Building CXX object lib/mayaUsd/CMakeFiles/mayaUsd.dir/render/vp2RenderDelegate/extComputation.cpp.o
    [149/654] Building CXX object lib/mayaUsd/CMakeFiles/mayaUsd.dir/render/vp2RenderDelegate/draw_item.cpp.o
    [150/654] Building CXX object lib/mayaUsd/CMakeFiles/mayaUsd.dir/render/vp2RenderDelegate/instancer.cpp.o
    [151/654] Building CXX object lib/mayaUsd/CMakeFiles/mayaUsd.dir/render/vp2RenderDelegate/basisCurves.cpp.o
    [152/654] Building CXX object lib/mayaUsd/CMakeFiles/mayaUsd.dir/render/vp2RenderDelegate/meshViewportCompute.cpp.o
    [153/654] Building CXX object lib/mayaUsd/CMakeFiles/mayaUsd.dir/render/vp2RenderDelegate/mayaPrimCommon.cpp.o
    [154/654] Building CXX object lib/mayaUsd/CMakeFiles/mayaUsd.dir/render/vp2RenderDelegate/material.cpp.o
    [155/654] Building CXX object lib/mayaUsd/CMakeFiles/mayaUsd.dir/render/vp2RenderDelegate/mesh.cpp.o
    [156/654] Building CXX object lib/mayaUsd/CMakeFiles/mayaUsd.dir/render/vp2RenderDelegate/points.cpp.o
    [157/654] Building CXX object lib/mayaUsd/CMakeFiles/mayaUsd.dir/render/vp2RenderDelegate/sampler.cpp.o
    [158/654] Building CXX object lib/mayaUsd/CMakeFiles/mayaUsd.dir/render/vp2RenderDelegate/render_param.cpp.o
    [159/654] Building CXX object lib/mayaUsd/CMakeFiles/mayaUsd.dir/render/vp2RenderDelegate/shader.cpp.o
    [160/654] Building CXX object lib/mayaUsd/CMakeFiles/mayaUsd.dir/render/vp2RenderDelegate/render_delegate.cpp.o
    [161/654] Building CXX object lib/mayaUsd/CMakeFiles/mayaUsd.dir/render/vp2RenderDelegate/tokens.cpp.o
    [162/654] Building CXX object lib/mayaUsd/CMakeFiles/mayaUsd.dir/render/vp2RenderDelegate/proxyRenderDelegate.cpp.o
    [163/654] Building CXX object lib/mayaUsd/CMakeFiles/mayaUsd.dir/ufe/ProxyShapeHandler.cpp.o
    [164/654] Building CXX object lib/mayaUsd/CMakeFiles/mayaUsd.dir/render/vp2ShaderFragments/shaderFragments.cpp.o
    [165/654] Building CXX object lib/mayaUsd/CMakeFiles/mayaUsd.dir/ufe/Global.cpp.o
    [166/654] Building CXX object lib/mayaUsd/CMakeFiles/mayaUsd.dir/ufe/ProxyShapeHierarchy.cpp.o
    [167/654] Building CXX object lib/mayaUsd/CMakeFiles/mayaUsd.dir/ufe/ProxyShapeHierarchyHandler.cpp.o
    [168/654] Building CXX object lib/mayaUsd/CMakeFiles/mayaUsd.dir/ufe/StagesSubject.cpp.o
    [169/654] Building CXX object lib/mayaUsd/CMakeFiles/mayaUsd.dir/ufe/UsdHierarchyHandler.cpp.o
    [170/654] Building CXX object lib/mayaUsd/CMakeFiles/mayaUsd.dir/ufe/UsdHierarchy.cpp.o
    [171/654] Building CXX object lib/mayaUsd/CMakeFiles/mayaUsd.dir/ufe/UsdPointInstanceOrientationModifier.cpp.o
    [172/654] Building CXX object lib/mayaUsd/CMakeFiles/mayaUsd.dir/ufe/UsdPointInstancePositionModifier.cpp.o
    [173/654] Building CXX object lib/mayaUsd/CMakeFiles/mayaUsd.dir/ufe/UsdPointInstanceScaleModifier.cpp.o
    [174/654] Building CXX object lib/mayaUsd/CMakeFiles/mayaUsd.dir/ufe/UsdRootChildHierarchy.cpp.o
    [175/654] Building CXX object lib/mayaUsd/CMakeFiles/mayaUsd.dir/ufe/UsdRotatePivotTranslateUndoableCommand.cpp.o
    [176/654] Building CXX object lib/mayaUsd/CMakeFiles/mayaUsd.dir/ufe/UsdRotateUndoableCommand.cpp.o
    [177/654] Building CXX object lib/mayaUsd/CMakeFiles/mayaUsd.dir/ufe/UsdSceneItem.cpp.o
    [178/654] Building CXX object lib/mayaUsd/CMakeFiles/mayaUsd.dir/ufe/UsdScaleUndoableCommand.cpp.o
    [179/654] Building CXX object lib/mayaUsd/CMakeFiles/mayaUsd.dir/ufe/UsdSceneItemOps.cpp.o
    [180/654] Building CXX object lib/mayaUsd/CMakeFiles/mayaUsd.dir/ufe/UsdSceneItemOpsHandler.cpp.o
    [181/654] Building CXX object lib/mayaUsd/CMakeFiles/mayaUsd.dir/ufe/UsdTRSUndoableCommandBase.cpp.o
    [182/654] Building CXX object lib/mayaUsd/CMakeFiles/mayaUsd.dir/ufe/UsdStageMap.cpp.o
    [183/654] Building CXX object lib/mayaUsd/CMakeFiles/mayaUsd.dir/ufe/UsdTransform3d.cpp.o
    [184/654] Building CXX object lib/mayaUsd/CMakeFiles/mayaUsd.dir/ufe/UsdTransform3dHandler.cpp.o
    [185/654] Building CXX object lib/mayaUsd/CMakeFiles/mayaUsd.dir/ufe/UsdTranslateUndoableCommand.cpp.o
    [186/654] Building CXX object lib/mayaUsd/CMakeFiles/mayaUsd.dir/ufe/UsdUndoDeleteCommand.cpp.o
    [187/654] Building CXX object lib/mayaUsd/CMakeFiles/mayaUsd.dir/ufe/moduleDeps.cpp.o
    [188/654] Building CXX object lib/mayaUsd/CMakeFiles/mayaUsd.dir/ufe/private/UfeNotifGuard.cpp.o
    [189/654] Building CXX object lib/mayaUsd/CMakeFiles/mayaUsd.dir/ufe/UsdUndoDuplicateCommand.cpp.o
    [190/654] Building CXX object lib/mayaUsd/CMakeFiles/mayaUsd.dir/ufe/UsdUndoRenameCommand.cpp.o
    [191/654] Building CXX object lib/mayaUsd/CMakeFiles/mayaUsd.dir/undo/OpUndoItemRecorder.cpp.o
    [192/654] Building CXX object lib/mayaUsd/CMakeFiles/mayaUsd.dir/undo/OpUndoItemList.cpp.o
    [193/654] Building CXX object lib/mayaUsd/CMakeFiles/mayaUsd.dir/ufe/private/Utils.cpp.o
    [194/654] Building CXX object lib/mayaUsd/CMakeFiles/mayaUsd.dir/undo/UsdUndoBlock.cpp.o
    [195/654] Building CXX object lib/mayaUsd/CMakeFiles/mayaUsd.dir/ufe/Utils.cpp.o
    [196/654] Building CXX object lib/mayaUsd/CMakeFiles/mayaUsd.dir/undo/UsdUndoableItem.cpp.o
    [197/654] Building CXX object lib/mayaUsd/CMakeFiles/mayaUsd.dir/undo/UsdUndoManager.cpp.o
    [198/654] Building CXX object lib/mayaUsd/CMakeFiles/mayaUsd.dir/utils/blockSceneModificationContext.cpp.o
    [199/654] Building CXX object lib/mayaUsd/CMakeFiles/mayaUsd.dir/utils/colorSpace.cpp.o
    [200/654] Building CXX object lib/mayaUsd/CMakeFiles/mayaUsd.dir/undo/OpUndoItems.cpp.o
    [201/654] Building CXX object lib/mayaUsd/CMakeFiles/mayaUsd.dir/utils/diagnosticDelegate.cpp.o
    [202/654] Building CXX object lib/mayaUsd/CMakeFiles/mayaUsd.dir/utils/customLayerData.cpp.o
    [203/654] Building CXX object lib/mayaUsd/CMakeFiles/mayaUsd.dir/undo/UsdUndoStateDelegate.cpp.o
    [204/654] Building CXX object lib/mayaUsd/CMakeFiles/mayaUsd.dir/utils/editability.cpp.o
    [205/654] Building CXX object lib/mayaUsd/CMakeFiles/mayaUsd.dir/utils/converter.cpp.o
    [206/654] Building CXX object lib/mayaUsd/CMakeFiles/mayaUsd.dir/utils/loadRules.cpp.o
    [207/654] Building CXX object lib/mayaUsd/CMakeFiles/mayaUsd.dir/utils/editRouter.cpp.o
    [208/654] Building CXX object lib/mayaUsd/CMakeFiles/mayaUsd.dir/utils/loadRulesText.cpp.o
    [209/654] Building CXX object lib/mayaUsd/CMakeFiles/mayaUsd.dir/utils/loadRulesAttribute.cpp.o
    [210/654] Building CXX object lib/mayaUsd/CMakeFiles/mayaUsd.dir/utils/plugRegistryHelper.cpp.o
    [211/654] Building CXX object lib/mayaUsd/CMakeFiles/mayaUsd.dir/utils/query.cpp.o
    [212/654] Building CXX object lib/mayaUsd/CMakeFiles/mayaUsd.dir/utils/selectability.cpp.o
    [213/654] Building CXX object lib/mayaUsd/CMakeFiles/mayaUsd.dir/utils/stageCache.cpp.o
    [214/654] Building CXX object lib/mayaUsd/CMakeFiles/mayaUsd.dir/utils/traverseLayer.cpp.o
    [215/654] Building CXX object lib/mayaUsd/CMakeFiles/mayaUsd.dir/utils/undoHelperCommand.cpp.o
    [216/654] Building CXX object lib/mayaUsd/python/CMakeFiles/_mayaUsd.dir/module.cpp.o
    [217/654] Building CXX object lib/mayaUsd/python/CMakeFiles/_mayaUsd.dir/pythonObjectRegistry.cpp.o
    [218/654] Building CXX object lib/mayaUsd/CMakeFiles/mayaUsd.dir/utils/utilFileSystem.cpp.o
    [219/654] Building CXX object lib/mayaUsd/CMakeFiles/mayaUsd.dir/utils/utilSerialization.cpp.o
    [220/654] Building CXX object lib/mayaUsd/python/CMakeFiles/_mayaUsd.dir/wrapBlockSceneModificationContext.cpp.o
    [221/654] Building CXX object lib/mayaUsd/python/CMakeFiles/_mayaUsd.dir/wrapSparseValueWriter.cpp.o
    [222/654] Building CXX object lib/mayaUsd/python/CMakeFiles/_mayaUsd.dir/wrapColorSpace.cpp.o
    [223/654] Building CXX object lib/mayaUsd/CMakeFiles/mayaUsd.dir/utils/util.cpp.o
    [224/654] Building CXX object lib/mayaUsd/python/CMakeFiles/_mayaUsd.dir/wrapDiagnosticDelegate.cpp.o
    [225/654] Building CXX object lib/mayaUsd/python/CMakeFiles/_mayaUsd.dir/wrapAdaptor.cpp.o
    [226/654] Building CXX object lib/mayaUsd/python/CMakeFiles/_mayaUsd.dir/wrapEditRouter.cpp.o
    [227/654] Building CXX object lib/mayaUsd/python/CMakeFiles/_mayaUsd.dir/wrapConverter.cpp.o
    [228/654] Building CXX object lib/mayaUsd/python/CMakeFiles/_mayaUsd.dir/wrapOpUndoItem.cpp.o
    [229/654] Building CXX object lib/mayaUsd/python/CMakeFiles/_mayaUsd.dir/wrapMeshWriteUtils.cpp.o
    [230/654] Building CXX object lib/mayaUsd/python/CMakeFiles/_mayaUsd.dir/wrapQuery.cpp.o
    [231/654] Building CXX object lib/mayaUsd/python/CMakeFiles/_mayaUsd.dir/wrapReadUtil.cpp.o
    [232/654] Building CXX object lib/mayaUsd/python/CMakeFiles/_mayaUsd.dir/wrapStageCache.cpp.o
    [233/654] Building CXX object lib/mayaUsd/python/CMakeFiles/_mayaUsd.dir/wrapRoundTripUtil.cpp.o
    [234/654] Building CXX object lib/mayaUsd/python/CMakeFiles/_mayaUsd.dir/wrapTokens.cpp.o
    [235/654] Building CXX object lib/mayaUsd/python/CMakeFiles/_mayaUsd.dir/wrapUsdUndoManager.cpp.o
    [236/654] Building CXX object lib/mayaUsd/python/CMakeFiles/_mayaUsd.dir/wrapTranslatorUtil.cpp.o
    [237/654] Building CXX object lib/mayaUsd/python/CMakeFiles/_mayaUsd.dir/wrapUserTaggedAttribute.cpp.o
    [238/654] Building CXX object lib/mayaUsd/python/CMakeFiles/_mayaUsd.dir/wrapUtil.cpp.o
    [239/654] Building CXX object lib/mayaUsd/python/CMakeFiles/_mayaUsd.dir/wrapWriteUtil.cpp.o
    [240/654] Building CXX object lib/mayaUsd/python/CMakeFiles/_mayaUsd.dir/wrapOpenMaya.cpp.o
    [241/654] Building CXX object lib/mayaUsd/python/CMakeFiles/_mayaUsd.dir/wrapXformStack.cpp.o
    [242/654] Building CXX object lib/mayaUsd/python/CMakeFiles/_mayaUsd.dir/wrapExportChaser.cpp.o
    [243/654] Building CXX object lib/mayaUsd/python/CMakeFiles/_mayaUsd.dir/wrapImportChaser.cpp.o
    [244/654] Building CXX object lib/mayaUsd/python/CMakeFiles/_mayaUsd.dir/wrapPrimReader.cpp.o
    [245/654] Building CXX object lib/mayaUsd/python/CMakeFiles/_mayaUsd.dir/wrapJobContextRegistry.cpp.o
    [246/654] Building CXX object lib/mayaUsd/python/CMakeFiles/_mayaUsd.dir/wrapPrimWriter.cpp.o
    [247/654] Building CXX object lib/mayaUsd/ufe/CMakeFiles/_ufe.dir/module.cpp.o
    [248/654] Building CXX object lib/mayaUsd/python/CMakeFiles/_mayaUsd.dir/wrapShadingUtil.cpp.o
    [249/654] Building CXX object lib/mayaUsd/ufe/CMakeFiles/_ufe.dir/wrapGlobal.cpp.o
    [250/654] Building CXX object lib/mayaUsd/python/CMakeFiles/_mayaUsd.dir/wrapShadingMode.cpp.o
    [251/654] Building CXX object plugin/al/lib/AL_USDMaya/CMakeFiles/AL_USDMaya.dir/AL/usdmaya/DebugCodes.cpp.o
    [252/654] Building CXX object lib/mayaUsd/python/CMakeFiles/_mayaUsd.dir/wrapSchemaApiAdaptor.cpp.o
    [253/654] Building CXX object lib/mayaUsd/ufe/CMakeFiles/_ufe.dir/wrapNotice.cpp.o
    [254/654] Building CXX object lib/mayaUsd/render/mayaToHydra/CMakeFiles/mtoh.dir/pluginDebugCodes.cpp.o
    [255/654] Building CXX object lib/mayaUsd/ufe/CMakeFiles/_ufe.dir/wrapUtils.cpp.o
    [256/654] Building CXX object lib/mayaUsd/render/mayaToHydra/CMakeFiles/mtoh.dir/defaultLightDelegate.cpp.o
    [257/654] Building CXX object lib/mayaUsd/render/mayaToHydra/CMakeFiles/mtoh.dir/plugin.cpp.o
    [258/654] Building CXX object lib/mayaUsd/render/mayaToHydra/CMakeFiles/mtoh.dir/tokens.cpp.o
    [259/654] Building CXX object lib/mayaUsd/render/mayaToHydra/CMakeFiles/mtoh.dir/utils.cpp.o
    [260/654] Building CXX object lib/mayaUsd/render/mayaToHydra/CMakeFiles/mtoh.dir/renderGlobals.cpp.o
    [261/654] Building CXX object lib/mayaUsd/render/mayaToHydra/CMakeFiles/mtoh.dir/shadingModeExporter.cpp.o
    [262/654] Building CXX object lib/usd/hdMaya/CMakeFiles/hdMaya.dir/debugCodes.cpp.o
    [263/654] Building CXX object lib/mayaUsd/render/mayaToHydra/CMakeFiles/mtoh.dir/renderOverride.cpp.o
    [264/654] Building CXX object lib/usd/hdMaya/CMakeFiles/hdMaya.dir/utils.cpp.o
    [265/654] Building CXX object lib/usd/hdMaya/CMakeFiles/hdMaya.dir/adapters/adapterDebugCodes.cpp.o
    [266/654] Building CXX object lib/usd/hdMaya/CMakeFiles/hdMaya.dir/adapters/adapter.cpp.o
    [267/654] Building CXX object lib/mayaUsd/render/mayaToHydra/CMakeFiles/mtoh.dir/viewCommand.cpp.o
    [268/654] Building CXX object lib/usd/hdMaya/CMakeFiles/hdMaya.dir/adapters/aiSkydomeLightAdapter.cpp.o
    [269/654] Building CXX object lib/usd/hdMaya/CMakeFiles/hdMaya.dir/adapters/adapterRegistry.cpp.o
    [270/654] Building CXX object lib/usd/hdMaya/CMakeFiles/hdMaya.dir/adapters/areaLightAdapter.cpp.o
    [271/654] Building CXX object lib/usd/hdMaya/CMakeFiles/hdMaya.dir/adapters/dagAdapter.cpp.o
    [272/654] Building CXX object lib/usd/hdMaya/CMakeFiles/hdMaya.dir/adapters/cameraAdapter.cpp.o
    [273/654] Building CXX object lib/usd/hdMaya/CMakeFiles/hdMaya.dir/adapters/directionalLightAdapter.cpp.o
    [274/654] Building CXX object lib/usd/hdMaya/CMakeFiles/hdMaya.dir/adapters/lightAdapter.cpp.o
    [275/654] Building CXX object lib/usd/hdMaya/CMakeFiles/hdMaya.dir/adapters/mayaAttrs.cpp.o
    [276/654] Building CXX object lib/usd/hdMaya/CMakeFiles/hdMaya.dir/adapters/materialAdapter.cpp.o
    [277/654] Building CXX object lib/usd/hdMaya/CMakeFiles/hdMaya.dir/adapters/proxyAdapter.cpp.o
    [278/654] Building CXX object lib/usd/hdMaya/CMakeFiles/hdMaya.dir/adapters/meshAdapter.cpp.o
    [279/654] Building CXX object lib/usd/hdMaya/CMakeFiles/hdMaya.dir/adapters/materialNetworkConverter.cpp.o
    [280/654] Building CXX object lib/usd/hdMaya/CMakeFiles/hdMaya.dir/adapters/nurbsCurveAdapter.cpp.o
    [281/654] Building CXX object lib/usd/hdMaya/CMakeFiles/hdMaya.dir/adapters/tokens.cpp.o
    [282/654] Building CXX object lib/usd/hdMaya/CMakeFiles/hdMaya.dir/adapters/shapeAdapter.cpp.o
    [283/654] Building CXX object lib/usd/hdMaya/CMakeFiles/hdMaya.dir/adapters/pointLightAdapter.cpp.o
    [284/654] Building CXX object lib/usd/hdMaya/CMakeFiles/hdMaya.dir/delegates/delegateDebugCodes.cpp.o
    [285/654] Building CXX object lib/usd/hdMaya/CMakeFiles/hdMaya.dir/adapters/spotLightAdapter.cpp.o
    [286/654] Building CXX object lib/usd/hdMaya/CMakeFiles/hdMaya.dir/delegates/delegate.cpp.o
    [287/654] Building CXX object lib/usd/hdMaya/CMakeFiles/hdMaya.dir/delegates/delegateRegistry.cpp.o
    [288/654] Building CXX object lib/usd/hdMaya/CMakeFiles/hdMaya.dir/delegates/delegateCtx.cpp.o
    [289/654] Building CXX object lib/usd/hdMaya/CMakeFiles/hdMaya.dir/delegates/proxyUsdImagingDelegate.cpp.o
    [290/654] Building CXX object lib/usd/hdMaya/CMakeFiles/hdMaya.dir/delegates/proxyDelegate.cpp.o
    [291/654] Building CXX object lib/usd/pxrUsdPreviewSurface/CMakeFiles/basePxrUsdPreviewSurface.dir/cpvColor.cpp.o
    [292/654] Building CXX object lib/usd/pxrUsdPreviewSurface/CMakeFiles/basePxrUsdPreviewSurface.dir/usdPreviewSurface.cpp.o
    [293/654] Building CXX object lib/usd/hdMaya/CMakeFiles/hdMaya.dir/delegates/sceneDelegate.cpp.o
    [294/654] Building CXX object lib/usd/hdMaya/CMakeFiles/hdMaya.dir/delegates/testDelegate.cpp.o
    [295/654] Building CXX object lib/usd/pxrUsdPreviewSurface/CMakeFiles/basePxrUsdPreviewSurface.dir/usdPreviewSurfaceShadingNodeOverride.cpp.o
    [296/654] Building CXX object lib/usd/pxrUsdPreviewSurface/CMakeFiles/basePxrUsdPreviewSurface.dir/usdPreviewSurfacePlugin.cpp.o
    [297/654] Building CXX object lib/usd/pxrUsdPreviewSurface/CMakeFiles/basePxrUsdPreviewSurface.dir/usdPreviewSurfaceReader.cpp.o
    [298/654] Building CXX object lib/usd/translators/CMakeFiles/mayaUsd_Translators.dir/lightReader.cpp.o
    [299/654] Building CXX object lib/usd/pxrUsdPreviewSurface/CMakeFiles/basePxrUsdPreviewSurface.dir/usdPreviewSurfaceWriter.cpp.o
    [300/654] Building CXX object lib/usd/translators/CMakeFiles/mayaUsd_Translators.dir/cameraReader.cpp.o
    [301/654] Building CXX object lib/usd/translators/CMakeFiles/mayaUsd_Translators.dir/cameraWriter.cpp.o
    [302/654] Building CXX object lib/usd/translators/CMakeFiles/mayaUsd_Translators.dir/instancerWriter.cpp.o
    [303/654] Building CXX object lib/usd/translators/CMakeFiles/mayaUsd_Translators.dir/lightRfMReader.cpp.o
    [304/654] Building CXX object lib/usd/translators/CMakeFiles/mayaUsd_Translators.dir/jointWriter.cpp.o
    [305/654] Building CXX object lib/usd/translators/CMakeFiles/mayaUsd_Translators.dir/lightRfMWriter.cpp.o
    [306/654] Building CXX object lib/usd/translators/CMakeFiles/mayaUsd_Translators.dir/lightWriter.cpp.o
    [307/654] Building CXX object lib/usd/translators/CMakeFiles/mayaUsd_Translators.dir/locatorWriter.cpp.o
    [308/654] Building CXX object lib/usd/translators/CMakeFiles/mayaUsd_Translators.dir/materialReader.cpp.o
    [309/654] Building CXX object lib/usd/translators/CMakeFiles/mayaUsd_Translators.dir/mayaReferenceReader.cpp.o
    [310/654] Building CXX object lib/usd/translators/CMakeFiles/mayaUsd_Translators.dir/meshReader.cpp.o
    [311/654] Building CXX object lib/usd/translators/CMakeFiles/mayaUsd_Translators.dir/nurbsCurvesReader.cpp.o
    [312/654] Building CXX object lib/usd/translators/CMakeFiles/mayaUsd_Translators.dir/meshWriter.cpp.o
    [313/654] Building CXX object lib/usd/translators/CMakeFiles/mayaUsd_Translators.dir/meshWriter_BlendShapes.cpp.o
    [314/654] Building CXX object lib/usd/translators/CMakeFiles/mayaUsd_Translators.dir/nurbsPatchReader.cpp.o
    [315/654] Building CXX object lib/usd/translators/CMakeFiles/mayaUsd_Translators.dir/plugin.cpp.o
    [316/654] Building CXX object lib/usd/translators/CMakeFiles/mayaUsd_Translators.dir/nurbsCurveWriter.cpp.o
    [317/654] Building CXX object lib/usd/translators/CMakeFiles/mayaUsd_Translators.dir/nurbsSurfaceWriter.cpp.o
    [318/654] Building CXX object lib/usd/translators/CMakeFiles/mayaUsd_Translators.dir/particleWriter.cpp.o
    [319/654] Building CXX object lib/usd/translators/CMakeFiles/mayaUsd_Translators.dir/scopeReader.cpp.o
    [320/654] Building CXX object lib/usd/translators/CMakeFiles/mayaUsd_Translators.dir/skelReader.cpp.o
    [321/654] Building CXX object lib/usd/translators/CMakeFiles/mayaUsd_Translators.dir/shading/shadingTokens.cpp.o
    [322/654] Building CXX object lib/usd/translators/CMakeFiles/mayaUsd_Translators.dir/xformReader.cpp.o
    [323/654] Building CXX object lib/usd/translators/CMakeFiles/mayaUsd_Translators.dir/strokeWriter.cpp.o
    [324/654] Building CXX object lib/usd/translators/CMakeFiles/mayaUsd_Translators.dir/shading/usdBlinnReader.cpp.o
    [325/654] Building CXX object lib/usd/translators/CMakeFiles/mayaUsd_Translators.dir/shading/usdBlinnWriter.cpp.o
    [326/654] Building CXX object lib/usd/translators/CMakeFiles/mayaUsd_Translators.dir/shading/usdDisplacementShaderWriter.cpp.o
    [327/654] Building CXX object lib/usd/translators/CMakeFiles/mayaUsd_Translators.dir/shading/usdFileTextureWriter.cpp.o
    [328/654] Building CXX object lib/usd/translators/CMakeFiles/mayaUsd_Translators.dir/shading/usdLambertReader.cpp.o
    [329/654] Building CXX object lib/usd/translators/CMakeFiles/mayaUsd_Translators.dir/shading/usdMaterialReader.cpp.o
    [330/654] Building CXX object lib/usd/translators/CMakeFiles/mayaUsd_Translators.dir/shading/usdLambertWriter.cpp.o
    [331/654] Building CXX object lib/usd/translators/CMakeFiles/mayaUsd_Translators.dir/shading/usdMaterialWriter.cpp.o
    [332/654] Building CXX object lib/usd/translators/CMakeFiles/mayaUsd_Translators.dir/shading/usdPhongReader.cpp.o
    [333/654] Building CXX object lib/usd/translators/CMakeFiles/mayaUsd_Translators.dir/shading/usdPhongEWriter.cpp.o
    [334/654] Building CXX object lib/usd/translators/CMakeFiles/mayaUsd_Translators.dir/shading/usdPhongWriter.cpp.o
    [335/654] Building CXX object lib/usd/translators/CMakeFiles/mayaUsd_Translators.dir/shading/usdReflectWriter.cpp.o
    [336/654] Building CXX object lib/usd/translators/CMakeFiles/mayaUsd_Translators.dir/shading/usdUVTextureReader.cpp.o
    [337/654] Building CXX object lib/usd/translators/CMakeFiles/mayaUsd_Translators.dir/shading/usdPrimvarReaderFloat3Reader.cpp.o
    [338/654] Building CXX object lib/usd/schemas/CMakeFiles/_schemas.dir/module.cpp.o
    [339/654] Building CXX object lib/usd/translators/CMakeFiles/mayaUsd_Translators.dir/shading/usdStandardSurfaceReader.cpp.o
    [340/654] Building CXX object lib/usd/schemas/CMakeFiles/_schemas.dir/wrapTokens.cpp.o
    [341/654] Building CXX object lib/usd/translators/CMakeFiles/mayaUsd_Translators.dir/shading/rfmShaderTranslation.cpp.o
    [342/654] Building CXX object lib/usd/translators/CMakeFiles/mayaUsd_Translators.dir/shading/usdStandardSurfaceWriter.cpp.o
    [343/654] Building CXX object lib/usd/schemas/CMakeFiles/_schemas.dir/wrapMayaReference.cpp.o
    [344/654] Building CXX object lib/usd/schemas/CMakeFiles/mayaUsd_Schemas.dir/ALMayaReference.cpp.o
    [345/654] Building CXX object lib/usd/schemas/CMakeFiles/mayaUsd_Schemas.dir/tokens.cpp.o
    [346/654] Building CXX object lib/usd/schemas/CMakeFiles/_schemas.dir/wrapALMayaReference.cpp.o
    [347/654] Building CXX object lib/usd/utils/CMakeFiles/mayaUsdUtils.dir/DebugCodes.cpp.o
    [348/654] Building CXX object lib/usd/schemas/CMakeFiles/mayaUsd_Schemas.dir/ModuleDeps.cpp.o
    [349/654] Building CXX object lib/usd/schemas/CMakeFiles/mayaUsd_Schemas.dir/MayaReference.cpp.o
    [350/654] Building CXX object lib/usd/utils/CMakeFiles/mayaUsdUtils.dir/DiffCore.cpp.o
    [351/654] Linking CXX shared library lib/usd/schemas/libmayaUsd_Schemas.dylib
    [352/654] Linking CXX shared library lib/usd/schemas/_schemas.so
    [353/654] Building CXX object lib/usd/utils/CMakeFiles/mayaUsdUtils.dir/DiffAttributes.cpp.o
    [354/654] Building CXX object lib/usd/utils/CMakeFiles/mayaUsdUtils.dir/DiffDictionaries.cpp.o
    [355/654] Building CXX object lib/usd/utils/CMakeFiles/mayaUsdUtils.dir/DiffMetadatas.cpp.o
    [356/654] Building CXX object lib/usd/utils/CMakeFiles/mayaUsdUtils.dir/DiffLists.cpp.o
    [357/654] Building CXX object lib/usd/utils/CMakeFiles/mayaUsdUtils.dir/DiffRelationships.cpp.o
    [358/654] Building CXX object lib/usd/utils/CMakeFiles/mayaUsdUtils.dir/DiffPrims.cpp.o
    [359/654] Building CXX object lib/usd/utils/CMakeFiles/mayaUsdUtils.dir/MergePrimsOptions.cpp.o
    [360/654] Copying importCommand.h ...
    [361/654] Copying importTranslator.h ...
    [362/654] Copying listShadingModesCommand.h ...
    [363/654] Copying api.h ...
    [364/654] Copying editUtil.h ...
    [365/654] Building CXX object lib/usd/utils/CMakeFiles/mayaUsdUtils.dir/DiffValues.cpp.o
    [366/654] Copying exportTranslator.h ...
    [367/654] Copying translatorModelAssembly.h ...
    [368/654] Copying exportCommand.h ...
    [369/654] Copying proxyShape.h ...
    [370/654] Copying readJobWithSceneAssembly.h ...
    [371/654] Copying referenceAssembly.h ...
    [372/654] Copying instancerShapeAdapterWithSceneAssembly.h ...
    [373/654] Generating __init__.pyc
    [374/654] Generating AEpxrUsdReferenceAssemblyTemplate.pyc
    [375/654] Generating userExportedAttributesUI.pyc
    [376/654] Building CXX object lib/usd/utils/CMakeFiles/mayaUsdUtils.dir/util.cpp.o
    [377/654] Building CXX object lib/usd/utils/CMakeFiles/mayaUsdUtils.dir/MergePrims.cpp.o
    [378/654] Linking CXX shared library lib/usd/utils/libmayaUsdUtils.dylib
    [379/654] Linking CXX executable test/lib/usd/utils/testMergePrims
    [380/654] Linking CXX executable test/lib/usd/utils/testDiffComputeOverall
    [381/654] Linking CXX executable test/lib/usd/utils/testDiffPrims
    [382/654] Linking CXX executable test/lib/usd/utils/testDiffDictionaries
    [383/654] Linking CXX executable test/lib/usd/utils/testDiffLists
    [384/654] Linking CXX executable test/lib/usd/utils/testDiffAttributes
    [385/654] Linking CXX executable test/lib/usd/utils/testDiffCore
    [386/654] Linking CXX executable test/lib/usd/utils/testDiffMetadatas
    [387/654] Linking CXX executable test/lib/usd/utils/testDiffValues
    [388/654] Linking CXX executable test/lib/usd/utils/testDiffRelationships
    [389/654] Building CXX object plugin/pxr/maya/lib/usdMaya/CMakeFiles/usdMaya.dir/readJobWithSceneAssembly.cpp.o
    [390/654] Building CXX object plugin/pxr/maya/lib/usdMaya/CMakeFiles/usdMaya.dir/readJob_ImportWithProxies.cpp.o
    [391/654] Linking CXX shared library lib/mayaUsd/libmayaUsd.dylib
    [392/654] Linking CXX shared library test/lib/usd/plugin/libusdTestApiWriter.dylib
    [393/654] Linking CXX shared library test/lib/usd/plugin/libusdTestUsdPlugin.dylib
    [394/654] Linking CXX shared library test/lib/usd/plugin/usdTestInfoImportChaser.bundle
    [395/654] Linking CXX shared library test/lib/usd/plugin/usdTestMayaPlugin.bundle
    [396/654] Linking CXX shared library lib/mayaUsd/python/_mayaUsd.so
    [397/654] Linking CXX shared library lib/mayaUsd/ufe/_ufe.so
    [398/654] Linking CXX shared library lib/usd/hdMaya/libhdMaya.dylib
    [399/654] Linking CXX shared library lib/mayaUsd/render/mayaToHydra/mtoh.bundle
    [400/654] Linking CXX shared library lib/usd/pxrUsdPreviewSurface/libbasePxrUsdPreviewSurface.dylib
    [401/654] Building CXX object plugin/pxr/maya/lib/usdMaya/CMakeFiles/usdMaya.dir/editUtil.cpp.o
    [402/654] Building CXX object plugin/pxr/maya/lib/usdMaya/CMakeFiles/usdMaya.dir/instancerShapeAdapterWithSceneAssembly.cpp.o
    [403/654] Linking CXX shared library lib/usd/translators/libmayaUsd_Translators.dylib
    [404/654] Building CXX object plugin/pxr/maya/lib/usdMaya/CMakeFiles/usdMaya.dir/translatorModelAssembly.cpp.o
    [405/654] Building CXX object plugin/pxr/maya/lib/usdMaya/CMakeFiles/usdMaya.dir/exportCommand.cpp.o
    [406/654] Building CXX object plugin/pxr/maya/lib/usdMaya/CMakeFiles/usdMaya.dir/importCommand.cpp.o
    [407/654] Building CXX object plugin/pxr/maya/lib/usdMaya/CMakeFiles/usdMaya.dir/exportTranslator.cpp.o
    [408/654] Building CXX object plugin/pxr/maya/lib/usdMaya/CMakeFiles/usdMaya.dir/listShadingModesCommand.cpp.o
    [409/654] Building CXX object plugin/pxr/maya/lib/usdMaya/CMakeFiles/usdMaya.dir/importTranslator.cpp.o
    [410/654] Building CXX object plugin/pxr/maya/lib/usdMaya/CMakeFiles/_usdMaya.dir/module.cpp.o
    [411/654] Building CXX object plugin/pxr/maya/lib/usdMaya/CMakeFiles/usdMaya.dir/proxyShape.cpp.o
    [412/654] Automatic MOC and UIC for target mayaUsdUI
    [413/654] Automatic RCC for importDialog/images/ui.qrc
    [414/654] Automatic RCC for layerEditor/resources.qrc
    [415/654] Building CXX object plugin/pxr/maya/lib/usdMaya/CMakeFiles/_usdMaya.dir/wrapAssembly.cpp.o
    [416/654] Building CXX object plugin/pxr/maya/lib/usdMaya/CMakeFiles/usdMaya.dir/referenceAssembly.cpp.o
    [417/654] Building CXX object plugin/pxr/maya/lib/usdMaya/CMakeFiles/_usdMaya.dir/wrapEditUtil.cpp.o
    [418/654] Building CXX object lib/usd/ui/CMakeFiles/mayaUsdUI.dir/layerEditor/dirtyLayersCountBadge.cpp.o
    [419/654] Building CXX object lib/usd/ui/CMakeFiles/mayaUsdUI.dir/layerEditor/generatedIconButton.cpp.o
    [420/654] Building CXX object lib/usd/ui/CMakeFiles/mayaUsdUI.dir/mayaUsdUI_autogen/mocs_compilation.cpp.o
    [421/654] Building CXX object lib/usd/ui/CMakeFiles/mayaUsdUI.dir/layerEditor/layerEditorWidget.cpp.o
    [422/654] Building CXX object lib/usd/ui/CMakeFiles/mayaUsdUI.dir/layerEditor/layerTreeItemDelegate.cpp.o
    [423/654] Building CXX object lib/usd/ui/CMakeFiles/mayaUsdUI.dir/layerEditor/layerTreeItem.cpp.o
    [424/654] Building CXX object lib/usd/ui/CMakeFiles/mayaUsdUI.dir/layerEditor/loadLayersDialog.cpp.o
    [425/654] Building CXX object lib/usd/ui/CMakeFiles/mayaUsdUI.dir/layerEditor/layerTreeView.cpp.o
    [426/654] Building CXX object lib/usd/ui/CMakeFiles/mayaUsdUI.dir/layerEditor/layerTreeModel.cpp.o
    [427/654] Building CXX object lib/usd/ui/CMakeFiles/mayaUsdUI.dir/layerEditor/mayaCommandHook.cpp.o
    [428/654] Building CXX object lib/usd/ui/CMakeFiles/mayaUsdUI.dir/layerEditor/mayaQtUtils.cpp.o
    [429/654] Building CXX object lib/usd/ui/CMakeFiles/mayaUsdUI.dir/layerEditor/mayaLayerEditorWindow.cpp.o
    [430/654] Building CXX object lib/usd/ui/CMakeFiles/mayaUsdUI.dir/layerEditor/pathChecker.cpp.o
    [431/654] Building CXX object lib/usd/ui/CMakeFiles/mayaUsdUI.dir/layerEditor/mayaSessionState.cpp.o
    [432/654] Building CXX object lib/usd/ui/CMakeFiles/mayaUsdUI.dir/layerEditor/qtUtils.cpp.o
    [433/654] Building CXX object lib/usd/ui/CMakeFiles/mayaUsdUI.dir/layerEditor/stringResources.cpp.o
    [434/654] Building CXX object lib/usd/ui/CMakeFiles/mayaUsdUI.dir/layerEditor/sessionState.cpp.o
    [435/654] Building CXX object lib/usd/ui/CMakeFiles/mayaUsdUI.dir/layerEditor/warningDialogs.cpp.o
    [436/654] Building CXX object lib/usd/ui/CMakeFiles/mayaUsdUI.dir/layerEditor/stageSelectorWidget.cpp.o
    [437/654] Building CXX object lib/usd/ui/CMakeFiles/mayaUsdUI.dir/layerEditor/saveLayersDialog.cpp.o
    [438/654] Building CXX object lib/usd/ui/CMakeFiles/mayaUsdUI.dir/importDialog/ItemDelegate.cpp.o
    [439/654] Building CXX object lib/usd/ui/CMakeFiles/mayaUsdUI.dir/layerEditor/batchSaveLayersUIDelegate.cpp.o
    [440/654] Building CXX object lib/usd/ui/CMakeFiles/mayaUsdUI.dir/importDialog/TreeItem.cpp.o
    [441/654] Building CXX object lib/usd/ui/CMakeFiles/mayaUsdUI.dir/importDialog/TreeModel.cpp.o
    [442/654] Building CXX object lib/usd/ui/CMakeFiles/mayaUsdUI.dir/importDialog/TreeModelFactory.cpp.o
    [443/654] Building CXX object lib/usd/ui/CMakeFiles/mayaUsdUI.dir/importDialog/USDImportDialog.cpp.o
    [444/654] Building CXX object lib/usd/ui/CMakeFiles/mayaUsdUI.dir/importDialog/USDImportDialogCmd.cpp.o
    [445/654] Building CXX object lib/usd/ui/CMakeFiles/mayaUsdUI.dir/importDialog/USDQtUtil.cpp.o
    [446/654] Building CXX object lib/usd/ui/CMakeFiles/mayaUsdUI.dir/mayaUsdUI_autogen/AUCU3ACLTF/qrc_ui.cpp.o
    [447/654] Building CXX object lib/usd/ui/CMakeFiles/mayaUsdUI.dir/mayaUsdUI_autogen/5WMDHDZAMM/qrc_resources.cpp.o
    [448/654] Linking CXX shared library plugin/pxr/maya/lib/usdMaya/libusdMaya.dylib
    [449/654] Building CXX object lib/usd/ui/CMakeFiles/mayaUsdUI.dir/initStringResources.cpp.o
    [450/654] Copying api.h ...
    [451/654] Copying api.h ...
    [452/654] Linking CXX shared library plugin/pxr/maya/lib/usdMaya/_usdMaya.so
    [453/654] Linking CXX shared library lib/usd/ui/libmayaUsdUI.dylib
    [454/654] Automatic MOC and UIC for target testMayaUsdUI
    [455/654] Building CXX object lib/usd/ui/importDialogDemo/CMakeFiles/testMayaUsdUI.dir/testMayaUsdUI_autogen/mocs_compilation.cpp.o
    [456/654] Building CXX object plugin/pxr/maya/plugin/pxrUsd/CMakeFiles/pxrUsd.dir/usdTranslator.cpp.o
    [457/654] Building CXX object plugin/pxr/maya/plugin/pxrUsd/CMakeFiles/pxrUsd.dir/alembicChaser.cpp.o
    [458/654] Building CXX object lib/usd/ui/importDialogDemo/CMakeFiles/testMayaUsdUI.dir/testMayaUsdUI.cpp.o
    [459/654] Linking CXX executable lib/usd/ui/importDialogDemo/testMayaUsdUI
    [460/654] Building CXX object plugin/pxr/maya/plugin/pxrUsd/CMakeFiles/pxrUsd.dir/plugin.cpp.o
    [461/654] Linking CXX shared library plugin/pxr/maya/plugin/pxrUsd/pxrUsd.bundle
    [462/654] Building CXX object plugin/al/utils/AL/CMakeFiles/AL_EventSystem.dir/event/EventHandler.cpp.o
    [463/654] Linking CXX shared library plugin/al/utils/AL/libAL_EventSystem.dylib
    [464/654] Building CXX object plugin/al/mayatest/AL/maya/test/CMakeFiles/AL_MayaTest.dir/testHarness.cpp.o
    [465/654] Building CXX object plugin/al/mayatest/AL/maya/test/CMakeFiles/AL_MayaTest.dir/testHelpers.cpp.o
    [466/654] Linking CXX shared library plugin/al/mayatest/AL/maya/test/libAL_MayaTest.dylib
    [467/654] Building CXX object plugin/al/mayautils/AL/maya/CMakeFiles/AL_MayaUtils.dir/utils/FileTranslatorOptions.cpp.o
    [468/654] Building CXX object plugin/pxr/maya/plugin/pxrUsdPreviewSurface/CMakeFiles/pxrUsdPreviewSurface.dir/plugin.cpp.o
    [469/654] Building CXX object plugin/al/mayautils/AL/maya/CMakeFiles/AL_MayaUtils.dir/utils/MenuBuilder.cpp.o
    [470/654] Linking CXX shared library plugin/pxr/maya/plugin/pxrUsdPreviewSurface/pxrUsdPreviewSurface.bundle
    [471/654] Building CXX object plugin/al/mayautils/AL/maya/CMakeFiles/AL_MayaUtils.dir/utils/Utils.cpp.o
    [472/654] Building CXX object plugin/al/mayautils/AL/maya/CMakeFiles/AL_MayaUtils.dir/utils/CommandGuiHelper.cpp.o
    [473/654] Building CXX object plugin/al/mayautils/AL/maya/CMakeFiles/AL_MayaUtils.dir/utils/PluginTranslatorOptions.cpp.o
    [474/654] Building CXX object plugin/al/mayautils/AL/maya/CMakeFiles/AL_MayaUtils.dir/utils/NodeHelper.cpp.o
    [475/654] Building CXX object plugin/al/mayautils/AL/maya/tests/mayaplugintest/CMakeFiles/AL_MayaUtilsTests.dir/plugin.cpp.o
    [476/654] Building CXX object plugin/al/mayautils/AL/maya/CMakeFiles/AL_MayaUtils.dir/event/MayaEventManager.cpp.o
    [477/654] Linking CXX shared library plugin/al/mayautils/AL/maya/libAL_MayaUtils.dylib
    [478/654] Building CXX object plugin/al/mayautils/AL/maya/tests/mayaplugintest/CMakeFiles/AL_MayaUtilsTests.dir/test_maya_MenuBuilder.cpp.o
    [479/654] Building CXX object plugin/al/mayautils/AL/maya/tests/mayaplugintest/CMakeFiles/AL_MayaUtilsTests.dir/test_mobjectmap.cpp.o
    [480/654] Building CXX object plugin/al/mayautils/AL/maya/tests/mayaplugintest/CMakeFiles/AL_MayaUtilsTests.dir/utils/CommandGuiHelperTest.cpp.o
    [481/654] Building CXX object plugin/al/mayautils/AL/maya/tests/mayaplugintest/CMakeFiles/AL_MayaUtilsTests.dir/utils/NodeHelperUnitTest.cpp.o
    [482/654] Building CXX object plugin/al/mayautils/AL/maya/tests/mayaplugintest/CMakeFiles/AL_MayaUtilsTests.dir/test_maya_NodeHelper.cpp.o
    [483/654] Building CXX object plugin/al/mayautils/AL/maya/tests/mayaplugintest/CMakeFiles/AL_MayaUtilsTests.dir/utils/PluginTranslatorOptionsTest.cpp.o
    [484/654] Linking CXX shared library plugin/al/mayautils/AL/maya/tests/mayaplugintest/AL_MayaUtilsTests.bundle
    [485/654] Building CXX object plugin/al/usdmayautils/AL/usdmaya/utils/CMakeFiles/AL_USDMayaUtils.dir/AnimationTranslator.cpp.o
    [486/654] Building CXX object plugin/al/usdmayautils/AL/usdmaya/utils/CMakeFiles/AL_USDMayaUtils.dir/AttributeType.cpp.o
    [487/654] Building CXX object plugin/al/usdmayautils/AL/usdmaya/utils/CMakeFiles/AL_USDMayaUtils.dir/Utils.cpp.o
    [488/654] Building CXX object plugin/al/usdmayautils/AL/usdmaya/utils/CMakeFiles/AL_USDMayaUtils.dir/NurbsCurveUtils.cpp.o
    [489/654] Building CXX object plugin/al/usdtransaction/AL/usd/transaction/CMakeFiles/_AL_USDTransaction.dir/module.cpp.o
    [490/654] Building CXX object plugin/al/usdmayautils/AL/usdmaya/utils/CMakeFiles/AL_USDMayaUtils.dir/MeshUtils.cpp.o
    [491/654] Building CXX object plugin/al/usdmayautils/AL/usdmaya/utils/CMakeFiles/AL_USDMayaUtils.dir/DgNodeHelper.cpp.o
    [492/654] Building CXX object plugin/al/usdmayautils/AL/usdmaya/utils/CMakeFiles/AL_USDMayaUtils.dir/DiffPrimVar.cpp.o
    [493/654] Building CXX object plugin/al/usdtransaction/AL/usd/transaction/CMakeFiles/_AL_USDTransaction.dir/wrapNotice.cpp.o
    [494/654] Linking CXX shared library plugin/al/usdmayautils/AL/usdmaya/utils/libAL_USDMayaUtils.dylib
    [495/654] Building CXX object plugin/al/usdtransaction/AL/usd/transaction/CMakeFiles/AL_USDTransaction.dir/Notice.cpp.o
    [496/654] Building CXX object plugin/al/usdtransaction/AL/usd/transaction/CMakeFiles/AL_USDTransaction.dir/Transaction.cpp.o
    [497/654] Building CXX object plugin/al/usdtransaction/AL/usd/transaction/tests/CMakeFiles/AL_USDTransactionTests.dir/testMain.cpp.o
    [498/654] Building CXX object plugin/al/usdtransaction/AL/usd/transaction/CMakeFiles/_AL_USDTransaction.dir/wrapTransaction.cpp.o
    [499/654] Building CXX object plugin/al/usdtransaction/AL/usd/transaction/CMakeFiles/_AL_USDTransaction.dir/wrapTransactionManager.cpp.o
    [500/654] Building CXX object plugin/al/lib/AL_USDMaya/CMakeFiles/_AL_USDMaya.dir/AL/usdmaya/module.cpp.o
    [501/654] Building CXX object plugin/al/usdtransaction/AL/usd/transaction/CMakeFiles/AL_USDTransaction.dir/TransactionManager.cpp.o
    [502/654] Linking CXX shared library plugin/al/usdtransaction/AL/usd/transaction/libAL_USDTransaction.dylib
    [503/654] Linking CXX shared library plugin/al/usdtransaction/AL/usd/transaction/_AL_USDTransaction.so
    [504/654] Building CXX object plugin/al/lib/AL_USDMaya/CMakeFiles/_AL_USDMaya.dir/AL/usdmaya/wrapStageCache.cpp.o
    [505/654] Building CXX object plugin/al/usdtransaction/AL/usd/transaction/tests/CMakeFiles/AL_USDTransactionTests.dir/testTransactionManager.cpp.o
    [506/654] Building CXX object plugin/al/usdtransaction/AL/usd/transaction/tests/CMakeFiles/AL_USDTransactionTests.dir/testTransaction.cpp.o
    [507/654] Building CXX object plugin/al/lib/AL_USDMaya/CMakeFiles/_AL_USDMaya.dir/AL/usdmaya/nodes/wrapLayerManager.cpp.o
    [508/654] Building CXX object plugin/al/lib/AL_USDMaya/CMakeFiles/_AL_USDMaya.dir/AL/usdmaya/nodes/wrapProxyShape.cpp.o
    [509/654] Linking CXX executable plugin/al/usdtransaction/AL/usd/transaction/tests/AL_USDTransactionTests
    [510/654] Building CXX object plugin/al/lib/AL_USDMaya/CMakeFiles/AL_USDMaya.dir/AL/usdmaya/Metadata.cpp.o
    [511/654] Building CXX object plugin/al/lib/AL_USDMaya/CMakeFiles/AL_USDMaya.dir/AL/usdmaya/StageCache.cpp.o
    [512/654] Building CXX object plugin/al/lib/AL_USDMaya/CMakeFiles/_AL_USDMaya.dir/AL/usdmaya/fileio/translators/wrapTranslatorBase.cpp.o
    [513/654] Building CXX object plugin/al/lib/AL_USDMaya/CMakeFiles/AL_USDMaya.dir/AL/usdmaya/Global.cpp.o
    [514/654] Building CXX object plugin/al/lib/AL_USDMaya/CMakeFiles/_AL_USDMaya.dir/AL/usdmaya/fileio/translators/wrapTranslatorContext.cpp.o
    [515/654] Building CXX object plugin/al/lib/AL_USDMaya/CMakeFiles/AL_USDMaya.dir/AL/usdmaya/TransformOperation.cpp.o
    [516/654] Building CXX object plugin/al/lib/AL_USDMaya/CMakeFiles/AL_USDMaya.dir/AL/usdmaya/moduleDeps.cpp.o
    [517/654] Building CXX object plugin/al/lib/AL_USDMaya/CMakeFiles/AL_USDMaya.dir/AL/usdmaya/cmds/CreateUsdPrim.cpp.o
    [518/654] Building CXX object plugin/al/lib/AL_USDMaya/CMakeFiles/AL_USDMaya.dir/AL/usdmaya/cmds/DebugCommands.cpp.o
    [519/654] Building CXX object plugin/al/lib/AL_USDMaya/CMakeFiles/AL_USDMaya.dir/AL/usdmaya/cmds/EventCommand.cpp.o
    [520/654] Building CXX object plugin/al/lib/AL_USDMaya/CMakeFiles/AL_USDMaya.dir/AL/usdmaya/cmds/ListTranslators.cpp.o
    [521/654] Building CXX object plugin/al/lib/AL_USDMaya/CMakeFiles/AL_USDMaya.dir/AL/usdmaya/cmds/RendererCommands.cpp.o
    [522/654] Building CXX object plugin/al/lib/AL_USDMaya/CMakeFiles/AL_USDMaya.dir/AL/usdmaya/cmds/LayerCommands.cpp.o
    [523/654] Building CXX object plugin/al/lib/AL_USDMaya/CMakeFiles/AL_USDMaya.dir/AL/usdmaya/cmds/SyncFileIOGui.cpp.o
    [524/654] Building CXX object plugin/al/lib/AL_USDMaya/CMakeFiles/AL_USDMaya.dir/AL/usdmaya/cmds/ProxyShapePostLoadProcess.cpp.o
    [525/654] Building CXX object plugin/al/lib/AL_USDMaya/CMakeFiles/AL_USDMaya.dir/AL/usdmaya/cmds/ProxyShapeCommands.cpp.o
    [526/654] Building CXX object plugin/al/lib/AL_USDMaya/CMakeFiles/AL_USDMaya.dir/AL/usdmaya/cmds/UnloadPrim.cpp.o
    [527/654] Building CXX object plugin/al/lib/AL_USDMaya/CMakeFiles/AL_USDMaya.dir/AL/usdmaya/fileio/AnimationTranslator.cpp.o
    [528/654] Building CXX object plugin/al/lib/AL_USDMaya/CMakeFiles/AL_USDMaya.dir/AL/usdmaya/fileio/ExportTranslator.cpp.o
    [529/654] Building CXX object plugin/al/lib/AL_USDMaya/CMakeFiles/AL_USDMaya.dir/AL/usdmaya/fileio/Export.cpp.o
    [530/654] Building CXX object plugin/al/lib/AL_USDMaya/CMakeFiles/AL_USDMaya.dir/AL/usdmaya/fileio/ImportTranslator.cpp.o
    [531/654] Building CXX object plugin/al/lib/AL_USDMaya/CMakeFiles/AL_USDMaya.dir/AL/usdmaya/fileio/NodeFactory.cpp.o
    [532/654] Building CXX object plugin/al/lib/AL_USDMaya/CMakeFiles/AL_USDMaya.dir/AL/usdmaya/fileio/Import.cpp.o
    [533/654] Building CXX object plugin/al/lib/AL_USDMaya/CMakeFiles/AL_USDMaya.dir/AL/usdmaya/fileio/SchemaPrims.cpp.o
    [534/654] Building CXX object plugin/al/lib/AL_USDMaya/CMakeFiles/AL_USDMaya.dir/AL/usdmaya/fileio/TransformIterator.cpp.o
    [535/654] Building CXX object plugin/al/lib/AL_USDMaya/CMakeFiles/AL_USDMaya.dir/AL/usdmaya/fileio/translators/DagNodeTranslator.cpp.o
    [536/654] Building CXX object plugin/al/lib/AL_USDMaya/CMakeFiles/AL_USDMaya.dir/AL/usdmaya/fileio/translators/DgNodeTranslator.cpp.o
    [537/654] Building CXX object plugin/al/lib/AL_USDMaya/CMakeFiles/AL_USDMaya.dir/AL/usdmaya/fileio/translators/TransformTranslator.cpp.o
    [538/654] Building CXX object plugin/al/lib/AL_USDMaya/CMakeFiles/AL_USDMaya.dir/AL/usdmaya/fileio/translators/TranslatorBase.cpp.o
    [539/654] Building CXX object plugin/al/lib/AL_USDMaya/CMakeFiles/AL_USDMaya.dir/AL/usdmaya/fileio/translators/TranslatorTestPlugin.cpp.o
    [540/654] Building CXX object plugin/al/lib/AL_USDMaya/CMakeFiles/AL_USDMaya.dir/AL/usdmaya/fileio/translators/TranslatorContext.cpp.o
    [541/654] Building CXX object plugin/al/lib/AL_USDMaya/CMakeFiles/AL_USDMaya.dir/AL/usdmaya/fileio/translators/TranslatorTestType.cpp.o
    [542/654] Building CXX object plugin/al/lib/AL_USDMaya/CMakeFiles/AL_USDMaya.dir/AL/usdmaya/nodes/Layer.cpp.o
    [543/654] Building CXX object plugin/al/lib/AL_USDMaya/CMakeFiles/AL_USDMaya.dir/AL/usdmaya/fileio/translators/ExtraDataPlugin.cpp.o
    [544/654] Building CXX object plugin/al/lib/AL_USDMaya/CMakeFiles/AL_USDMaya.dir/AL/usdmaya/fileio/translators/TestExtraDataPlugin.cpp.o
    [545/654] Building CXX object plugin/al/lib/AL_USDMaya/CMakeFiles/AL_USDMaya.dir/AL/usdmaya/nodes/LayerManager.cpp.o
    [546/654] Building CXX object plugin/al/lib/AL_USDMaya/CMakeFiles/AL_USDMaya.dir/AL/usdmaya/nodes/MeshAnimDeformer.cpp.o
    [547/654] Building CXX object plugin/al/lib/AL_USDMaya/CMakeFiles/AL_USDMaya.dir/AL/usdmaya/nodes/Engine.cpp.o
    [548/654] Building CXX object plugin/al/lib/AL_USDMaya/CMakeFiles/AL_USDMaya.dir/AL/usdmaya/nodes/MeshAnimCreator.cpp.o
    [549/654] Building CXX object plugin/al/lib/AL_USDMaya/CMakeFiles/AL_USDMaya.dir/AL/usdmaya/nodes/ProxyUsdGeomCamera.cpp.o
    [550/654] Building CXX object plugin/al/lib/AL_USDMaya/CMakeFiles/AL_USDMaya.dir/AL/usdmaya/nodes/RendererManager.cpp.o
    [551/654] Building CXX object plugin/al/lib/AL_USDMaya/CMakeFiles/AL_USDMaya.dir/AL/usdmaya/nodes/ProxyShapeSelection.cpp.o
    [552/654] Building CXX object plugin/al/lib/AL_USDMaya/CMakeFiles/AL_USDMaya.dir/AL/usdmaya/nodes/Transform.cpp.o
    [553/654] Building CXX object plugin/al/lib/AL_USDMaya/CMakeFiles/AL_USDMaya.dir/AL/usdmaya/nodes/BasicTransformationMatrix.cpp.o
    [554/654] Building CXX object plugin/al/lib/AL_USDMaya/CMakeFiles/AL_USDMaya.dir/AL/usdmaya/nodes/Scope.cpp.o
    [555/654] Building CXX object plugin/al/lib/AL_USDMaya/CMakeFiles/AL_USDMaya.dir/AL/usdmaya/nodes/ProxyShape.cpp.o
    [556/654] Building CXX object plugin/al/lib/AL_USDMaya/CMakeFiles/AL_USDMaya.dir/AL/usdmaya/nodes/TransformationMatrix.cpp.o
    [557/654] Building CXX object plugin/al/lib/AL_USDMaya/CMakeFiles/AL_USDMaya.dir/AL/usdmaya/nodes/proxy/PrimFilter.cpp.o
    [558/654] Building CXX object plugin/al/lib/AL_USDMaya/CMakeFiles/AL_USDMaya.dir/AL/usdmaya/nodes/proxy/ProxyShapeVariantFallbacks.cpp.o
    [559/654] Building CXX object plugin/al/lib/AL_USDMaya/CMakeFiles/AL_USDMaya.dir/AL/usdmaya/nodes/proxy/ProxyShapeMetaData.cpp.o
    [560/654] Linking CXX shared library plugin/al/lib/AL_USDMaya/libAL_USDMaya.dylib
    [561/654] Linking CXX shared library plugin/al/lib/AL_USDMaya/_AL_USDMaya.so
    [562/654] Building CXX object plugin/al/plugin/AL_USDMayaTestPlugin/CMakeFiles/AL_USDMayaTestPlugin.dir/AL/maya/test_EventHandler.cpp.o
    [563/654] Building CXX object plugin/al/plugin/AL_USDMayaPlugin/CMakeFiles/AL_USDMayaPlugin.dir/plugin.cpp.o
    [564/654] Building CXX object plugin/al/plugin/AL_USDMayaTestPlugin/CMakeFiles/AL_USDMayaTestPlugin.dir/plugin.cpp.o
    [565/654] Building CXX object plugin/al/plugin/AL_USDMayaTestPlugin/CMakeFiles/AL_USDMayaTestPlugin.dir/AL/maya/test_MatrixToSRT.cpp.o
    [566/654] Linking CXX shared library plugin/al/plugin/AL_USDMayaPlugin/AL_USDMayaPlugin.bundle
    [567/654] Building CXX object plugin/al/plugin/AL_USDMayaTestPlugin/CMakeFiles/AL_USDMayaTestPlugin.dir/AL/maya/test_MayaEventManager.cpp.o
    [568/654] Building CXX object plugin/al/plugin/AL_USDMayaTestPlugin/CMakeFiles/AL_USDMayaTestPlugin.dir/AL/usdmaya/commands/test_ExportCommands.cpp.o
    [569/654] Building CXX object plugin/al/plugin/AL_USDMayaTestPlugin/CMakeFiles/AL_USDMayaTestPlugin.dir/AL/usdmaya/commands/test_LayerCommands.cpp.o
    [570/654] Building CXX object plugin/al/plugin/AL_USDMayaTestPlugin/CMakeFiles/AL_USDMayaTestPlugin.dir/AL/usdmaya/commands/test_LayerManagerCommands.cpp.o
    [571/654] Building CXX object plugin/al/plugin/AL_USDMayaTestPlugin/CMakeFiles/AL_USDMayaTestPlugin.dir/AL/usdmaya/commands/test_ProxyShapeImport.cpp.o
    [572/654] Building CXX object plugin/al/plugin/AL_USDMayaTestPlugin/CMakeFiles/AL_USDMayaTestPlugin.dir/AL/usdmaya/fileio/export_blendshape.cpp.o
    [573/654] Building CXX object plugin/al/plugin/AL_USDMayaTestPlugin/CMakeFiles/AL_USDMayaTestPlugin.dir/AL/usdmaya/commands/test_TranslateCommand.cpp.o
    [574/654] Building CXX object plugin/al/plugin/AL_USDMayaTestPlugin/CMakeFiles/AL_USDMayaTestPlugin.dir/AL/usdmaya/fileio/export_misc.cpp.o
    [575/654] Building CXX object plugin/al/plugin/AL_USDMayaTestPlugin/CMakeFiles/AL_USDMayaTestPlugin.dir/AL/usdmaya/fileio/export_constraints.cpp.o
    [576/654] Building CXX object plugin/al/plugin/AL_USDMayaTestPlugin/CMakeFiles/AL_USDMayaTestPlugin.dir/AL/usdmaya/fileio/export_lattice.cpp.o
    [577/654] Building CXX object plugin/al/plugin/AL_USDMayaTestPlugin/CMakeFiles/AL_USDMayaTestPlugin.dir/AL/usdmaya/fileio/export_ik.cpp.o
    [578/654] Building CXX object plugin/al/plugin/AL_USDMayaTestPlugin/CMakeFiles/AL_USDMayaTestPlugin.dir/AL/usdmaya/fileio/export_import_instancing.cpp.o
    [579/654] Building CXX object plugin/al/plugin/AL_USDMayaTestPlugin/CMakeFiles/AL_USDMayaTestPlugin.dir/AL/usdmaya/fileio/export_multiple_shapes.cpp.o
    [580/654] Building CXX object plugin/al/plugin/AL_USDMayaTestPlugin/CMakeFiles/AL_USDMayaTestPlugin.dir/AL/usdmaya/fileio/export_unmerged.cpp.o
    [581/654] Building CXX object plugin/al/plugin/AL_USDMayaTestPlugin/CMakeFiles/AL_USDMayaTestPlugin.dir/AL/usdmaya/fileio/export_nonlinear.cpp.o
    [582/654] Building CXX object plugin/al/plugin/AL_USDMayaTestPlugin/CMakeFiles/AL_USDMayaTestPlugin.dir/AL/usdmaya/fileio/import_instances.cpp.o
    [583/654] Building CXX object plugin/al/plugin/AL_USDMayaTestPlugin/CMakeFiles/AL_USDMayaTestPlugin.dir/AL/usdmaya/fileio/import_playback_range.cpp.o
    [584/654] Building CXX object plugin/al/plugin/AL_USDMayaTestPlugin/CMakeFiles/AL_USDMayaTestPlugin.dir/AL/usdmaya/fileio/test_activeInActiveTranslators.cpp.o
    [585/654] Building CXX object plugin/al/plugin/AL_USDMayaTestPlugin/CMakeFiles/AL_USDMayaTestPlugin.dir/AL/usdmaya/nodes/proxy/test_PrimFilter.cpp.o
    [586/654] Building CXX object plugin/al/plugin/AL_USDMayaTestPlugin/CMakeFiles/AL_USDMayaTestPlugin.dir/AL/usdmaya/nodes/test_ActiveInactive.cpp.o
    [587/654] Building CXX object plugin/al/plugin/AL_USDMayaTestPlugin/CMakeFiles/AL_USDMayaTestPlugin.dir/AL/usdmaya/nodes/test_ExtraDataPlugin.cpp.o
    [588/654] Building CXX object plugin/al/plugin/AL_USDMayaTestPlugin/CMakeFiles/AL_USDMayaTestPlugin.dir/AL/usdmaya/nodes/test_LayerManager.cpp.o
    [589/654] Building CXX object plugin/al/plugin/AL_USDMayaTestPlugin/CMakeFiles/AL_USDMayaTestPlugin.dir/AL/usdmaya/nodes/test_lockPrims.cpp.o
    [590/654] Building CXX object plugin/al/plugin/AL_USDMayaTestPlugin/CMakeFiles/AL_USDMayaTestPlugin.dir/AL/usdmaya/nodes/test_ProxyShapeSelectabilityDB.cpp.o
    [591/654] Building CXX object plugin/al/plugin/AL_USDMayaTestPlugin/CMakeFiles/AL_USDMayaTestPlugin.dir/AL/usdmaya/nodes/test_ProxyUsdGeomCamera.cpp.o
    [592/654] Building CXX object plugin/al/plugin/AL_USDMayaTestPlugin/CMakeFiles/AL_USDMayaTestPlugin.dir/AL/usdmaya/nodes/test_Transform.cpp.o
    [593/654] Building CXX object plugin/al/plugin/AL_USDMayaTestPlugin/CMakeFiles/AL_USDMayaTestPlugin.dir/AL/usdmaya/nodes/test_ProxyShape.cpp.o
    [594/654] Building CXX object plugin/al/plugin/AL_USDMayaTestPlugin/CMakeFiles/AL_USDMayaTestPlugin.dir/AL/usdmaya/nodes/test_ScopeMatrix.cpp.o
    [595/654] Building CXX object plugin/al/plugin/AL_USDMayaTestPlugin/CMakeFiles/AL_USDMayaTestPlugin.dir/AL/usdmaya/nodes/test_VariantFallbacks.cpp.o
    [596/654] Building CXX object plugin/al/plugin/AL_USDMayaTestPlugin/CMakeFiles/AL_USDMayaTestPlugin.dir/AL/usdmaya/nodes/test_TransformMatrix.cpp.o
    [597/654] Building CXX object plugin/al/plugin/AL_USDMayaTestPlugin/CMakeFiles/AL_USDMayaTestPlugin.dir/AL/usdmaya/nodes/test_TranslatorContext.cpp.o
    [598/654] Building CXX object plugin/al/plugin/AL_USDMayaTestPlugin/CMakeFiles/AL_USDMayaTestPlugin.dir/AL/usdmaya/test_DiffGeom.cpp.o
    [599/654] Building CXX object plugin/al/plugin/AL_USDMayaTestPlugin/CMakeFiles/AL_USDMayaTestPlugin.dir/test_translators_AnimationTranslator.cpp.o
    [600/654] Building CXX object plugin/al/plugin/AL_USDMayaTestPlugin/CMakeFiles/AL_USDMayaTestPlugin.dir/test_translators_CameraTranslator.cpp.o
    [601/654] Building CXX object plugin/al/plugin/AL_USDMayaTestPlugin/CMakeFiles/AL_USDMayaTestPlugin.dir/AL/usdmaya/test_DiffPrimVar.cpp.o
    [602/654] Building CXX object plugin/al/plugin/AL_USDMayaTestPlugin/CMakeFiles/AL_USDMayaTestPlugin.dir/test_translators_PythonBindings.cpp.o
    [603/654] Building CXX object plugin/al/plugin/AL_USDMayaTestPlugin/CMakeFiles/AL_USDMayaTestPlugin.dir/test_translators_NurbsCurveTranslator.cpp.o
    [604/654] Building CXX object plugin/al/plugin/AL_USDMayaTestPlugin/CMakeFiles/AL_USDMayaTestPlugin.dir/test_translators_MeshTranslator.cpp.o
    [605/654] Building CXX object plugin/al/plugin/AL_USDMayaTestPlugin/CMakeFiles/AL_USDMayaTestPlugin.dir/test_translators_DgTranslator.cpp.o
    [606/654] Building CXX object plugin/al/plugin/AL_USDMayaTestPlugin/CMakeFiles/AL_USDMayaTestPlugin.dir/test_translators_Translator.cpp.o
    [607/654] Building CXX object plugin/al/schemas/AL/usd/schemas/maya/CMakeFiles/_AL_USDMayaSchemas.dir/module.cpp.o
    [608/654] Building CXX object plugin/al/plugin/AL_USDMayaTestPlugin/CMakeFiles/AL_USDMayaTestPlugin.dir/test_usdmaya.cpp.o
    [609/654] Building CXX object plugin/al/plugin/AL_USDMayaTestPlugin/CMakeFiles/AL_USDMayaTestPlugin.dir/test_translators_TransformTranslator.cpp.o
    [610/654] Building CXX object plugin/al/plugin/AL_USDMayaTestPlugin/CMakeFiles/AL_USDMayaTestPlugin.dir/test_usdmaya_AttributeType.cpp.o
    [611/654] Building CXX object plugin/al/schemas/AL/usd/schemas/maya/CMakeFiles/_AL_USDMayaSchemas.dir/wrapTokens.cpp.o
    [612/654] Building CXX object plugin/al/schemas/AL/usd/schemas/maya/CMakeFiles/_AL_USDMayaSchemas.dir/wrapModelAPI.cpp.o
    [613/654] Building CXX object plugin/al/schemas/AL/usd/schemas/maya/CMakeFiles/AL_USDMayaSchemas.dir/tokens.cpp.o
    [614/654] Building CXX object plugin/al/schemas/AL/usd/schemas/maya/CMakeFiles/AL_USDMayaSchemas.dir/FrameRange.cpp.o
    [615/654] Building CXX object plugin/al/schemas/AL/usd/schemas/maya/CMakeFiles/AL_USDMayaSchemas.dir/ModelAPI.cpp.o
    [616/654] Building CXX object plugin/al/schemas/AL/usd/schemas/maya/CMakeFiles/_AL_USDMayaSchemas.dir/wrapFrameRange.cpp.o
    [617/654] Building CXX object plugin/al/schemas/AL/usd/schemas/maya/CMakeFiles/AL_USDMayaSchemas.dir/ModuleDeps.cpp.o
    [618/654] Linking CXX shared library plugin/al/schemas/AL/usd/schemas/maya/libAL_USDMayaSchemas.dylib
    [619/654] Linking CXX shared library plugin/al/schemas/AL/usd/schemas/maya/_AL_USDMayaSchemas.so
    [620/654] Building CXX object plugin/al/schemas/AL/usd/schemas/maya/tests/CMakeFiles/testMayaSchemas.dir/main.cpp.o
    [621/654] Building CXX object plugin/al/schemas/AL/usd/schemas/mayatest/CMakeFiles/AL_USDMayaSchemasTest.dir/ModuleDeps.cpp.o
    [622/654] Building CXX object plugin/al/schemas/AL/usd/schemas/mayatest/CMakeFiles/AL_USDMayaSchemasTest.dir/tokens.cpp.o
    [623/654] Building CXX object plugin/al/schemas/AL/usd/schemas/mayatest/CMakeFiles/_AL_USDMayaSchemasTest.dir/module.cpp.o
    [624/654] Building CXX object plugin/al/schemas/AL/usd/schemas/maya/tests/CMakeFiles/testMayaSchemas.dir/testMayaSchemas.cpp.o
    [625/654] Building CXX object plugin/al/schemas/AL/usd/schemas/maya/tests/CMakeFiles/testMayaSchemas.dir/testModelAPI.cpp.o
    [626/654] Building CXX object plugin/al/schemas/AL/usd/schemas/mayatest/CMakeFiles/AL_USDMayaSchemasTest.dir/ExamplePolyCubeNode.cpp.o
    [627/654] Linking CXX shared library plugin/al/schemas/AL/usd/schemas/mayatest/libAL_USDMayaSchemasTest.dylib
    [628/654] Linking CXX executable plugin/al/schemas/AL/usd/schemas/maya/tests/testMayaSchemas
    [629/654] Building CXX object plugin/al/schemas/AL/usd/schemas/mayatest/CMakeFiles/_AL_USDMayaSchemasTest.dir/wrapTokens.cpp.o
    [630/654] Linking CXX shared library plugin/al/plugin/AL_USDMayaTestPlugin/AL_USDMayaTestPlugin.bundle
    [631/654] Building CXX object plugin/al/translators/CMakeFiles/AL_USDMayaTranslators.dir/CommonTranslatorOptions.cpp.o
    [632/654] Building CXX object plugin/al/translators/CMakeFiles/AL_USDMayaTranslators.dir/MayaReference.cpp.o
    [633/654] Building CXX object plugin/al/schemas/AL/usd/schemas/mayatest/CMakeFiles/_AL_USDMayaSchemasTest.dir/wrapExamplePolyCubeNode.cpp.o
    [634/654] Building CXX object plugin/al/translators/CMakeFiles/AL_USDMayaTranslators.dir/Camera.cpp.o
    [635/654] Linking CXX shared library plugin/al/schemas/AL/usd/schemas/mayatest/_AL_USDMayaSchemasTest.so
    [636/654] Building CXX object plugin/al/translators/CMakeFiles/AL_USDMayaTranslators.dir/Mesh.cpp.o
    [637/654] Building CXX object plugin/al/translators/CMakeFiles/AL_USDMayaTranslators.dir/FrameRange.cpp.o
    [638/654] Building CXX object plugin/al/translators/CMakeFiles/AL_USDMayaTranslators.dir/NurbsCurve.cpp.o
    [639/654] Building CXX object plugin/al/translators/CMakeFiles/AL_USDMayaTranslators.dir/DirectionalLight.cpp.o
    [640/654] Linking CXX shared library plugin/al/translators/libAL_USDMayaTranslators.dylib
    [641/654] Building CXX object plugin/al/translators/pxrUsdTranslators/CMakeFiles/AL_USDMayaPxrTranslators.dir/plugin.cpp.o
    [642/654] Building CXX object plugin/al/translators/pxrUsdTranslators/CMakeFiles/AL_USDMayaPxrTranslators.dir/ProxyShapeTranslator.cpp.o
    [643/654] Linking CXX shared library plugin/al/translators/pxrUsdTranslators/AL_USDMayaPxrTranslators.bundle
    [644/654] Building CXX object plugin/adsk/plugin/CMakeFiles/mayaUsdPlugin.dir/adskListJobContextsCommand.cpp.o
    [645/654] Building CXX object plugin/adsk/plugin/CMakeFiles/mayaUsdPlugin.dir/adskImportCommand.cpp.o
    [646/654] Building CXX object plugin/adsk/plugin/CMakeFiles/mayaUsdPlugin.dir/adskListShadingModesCommand.cpp.o
    [647/654] Building CXX object plugin/adsk/plugin/CMakeFiles/mayaUsdPlugin.dir/adskExportCommand.cpp.o
    [648/654] Building CXX object plugin/adsk/plugin/CMakeFiles/mayaUsdPlugin.dir/plugin.cpp.o
    [649/654] Building CXX object plugin/adsk/plugin/CMakeFiles/mayaUsdPlugin.dir/adskStageLoadUnloadCommands.cpp.o
    [650/654] Building CXX object plugin/adsk/plugin/CMakeFiles/mayaUsdPlugin.dir/geomNode.cpp.o
    [651/654] Building CXX object plugin/adsk/plugin/CMakeFiles/mayaUsdPlugin.dir/importTranslator.cpp.o
    [652/654] Building CXX object plugin/adsk/plugin/CMakeFiles/mayaUsdPlugin.dir/exportTranslator.cpp.o
    [653/654] Building CXX object plugin/adsk/plugin/CMakeFiles/mayaUsdPlugin.dir/ProxyShape.cpp.o
    [654/654] Linking CXX shared module plugin/adsk/plugin/mayaUsdPlugin.bundle
    
        Building with settings:
          Source directory          /local/S/jenkins/workspace/ecg-mayausd-branch-preflight-2020-osx/ecg-maya-usd/maya-usd
          Workspace directory       /local/S/jenkins/workspace/ecg-mayausd-branch-preflight-2020-osx
          Build directory           /local/S/jenkins/workspace/ecg-mayausd-branch-preflight-2020-osx/build/RelWithDebInfo
          Install directory         /local/S/jenkins/workspace/ecg-mayausd-branch-preflight-2020-osx/install/RelWithDebInfo/MayaUSD
          Variant                   RelWithDebInfo
          Python Debug              Off
          CMake generator           Ninja
          Build arguments           ['-DCMAKE_MAKE_PROGRAM=/local/S/jenkins/workspace/shared/Artifactory/OSX/ninja/1.9.0/41005eb/ninja', '-DPYTHON_INCLUDE_DIR=/local/S/jenkins/workspace/shared/Artifactory/OSX/rundev-2020/202107140359/runtime/446214e/runTime/Maya.app/Contents/Frameworks/Python.framework/Versions/Current/include/python2.7', '-DPython_EXECUTABLE=/local/S/jenkins/workspace/shared/Artifactory/OSX/rundev-2020/202107140359/runtime/446214e/runTime/Maya.app/Contents/bin/mayapy', '-DPYTHON_LIBRARIES=/local/S/jenkins/workspace/shared/Artifactory/OSX/rundev-2020/202107140359/runtime/446214e/runTime/Maya.app/Contents/Frameworks/Python.framework/Versions/Current/lib/libpython2.7.dylib', '-DUSD_LIB_PREFIX=lib', '-DCMAKE_WANT_MATERIALX_BUILD=ON', '-DCMAKE_PREFIX_PATH=/local/S/jenkins/workspace/shared/Artifactory/OSX/USD/73ca68d']
          Stages arguments          ['build']
          CTest arguments           ['-E testUsdReferenceAssemblySelection|testUsdMayaAppDir', '-LE interactive', '--parallel 4']
    Success MayaUSD build and install !!!!
    Elapsed time: 00:11:40
[Pipeline] }
[Pipeline] // withEnv
[Pipeline] }
[Pipeline] // stage
[Pipeline] }
[Pipeline] // timestamps
[Pipeline] }
[Pipeline] // timeout
[Pipeline] timeout
Timeout set to expire in 6 hr 0 min
[Pipeline] {
[Pipeline] timestamps
[Pipeline] {
[Pipeline] stage
[Pipeline] { (Install)
[Pipeline] withEnv
[Pipeline] {
[Pipeline] sh
[ecg-mayausd-branch-preflight-2020-osx] Running shell script
+ python ecg-maya-usd/build.py --stages=install --workspace-dir=/local/S/jenkins/workspace/ecg-mayausd-branch-preflight-2020-osx --artifactory-dir=/local/S/jenkins/workspace/shared/Artifactory --build-dir=/local/S/jenkins/workspace/ecg-mayausd-branch-preflight-2020-osx/build --install-dir=/local/S/jenkins/workspace/ecg-mayausd-branch-preflight-2020-osx/install --signing-dir=/local/S/jenkins/workspace/ecg-mayausd-branch-preflight-2020-osx/signing --package-dir=/local/S/jenkins/workspace/ecg-mayausd-branch-preflight-2020-osx/package --output-dir=/local/S/jenkins/workspace/ecg-mayausd-branch-preflight-2020-osx/output --stash-dir=/local/S/jenkins/workspace/ecg-mayausd-branch-preflight-2020-osx/stash --jenkins-build=2026 --git-commit=72058a0fb70c17bf13db99a0dd13a0d74ea7f6ab --git-branch=master --variants=RelWithDebInfo --python=2.7 --post-zips=false --maya-cut-config=maya-rundev-2020.yaml --stage-banner
Using Maya cut from /local/S/jenkins/workspace/shared/Artifactory/OSX/rundev-2020/202107140359/runtime/446214e

================================================================================
                            install (RelWithDebInfo)
================================================================================
Maya Python RelWithDebInfo Info:
  mayapy executable   = /local/S/jenkins/workspace/shared/Artifactory/OSX/rundev-2020/202107140359/runtime/446214e/runTime/Maya.app/Contents/bin/mayapy
  Include Folder      = /local/S/jenkins/workspace/shared/Artifactory/OSX/rundev-2020/202107140359/runtime/446214e/runTime/Maya.app/Contents/Frameworks/Python.framework/Versions/Current/include/python2.7
  Library             = /local/S/jenkins/workspace/shared/Artifactory/OSX/rundev-2020/202107140359/runtime/446214e/runTime/Maya.app/Contents/Frameworks/Python.framework/Versions/Current/lib/libpython2.7.dylib
  site-package Folder = /local/S/jenkins/workspace/shared/Artifactory/OSX/rundev-2020/202107140359/runtime/446214e/runTime/Maya.app/Contents/Frameworks/Python.framework/Versions/Current/lib/python2.7/site-packages
In workdir: /local/S/jenkins/workspace/ecg-mayausd-branch-preflight-2020-osx/ecg-maya-usd/maya-usd
Executing: /local/S/jenkins/workspace/shared/Artifactory/OSX/rundev-2020/202107140359/runtime/446214e/runTime/Maya.app/Contents/bin/mayapy /local/S/jenkins/workspace/ecg-mayausd-branch-preflight-2020-osx/ecg-maya-usd/maya-usd/build.py --generator Ninja --build-relwithdebug --maya-location /local/S/jenkins/workspace/shared/Artifactory/OSX/rundev-2020/202107140359/runtime/446214e/runTime --devkit-location /local/S/jenkins/workspace/shared/Artifactory/OSX/rundev-2020/202107140359/runtime/446214e/devkitBase --pxrusd-location /local/S/jenkins/workspace/shared/Artifactory/OSX/USD/73ca68d --qt-location /local/S/jenkins/workspace/shared/Artifactory/OSX/qt/5.12.5/3ca78fe --build-args=-DCMAKE_MAKE_PROGRAM=/local/S/jenkins/workspace/shared/Artifactory/OSX/ninja/1.9.0/41005eb/ninja,-DPYTHON_INCLUDE_DIR=/local/S/jenkins/workspace/shared/Artifactory/OSX/rundev-2020/202107140359/runtime/446214e/runTime/Maya.app/Contents/Frameworks/Python.framework/Versions/Current/include/python2.7,-DPython_EXECUTABLE=/local/S/jenkins/workspace/shared/Artifactory/OSX/rundev-2020/202107140359/runtime/446214e/runTime/Maya.app/Contents/bin/mayapy,-DPYTHON_LIBRARIES=/local/S/jenkins/workspace/shared/Artifactory/OSX/rundev-2020/202107140359/runtime/446214e/runTime/Maya.app/Contents/Frameworks/Python.framework/Versions/Current/lib/libpython2.7.dylib,-DUSD_LIB_PREFIX=lib,-DCMAKE_WANT_MATERIALX_BUILD=ON,-DCMAKE_PREFIX_PATH=/local/S/jenkins/workspace/shared/Artifactory/OSX/USD/73ca68d '--ctest-args=-E testUsdReferenceAssemblySelection|testUsdMayaAppDir,-LE interactive,--parallel 4' --stages=install --redirect-outstream-file=False --install-location /local/S/jenkins/workspace/ecg-mayausd-branch-preflight-2020-osx/install/RelWithDebInfo/MayaUSD /local/S/jenkins/workspace/ecg-mayausd-branch-preflight-2020-osx
Modified environment variables:
    PATH=/local/S/jenkins/workspace/shared/Artifactory/OSX/cmake/3.14.4/e159059/bin:/usr/local/bin:/bin:/usr/sbin:/sbin:/usr/bin
    [1/8] Automatic MOC and UIC for target mayaUsdUI
    [2/5] Automatic MOC and UIC for target testMayaUsdUI
    [2/3] Install the project...
    -- Install configuration: "RelWithDebInfo"
    
        Building with settings:
          Source directory          /local/S/jenkins/workspace/ecg-mayausd-branch-preflight-2020-osx/ecg-maya-usd/maya-usd
          Workspace directory       /local/S/jenkins/workspace/ecg-mayausd-branch-preflight-2020-osx
          Build directory           /local/S/jenkins/workspace/ecg-mayausd-branch-preflight-2020-osx/build/RelWithDebInfo
          Install directory         /local/S/jenkins/workspace/ecg-mayausd-branch-preflight-2020-osx/install/RelWithDebInfo/MayaUSD
          Variant                   RelWithDebInfo
          Python Debug              Off
          CMake generator           Ninja
          Build arguments           ['-DCMAKE_MAKE_PROGRAM=/local/S/jenkins/workspace/shared/Artifactory/OSX/ninja/1.9.0/41005eb/ninja', '-DPYTHON_INCLUDE_DIR=/local/S/jenkins/workspace/shared/Artifactory/OSX/rundev-2020/202107140359/runtime/446214e/runTime/Maya.app/Contents/Frameworks/Python.framework/Versions/Current/include/python2.7', '-DPython_EXECUTABLE=/local/S/jenkins/workspace/shared/Artifactory/OSX/rundev-2020/202107140359/runtime/446214e/runTime/Maya.app/Contents/bin/mayapy', '-DPYTHON_LIBRARIES=/local/S/jenkins/workspace/shared/Artifactory/OSX/rundev-2020/202107140359/runtime/446214e/runTime/Maya.app/Contents/Frameworks/Python.framework/Versions/Current/lib/libpython2.7.dylib', '-DUSD_LIB_PREFIX=lib', '-DCMAKE_WANT_MATERIALX_BUILD=ON', '-DCMAKE_PREFIX_PATH=/local/S/jenkins/workspace/shared/Artifactory/OSX/USD/73ca68d']
          Stages arguments          ['install']
          CTest arguments           ['-E testUsdReferenceAssemblySelection|testUsdMayaAppDir', '-LE interactive', '--parallel 4']
    Success MayaUSD build and install !!!!
    Elapsed time: 00:00:26
[Pipeline] }
[Pipeline] // withEnv
[Pipeline] }
[Pipeline] // stage
[Pipeline] }
[Pipeline] // timestamps
[Pipeline] }
[Pipeline] // timeout
[Pipeline] timeout
Timeout set to expire in 6 hr 0 min
[Pipeline] {
[Pipeline] timestamps
[Pipeline] {
[Pipeline] stage
[Pipeline] { (Test)
[Pipeline] withEnv
[Pipeline] {
[Pipeline] sh
[ecg-mayausd-branch-preflight-2020-osx] Running shell script
+ python ecg-maya-usd/build.py --stages=test --workspace-dir=/local/S/jenkins/workspace/ecg-mayausd-branch-preflight-2020-osx --artifactory-dir=/local/S/jenkins/workspace/shared/Artifactory --build-dir=/local/S/jenkins/workspace/ecg-mayausd-branch-preflight-2020-osx/build --install-dir=/local/S/jenkins/workspace/ecg-mayausd-branch-preflight-2020-osx/install --signing-dir=/local/S/jenkins/workspace/ecg-mayausd-branch-preflight-2020-osx/signing --package-dir=/local/S/jenkins/workspace/ecg-mayausd-branch-preflight-2020-osx/package --output-dir=/local/S/jenkins/workspace/ecg-mayausd-branch-preflight-2020-osx/output --stash-dir=/local/S/jenkins/workspace/ecg-mayausd-branch-preflight-2020-osx/stash --jenkins-build=2026 --git-commit=72058a0fb70c17bf13db99a0dd13a0d74ea7f6ab --git-branch=master --variants=RelWithDebInfo --python=2.7 --post-zips=false --test-jobs=0 --failed-test-retry=3 --maya-cut-config=maya-rundev-2020.yaml --stage-banner --progressive-timeout
Using Maya cut from /local/S/jenkins/workspace/shared/Artifactory/OSX/rundev-2020/202107140359/runtime/446214e

================================================================================
                             test (RelWithDebInfo)
================================================================================
Maya Python RelWithDebInfo Info:
  mayapy executable   = /local/S/jenkins/workspace/shared/Artifactory/OSX/rundev-2020/202107140359/runtime/446214e/runTime/Maya.app/Contents/bin/mayapy
  Include Folder      = /local/S/jenkins/workspace/shared/Artifactory/OSX/rundev-2020/202107140359/runtime/446214e/runTime/Maya.app/Contents/Frameworks/Python.framework/Versions/Current/include/python2.7
  Library             = /local/S/jenkins/workspace/shared/Artifactory/OSX/rundev-2020/202107140359/runtime/446214e/runTime/Maya.app/Contents/Frameworks/Python.framework/Versions/Current/lib/libpython2.7.dylib
  site-package Folder = /local/S/jenkins/workspace/shared/Artifactory/OSX/rundev-2020/202107140359/runtime/446214e/runTime/Maya.app/Contents/Frameworks/Python.framework/Versions/Current/lib/python2.7/site-packages
In workdir: /local/S/jenkins/workspace/ecg-mayausd-branch-preflight-2020-osx/ecg-maya-usd/maya-usd
Executing: /local/S/jenkins/workspace/shared/Artifactory/OSX/rundev-2020/202107140359/runtime/446214e/runTime/Maya.app/Contents/bin/mayapy /local/S/jenkins/workspace/ecg-mayausd-branch-preflight-2020-osx/ecg-maya-usd/maya-usd/build.py --generator Ninja --build-relwithdebug --maya-location /local/S/jenkins/workspace/shared/Artifactory/OSX/rundev-2020/202107140359/runtime/446214e/runTime --devkit-location /local/S/jenkins/workspace/shared/Artifactory/OSX/rundev-2020/202107140359/runtime/446214e/devkitBase --pxrusd-location /local/S/jenkins/workspace/shared/Artifactory/OSX/USD/73ca68d --qt-location /local/S/jenkins/workspace/shared/Artifactory/OSX/qt/5.12.5/3ca78fe --build-args=-DCMAKE_MAKE_PROGRAM=/local/S/jenkins/workspace/shared/Artifactory/OSX/ninja/1.9.0/41005eb/ninja,-DPYTHON_INCLUDE_DIR=/local/S/jenkins/workspace/shared/Artifactory/OSX/rundev-2020/202107140359/runtime/446214e/runTime/Maya.app/Contents/Frameworks/Python.framework/Versions/Current/include/python2.7,-DPython_EXECUTABLE=/local/S/jenkins/workspace/shared/Artifactory/OSX/rundev-2020/202107140359/runtime/446214e/runTime/Maya.app/Contents/bin/mayapy,-DPYTHON_LIBRARIES=/local/S/jenkins/workspace/shared/Artifactory/OSX/rundev-2020/202107140359/runtime/446214e/runTime/Maya.app/Contents/Frameworks/Python.framework/Versions/Current/lib/libpython2.7.dylib,-DUSD_LIB_PREFIX=lib,-DCMAKE_WANT_MATERIALX_BUILD=ON,-DCMAKE_PREFIX_PATH=/local/S/jenkins/workspace/shared/Artifactory/OSX/USD/73ca68d '--ctest-args=-E testUsdReferenceAssemblySelection|testUsdMayaAppDir,-LE interactive,--parallel 4' --stages=test --redirect-outstream-file=False --install-location /local/S/jenkins/workspace/ecg-mayausd-branch-preflight-2020-osx/install/RelWithDebInfo/MayaUSD /local/S/jenkins/workspace/ecg-mayausd-branch-preflight-2020-osx
Modified environment variables:
    PATH=/local/S/jenkins/workspace/shared/Artifactory/OSX/cmake/3.14.4/e159059/bin:/usr/local/bin:/bin:/usr/sbin:/sbin:/usr/bin
    Test project /local/S/jenkins/workspace/ecg-mayausd-branch-preflight-2020-osx/build/RelWithDebInfo
            Start   1: testMayaUsdConverter
            Start   2: testMayaUsdCreateStageCommands
            Start   3: testMayaUsdPythonImport
            Start   4: testMayaUsdLayerEditorCommands
      1/157 Test   #3: testMayaUsdPythonImport .........................   Passed   27.78 sec
            Start   5: testMayaUsdCacheId
      2/157 Test   #1: testMayaUsdConverter ............................   Passed   28.26 sec
            Start   7: _Interactive_Maya
      3/157 Test   #7: _Interactive_Maya ...............................***Not Run (Disabled)   0.00 sec
            Start   8: testMayaUsdPlugVersionCheck
      4/157 Test   #4: testMayaUsdLayerEditorCommands ..................   Passed   28.60 sec
            Start   9: testMatrices
      5/157 Test   #2: testMayaUsdCreateStageCommands ..................   Passed   28.73 sec
            Start  10: testMayaPickwalk
      6/157 Test   #8: testMayaUsdPlugVersionCheck .....................   Passed    4.87 sec
            Start  11: testPythonWrappers
      7/157 Test   #5: testMayaUsdCacheId ..............................   Passed    5.38 sec
            Start  12: testSelection
      8/157 Test   #9: testMatrices ....................................   Passed    6.05 sec
            Start  13: testSelectionByArray
      9/157 Test  #10: testMayaPickwalk ................................   Passed    6.71 sec
            Start  14: testUfePythonImport
     10/157 Test  #11: testPythonWrappers ..............................   Passed    4.98 sec
            Start  15: testAttributeBlock
     11/157 Test  #12: testSelection ...................................   Passed    5.19 sec
            Start  16: testBlockedLayerEdit
     12/157 Test  #13: testSelectionByArray ............................   Passed    4.73 sec
            Start  17: testLegacyDeleteCmd
     13/157 Test  #14: testUfePythonImport .............................   Passed    4.72 sec
            Start  18: testPrimReader
     14/157 Test  #15: testAttributeBlock ..............................   Passed    5.31 sec
            Start  19: testPrimWriter
     15/157 Test  #16: testBlockedLayerEdit ............................   Passed    5.37 sec
            Start  20: testExportChaser
     16/157 Test  #17: testLegacyDeleteCmd .............................   Passed    5.34 sec
            Start  21: testImportChaser
     17/157 Test  #18: testPrimReader ..................................   Passed    5.28 sec
            Start  22: testImportWithNamespace
     18/157 Test  #19: testPrimWriter ..................................   Passed    5.04 sec
            Start  23: testJobContextRegistry
     19/157 Test  #20: testExportChaser ................................   Passed    4.95 sec
            Start  24: testSchemaApiAdaptor
     20/157 Test  #21: testImportChaser ................................   Passed   10.81 sec
            Start  25: testReadWriteUtils
     21/157 Test  #23: testJobContextRegistry ..........................   Passed    9.61 sec
            Start  26: testXformStack
     22/157 Test  #22: testImportWithNamespace .........................   Passed   13.64 sec
            Start  27: testGeomNode
     23/157 Test  #25: testReadWriteUtils ..............................   Passed    5.24 sec
            Start  28: testLayerManagerSerialization
     24/157 Test  #24: testSchemaApiAdaptor ............................   Passed   12.47 sec
            Start  29: testPointBasedDeformerNode
     25/157 Test  #26: testXformStack ..................................   Passed    5.45 sec
            Start  30: testProxyShapeBase
     26/157 Test  #27: testGeomNode ....................................   Passed    4.90 sec
            Start  31: testHdImagingShape
     27/157 Test  #29: testPointBasedDeformerNode ......................   Passed    4.89 sec
            Start  54: testUsdUndoManager
     28/157 Test  #28: testLayerManagerSerialization ...................   Passed    5.66 sec
            Start  55: testBlockSceneModificationContext
     29/157 Test  #30: testProxyShapeBase ..............................   Passed    5.38 sec
            Start  56: testDiagnosticDelegate
     30/157 Test  #31: testHdImagingShape ..............................   Passed    6.06 sec
            Start  57: testPxrUsdPreviewSurfaceDraw
     31/157 Test  #54: testUsdUndoManager ..............................   Passed    4.72 sec
            Start  58: testPxrUsdPreviewSurfaceExport
     32/157 Test  #55: testBlockSceneModificationContext ...............   Passed    4.84 sec
            Start  59: testMayaUsdSchemasPythonImport
     33/157 Test  #57: testPxrUsdPreviewSurfaceDraw ....................   Passed    2.95 sec
            Start  60: testMayaUsdSchemasMayaReference
     34/157 Test  #56: testDiagnosticDelegate ..........................   Passed    5.06 sec
            Start  61: testDiffCore
     35/157 Test  #61: testDiffCore ....................................   Passed    0.03 sec
            Start  62: testDiffValues
     36/157 Test  #62: testDiffValues ..................................   Passed    0.03 sec
            Start  63: testDiffAttributes
     37/157 Test  #63: testDiffAttributes ..............................   Passed    0.06 sec
            Start  64: testDiffRelationships
     38/157 Test  #64: testDiffRelationships ...........................   Passed    0.06 sec
            Start  65: testDiffDictionaries
     39/157 Test  #65: testDiffDictionaries ............................   Passed    0.03 sec
            Start  66: testDiffLists
     40/157 Test  #66: testDiffLists ...................................   Passed    0.03 sec
            Start  67: testDiffComputeOverall
     41/157 Test  #67: testDiffComputeOverall ..........................   Passed    0.03 sec
            Start  68: testDiffPrims
     42/157 Test  #59: testMayaUsdSchemasPythonImport ..................   Passed    3.30 sec
            Start  69: testMergePrims
     43/157 Test  #68: testDiffPrims ...................................   Passed    0.06 sec
            Start  70: testDiffMetadatas
     44/157 Test  #69: testMergePrims ..................................   Passed    0.05 sec
            Start  71: testUsdExportAnimation
     45/157 Test  #70: testDiffMetadatas ...............................   Passed    0.05 sec
            Start  72: testUsdExportAsClip
     46/157 Test  #60: testMayaUsdSchemasMayaReference .................   Passed    3.37 sec
            Start  73: testUsdExportBindTransform
     47/157 Test  #58: testPxrUsdPreviewSurfaceExport ..................   Passed    5.92 sec
            Start  74: testUsdExportBlendshapes
     48/157 Test  #71: testUsdExportAnimation ..........................   Passed    4.74 sec
            Start  75: testUsdExportCamera
     49/157 Test  #72: testUsdExportAsClip .............................   Passed    6.68 sec
            Start  76: testUsdExportColorSets
     50/157 Test  #73: testUsdExportBindTransform ......................   Passed    5.18 sec
            Start  77: testUsdExportConnected
     51/157 Test  #74: testUsdExportBlendshapes ........................   Passed    5.04 sec
            Start  78: testUsdExportDisplacement
     52/157 Test  #75: testUsdExportCamera .............................   Passed    5.31 sec
            Start  79: testUsdExportDisplayColor
     53/157 Test  #77: testUsdExportConnected ..........................   Passed    5.09 sec
            Start  80: testUsdExportEulerFilter
     54/157 Test  #76: testUsdExportColorSets ..........................   Passed    5.41 sec
            Start  81: testUsdExportFileFormat
     55/157 Test  #78: testUsdExportDisplacement .......................   Passed    5.25 sec
            Start  82: testUsdExportFilterTypes
     56/157 Test  #79: testUsdExportDisplayColor .......................   Passed    5.60 sec
            Start  83: testUsdExportFrameOffset
     57/157 Test  #81: testUsdExportFileFormat .........................   Passed    4.74 sec
            Start  84: testUsdExportGeomSubset
     58/157 Test  #80: testUsdExportEulerFilter ........................   Passed    6.03 sec
            Start  85: testUsdExportInstances
     59/157 Test  #82: testUsdExportFilterTypes ........................   Passed    7.08 sec
            Start  86: testUsdExportLayerAttributes
     60/157 Test  #83: testUsdExportFrameOffset ........................   Passed    5.75 sec
            Start  87: testUsdExportLight
     61/157 Test  #84: testUsdExportGeomSubset .........................   Passed    5.52 sec
            Start  88: testUsdExportLocator
     62/157 Test  #85: testUsdExportInstances ..........................   Passed    5.08 sec
            Start  89: testUsdExportMayaInstancer
     63/157 Test  #86: testUsdExportLayerAttributes ....................   Passed    5.25 sec
            Start  90: testUsdExportMesh
     64/157 Test  #87: testUsdExportLight ..............................   Passed    5.25 sec
            Start  91: testUsdExportNurbsCurve
     65/157 Test  #88: testUsdExportLocator ............................   Passed    5.51 sec
            Start  92: testUsdExportOpenLayer
     66/157 Test  #89: testUsdExportMayaInstancer ......................   Passed    6.13 sec
            Start  93: testUsdExportOverImport
     67/157 Test  #90: testUsdExportMesh ...............................   Passed    5.54 sec
            Start  94: testUsdExportUsdPreviewSurface
     68/157 Test  #91: testUsdExportNurbsCurve .........................   Passed    5.53 sec
            Start  95: testUsdExportParentScope
     69/157 Test  #92: testUsdExportOpenLayer ..........................   Passed    5.38 sec
            Start  96: testUsdExportParticles
     70/157 Test  #93: testUsdExportOverImport .........................   Passed    4.94 sec
            Start  97: testUsdExportPref
     71/157 Test  #94: testUsdExportUsdPreviewSurface ..................   Passed    5.60 sec
            Start  98: testUsdExportRenderLayerMode
     72/157 Test  #95: testUsdExportParentScope ........................   Passed    5.65 sec
            Start  99: testUsdExportRoots
     73/157 Test  #96: testUsdExportParticles ..........................   Passed    5.26 sec
            Start 100: testUsdExportRootsAndParentScope
     74/157 Test  #97: testUsdExportPref ...............................   Passed    4.95 sec
            Start 101: testUsdExportSelection
     75/157 Test  #98: testUsdExportRenderLayerMode ....................   Passed    3.33 sec
            Start 102: testUsdExportSelectionHierarchy
     76/157 Test #101: testUsdExportSelection ..........................   Passed   11.62 sec
            Start 103: testUsdExportShadingInstanced
     77/157 Test #102: testUsdExportSelectionHierarchy .................   Passed   11.64 sec
            Start 104: testUsdExportShadingModePxrRis
     78/157 Test #100: testUsdExportRootsAndParentScope ................   Passed   12.18 sec
            Start 105: testUsdExportSkeleton
     79/157 Test  #99: testUsdExportRoots ..............................   Passed   13.93 sec
            Start 106: testUsdExportStripNamespaces
     80/157 Test #106: testUsdExportStripNamespaces ....................   Passed    5.56 sec
            Start 107: testUsdExportStroke
     81/157 Test #104: testUsdExportShadingModePxrRis ..................   Passed    6.94 sec
            Start 108: testUsdExportUserTaggedAttributes
     82/157 Test #103: testUsdExportShadingInstanced ...................   Passed    7.09 sec
            Start 109: testUsdExportVisibilityDefault
     83/157 Test #105: testUsdExportSkeleton ...........................   Passed    8.05 sec
            Start 110: testUsdImportAnonymousLayer
     84/157 Test #109: testUsdExportVisibilityDefault ..................   Passed    4.98 sec
            Start 111: testUsdImportCamera
     85/157 Test #107: testUsdExportStroke .............................   Passed    5.47 sec
            Start 112: testUsdImportBasisCurves
     86/157 Test #108: testUsdExportUserTaggedAttributes ...............   Passed    5.15 sec
            Start 113: testUsdImportBatchNurbsCurves
     87/157 Test #110: testUsdImportAnonymousLayer .....................   Passed    4.61 sec
            Start 114: testUsdImportLinearCurves
     88/157 Test #111: testUsdImportCamera .............................   Passed    4.62 sec
            Start 115: testUsdImportNurbsCurves
     89/157 Test #112: testUsdImportBasisCurves ........................   Passed    5.69 sec
            Start 116: testUsdImportBatchBezierCurves
     90/157 Test #113: testUsdImportBatchNurbsCurves ...................   Passed    6.81 sec
            Start 117: testUsdImportColorSets
     91/157 Test #114: testUsdImportLinearCurves .......................   Passed    6.24 sec
            Start 118: testUsdImportDisplacement
     92/157 Test #115: testUsdImportNurbsCurves ........................   Passed    5.85 sec
            Start 119: testUsdImportExportScope
     93/157 Test #117: testUsdImportColorSets ..........................   Passed    5.09 sec
            Start 120: testUsdImportExportTypelessDefs
     94/157 Test #116: testUsdImportBatchBezierCurves ..................   Passed    6.23 sec
            Start 121: testUsdImportFrameRange
     95/157 Test #118: testUsdImportDisplacement .......................***Failed    5.33 sec
    MAYA_DEBUG_NO_SAVE_ON_CRASH is set.
    File read in  0.085 seconds.
    E
    ======================================================================
    ERROR: testDisplacement (testUsdImportDisplacement.testUsdImportDisplacement)
    ----------------------------------------------------------------------
    Traceback (most recent call last):
      File "/local/S/jenkins/workspace/ecg-mayausd-branch-preflight-2020-osx/ecg-maya-usd/maya-usd/test/lib/usd/translators/testUsdImportDisplacement.py", line 57, in testDisplacement
        sgs = cmds.listConnections("pPlane16Shape", type="shadingEngine")
    ValueError: No object matches name: pPlane16Shape
    
    ----------------------------------------------------------------------
    Ran 1 test in 2.218s
    
    FAILED (errors=1)
    
            Start 122: testUsdImportFramerates
     96/157 Test #119: testUsdImportExportScope ........................   Passed    4.75 sec
            Start 123: testUsdImportInstances
     97/157 Test #122: testUsdImportFramerates .........................   Passed    4.74 sec
            Start 124: testUsdImportLight
     98/157 Test #121: testUsdImportFrameRange .........................   Passed    5.06 sec
            Start 125: testUsdImportMayaReference
     99/157 Test #120: testUsdImportExportTypelessDefs .................   Passed    5.10 sec
            Start 126: testUsdImportMesh
    100/157 Test #123: testUsdImportInstances ..........................   Passed    5.06 sec
            Start 127: testUsdImportPreviewSurface
    101/157 Test #126: testUsdImportMesh ...............................   Passed    5.16 sec
            Start 128: testUsdImportSessionLayer
    102/157 Test #124: testUsdImportLight ..............................   Passed    5.33 sec
            Start 129: testUsdImportShadingModeDisplayColor
    103/157 Test #125: testUsdImportMayaReference ......................   Passed    5.45 sec
            Start 130: testUsdImportShadingModePxrRis
    104/157 Test #127: testUsdImportPreviewSurface .....................***Failed    4.92 sec
    MAYA_DEBUG_NO_SAVE_ON_CRASH is set.
    File read in  0.048 seconds.
    EFile read in  0.0064 seconds.
    E
    ======================================================================
    ERROR: testImportReferenceWithRelativeFilePath (testUsdImportPreviewSurface.testUsdImportPreviewSurface)
    ----------------------------------------------------------------------
    Traceback (most recent call last):
      File "/local/S/jenkins/workspace/ecg-mayausd-branch-preflight-2020-osx/ecg-maya-usd/maya-usd/test/lib/usd/translators/testUsdImportPreviewSurface.py", line 74, in testImportReferenceWithRelativeFilePath
        filename = cmds.getAttr("%s.fileTextureName" % node_name)
    ValueError: No object matches name: nestedFile.fileTextureName
    
    ======================================================================
    ERROR: testImportUSDZWithUnresolvableRelativeFilePath (testUsdImportPreviewSurface.testUsdImportPreviewSurface)
    ----------------------------------------------------------------------
    Traceback (most recent call last):
      File "/local/S/jenkins/workspace/ecg-mayausd-branch-preflight-2020-osx/ecg-maya-usd/maya-usd/test/lib/usd/translators/testUsdImportPreviewSurface.py", line 109, in testImportUSDZWithUnresolvableRelativeFilePath
        filename = cmds.getAttr("file1.fileTextureName")
    ValueError: No object matches name: file1.fileTextureName
    
    ----------------------------------------------------------------------
    Ran 2 tests in 2.103s
    
    FAILED (errors=2)
    
            Start 131: testUsdImportUVSetMappings
    105/157 Test #129: testUsdImportShadingModeDisplayColor ............   Passed    5.10 sec
            Start 132: testUsdImportUSDZTextures
    106/157 Test #128: testUsdImportSessionLayer .......................   Passed    5.39 sec
            Start 133: testUsdExportImportRoundtripPreviewSurface
    107/157 Test #130: testUsdImportShadingModePxrRis ..................   Passed    5.12 sec
            Start 134: testUsdExportImportUDIM
    108/157 Test #131: testUsdImportUVSetMappings ......................***Failed    4.86 sec
    MAYA_DEBUG_NO_SAVE_ON_CRASH is set.
    File read in  0.039 seconds.
    F
    ======================================================================
    FAIL: testImportUVSetMappings (testUsdImportUVSetMappings.testUsdImportUVSetMappings)
    ----------------------------------------------------------------------
    Traceback (most recent call last):
      File "/local/S/jenkins/workspace/ecg-mayausd-branch-preflight-2020-osx/ecg-maya-usd/maya-usd/test/lib/usd/translators/testUsdImportUVSetMappings.py", line 66, in testImportUVSetMappings
        self.assertEqual(set(cmds.ls(type="shadingEngine")), expected_sg)
    AssertionError: Items in the first set but not the second:
    u'Test:blinn4SG'
    u'Test:blinn1SG'
    u'Test:blinn4SG_uvSet2'
    u'Test:blinn3SG_uvSet1'
    u'Test:blinn3SG'
    u'Test:blinn2SG'
    Items in the second set but not the first:
    'blinn2SG'
    'blinn4SG'
    'blinn3SG_uvSet1'
    'blinn3SG'
    'blinn4SG_uvSet2'
    'blinn1SG'
    
    ----------------------------------------------------------------------
    Ran 1 test in 1.152s
    
    FAILED (failures=1)
    
            Start 135: testUsdImportSkeleton
    109/157 Test #132: testUsdImportUSDZTextures .......................   Passed    5.46 sec
            Start 136: testUsdImportXforms
    110/157 Test #134: testUsdExportImportUDIM .........................   Passed    5.57 sec
            Start 137: testUsdImportXformAnim
    111/157 Test #133: testUsdExportImportRoundtripPreviewSurface ......***Failed    5.65 sec
    MAYA_DEBUG_NO_SAVE_ON_CRASH is set.
    Opening layer '/local/S/jenkins/workspace/ecg-mayausd-branch-preflight-2020-osx/build/RelWithDebInfo/test/lib/usd/translators/testUsdExportImportRoundtripPreviewSurfaceOutput/DisplayColorRoundtripTest.usda' for writing
    Saving stage
    File read in  0.01 seconds.
    EFile read in  0.077 seconds.
    Opening layer '/local/S/jenkins/workspace/ecg-mayausd-branch-preflight-2020-osx/build/RelWithDebInfo/test/lib/usd/translators/testUsdExportImportRoundtripPreviewSurfaceOutput/OpacityRoundtripTest.usda' for writing
    Warning: Arbitrarily connecting the red channel of ../../../../../../../ecg-maya-usd/maya-usd/test/lib/usd/translators/textures/RGB.png on file3 might result in unexpected opacity results. Try a monochrome texture, a texture with an alpha channel, or explicit connections.
    Saving stage
    File read in  0.015 seconds.
    EOpening layer '/local/S/jenkins/workspace/ecg-mayausd-branch-preflight-2020-osx/build/RelWithDebInfo/test/lib/usd/translators/testUsdExportImportRoundtripPreviewSurfaceOutput/bobRoundtripTest.usda' for writing
    Saving stage
    File read in  0.0048 seconds.
    EOpening layer '/local/S/jenkins/workspace/ecg-mayausd-branch-preflight-2020-osx/build/RelWithDebInfo/test/lib/usd/translators/testUsdExportImportRoundtripPreviewSurfaceOutput/MinimalUVReader.usda' for writing
    Saving stage
    .sOpening layer '/local/S/jenkins/workspace/ecg-mayausd-branch-preflight-2020-osx/build/RelWithDebInfo/test/lib/usd/translators/testUsdExportImportRoundtripPreviewSurfaceOutput/UsdPreviewSurfaceRoundtripTest_UsdPreviewSurface_Metallic.usda' for writing
    Saving stage
    File read in  0.021 seconds.
    EOpening layer '/local/S/jenkins/workspace/ecg-mayausd-branch-preflight-2020-osx/build/RelWithDebInfo/test/lib/usd/translators/testUsdExportImportRoundtripPreviewSurfaceOutput/UsdPreviewSurfaceRoundtripTest_UsdPreviewSurface_Specular.usda' for writing
    Saving stage
    File read in  0.0052 seconds.
    E
    ======================================================================
    ERROR: testDisplayColorLossyRoundtrip (testUsdExportImportRoundtripPreviewSurface.testUsdExportImportRoundtripPreviewSurface)
    ----------------------------------------------------------------------
    Traceback (most recent call last):
      File "/local/S/jenkins/workspace/ecg-mayausd-branch-preflight-2020-osx/ecg-maya-usd/maya-usd/test/lib/usd/translators/testUsdExportImportRoundtripPreviewSurface.py", line 358, in testDisplayColorLossyRoundtrip
        cmds.connectionInfo(final_surf+".outColor", dfs=True),
    ValueError: No object matches name: blinn.outColor
    
    ======================================================================
    ERROR: testOpacityRoundtrip (testUsdExportImportRoundtripPreviewSurface.testUsdExportImportRoundtripPreviewSurface)
    ----------------------------------------------------------------------
    Traceback (most recent call last):
      File "/local/S/jenkins/workspace/ecg-mayausd-branch-preflight-2020-osx/ecg-maya-usd/maya-usd/test/lib/usd/translators/testUsdExportImportRoundtripPreviewSurface.py", line 524, in testOpacityRoundtrip
        d=False, c=True, p=True)
    ValueError: No object matches name: standardSurface2
    
    ======================================================================
    ERROR: testShadingRoundtrip (testUsdExportImportRoundtripPreviewSurface.testUsdExportImportRoundtripPreviewSurface)
    ----------------------------------------------------------------------
    Traceback (most recent call last):
      File "/local/S/jenkins/workspace/ecg-mayausd-branch-preflight-2020-osx/ecg-maya-usd/maya-usd/test/lib/usd/translators/testUsdExportImportRoundtripPreviewSurface.py", line 297, in testShadingRoundtrip
        self.assertTrue(cmds.sets("pSphere1Shape", isMember=final_sg))
    TypeError: No object matches name: bobSG
    
    ======================================================================
    ERROR: testUsdPreviewSurfaceRoundtripMetallic (testUsdExportImportRoundtripPreviewSurface.testUsdExportImportRoundtripPreviewSurface)
    ----------------------------------------------------------------------
    Traceback (most recent call last):
      File "/local/S/jenkins/workspace/ecg-mayausd-branch-preflight-2020-osx/ecg-maya-usd/maya-usd/test/lib/usd/translators/testUsdExportImportRoundtripPreviewSurface.py", line 64, in testUsdPreviewSurfaceRoundtripMetallic
        self.__testUsdPreviewSurfaceRoundtrip(metallic=True)
      File "/local/S/jenkins/workspace/ecg-mayausd-branch-preflight-2020-osx/ecg-maya-usd/maya-usd/test/lib/usd/translators/testUsdExportImportRoundtripPreviewSurface.py", line 156, in __testUsdPreviewSurfaceRoundtrip
        isMember=material_sg))
    TypeError: No object matches name: usdPreviewSurface42SG
    
    ======================================================================
    ERROR: testUsdPreviewSurfaceRoundtripSpecular (testUsdExportImportRoundtripPreviewSurface.testUsdExportImportRoundtripPreviewSurface)
    ----------------------------------------------------------------------
    Traceback (most recent call last):
      File "/local/S/jenkins/workspace/ecg-mayausd-branch-preflight-2020-osx/ecg-maya-usd/maya-usd/test/lib/usd/translators/testUsdExportImportRoundtripPreviewSurface.py", line 61, in testUsdPreviewSurfaceRoundtripSpecular
        self.__testUsdPreviewSurfaceRoundtrip(metallic=False)
      File "/local/S/jenkins/workspace/ecg-mayausd-branch-preflight-2020-osx/ecg-maya-usd/maya-usd/test/lib/usd/translators/testUsdExportImportRoundtripPreviewSurface.py", line 156, in __testUsdPreviewSurfaceRoundtrip
        isMember=material_sg))
    TypeError: No object matches name: usdPreviewSurface42SG
    
    ----------------------------------------------------------------------
    Ran 7 tests in 0.939s
    
    FAILED (errors=5, skipped=1)
    
            Start 138: testUsdMayaAdaptor
    112/157 Test #135: testUsdImportSkeleton ...........................   Passed    5.42 sec
            Start 139: testUsdMayaAdaptorGeom
    113/157 Test #137: testUsdImportXformAnim ..........................   Passed    4.71 sec
            Start 140: testUsdMayaAdaptorMetadata
    114/157 Test #138: testUsdMayaAdaptor ..............................   Passed    4.82 sec
            Start 141: testUsdMayaAdaptorUndoRedo
    115/157 Test #139: testUsdMayaAdaptorGeom ..........................   Passed    5.01 sec
            Start 142: testUsdExportUVTransforms
    116/157 Test #141: testUsdMayaAdaptorUndoRedo ......................   Passed    5.15 sec
            Start 143: testUsdExportUsdzPackage
    117/157 Test #140: testUsdMayaAdaptorMetadata ......................   Passed    5.61 sec
            Start 144: testUsdExportRfMShaders
    118/157 Test #142: testUsdExportUVTransforms .......................   Passed    5.52 sec
            Start 145: testUsdImportRfMShaders
    119/157 Test #144: testUsdExportRfMShaders .........................   Passed    5.17 sec
            Start 146: testUsdExportUVSets
    120/157 Test #143: testUsdExportUsdzPackage ........................   Passed    5.67 sec
            Start 147: testUsdExportUVSetsFloat
    121/157 Test #145: testUsdImportRfMShaders .........................   Passed    5.19 sec
            Start 148: testUsdExportUVSetMappings
    122/157 Test #146: testUsdExportUVSets .............................   Passed    6.46 sec
            Start 149: testUsdImportUVSets
    123/157 Test #147: testUsdExportUVSetsFloat ........................   Passed    6.27 sec
            Start 150: testUsdImportUVSetsFloat
    124/157 Test #148: testUsdExportUVSetMappings ......................***Failed    5.32 sec
    MAYA_DEBUG_NO_SAVE_ON_CRASH is set.
    Warning: This file is from an older version of Maya.  If saved, it will not be readable by previous versions.
    File read in  0.45 seconds.
    Opening layer '/local/S/jenkins/workspace/ecg-mayausd-branch-preflight-2020-osx/build/RelWithDebInfo/test/lib/usd/translators/testUsdExportUVSetMappingsOutput/UsdExportUVSetMappingsTest.usda' for writing
    Saving stage
    File read in  0.017 seconds.
    E.
    ======================================================================
    ERROR: testExportUVSetMappings (testUsdExportUVSetMappings.testUsdExportUVSetMappings)
    ----------------------------------------------------------------------
    Traceback (most recent call last):
      File "/local/S/jenkins/workspace/ecg-mayausd-branch-preflight-2020-osx/ecg-maya-usd/maya-usd/test/lib/usd/translators/testUsdExportUVSetMappings.py", line 136, in testExportUVSetMappings
        selectionList.add(mesh_name)
    RuntimeError: (kInvalidParameter): Object does not exist
    
    ----------------------------------------------------------------------
    Ran 2 tests in 1.250s
    
    FAILED (errors=1)
    
            Start 151: testUsdImportChaser
    125/157 Test #151: testUsdImportChaser .............................   Passed    4.63 sec
            Start 152: testUsdExportCustomConverter-Maya
    126/157 Test #150: testUsdImportUVSetsFloat ........................   Passed    6.75 sec
            Start 153: testUsdExportCustomConverter-USD
    127/157 Test #149: testUsdImportUVSets .............................   Passed    6.77 sec
            Start 154: testUsdImportCustomConverter-Maya
    128/157 Test #152: testUsdExportCustomConverter-Maya ...............   Passed    4.91 sec
            Start 155: testUsdImportCustomConverter-USD
    129/157 Test #153: testUsdExportCustomConverter-USD ................   Passed    4.69 sec
            Start 156: testUsdMayaListShadingModesCommand
    130/157 Test #154: testUsdImportCustomConverter-Maya ...............***Failed    4.93 sec
    MAYA_DEBUG_NO_SAVE_ON_CRASH is set.
    File read in  0.055 seconds.
    EFile read in  0.0077 seconds.
    EFile read in  0.0073 seconds.
    EImporting '/local/S/jenkins/workspace/ecg-mayausd-branch-preflight-2020-osx/ecg-maya-usd/maya-usd/test/lib/usd/translators/UsdImportCustomConverterTest/UsdImportCustomConverterTest.usda'
    .Importing '/local/S/jenkins/workspace/ecg-mayausd-branch-preflight-2020-osx/ecg-maya-usd/maya-usd/test/lib/usd/translators/UsdImportCustomConverterTest/UsdImportCustomConverterTest.usda'
    .Importing '/local/S/jenkins/workspace/ecg-mayausd-branch-preflight-2020-osx/ecg-maya-usd/maya-usd/test/lib/usd/translators/UsdImportCustomConverterTest/UsdImportCustomConverterTest.usda'
    .
    ======================================================================
    ERROR: testAsMayaDoesItNoConversion (testUsdImportCustomConverter.testUsdImportCustomConverter)
    ----------------------------------------------------------------------
    Traceback (most recent call last):
      File "/local/S/jenkins/workspace/ecg-mayausd-branch-preflight-2020-osx/build/RelWithDebInfo/test/lib/usd/translators/testUsdImportCustomConverter.py", line 160, in testAsMayaDoesItNoConversion
        self.checkMaterials(expected)
      File "/local/S/jenkins/workspace/ecg-mayausd-branch-preflight-2020-osx/build/RelWithDebInfo/test/lib/usd/translators/testUsdImportCustomConverter.py", line 63, in checkMaterials
        sgs = cmds.listConnections(cube_name, type="shadingEngine")
    ValueError: No object matches name: pCube1Shape
    
    ======================================================================
    ERROR: testAsMayaDoesItWithConversion (testUsdImportCustomConverter.testUsdImportCustomConverter)
    ----------------------------------------------------------------------
    Traceback (most recent call last):
      File "/local/S/jenkins/workspace/ecg-mayausd-branch-preflight-2020-osx/build/RelWithDebInfo/test/lib/usd/translators/testUsdImportCustomConverter.py", line 185, in testAsMayaDoesItWithConversion
        self.checkMaterials(expected)
      File "/local/S/jenkins/workspace/ecg-mayausd-branch-preflight-2020-osx/build/RelWithDebInfo/test/lib/usd/translators/testUsdImportCustomConverter.py", line 63, in checkMaterials
        sgs = cmds.listConnections(cube_name, type="shadingEngine")
    ValueError: No object matches name: pCube1Shape
    
    ======================================================================
    ERROR: testFileCommand (testUsdImportCustomConverter.testUsdImportCustomConverter)
    ----------------------------------------------------------------------
    Traceback (most recent call last):
      File "/local/S/jenkins/workspace/ecg-mayausd-branch-preflight-2020-osx/build/RelWithDebInfo/test/lib/usd/translators/testUsdImportCustomConverter.py", line 136, in testFileCommand
        self.checkMaterials(expected)
      File "/local/S/jenkins/workspace/ecg-mayausd-branch-preflight-2020-osx/build/RelWithDebInfo/test/lib/usd/translators/testUsdImportCustomConverter.py", line 63, in checkMaterials
        sgs = cmds.listConnections(cube_name, type="shadingEngine")
    ValueError: No object matches name: pCube1Shape
    
    ----------------------------------------------------------------------
    Ran 6 tests in 2.245s
    
    FAILED (errors=3)
    
            Start 157: testUsdExportSchemaApi
    131/157 Test #155: testUsdImportCustomConverter-USD ................***Failed    5.60 sec
    MAYA_DEBUG_NO_SAVE_ON_CRASH is set.
    File read in  0.029 seconds.
    EFile read in  0.0078 seconds.
    EFile read in  0.0076 seconds.
    EImporting '/local/S/jenkins/workspace/ecg-mayausd-branch-preflight-2020-osx/ecg-maya-usd/maya-usd/test/lib/usd/translators/UsdImportCustomConverterTest/UsdImportCustomConverterTest.usda'
    .Importing '/local/S/jenkins/workspace/ecg-mayausd-branch-preflight-2020-osx/ecg-maya-usd/maya-usd/test/lib/usd/translators/UsdImportCustomConverterTest/UsdImportCustomConverterTest.usda'
    .Importing '/local/S/jenkins/workspace/ecg-mayausd-branch-preflight-2020-osx/ecg-maya-usd/maya-usd/test/lib/usd/translators/UsdImportCustomConverterTest/UsdImportCustomConverterTest.usda'
    .
    ======================================================================
    ERROR: testAsMayaDoesItNoConversion (testUsdImportCustomConverter.testUsdImportCustomConverter)
    ----------------------------------------------------------------------
    Traceback (most recent call last):
      File "/local/S/jenkins/workspace/ecg-mayausd-branch-preflight-2020-osx/build/RelWithDebInfo/test/lib/usd/translators/testUsdImportCustomConverter.py", line 160, in testAsMayaDoesItNoConversion
        self.checkMaterials(expected)
      File "/local/S/jenkins/workspace/ecg-mayausd-branch-preflight-2020-osx/build/RelWithDebInfo/test/lib/usd/translators/testUsdImportCustomConverter.py", line 63, in checkMaterials
        sgs = cmds.listConnections(cube_name, type="shadingEngine")
    ValueError: No object matches name: pCube1Shape
    
    ======================================================================
    ERROR: testAsMayaDoesItWithConversion (testUsdImportCustomConverter.testUsdImportCustomConverter)
    ----------------------------------------------------------------------
    Traceback (most recent call last):
      File "/local/S/jenkins/workspace/ecg-mayausd-branch-preflight-2020-osx/build/RelWithDebInfo/test/lib/usd/translators/testUsdImportCustomConverter.py", line 185, in testAsMayaDoesItWithConversion
        self.checkMaterials(expected)
      File "/local/S/jenkins/workspace/ecg-mayausd-branch-preflight-2020-osx/build/RelWithDebInfo/test/lib/usd/translators/testUsdImportCustomConverter.py", line 63, in checkMaterials
        sgs = cmds.listConnections(cube_name, type="shadingEngine")
    ValueError: No object matches name: pCube1Shape
    
    ======================================================================
    ERROR: testFileCommand (testUsdImportCustomConverter.testUsdImportCustomConverter)
    ----------------------------------------------------------------------
    Traceback (most recent call last):
      File "/local/S/jenkins/workspace/ecg-mayausd-branch-preflight-2020-osx/build/RelWithDebInfo/test/lib/usd/translators/testUsdImportCustomConverter.py", line 136, in testFileCommand
        self.checkMaterials(expected)
      File "/local/S/jenkins/workspace/ecg-mayausd-branch-preflight-2020-osx/build/RelWithDebInfo/test/lib/usd/translators/testUsdImportCustomConverter.py", line 63, in checkMaterials
        sgs = cmds.listConnections(cube_name, type="shadingEngine")
    ValueError: No object matches name: pCube1Shape
    
    ----------------------------------------------------------------------
    Ran 6 tests in 2.417s
    
    FAILED (errors=3)
    
            Start 158: testUsdImportExportSiteSpecificConfig
    132/157 Test #156: testUsdMayaListShadingModesCommand ..............   Passed    5.09 sec
            Start 159: testUsdExportAssembly
    133/157 Test #157: testUsdExportSchemaApi ..........................   Passed    5.39 sec
            Start 160: testUsdExportAssemblyEdits
    134/157 Test #158: testUsdImportExportSiteSpecificConfig ...........   Passed    5.04 sec
            Start 161: testUsdExportPackage
    135/157 Test #159: testUsdExportAssembly ...........................   Passed    5.75 sec
            Start 162: testUsdExportPointInstancer
    136/157 Test #160: testUsdExportAssemblyEdits ......................   Passed    8.70 sec
            Start 163: testUsdImportAsAssemblies
    137/157 Test #161: testUsdExportPackage ............................   Passed    7.83 sec
            Start 164: testUsdImportNestedAssemblyAnimation
    138/157 Test #163: testUsdImportAsAssemblies .......................   Passed    6.16 sec
            Start 165: testUsdMayaGetVariantSetSelections
    139/157 Test #164: testUsdImportNestedAssemblyAnimation ............   Passed    6.14 sec
            Start 166: testUsdMayaModelKindProcessor
    140/157 Test #165: testUsdMayaGetVariantSetSelections ..............   Passed    5.44 sec
            Start 167: testUsdMayaReferenceAssemblyEdits
    141/157 Test #166: testUsdMayaModelKindProcessor ...................   Passed    6.44 sec
            Start 168: testUsdReferenceAssemblyChangeRepresentations
    142/157 Test #167: testUsdMayaReferenceAssemblyEdits ...............   Passed    5.77 sec
            Start 169: testPxrUsdAlembicChaser
    143/157 Test #168: testUsdReferenceAssemblyChangeRepresentations ...   Passed    7.35 sec
            Start 170: AL_MayaUtilsTests
    144/157 Test #169: testPxrUsdAlembicChaser .........................   Passed    6.09 sec
            Start 171: GTest:AL_USDTransactionTests
    145/157 Test #171: GTest:AL_USDTransactionTests ....................   Passed    0.07 sec
            Start 172: Python:AL_USDTransactionTests
    146/157 Test #172: Python:AL_USDTransactionTests ...................   Passed    0.60 sec
            Start 173: AL_USDMayaTestPlugin
    147/157 Test #170: AL_MayaUtilsTests ...............................   Passed    2.85 sec
            Start 174: TestALUSDMayaPython_ProxyShape
    148/157 Test #174: TestALUSDMayaPython_ProxyShape ..................   Passed    6.34 sec
            Start 175: TestALUSDMayaPython_Translators
    149/157 Test #162: testUsdExportPointInstancer .....................   Passed   41.03 sec
            Start 176: TestALUSDMayaPython_LayerManager
    150/157 Test #175: TestALUSDMayaPython_Translators .................   Passed    5.61 sec
            Start 177: TestALUSDMayaPython_ImportModule
    151/157 Test #177: TestALUSDMayaPython_ImportModule ................   Passed    1.71 sec
            Start 178: testMayaSchemas
    152/157 Test #178: testMayaSchemas .................................   Passed    0.05 sec
            Start 179: TestAdditionalTranslators
    153/157 Test #176: TestALUSDMayaPython_LayerManager ................   Passed    6.38 sec
            Start 180: TestPxrUsdTranslators
    154/157 Test #180: TestPxrUsdTranslators ...........................   Passed    6.56 sec
    155/157 Test #179: TestAdditionalTranslators .......................   Passed   10.41 sec
    156/157 Test #173: AL_USDMayaTestPlugin ............................   Passed   29.50 sec
    157/157 Test #136: testUsdImportXforms .............................   Passed  108.63 sec
    
    96% tests passed, 7 tests failed out of 156
    
    Label Time Summary:
    Debugging            =   0.00 sec*proc (1 test)
    MayaUsd              = 123.63 sec*proc (6 tests)
    fileio               =  61.80 sec*proc (7 tests)
    fileio_utils         =  10.69 sec*proc (2 tests)
    nodes                =  26.89 sec*proc (5 tests)
    translators          = 609.38 sec*proc (88 tests)
    ufe                  =  48.39 sec*proc (9 tests)
    undo                 =   4.72 sec*proc (1 test)
    usdPreviewSurface    =   8.87 sec*proc (2 tests)
    utils                =   9.91 sec*proc (2 tests)
    
    Total Test time (real) = 279.21 sec
    
    The following tests did not run:
    	  7 - _Interactive_Maya (Disabled)
    
    The following tests FAILED:
    	118 - testUsdImportDisplacement (Failed)
    	127 - testUsdImportPreviewSurface (Failed)
    	131 - testUsdImportUVSetMappings (Failed)
    	133 - testUsdExportImportRoundtripPreviewSurface (Failed)
    	148 - testUsdExportUVSetMappings (Failed)
    	154 - testUsdImportCustomConverter-Maya (Failed)
    	155 - testUsdImportCustomConverter-USD (Failed)
    Errors while running CTest
    
        Building with settings:
          Source directory          /local/S/jenkins/workspace/ecg-mayausd-branch-preflight-2020-osx/ecg-maya-usd/maya-usd
          Workspace directory       /local/S/jenkins/workspace/ecg-mayausd-branch-preflight-2020-osx
          Build directory           /local/S/jenkins/workspace/ecg-mayausd-branch-preflight-2020-osx/build/RelWithDebInfo
          Install directory         /local/S/jenkins/workspace/ecg-mayausd-branch-preflight-2020-osx/install/RelWithDebInfo/MayaUSD
          Variant                   RelWithDebInfo
          Python Debug              Off
          CMake generator           Ninja
          Build arguments           ['-DCMAKE_MAKE_PROGRAM=/local/S/jenkins/workspace/shared/Artifactory/OSX/ninja/1.9.0/41005eb/ninja', '-DPYTHON_INCLUDE_DIR=/local/S/jenkins/workspace/shared/Artifactory/OSX/rundev-2020/202107140359/runtime/446214e/runTime/Maya.app/Contents/Frameworks/Python.framework/Versions/Current/include/python2.7', '-DPython_EXECUTABLE=/local/S/jenkins/workspace/shared/Artifactory/OSX/rundev-2020/202107140359/runtime/446214e/runTime/Maya.app/Contents/bin/mayapy', '-DPYTHON_LIBRARIES=/local/S/jenkins/workspace/shared/Artifactory/OSX/rundev-2020/202107140359/runtime/446214e/runTime/Maya.app/Contents/Frameworks/Python.framework/Versions/Current/lib/libpython2.7.dylib', '-DUSD_LIB_PREFIX=lib', '-DCMAKE_WANT_MATERIALX_BUILD=ON', '-DCMAKE_PREFIX_PATH=/local/S/jenkins/workspace/shared/Artifactory/OSX/USD/73ca68d']
          Stages arguments          ['test']
          CTest arguments           ['-E testUsdReferenceAssemblySelection|testUsdMayaAppDir', '-LE interactive', '--parallel 4']
    #####################################################################################
    log date: 2022-04-22 13:35
    commit sha: 146d86056d6232d688c40fe38bfa1122d1b46460
    commit date: Fri Apr 22 13:22:37 2022 -0700
    #####################################################################################
    
    cmake --build . --config RelWithDebInfo --target install -- -j4
    #####################################################################################
    log date: 2022-04-22 13:36
    commit sha: 146d86056d6232d688c40fe38bfa1122d1b46460
    commit date: Fri Apr 22 13:22:37 2022 -0700
    #####################################################################################
    
    ctest --output-on-failure --timeout 500 -C RelWithDebInfo -E testUsdReferenceAssemblySelection|testUsdMayaAppDir -LE interactive --parallel 4
    
    Traceback (most recent call last):
      File "/local/S/jenkins/workspace/ecg-mayausd-branch-preflight-2020-osx/ecg-maya-usd/maya-usd/build.py", line 607, in <module>
        RunTests(context, context.ctestArgs)
      File "/local/S/jenkins/workspace/ecg-mayausd-branch-preflight-2020-osx/ecg-maya-usd/maya-usd/build.py", line 390, in RunTests
        RunCTest(context,extraArgs)
      File "/local/S/jenkins/workspace/ecg-mayausd-branch-preflight-2020-osx/ecg-maya-usd/maya-usd/build.py", line 301, in RunCTest
        extraArgs=(" ".join(extraArgs) if extraArgs else "")))
      File "/local/S/jenkins/workspace/ecg-mayausd-branch-preflight-2020-osx/ecg-maya-usd/maya-usd/build.py", line 165, in Run
        .format(cmd=cmd, log=os.path.abspath(context.logFileLocation)))
    RuntimeError: Failed to run 'ctest --output-on-failure --timeout 500 -C RelWithDebInfo -E testUsdReferenceAssemblySelection|testUsdMayaAppDir -LE interactive --parallel 4 '
    See /local/S/jenkins/workspace/ecg-mayausd-branch-preflight-2020-osx/build/RelWithDebInfo/build_log.txt for more details.
build.py: error: Command failed with error code: 1
[Pipeline] }
[Pipeline] // withEnv
[Pipeline] }
[Pipeline] // stage
[Pipeline] }
[Pipeline] // timestamps
[Pipeline] }
[Pipeline] // timeout
[Pipeline] emailextrecipients
[Pipeline] echo
No recipients to send notification.
[Pipeline] }
[Pipeline] // node
[Pipeline] End of Pipeline
ERROR: script returned exit code 1
Finished: FAILURE
