================================================================================
                             setup (RelWithDebInfo)
================================================================================
[Pipeline] }
[Pipeline] // withEnv
[Pipeline] }
[Pipeline] // stage
[Pipeline] }
[Pipeline] // timestamps
[Pipeline] }
[Pipeline] // timeout
[Pipeline] timeout
Timeout set to expire in 6 hr 0 min
[Pipeline] {
[Pipeline] timestamps
[Pipeline] {
[Pipeline] stage
[Pipeline] { (Clean)
[Pipeline] withEnv
[Pipeline] {
[Pipeline] sh
[ecg-mayausd-branch-preflight-2020-osx] Running shell script
+ python ecg-maya-usd/build.py --stages=clean --workspace-dir=/local/S/jenkins/workspace/ecg-mayausd-branch-preflight-2020-osx --artifactory-dir=/local/S/jenkins/workspace/shared/Artifactory --build-dir=/local/S/jenkins/workspace/ecg-mayausd-branch-preflight-2020-osx/build --install-dir=/local/S/jenkins/workspace/ecg-mayausd-branch-preflight-2020-osx/install --signing-dir=/local/S/jenkins/workspace/ecg-mayausd-branch-preflight-2020-osx/signing --package-dir=/local/S/jenkins/workspace/ecg-mayausd-branch-preflight-2020-osx/package --output-dir=/local/S/jenkins/workspace/ecg-mayausd-branch-preflight-2020-osx/output --stash-dir=/local/S/jenkins/workspace/ecg-mayausd-branch-preflight-2020-osx/stash --jenkins-build=442 --git-commit=4cbe6e0f05e962749969b3d33f03db99a83b5c28 --git-branch=master --variants=RelWithDebInfo --python=2 --maya-cut-config=maya-rundev-2020.yaml --stage-banner
Using Maya cut from /local/S/jenkins/workspace/shared/Artifactory/OSX/rundev-2020/202004291615/runtime/8fd8f21

================================================================================
                             clean (RelWithDebInfo)
================================================================================
running clean stage....................
Maya Python RelWithDebInfo Info:
  mayapy executable   = /local/S/jenkins/workspace/shared/Artifactory/OSX/rundev-2020/202004291615/runtime/8fd8f21/runTime/Maya.app/Contents/bin/mayapy
  Include Folder      = /local/S/jenkins/workspace/shared/Artifactory/OSX/rundev-2020/202004291615/runtime/8fd8f21/runTime/Maya.app/Contents/Frameworks/Python.framework/Versions/Current/include/python2.7
  Library             = /local/S/jenkins/workspace/shared/Artifactory/OSX/rundev-2020/202004291615/runtime/8fd8f21/runTime/Maya.app/Contents/Frameworks/Python.framework/Versions/Current/lib/libpython2.7.dylib
  site-package Folder = /local/S/jenkins/workspace/shared/Artifactory/OSX/rundev-2020/202004291615/runtime/8fd8f21/runTime/Maya.app/Contents/Frameworks/Python.framework/Versions/Current/lib/python2.7/site-packages
In workdir: /local/S/jenkins/workspace/ecg-mayausd-branch-preflight-2020-osx/ecg-maya-usd/maya-usd
Executing: /local/S/jenkins/workspace/shared/Artifactory/OSX/rundev-2020/202004291615/runtime/8fd8f21/runTime/Maya.app/Contents/bin/mayapy /local/S/jenkins/workspace/ecg-mayausd-branch-preflight-2020-osx/ecg-maya-usd/maya-usd/build.py --generator Ninja --build-relwithdebug --maya-location /local/S/jenkins/workspace/shared/Artifactory/OSX/rundev-2020/202004291615/runtime/8fd8f21/runTime --devkit-location /local/S/jenkins/workspace/shared/Artifactory/OSX/rundev-2020/202004291615/runtime/8fd8f21/devkitBase --pxrusd-location /local/S/jenkins/workspace/shared/Artifactory/OSX/USD/e4a2d3d --qt-location /local/S/jenkins/workspace/shared/Artifactory/OSX/qt/5.12.5/3ca78fe --build-args=-DCMAKE_MAKE_PROGRAM=/local/S/jenkins/workspace/shared/Artifactory/OSX/ninja/1.9.0/41005eb/ninja,-DPYTHON_INCLUDE_DIR=/local/S/jenkins/workspace/shared/Artifactory/OSX/rundev-2020/202004291615/runtime/8fd8f21/runTime/Maya.app/Contents/Frameworks/Python.framework/Versions/Current/include/python2.7,-DPython_EXECUTABLE=/local/S/jenkins/workspace/shared/Artifactory/OSX/rundev-2020/202004291615/runtime/8fd8f21/runTime/Maya.app/Contents/bin/mayapy,-DPYTHON_LIBRARIES=/local/S/jenkins/workspace/shared/Artifactory/OSX/rundev-2020/202004291615/runtime/8fd8f21/runTime/Maya.app/Contents/Frameworks/Python.framework/Versions/Current/lib/libpython2.7.dylib,-DMAYAUSD_TO_USD_RELATIVE_PATH=../USD '--ctest-args=-E testUsdReferenceAssemblySelection|testUsdMayaAppDir|testUsdExportAsClip,-LE interactive,--parallel 12' --stages=clean --redirect-outstream-file=False --install-location /local/S/jenkins/workspace/ecg-mayausd-branch-preflight-2020-osx/install/RelWithDebInfo/MayaUSD /local/S/jenkins/workspace/ecg-mayausd-branch-preflight-2020-osx
Modified environment variables:
    PATH=/local/S/jenkins/workspace/shared/Artifactory/OSX/cmake/3.14.4/e159059/bin:/usr/local/bin:/bin:/usr/sbin:/sbin:/usr/bin
    
        Building with settings:
          Source directory          /local/S/jenkins/workspace/ecg-mayausd-branch-preflight-2020-osx/ecg-maya-usd/maya-usd
          Workspace directory       /local/S/jenkins/workspace/ecg-mayausd-branch-preflight-2020-osx
          Build directory           /local/S/jenkins/workspace/ecg-mayausd-branch-preflight-2020-osx/build/RelWithDebInfo
          Install directory         /local/S/jenkins/workspace/ecg-mayausd-branch-preflight-2020-osx/install/RelWithDebInfo/MayaUSD
          Variant                   RelWithDebInfo
          Python Debug              Off
          CMake generator           Ninja
          Build arguments           ['-DCMAKE_MAKE_PROGRAM=/local/S/jenkins/workspace/shared/Artifactory/OSX/ninja/1.9.0/41005eb/ninja', '-DPYTHON_INCLUDE_DIR=/local/S/jenkins/workspace/shared/Artifactory/OSX/rundev-2020/202004291615/runtime/8fd8f21/runTime/Maya.app/Contents/Frameworks/Python.framework/Versions/Current/include/python2.7', '-DPython_EXECUTABLE=/local/S/jenkins/workspace/shared/Artifactory/OSX/rundev-2020/202004291615/runtime/8fd8f21/runTime/Maya.app/Contents/bin/mayapy', '-DPYTHON_LIBRARIES=/local/S/jenkins/workspace/shared/Artifactory/OSX/rundev-2020/202004291615/runtime/8fd8f21/runTime/Maya.app/Contents/Frameworks/Python.framework/Versions/Current/lib/libpython2.7.dylib', '-DMAYAUSD_TO_USD_RELATIVE_PATH=../USD']
          Stages arguments          ['clean']
          CTest arguments           ['-E testUsdReferenceAssemblySelection|testUsdMayaAppDir|testUsdExportAsClip', '-LE interactive', '--parallel 12']
    Success MayaUSD build and install !!!!
    Elapsed time: 00:00:01
[Pipeline] }
[Pipeline] // withEnv
[Pipeline] }
[Pipeline] // stage
[Pipeline] }
[Pipeline] // timestamps
[Pipeline] }
[Pipeline] // timeout
[Pipeline] timeout
Timeout set to expire in 6 hr 0 min
[Pipeline] {
[Pipeline] timestamps
[Pipeline] {
[Pipeline] stage
[Pipeline] { (Configure)
[Pipeline] withEnv
[Pipeline] {
[Pipeline] sh
[ecg-mayausd-branch-preflight-2020-osx] Running shell script
+ python ecg-maya-usd/build.py --stages=configure --workspace-dir=/local/S/jenkins/workspace/ecg-mayausd-branch-preflight-2020-osx --artifactory-dir=/local/S/jenkins/workspace/shared/Artifactory --build-dir=/local/S/jenkins/workspace/ecg-mayausd-branch-preflight-2020-osx/build --install-dir=/local/S/jenkins/workspace/ecg-mayausd-branch-preflight-2020-osx/install --signing-dir=/local/S/jenkins/workspace/ecg-mayausd-branch-preflight-2020-osx/signing --package-dir=/local/S/jenkins/workspace/ecg-mayausd-branch-preflight-2020-osx/package --output-dir=/local/S/jenkins/workspace/ecg-mayausd-branch-preflight-2020-osx/output --stash-dir=/local/S/jenkins/workspace/ecg-mayausd-branch-preflight-2020-osx/stash --jenkins-build=442 --git-commit=4cbe6e0f05e962749969b3d33f03db99a83b5c28 --git-branch=master --variants=RelWithDebInfo --python=2 --maya-cut-config=maya-rundev-2020.yaml --stage-banner
Using Maya cut from /local/S/jenkins/workspace/shared/Artifactory/OSX/rundev-2020/202004291615/runtime/8fd8f21

================================================================================
                           configure (RelWithDebInfo)
================================================================================
running configure stage....................
Maya Python RelWithDebInfo Info:
  mayapy executable   = /local/S/jenkins/workspace/shared/Artifactory/OSX/rundev-2020/202004291615/runtime/8fd8f21/runTime/Maya.app/Contents/bin/mayapy
  Include Folder      = /local/S/jenkins/workspace/shared/Artifactory/OSX/rundev-2020/202004291615/runtime/8fd8f21/runTime/Maya.app/Contents/Frameworks/Python.framework/Versions/Current/include/python2.7
  Library             = /local/S/jenkins/workspace/shared/Artifactory/OSX/rundev-2020/202004291615/runtime/8fd8f21/runTime/Maya.app/Contents/Frameworks/Python.framework/Versions/Current/lib/libpython2.7.dylib
  site-package Folder = /local/S/jenkins/workspace/shared/Artifactory/OSX/rundev-2020/202004291615/runtime/8fd8f21/runTime/Maya.app/Contents/Frameworks/Python.framework/Versions/Current/lib/python2.7/site-packages
In workdir: /local/S/jenkins/workspace/ecg-mayausd-branch-preflight-2020-osx/ecg-maya-usd/maya-usd
Executing: /local/S/jenkins/workspace/shared/Artifactory/OSX/rundev-2020/202004291615/runtime/8fd8f21/runTime/Maya.app/Contents/bin/mayapy /local/S/jenkins/workspace/ecg-mayausd-branch-preflight-2020-osx/ecg-maya-usd/maya-usd/build.py --generator Ninja --build-relwithdebug --maya-location /local/S/jenkins/workspace/shared/Artifactory/OSX/rundev-2020/202004291615/runtime/8fd8f21/runTime --devkit-location /local/S/jenkins/workspace/shared/Artifactory/OSX/rundev-2020/202004291615/runtime/8fd8f21/devkitBase --pxrusd-location /local/S/jenkins/workspace/shared/Artifactory/OSX/USD/e4a2d3d --qt-location /local/S/jenkins/workspace/shared/Artifactory/OSX/qt/5.12.5/3ca78fe --build-args=-DCMAKE_MAKE_PROGRAM=/local/S/jenkins/workspace/shared/Artifactory/OSX/ninja/1.9.0/41005eb/ninja,-DPYTHON_INCLUDE_DIR=/local/S/jenkins/workspace/shared/Artifactory/OSX/rundev-2020/202004291615/runtime/8fd8f21/runTime/Maya.app/Contents/Frameworks/Python.framework/Versions/Current/include/python2.7,-DPython_EXECUTABLE=/local/S/jenkins/workspace/shared/Artifactory/OSX/rundev-2020/202004291615/runtime/8fd8f21/runTime/Maya.app/Contents/bin/mayapy,-DPYTHON_LIBRARIES=/local/S/jenkins/workspace/shared/Artifactory/OSX/rundev-2020/202004291615/runtime/8fd8f21/runTime/Maya.app/Contents/Frameworks/Python.framework/Versions/Current/lib/libpython2.7.dylib,-DMAYAUSD_TO_USD_RELATIVE_PATH=../USD '--ctest-args=-E testUsdReferenceAssemblySelection|testUsdMayaAppDir|testUsdExportAsClip,-LE interactive,--parallel 12' --stages=configure --redirect-outstream-file=False --install-location /local/S/jenkins/workspace/ecg-mayausd-branch-preflight-2020-osx/install/RelWithDebInfo/MayaUSD /local/S/jenkins/workspace/ecg-mayausd-branch-preflight-2020-osx
Modified environment variables:
    PATH=/local/S/jenkins/workspace/shared/Artifactory/OSX/cmake/3.14.4/e159059/bin:/usr/local/bin:/bin:/usr/sbin:/sbin:/usr/bin
    -- The C compiler identification is AppleClang 10.0.1.10010046
    -- The CXX compiler identification is AppleClang 10.0.1.10010046
    -- Check for working C compiler: /Applications/Xcode.app/Contents/Developer/Toolchains/XcodeDefault.xctoolchain/usr/bin/cc
    -- Check for working C compiler: /Applications/Xcode.app/Contents/Developer/Toolchains/XcodeDefault.xctoolchain/usr/bin/cc -- works
    -- Detecting C compiler ABI info
    -- Detecting C compiler ABI info - done
    -- Detecting C compile features
    -- Detecting C compile features - done
    -- Check for working CXX compiler: /Applications/Xcode.app/Contents/Developer/Toolchains/XcodeDefault.xctoolchain/usr/bin/c++
    -- Check for working CXX compiler: /Applications/Xcode.app/Contents/Developer/Toolchains/XcodeDefault.xctoolchain/usr/bin/c++ -- works
    -- Detecting CXX compiler ABI info
    -- Detecting CXX compiler ABI info - done
    -- Detecting CXX compile features
    -- Detecting CXX compile features - done
    -- Found Python: /local/S/jenkins/workspace/shared/Artifactory/OSX/rundev-2020/202004291615/runtime/8fd8f21/runTime/Maya.app/Contents/bin/mayapy (found suitable exact version "2.7.15") found components:  Interpreter
    -- Build MayaUSD with Python3 = OFF
    --    PYTHON_INCLUDE_DIRS = /local/S/jenkins/workspace/shared/Artifactory/OSX/rundev-2020/202004291615/runtime/8fd8f21/runTime/Maya.app/Contents/Frameworks/Python.framework/Versions/Current/include/python2.7
    --    PYTHON_LIBRARIES    = /local/S/jenkins/workspace/shared/Artifactory/OSX/rundev-2020/202004291615/runtime/8fd8f21/runTime/Maya.app/Contents/Frameworks/Python.framework/Versions/Current/lib/libpython2.7.dylib
    --    Python_EXECUTABLE   = /local/S/jenkins/workspace/shared/Artifactory/OSX/rundev-2020/202004291615/runtime/8fd8f21/runTime/Maya.app/Contents/bin/mayapy
    -- Found Maya: /local/S/jenkins/workspace/shared/Artifactory/OSX/rundev-2020/202004291615/runtime/8fd8f21/runTime/maya.app/Contents/MacOS/Maya (found suitable version "2020", minimum required is "2018")
    -- USD include dir: /local/S/jenkins/workspace/shared/Artifactory/OSX/USD/e4a2d3d/include
    -- USD library dir: /local/S/jenkins/workspace/shared/Artifactory/OSX/USD/e4a2d3d/lib
    -- USD version: 0.20.11
    -- Found USD: /local/S/jenkins/workspace/shared/Artifactory/OSX/USD/e4a2d3d (found version "0.20.11")
    Updated PYTHONPATH: /local/S/jenkins/workspace/shared/Artifactory/OSX/USD/e4a2d3d/lib/python
    -- UFE include dir: /local/S/jenkins/workspace/shared/Artifactory/OSX/rundev-2020/202004291615/runtime/8fd8f21/devkitBase/devkit/ufe/include
    -- UFE library: /local/S/jenkins/workspace/shared/Artifactory/OSX/rundev-2020/202004291615/runtime/8fd8f21/devkitBase/devkit/ufe/lib/libufe_1.dylib
    -- UFE version: 1.0.0
    -- Building with UFE 1.0.0 features enabled.
    -- Building with Qt features enabled.
    -- ========== Installing GoogleTest... ==========
    -- Configuring done
    -- Generating done
    -- Build files have been written to: /local/S/jenkins/workspace/ecg-mayausd-branch-preflight-2020-osx/build/RelWithDebInfo/googletest-config
    [1/8] Creating directories for 'googletest'
    [2/8] Performing download step (git clone) for 'googletest'
    Cloning into 'googletest-src'...
    HEAD is now at 703bd9ca Googletest export
    [3/8] No patch step for 'googletest'
    [4/8] Performing update step for 'googletest'
    [5/8] Performing configure step for 'googletest'
    -- The C compiler identification is AppleClang 10.0.1.10010046
    -- The CXX compiler identification is AppleClang 10.0.1.10010046
    -- Check for working C compiler: /Applications/Xcode.app/Contents/Developer/Toolchains/XcodeDefault.xctoolchain/usr/bin/cc
    -- Check for working C compiler: /Applications/Xcode.app/Contents/Developer/Toolchains/XcodeDefault.xctoolchain/usr/bin/cc -- works
    -- Detecting C compiler ABI info
    -- Detecting C compiler ABI info - done
    -- Detecting C compile features
    -- Detecting C compile features - done
    -- Check for working CXX compiler: /Applications/Xcode.app/Contents/Developer/Toolchains/XcodeDefault.xctoolchain/usr/bin/c++
    -- Check for working CXX compiler: /Applications/Xcode.app/Contents/Developer/Toolchains/XcodeDefault.xctoolchain/usr/bin/c++ -- works
    -- Detecting CXX compiler ABI info
    -- Detecting CXX compiler ABI info - done
    -- Detecting CXX compile features
    -- Detecting CXX compile features - done
    -- Found PythonInterp: /usr/local/bin/python (found version "2.7.15")
    -- Looking for pthread.h
    -- Looking for pthread.h - found
    -- Looking for pthread_create
    -- Looking for pthread_create - found
    -- Found Threads: TRUE
    -- Configuring done
    -- Generating done
    -- Build files have been written to: /local/S/jenkins/workspace/ecg-mayausd-branch-preflight-2020-osx/build/RelWithDebInfo/googletest-build
    [6/8] Performing build step for 'googletest'
    [1/8] Building CXX object googletest/CMakeFiles/gtest_main.dir/src/gtest_main.cc.o
    [2/8] Building CXX object googlemock/CMakeFiles/gmock_main.dir/src/gmock_main.cc.o
    [3/8] Building CXX object googlemock/CMakeFiles/gmock.dir/src/gmock-all.cc.o
    [4/8] Building CXX object googletest/CMakeFiles/gtest.dir/src/gtest-all.cc.o
    [5/8] Linking CXX shared library lib/libgtest.dylib
    [6/8] Linking CXX shared library lib/libgtest_main.dylib
    [7/8] Linking CXX shared library lib/libgmock.dylib
    [8/8] Linking CXX shared library lib/libgmock_main.dylib
    [7/8] Performing install step for 'googletest'
    [0/1] Install the project...
    -- Install configuration: "RelWithDebInfo"
    -- Installing: /local/S/jenkins/workspace/ecg-mayausd-branch-preflight-2020-osx/build/RelWithDebInfo/googletest-install/include
    -- Installing: /local/S/jenkins/workspace/ecg-mayausd-branch-preflight-2020-osx/build/RelWithDebInfo/googletest-install/include/gmock
    -- Installing: /local/S/jenkins/workspace/ecg-mayausd-branch-preflight-2020-osx/build/RelWithDebInfo/googletest-install/include/gmock/gmock-actions.h
    -- Installing: /local/S/jenkins/workspace/ecg-mayausd-branch-preflight-2020-osx/build/RelWithDebInfo/googletest-install/include/gmock/gmock-cardinalities.h
    -- Installing: /local/S/jenkins/workspace/ecg-mayausd-branch-preflight-2020-osx/build/RelWithDebInfo/googletest-install/include/gmock/gmock-function-mocker.h
    -- Installing: /local/S/jenkins/workspace/ecg-mayausd-branch-preflight-2020-osx/build/RelWithDebInfo/googletest-install/include/gmock/gmock-generated-actions.h
    -- Installing: /local/S/jenkins/workspace/ecg-mayausd-branch-preflight-2020-osx/build/RelWithDebInfo/googletest-install/include/gmock/gmock-generated-actions.h.pump
    -- Installing: /local/S/jenkins/workspace/ecg-mayausd-branch-preflight-2020-osx/build/RelWithDebInfo/googletest-install/include/gmock/gmock-generated-function-mockers.h
    -- Installing: /local/S/jenkins/workspace/ecg-mayausd-branch-preflight-2020-osx/build/RelWithDebInfo/googletest-install/include/gmock/gmock-generated-function-mockers.h.pump
    -- Installing: /local/S/jenkins/workspace/ecg-mayausd-branch-preflight-2020-osx/build/RelWithDebInfo/googletest-install/include/gmock/gmock-generated-matchers.h
    -- Installing: /local/S/jenkins/workspace/ecg-mayausd-branch-preflight-2020-osx/build/RelWithDebInfo/googletest-install/include/gmock/gmock-generated-matchers.h.pump
    -- Installing: /local/S/jenkins/workspace/ecg-mayausd-branch-preflight-2020-osx/build/RelWithDebInfo/googletest-install/include/gmock/gmock-matchers.h
    -- Installing: /local/S/jenkins/workspace/ecg-mayausd-branch-preflight-2020-osx/build/RelWithDebInfo/googletest-install/include/gmock/gmock-more-actions.h
    -- Installing: /local/S/jenkins/workspace/ecg-mayausd-branch-preflight-2020-osx/build/RelWithDebInfo/googletest-install/include/gmock/gmock-more-matchers.h
    -- Installing: /local/S/jenkins/workspace/ecg-mayausd-branch-preflight-2020-osx/build/RelWithDebInfo/googletest-install/include/gmock/gmock-nice-strict.h
    -- Installing: /local/S/jenkins/workspace/ecg-mayausd-branch-preflight-2020-osx/build/RelWithDebInfo/googletest-install/include/gmock/gmock-spec-builders.h
    -- Installing: /local/S/jenkins/workspace/ecg-mayausd-branch-preflight-2020-osx/build/RelWithDebInfo/googletest-install/include/gmock/gmock.h
    -- Installing: /local/S/jenkins/workspace/ecg-mayausd-branch-preflight-2020-osx/build/RelWithDebInfo/googletest-install/include/gmock/internal
    -- Installing: /local/S/jenkins/workspace/ecg-mayausd-branch-preflight-2020-osx/build/RelWithDebInfo/googletest-install/include/gmock/internal/custom
    -- Installing: /local/S/jenkins/workspace/ecg-mayausd-branch-preflight-2020-osx/build/RelWithDebInfo/googletest-install/include/gmock/internal/custom/gmock-generated-actions.h
    -- Installing: /local/S/jenkins/workspace/ecg-mayausd-branch-preflight-2020-osx/build/RelWithDebInfo/googletest-install/include/gmock/internal/custom/gmock-generated-actions.h.pump
    -- Installing: /local/S/jenkins/workspace/ecg-mayausd-branch-preflight-2020-osx/build/RelWithDebInfo/googletest-install/include/gmock/internal/custom/gmock-matchers.h
    -- Installing: /local/S/jenkins/workspace/ecg-mayausd-branch-preflight-2020-osx/build/RelWithDebInfo/googletest-install/include/gmock/internal/custom/gmock-port.h
    -- Installing: /local/S/jenkins/workspace/ecg-mayausd-branch-preflight-2020-osx/build/RelWithDebInfo/googletest-install/include/gmock/internal/custom/README.md
    -- Installing: /local/S/jenkins/workspace/ecg-mayausd-branch-preflight-2020-osx/build/RelWithDebInfo/googletest-install/include/gmock/internal/gmock-internal-utils.h
    -- Installing: /local/S/jenkins/workspace/ecg-mayausd-branch-preflight-2020-osx/build/RelWithDebInfo/googletest-install/include/gmock/internal/gmock-port.h
    -- Installing: /local/S/jenkins/workspace/ecg-mayausd-branch-preflight-2020-osx/build/RelWithDebInfo/googletest-install/include/gmock/internal/gmock-pp.h
    -- Installing: /local/S/jenkins/workspace/ecg-mayausd-branch-preflight-2020-osx/build/RelWithDebInfo/googletest-install/lib/libgmock.dylib
    -- Installing: /local/S/jenkins/workspace/ecg-mayausd-branch-preflight-2020-osx/build/RelWithDebInfo/googletest-install/lib/libgmock_main.dylib
    -- Installing: /local/S/jenkins/workspace/ecg-mayausd-branch-preflight-2020-osx/build/RelWithDebInfo/googletest-install/lib/pkgconfig/gmock.pc
    -- Installing: /local/S/jenkins/workspace/ecg-mayausd-branch-preflight-2020-osx/build/RelWithDebInfo/googletest-install/lib/pkgconfig/gmock_main.pc
    -- Installing: /local/S/jenkins/workspace/ecg-mayausd-branch-preflight-2020-osx/build/RelWithDebInfo/googletest-install/lib/cmake/GTest/GTestTargets.cmake
    -- Installing: /local/S/jenkins/workspace/ecg-mayausd-branch-preflight-2020-osx/build/RelWithDebInfo/googletest-install/lib/cmake/GTest/GTestTargets-relwithdebinfo.cmake
    -- Installing: /local/S/jenkins/workspace/ecg-mayausd-branch-preflight-2020-osx/build/RelWithDebInfo/googletest-install/lib/cmake/GTest/GTestConfigVersion.cmake
    -- Installing: /local/S/jenkins/workspace/ecg-mayausd-branch-preflight-2020-osx/build/RelWithDebInfo/googletest-install/lib/cmake/GTest/GTestConfig.cmake
    -- Up-to-date: /local/S/jenkins/workspace/ecg-mayausd-branch-preflight-2020-osx/build/RelWithDebInfo/googletest-install/include
    -- Installing: /local/S/jenkins/workspace/ecg-mayausd-branch-preflight-2020-osx/build/RelWithDebInfo/googletest-install/include/gtest
    -- Installing: /local/S/jenkins/workspace/ecg-mayausd-branch-preflight-2020-osx/build/RelWithDebInfo/googletest-install/include/gtest/gtest-death-test.h
    -- Installing: /local/S/jenkins/workspace/ecg-mayausd-branch-preflight-2020-osx/build/RelWithDebInfo/googletest-install/include/gtest/gtest-matchers.h
    -- Installing: /local/S/jenkins/workspace/ecg-mayausd-branch-preflight-2020-osx/build/RelWithDebInfo/googletest-install/include/gtest/gtest-message.h
    -- Installing: /local/S/jenkins/workspace/ecg-mayausd-branch-preflight-2020-osx/build/RelWithDebInfo/googletest-install/include/gtest/gtest-param-test.h
    -- Installing: /local/S/jenkins/workspace/ecg-mayausd-branch-preflight-2020-osx/build/RelWithDebInfo/googletest-install/include/gtest/gtest-printers.h
    -- Installing: /local/S/jenkins/workspace/ecg-mayausd-branch-preflight-2020-osx/build/RelWithDebInfo/googletest-install/include/gtest/gtest-spi.h
    -- Installing: /local/S/jenkins/workspace/ecg-mayausd-branch-preflight-2020-osx/build/RelWithDebInfo/googletest-install/include/gtest/gtest-test-part.h
    -- Installing: /local/S/jenkins/workspace/ecg-mayausd-branch-preflight-2020-osx/build/RelWithDebInfo/googletest-install/include/gtest/gtest-typed-test.h
    -- Installing: /local/S/jenkins/workspace/ecg-mayausd-branch-preflight-2020-osx/build/RelWithDebInfo/googletest-install/include/gtest/gtest.h
    -- Installing: /local/S/jenkins/workspace/ecg-mayausd-branch-preflight-2020-osx/build/RelWithDebInfo/googletest-install/include/gtest/gtest_pred_impl.h
    -- Installing: /local/S/jenkins/workspace/ecg-mayausd-branch-preflight-2020-osx/build/RelWithDebInfo/googletest-install/include/gtest/gtest_prod.h
    -- Installing: /local/S/jenkins/workspace/ecg-mayausd-branch-preflight-2020-osx/build/RelWithDebInfo/googletest-install/include/gtest/internal
    -- Installing: /local/S/jenkins/workspace/ecg-mayausd-branch-preflight-2020-osx/build/RelWithDebInfo/googletest-install/include/gtest/internal/custom
    -- Installing: /local/S/jenkins/workspace/ecg-mayausd-branch-preflight-2020-osx/build/RelWithDebInfo/googletest-install/include/gtest/internal/custom/gtest-port.h
    -- Installing: /local/S/jenkins/workspace/ecg-mayausd-branch-preflight-2020-osx/build/RelWithDebInfo/googletest-install/include/gtest/internal/custom/gtest-printers.h
    -- Installing: /local/S/jenkins/workspace/ecg-mayausd-branch-preflight-2020-osx/build/RelWithDebInfo/googletest-install/include/gtest/internal/custom/gtest.h
    -- Installing: /local/S/jenkins/workspace/ecg-mayausd-branch-preflight-2020-osx/build/RelWithDebInfo/googletest-install/include/gtest/internal/custom/README.md
    -- Installing: /local/S/jenkins/workspace/ecg-mayausd-branch-preflight-2020-osx/build/RelWithDebInfo/googletest-install/include/gtest/internal/gtest-death-test-internal.h
    -- Installing: /local/S/jenkins/workspace/ecg-mayausd-branch-preflight-2020-osx/build/RelWithDebInfo/googletest-install/include/gtest/internal/gtest-filepath.h
    -- Installing: /local/S/jenkins/workspace/ecg-mayausd-branch-preflight-2020-osx/build/RelWithDebInfo/googletest-install/include/gtest/internal/gtest-internal.h
    -- Installing: /local/S/jenkins/workspace/ecg-mayausd-branch-preflight-2020-osx/build/RelWithDebInfo/googletest-install/include/gtest/internal/gtest-param-util.h
    -- Installing: /local/S/jenkins/workspace/ecg-mayausd-branch-preflight-2020-osx/build/RelWithDebInfo/googletest-install/include/gtest/internal/gtest-port-arch.h
    -- Installing: /local/S/jenkins/workspace/ecg-mayausd-branch-preflight-2020-osx/build/RelWithDebInfo/googletest-install/include/gtest/internal/gtest-port.h
    -- Installing: /local/S/jenkins/workspace/ecg-mayausd-branch-preflight-2020-osx/build/RelWithDebInfo/googletest-install/include/gtest/internal/gtest-string.h
    -- Installing: /local/S/jenkins/workspace/ecg-mayausd-branch-preflight-2020-osx/build/RelWithDebInfo/googletest-install/include/gtest/internal/gtest-type-util.h
    -- Installing: /local/S/jenkins/workspace/ecg-mayausd-branch-preflight-2020-osx/build/RelWithDebInfo/googletest-install/include/gtest/internal/gtest-type-util.h.pump
    -- Installing: /local/S/jenkins/workspace/ecg-mayausd-branch-preflight-2020-osx/build/RelWithDebInfo/googletest-install/lib/libgtest.dylib
    -- Installing: /local/S/jenkins/workspace/ecg-mayausd-branch-preflight-2020-osx/build/RelWithDebInfo/googletest-install/lib/libgtest_main.dylib
    -- Installing: /local/S/jenkins/workspace/ecg-mayausd-branch-preflight-2020-osx/build/RelWithDebInfo/googletest-install/lib/pkgconfig/gtest.pc
    -- Installing: /local/S/jenkins/workspace/ecg-mayausd-branch-preflight-2020-osx/build/RelWithDebInfo/googletest-install/lib/pkgconfig/gtest_main.pc
    [8/8] Completed 'googletest'
    -- ========== ...  GoogleTest installed. ==========
    -- Boost version: 1.61.0
    -- Found the following Boost libraries:
    --   filesystem
    --   system
    -- promoting: /local/S/jenkins/workspace/ecg-mayausd-branch-preflight-2020-osx/ecg-maya-usd/maya-usd/lib/mayaUsd/base/mayaUsd.h.src
    -- promoting: /local/S/jenkins/workspace/ecg-mayausd-branch-preflight-2020-osx/ecg-maya-usd/maya-usd/lib/mayaUsd/base/api.h
    -- promoting: /local/S/jenkins/workspace/ecg-mayausd-branch-preflight-2020-osx/ecg-maya-usd/maya-usd/lib/mayaUsd/base/debugCodes.h
    -- promoting: /local/S/jenkins/workspace/ecg-mayausd-branch-preflight-2020-osx/ecg-maya-usd/maya-usd/lib/mayaUsd/base/id.h
    -- promoting: /local/S/jenkins/workspace/ecg-mayausd-branch-preflight-2020-osx/ecg-maya-usd/maya-usd/lib/mayaUsd/base/syncId.h
    -- promoting: /local/S/jenkins/workspace/ecg-mayausd-branch-preflight-2020-osx/ecg-maya-usd/maya-usd/lib/mayaUsd/base/tokens.h
    -- promoting: /local/S/jenkins/workspace/ecg-mayausd-branch-preflight-2020-osx/ecg-maya-usd/maya-usd/lib/mayaUsd/commands/baseExportCommand.h
    -- promoting: /local/S/jenkins/workspace/ecg-mayausd-branch-preflight-2020-osx/ecg-maya-usd/maya-usd/lib/mayaUsd/commands/baseImportCommand.h
    -- promoting: /local/S/jenkins/workspace/ecg-mayausd-branch-preflight-2020-osx/ecg-maya-usd/maya-usd/lib/mayaUsd/commands/baseListShadingModesCommand.h
    -- promoting: /local/S/jenkins/workspace/ecg-mayausd-branch-preflight-2020-osx/ecg-maya-usd/maya-usd/lib/mayaUsd/commands/editTargetCommand.h
    -- promoting: /local/S/jenkins/workspace/ecg-mayausd-branch-preflight-2020-osx/ecg-maya-usd/maya-usd/lib/mayaUsd/commands/layerEditorCommand.h
    -- promoting: /local/S/jenkins/workspace/ecg-mayausd-branch-preflight-2020-osx/ecg-maya-usd/maya-usd/lib/mayaUsd/fileio/fallbackPrimReader.h
    -- promoting: /local/S/jenkins/workspace/ecg-mayausd-branch-preflight-2020-osx/ecg-maya-usd/maya-usd/lib/mayaUsd/fileio/functorPrimReader.h
    -- promoting: /local/S/jenkins/workspace/ecg-mayausd-branch-preflight-2020-osx/ecg-maya-usd/maya-usd/lib/mayaUsd/fileio/functorPrimWriter.h
    -- promoting: /local/S/jenkins/workspace/ecg-mayausd-branch-preflight-2020-osx/ecg-maya-usd/maya-usd/lib/mayaUsd/fileio/importData.h
    -- promoting: /local/S/jenkins/workspace/ecg-mayausd-branch-preflight-2020-osx/ecg-maya-usd/maya-usd/lib/mayaUsd/fileio/instancedNodeWriter.h
    -- promoting: /local/S/jenkins/workspace/ecg-mayausd-branch-preflight-2020-osx/ecg-maya-usd/maya-usd/lib/mayaUsd/fileio/primReader.h
    -- promoting: /local/S/jenkins/workspace/ecg-mayausd-branch-preflight-2020-osx/ecg-maya-usd/maya-usd/lib/mayaUsd/fileio/primReaderArgs.h
    -- promoting: /local/S/jenkins/workspace/ecg-mayausd-branch-preflight-2020-osx/ecg-maya-usd/maya-usd/lib/mayaUsd/fileio/primReaderContext.h
    -- promoting: /local/S/jenkins/workspace/ecg-mayausd-branch-preflight-2020-osx/ecg-maya-usd/maya-usd/lib/mayaUsd/fileio/primReaderRegistry.h
    -- promoting: /local/S/jenkins/workspace/ecg-mayausd-branch-preflight-2020-osx/ecg-maya-usd/maya-usd/lib/mayaUsd/fileio/primUpdater.h
    -- promoting: /local/S/jenkins/workspace/ecg-mayausd-branch-preflight-2020-osx/ecg-maya-usd/maya-usd/lib/mayaUsd/fileio/primUpdaterContext.h
    -- promoting: /local/S/jenkins/workspace/ecg-mayausd-branch-preflight-2020-osx/ecg-maya-usd/maya-usd/lib/mayaUsd/fileio/primUpdaterRegistry.h
    -- promoting: /local/S/jenkins/workspace/ecg-mayausd-branch-preflight-2020-osx/ecg-maya-usd/maya-usd/lib/mayaUsd/fileio/primWriter.h
    -- promoting: /local/S/jenkins/workspace/ecg-mayausd-branch-preflight-2020-osx/ecg-maya-usd/maya-usd/lib/mayaUsd/fileio/primWriterArgs.h
    -- promoting: /local/S/jenkins/workspace/ecg-mayausd-branch-preflight-2020-osx/ecg-maya-usd/maya-usd/lib/mayaUsd/fileio/primWriterContext.h
    -- promoting: /local/S/jenkins/workspace/ecg-mayausd-branch-preflight-2020-osx/ecg-maya-usd/maya-usd/lib/mayaUsd/fileio/primWriterRegistry.h
    -- promoting: /local/S/jenkins/workspace/ecg-mayausd-branch-preflight-2020-osx/ecg-maya-usd/maya-usd/lib/mayaUsd/fileio/registryHelper.h
    -- promoting: /local/S/jenkins/workspace/ecg-mayausd-branch-preflight-2020-osx/ecg-maya-usd/maya-usd/lib/mayaUsd/fileio/shaderReader.h
    -- promoting: /local/S/jenkins/workspace/ecg-mayausd-branch-preflight-2020-osx/ecg-maya-usd/maya-usd/lib/mayaUsd/fileio/shaderReaderRegistry.h
    -- promoting: /local/S/jenkins/workspace/ecg-mayausd-branch-preflight-2020-osx/ecg-maya-usd/maya-usd/lib/mayaUsd/fileio/shaderWriter.h
    -- promoting: /local/S/jenkins/workspace/ecg-mayausd-branch-preflight-2020-osx/ecg-maya-usd/maya-usd/lib/mayaUsd/fileio/shaderWriterRegistry.h
    -- promoting: /local/S/jenkins/workspace/ecg-mayausd-branch-preflight-2020-osx/ecg-maya-usd/maya-usd/lib/mayaUsd/fileio/transformWriter.h
    -- promoting: /local/S/jenkins/workspace/ecg-mayausd-branch-preflight-2020-osx/ecg-maya-usd/maya-usd/lib/mayaUsd/fileio/writeJobContext.h
    -- promoting: /local/S/jenkins/workspace/ecg-mayausd-branch-preflight-2020-osx/ecg-maya-usd/maya-usd/lib/mayaUsd/fileio/chaser/chaser.h
    -- promoting: /local/S/jenkins/workspace/ecg-mayausd-branch-preflight-2020-osx/ecg-maya-usd/maya-usd/lib/mayaUsd/fileio/chaser/chaserRegistry.h
    -- promoting: /local/S/jenkins/workspace/ecg-mayausd-branch-preflight-2020-osx/ecg-maya-usd/maya-usd/lib/mayaUsd/fileio/jobs/jobArgs.h
    -- promoting: /local/S/jenkins/workspace/ecg-mayausd-branch-preflight-2020-osx/ecg-maya-usd/maya-usd/lib/mayaUsd/fileio/jobs/modelKindProcessor.h
    -- promoting: /local/S/jenkins/workspace/ecg-mayausd-branch-preflight-2020-osx/ecg-maya-usd/maya-usd/lib/mayaUsd/fileio/jobs/readJob.h
    -- promoting: /local/S/jenkins/workspace/ecg-mayausd-branch-preflight-2020-osx/ecg-maya-usd/maya-usd/lib/mayaUsd/fileio/jobs/writeJob.h
    -- promoting: /local/S/jenkins/workspace/ecg-mayausd-branch-preflight-2020-osx/ecg-maya-usd/maya-usd/lib/mayaUsd/fileio/shading/rfmShaderMap.h
    -- promoting: /local/S/jenkins/workspace/ecg-mayausd-branch-preflight-2020-osx/ecg-maya-usd/maya-usd/lib/mayaUsd/fileio/shading/shadingModeExporter.h
    -- promoting: /local/S/jenkins/workspace/ecg-mayausd-branch-preflight-2020-osx/ecg-maya-usd/maya-usd/lib/mayaUsd/fileio/shading/shadingModeExporterContext.h
    -- promoting: /local/S/jenkins/workspace/ecg-mayausd-branch-preflight-2020-osx/ecg-maya-usd/maya-usd/lib/mayaUsd/fileio/shading/shadingModeImporter.h
    -- promoting: /local/S/jenkins/workspace/ecg-mayausd-branch-preflight-2020-osx/ecg-maya-usd/maya-usd/lib/mayaUsd/fileio/shading/shadingModeRegistry.h
    -- promoting: /local/S/jenkins/workspace/ecg-mayausd-branch-preflight-2020-osx/ecg-maya-usd/maya-usd/lib/mayaUsd/fileio/shading/symmetricShaderReader.h
    -- promoting: /local/S/jenkins/workspace/ecg-mayausd-branch-preflight-2020-osx/ecg-maya-usd/maya-usd/lib/mayaUsd/fileio/shading/symmetricShaderWriter.h
    -- promoting: /local/S/jenkins/workspace/ecg-mayausd-branch-preflight-2020-osx/ecg-maya-usd/maya-usd/lib/mayaUsd/fileio/translators/skelBindingsProcessor.h
    -- promoting: /local/S/jenkins/workspace/ecg-mayausd-branch-preflight-2020-osx/ecg-maya-usd/maya-usd/lib/mayaUsd/fileio/translators/translatorCamera.h
    -- promoting: /local/S/jenkins/workspace/ecg-mayausd-branch-preflight-2020-osx/ecg-maya-usd/maya-usd/lib/mayaUsd/fileio/translators/translatorCurves.h
    -- promoting: /local/S/jenkins/workspace/ecg-mayausd-branch-preflight-2020-osx/ecg-maya-usd/maya-usd/lib/mayaUsd/fileio/translators/translatorGprim.h
    -- promoting: /local/S/jenkins/workspace/ecg-mayausd-branch-preflight-2020-osx/ecg-maya-usd/maya-usd/lib/mayaUsd/fileio/translators/translatorMaterial.h
    -- promoting: /local/S/jenkins/workspace/ecg-mayausd-branch-preflight-2020-osx/ecg-maya-usd/maya-usd/lib/mayaUsd/fileio/translators/translatorMayaReference.h
    -- promoting: /local/S/jenkins/workspace/ecg-mayausd-branch-preflight-2020-osx/ecg-maya-usd/maya-usd/lib/mayaUsd/fileio/translators/translatorMesh.h
    -- promoting: /local/S/jenkins/workspace/ecg-mayausd-branch-preflight-2020-osx/ecg-maya-usd/maya-usd/lib/mayaUsd/fileio/translators/translatorNurbsPatch.h
    -- promoting: /local/S/jenkins/workspace/ecg-mayausd-branch-preflight-2020-osx/ecg-maya-usd/maya-usd/lib/mayaUsd/fileio/translators/translatorPrim.h
    -- promoting: /local/S/jenkins/workspace/ecg-mayausd-branch-preflight-2020-osx/ecg-maya-usd/maya-usd/lib/mayaUsd/fileio/translators/translatorRfMLight.h
    -- promoting: /local/S/jenkins/workspace/ecg-mayausd-branch-preflight-2020-osx/ecg-maya-usd/maya-usd/lib/mayaUsd/fileio/translators/translatorSkel.h
    -- promoting: /local/S/jenkins/workspace/ecg-mayausd-branch-preflight-2020-osx/ecg-maya-usd/maya-usd/lib/mayaUsd/fileio/translators/translatorUtil.h
    -- promoting: /local/S/jenkins/workspace/ecg-mayausd-branch-preflight-2020-osx/ecg-maya-usd/maya-usd/lib/mayaUsd/fileio/translators/translatorXformable.h
    -- promoting: /local/S/jenkins/workspace/ecg-mayausd-branch-preflight-2020-osx/ecg-maya-usd/maya-usd/lib/mayaUsd/fileio/utils/adaptor.h
    -- promoting: /local/S/jenkins/workspace/ecg-mayausd-branch-preflight-2020-osx/ecg-maya-usd/maya-usd/lib/mayaUsd/fileio/utils/jointWriteUtils.h
    -- promoting: /local/S/jenkins/workspace/ecg-mayausd-branch-preflight-2020-osx/ecg-maya-usd/maya-usd/lib/mayaUsd/fileio/utils/meshReadUtils.h
    -- promoting: /local/S/jenkins/workspace/ecg-mayausd-branch-preflight-2020-osx/ecg-maya-usd/maya-usd/lib/mayaUsd/fileio/utils/meshWriteUtils.h
    -- promoting: /local/S/jenkins/workspace/ecg-mayausd-branch-preflight-2020-osx/ecg-maya-usd/maya-usd/lib/mayaUsd/fileio/utils/readUtil.h
    -- promoting: /local/S/jenkins/workspace/ecg-mayausd-branch-preflight-2020-osx/ecg-maya-usd/maya-usd/lib/mayaUsd/fileio/utils/roundTripUtil.h
    -- promoting: /local/S/jenkins/workspace/ecg-mayausd-branch-preflight-2020-osx/ecg-maya-usd/maya-usd/lib/mayaUsd/fileio/utils/shadingUtil.h
    -- promoting: /local/S/jenkins/workspace/ecg-mayausd-branch-preflight-2020-osx/ecg-maya-usd/maya-usd/lib/mayaUsd/fileio/utils/userTaggedAttribute.h
    -- promoting: /local/S/jenkins/workspace/ecg-mayausd-branch-preflight-2020-osx/ecg-maya-usd/maya-usd/lib/mayaUsd/fileio/utils/writeUtil.h
    -- promoting: /local/S/jenkins/workspace/ecg-mayausd-branch-preflight-2020-osx/ecg-maya-usd/maya-usd/lib/mayaUsd/fileio/utils/xformStack.h
    -- promoting: /local/S/jenkins/workspace/ecg-mayausd-branch-preflight-2020-osx/ecg-maya-usd/maya-usd/lib/mayaUsd/listeners/notice.h
    -- promoting: /local/S/jenkins/workspace/ecg-mayausd-branch-preflight-2020-osx/ecg-maya-usd/maya-usd/lib/mayaUsd/listeners/proxyShapeNotice.h
    -- promoting: /local/S/jenkins/workspace/ecg-mayausd-branch-preflight-2020-osx/ecg-maya-usd/maya-usd/lib/mayaUsd/listeners/stageNoticeListener.h
    -- promoting: /local/S/jenkins/workspace/ecg-mayausd-branch-preflight-2020-osx/ecg-maya-usd/maya-usd/lib/mayaUsd/nodes/hdImagingShape.h
    -- promoting: /local/S/jenkins/workspace/ecg-mayausd-branch-preflight-2020-osx/ecg-maya-usd/maya-usd/lib/mayaUsd/nodes/pointBasedDeformerNode.h
    -- promoting: /local/S/jenkins/workspace/ecg-mayausd-branch-preflight-2020-osx/ecg-maya-usd/maya-usd/lib/mayaUsd/nodes/proxyAccessor.h
    -- promoting: /local/S/jenkins/workspace/ecg-mayausd-branch-preflight-2020-osx/ecg-maya-usd/maya-usd/lib/mayaUsd/nodes/proxyShapeBase.h
    -- promoting: /local/S/jenkins/workspace/ecg-mayausd-branch-preflight-2020-osx/ecg-maya-usd/maya-usd/lib/mayaUsd/nodes/proxyShapePlugin.h
    -- promoting: /local/S/jenkins/workspace/ecg-mayausd-branch-preflight-2020-osx/ecg-maya-usd/maya-usd/lib/mayaUsd/nodes/proxyStageProvider.h
    -- promoting: /local/S/jenkins/workspace/ecg-mayausd-branch-preflight-2020-osx/ecg-maya-usd/maya-usd/lib/mayaUsd/nodes/stageData.h
    -- promoting: /local/S/jenkins/workspace/ecg-mayausd-branch-preflight-2020-osx/ecg-maya-usd/maya-usd/lib/mayaUsd/nodes/stageNode.h
    -- promoting: /local/S/jenkins/workspace/ecg-mayausd-branch-preflight-2020-osx/ecg-maya-usd/maya-usd/lib/mayaUsd/nodes/usdPrimProvider.h
    -- promoting: /local/S/jenkins/workspace/ecg-mayausd-branch-preflight-2020-osx/ecg-maya-usd/maya-usd/lib/mayaUsd/render/px_vp20/glslProgram.h
    -- promoting: /local/S/jenkins/workspace/ecg-mayausd-branch-preflight-2020-osx/ecg-maya-usd/maya-usd/lib/mayaUsd/render/px_vp20/utils.h
    -- promoting: /local/S/jenkins/workspace/ecg-mayausd-branch-preflight-2020-osx/ecg-maya-usd/maya-usd/lib/mayaUsd/render/px_vp20/utils_legacy.h
    -- promoting: /local/S/jenkins/workspace/ecg-mayausd-branch-preflight-2020-osx/ecg-maya-usd/maya-usd/lib/mayaUsd/render/pxrUsdMayaGL/batchRenderer.h
    -- promoting: /local/S/jenkins/workspace/ecg-mayausd-branch-preflight-2020-osx/ecg-maya-usd/maya-usd/lib/mayaUsd/render/pxrUsdMayaGL/debugCodes.h
    -- promoting: /local/S/jenkins/workspace/ecg-mayausd-branch-preflight-2020-osx/ecg-maya-usd/maya-usd/lib/mayaUsd/render/pxrUsdMayaGL/hdImagingShapeDrawOverride.h
    -- promoting: /local/S/jenkins/workspace/ecg-mayausd-branch-preflight-2020-osx/ecg-maya-usd/maya-usd/lib/mayaUsd/render/pxrUsdMayaGL/hdImagingShapeUI.h
    -- promoting: /local/S/jenkins/workspace/ecg-mayausd-branch-preflight-2020-osx/ecg-maya-usd/maya-usd/lib/mayaUsd/render/pxrUsdMayaGL/instancerImager.h
    -- promoting: /local/S/jenkins/workspace/ecg-mayausd-branch-preflight-2020-osx/ecg-maya-usd/maya-usd/lib/mayaUsd/render/pxrUsdMayaGL/instancerShapeAdapter.h
    -- promoting: /local/S/jenkins/workspace/ecg-mayausd-branch-preflight-2020-osx/ecg-maya-usd/maya-usd/lib/mayaUsd/render/pxrUsdMayaGL/proxyDrawOverride.h
    -- promoting: /local/S/jenkins/workspace/ecg-mayausd-branch-preflight-2020-osx/ecg-maya-usd/maya-usd/lib/mayaUsd/render/pxrUsdMayaGL/proxyShapeUI.h
    -- promoting: /local/S/jenkins/workspace/ecg-mayausd-branch-preflight-2020-osx/ecg-maya-usd/maya-usd/lib/mayaUsd/render/pxrUsdMayaGL/renderParams.h
    -- promoting: /local/S/jenkins/workspace/ecg-mayausd-branch-preflight-2020-osx/ecg-maya-usd/maya-usd/lib/mayaUsd/render/pxrUsdMayaGL/sceneDelegate.h
    -- promoting: /local/S/jenkins/workspace/ecg-mayausd-branch-preflight-2020-osx/ecg-maya-usd/maya-usd/lib/mayaUsd/render/pxrUsdMayaGL/shapeAdapter.h
    -- promoting: /local/S/jenkins/workspace/ecg-mayausd-branch-preflight-2020-osx/ecg-maya-usd/maya-usd/lib/mayaUsd/render/pxrUsdMayaGL/softSelectHelper.h
    -- promoting: /local/S/jenkins/workspace/ecg-mayausd-branch-preflight-2020-osx/ecg-maya-usd/maya-usd/lib/mayaUsd/render/pxrUsdMayaGL/usdProxyShapeAdapter.h
    -- promoting: /local/S/jenkins/workspace/ecg-mayausd-branch-preflight-2020-osx/ecg-maya-usd/maya-usd/lib/mayaUsd/render/pxrUsdMayaGL/userData.h
    -- promoting: /local/S/jenkins/workspace/ecg-mayausd-branch-preflight-2020-osx/ecg-maya-usd/maya-usd/lib/mayaUsd/render/vp2RenderDelegate/proxyRenderDelegate.h
    -- promoting: /local/S/jenkins/workspace/ecg-mayausd-branch-preflight-2020-osx/ecg-maya-usd/maya-usd/lib/mayaUsd/render/vp2ShaderFragments/shaderFragments.h
    -- promoting: /local/S/jenkins/workspace/ecg-mayausd-branch-preflight-2020-osx/ecg-maya-usd/maya-usd/lib/mayaUsd/ufe/Global.h
    -- promoting: /local/S/jenkins/workspace/ecg-mayausd-branch-preflight-2020-osx/ecg-maya-usd/maya-usd/lib/mayaUsd/ufe/ProxyShapeHandler.h
    -- promoting: /local/S/jenkins/workspace/ecg-mayausd-branch-preflight-2020-osx/ecg-maya-usd/maya-usd/lib/mayaUsd/ufe/ProxyShapeHierarchy.h
    -- promoting: /local/S/jenkins/workspace/ecg-mayausd-branch-preflight-2020-osx/ecg-maya-usd/maya-usd/lib/mayaUsd/ufe/ProxyShapeHierarchyHandler.h
    -- promoting: /local/S/jenkins/workspace/ecg-mayausd-branch-preflight-2020-osx/ecg-maya-usd/maya-usd/lib/mayaUsd/ufe/StagesSubject.h
    -- promoting: /local/S/jenkins/workspace/ecg-mayausd-branch-preflight-2020-osx/ecg-maya-usd/maya-usd/lib/mayaUsd/ufe/UsdHierarchy.h
    -- promoting: /local/S/jenkins/workspace/ecg-mayausd-branch-preflight-2020-osx/ecg-maya-usd/maya-usd/lib/mayaUsd/ufe/UsdHierarchyHandler.h
    -- promoting: /local/S/jenkins/workspace/ecg-mayausd-branch-preflight-2020-osx/ecg-maya-usd/maya-usd/lib/mayaUsd/ufe/UsdRootChildHierarchy.h
    -- promoting: /local/S/jenkins/workspace/ecg-mayausd-branch-preflight-2020-osx/ecg-maya-usd/maya-usd/lib/mayaUsd/ufe/UsdRotatePivotTranslateUndoableCommand.h
    -- promoting: /local/S/jenkins/workspace/ecg-mayausd-branch-preflight-2020-osx/ecg-maya-usd/maya-usd/lib/mayaUsd/ufe/UsdRotateUndoableCommand.h
    -- promoting: /local/S/jenkins/workspace/ecg-mayausd-branch-preflight-2020-osx/ecg-maya-usd/maya-usd/lib/mayaUsd/ufe/UsdScaleUndoableCommand.h
    -- promoting: /local/S/jenkins/workspace/ecg-mayausd-branch-preflight-2020-osx/ecg-maya-usd/maya-usd/lib/mayaUsd/ufe/UsdSceneItem.h
    -- promoting: /local/S/jenkins/workspace/ecg-mayausd-branch-preflight-2020-osx/ecg-maya-usd/maya-usd/lib/mayaUsd/ufe/UsdSceneItemOps.h
    -- promoting: /local/S/jenkins/workspace/ecg-mayausd-branch-preflight-2020-osx/ecg-maya-usd/maya-usd/lib/mayaUsd/ufe/UsdSceneItemOpsHandler.h
    -- promoting: /local/S/jenkins/workspace/ecg-mayausd-branch-preflight-2020-osx/ecg-maya-usd/maya-usd/lib/mayaUsd/ufe/UsdStageMap.h
    -- promoting: /local/S/jenkins/workspace/ecg-mayausd-branch-preflight-2020-osx/ecg-maya-usd/maya-usd/lib/mayaUsd/ufe/UsdTRSUndoableCommandBase.h
    -- promoting: /local/S/jenkins/workspace/ecg-mayausd-branch-preflight-2020-osx/ecg-maya-usd/maya-usd/lib/mayaUsd/ufe/UsdTransform3d.h
    -- promoting: /local/S/jenkins/workspace/ecg-mayausd-branch-preflight-2020-osx/ecg-maya-usd/maya-usd/lib/mayaUsd/ufe/UsdTransform3dHandler.h
    -- promoting: /local/S/jenkins/workspace/ecg-mayausd-branch-preflight-2020-osx/ecg-maya-usd/maya-usd/lib/mayaUsd/ufe/UsdTranslateUndoableCommand.h
    -- promoting: /local/S/jenkins/workspace/ecg-mayausd-branch-preflight-2020-osx/ecg-maya-usd/maya-usd/lib/mayaUsd/ufe/UsdUndoDeleteCommand.h
    -- promoting: /local/S/jenkins/workspace/ecg-mayausd-branch-preflight-2020-osx/ecg-maya-usd/maya-usd/lib/mayaUsd/ufe/UsdUndoDuplicateCommand.h
    -- promoting: /local/S/jenkins/workspace/ecg-mayausd-branch-preflight-2020-osx/ecg-maya-usd/maya-usd/lib/mayaUsd/ufe/UsdUndoRenameCommand.h
    -- promoting: /local/S/jenkins/workspace/ecg-mayausd-branch-preflight-2020-osx/ecg-maya-usd/maya-usd/lib/mayaUsd/ufe/Utils.h
    -- promoting: /local/S/jenkins/workspace/ecg-mayausd-branch-preflight-2020-osx/ecg-maya-usd/maya-usd/lib/mayaUsd/ufe/UfeVersionCompat.h
    -- promoting: /local/S/jenkins/workspace/ecg-mayausd-branch-preflight-2020-osx/ecg-maya-usd/maya-usd/lib/mayaUsd/undo/UsdUndoBlock.h
    -- promoting: /local/S/jenkins/workspace/ecg-mayausd-branch-preflight-2020-osx/ecg-maya-usd/maya-usd/lib/mayaUsd/undo/UsdUndoManager.h
    -- promoting: /local/S/jenkins/workspace/ecg-mayausd-branch-preflight-2020-osx/ecg-maya-usd/maya-usd/lib/mayaUsd/undo/UsdUndoStateDelegate.h
    -- promoting: /local/S/jenkins/workspace/ecg-mayausd-branch-preflight-2020-osx/ecg-maya-usd/maya-usd/lib/mayaUsd/undo/UsdUndoableItem.h
    -- promoting: /local/S/jenkins/workspace/ecg-mayausd-branch-preflight-2020-osx/ecg-maya-usd/maya-usd/lib/mayaUsd/utils/blockSceneModificationContext.h
    -- promoting: /local/S/jenkins/workspace/ecg-mayausd-branch-preflight-2020-osx/ecg-maya-usd/maya-usd/lib/mayaUsd/utils/colorSpace.h
    -- promoting: /local/S/jenkins/workspace/ecg-mayausd-branch-preflight-2020-osx/ecg-maya-usd/maya-usd/lib/mayaUsd/utils/converter.h
    -- promoting: /local/S/jenkins/workspace/ecg-mayausd-branch-preflight-2020-osx/ecg-maya-usd/maya-usd/lib/mayaUsd/utils/diagnosticDelegate.h
    -- promoting: /local/S/jenkins/workspace/ecg-mayausd-branch-preflight-2020-osx/ecg-maya-usd/maya-usd/lib/mayaUsd/utils/query.h
    -- promoting: /local/S/jenkins/workspace/ecg-mayausd-branch-preflight-2020-osx/ecg-maya-usd/maya-usd/lib/mayaUsd/utils/plugRegistryHelper.h
    -- promoting: /local/S/jenkins/workspace/ecg-mayausd-branch-preflight-2020-osx/ecg-maya-usd/maya-usd/lib/mayaUsd/utils/stageCache.h
    -- promoting: /local/S/jenkins/workspace/ecg-mayausd-branch-preflight-2020-osx/ecg-maya-usd/maya-usd/lib/mayaUsd/utils/undoHelperCommand.h
    -- promoting: /local/S/jenkins/workspace/ecg-mayausd-branch-preflight-2020-osx/ecg-maya-usd/maya-usd/lib/mayaUsd/utils/util.h
    -- promoting: /local/S/jenkins/workspace/ecg-mayausd-branch-preflight-2020-osx/ecg-maya-usd/maya-usd/lib/mayaUsd/utils/utilFileSystem.h
    -- promoting: /local/S/jenkins/workspace/ecg-mayausd-branch-preflight-2020-osx/ecg-maya-usd/maya-usd/lib/usd/hdMaya/api.h
    -- promoting: /local/S/jenkins/workspace/ecg-mayausd-branch-preflight-2020-osx/ecg-maya-usd/maya-usd/lib/usd/hdMaya/utils.h
    -- promoting: /local/S/jenkins/workspace/ecg-mayausd-branch-preflight-2020-osx/ecg-maya-usd/maya-usd/lib/usd/hdMaya/debugCodes.h
    -- promoting: /local/S/jenkins/workspace/ecg-mayausd-branch-preflight-2020-osx/ecg-maya-usd/maya-usd/lib/usd/hdMaya/adapters/adapter.h
    -- promoting: /local/S/jenkins/workspace/ecg-mayausd-branch-preflight-2020-osx/ecg-maya-usd/maya-usd/lib/usd/hdMaya/adapters/adapterDebugCodes.h
    -- promoting: /local/S/jenkins/workspace/ecg-mayausd-branch-preflight-2020-osx/ecg-maya-usd/maya-usd/lib/usd/hdMaya/adapters/adapterRegistry.h
    -- promoting: /local/S/jenkins/workspace/ecg-mayausd-branch-preflight-2020-osx/ecg-maya-usd/maya-usd/lib/usd/hdMaya/adapters/constantShadowMatrix.h
    -- promoting: /local/S/jenkins/workspace/ecg-mayausd-branch-preflight-2020-osx/ecg-maya-usd/maya-usd/lib/usd/hdMaya/adapters/dagAdapter.h
    -- promoting: /local/S/jenkins/workspace/ecg-mayausd-branch-preflight-2020-osx/ecg-maya-usd/maya-usd/lib/usd/hdMaya/adapters/lightAdapter.h
    -- promoting: /local/S/jenkins/workspace/ecg-mayausd-branch-preflight-2020-osx/ecg-maya-usd/maya-usd/lib/usd/hdMaya/adapters/proxyAdapter.h
    -- promoting: /local/S/jenkins/workspace/ecg-mayausd-branch-preflight-2020-osx/ecg-maya-usd/maya-usd/lib/usd/hdMaya/adapters/materialAdapter.h
    -- promoting: /local/S/jenkins/workspace/ecg-mayausd-branch-preflight-2020-osx/ecg-maya-usd/maya-usd/lib/usd/hdMaya/adapters/materialNetworkConverter.h
    -- promoting: /local/S/jenkins/workspace/ecg-mayausd-branch-preflight-2020-osx/ecg-maya-usd/maya-usd/lib/usd/hdMaya/adapters/mayaAttrs.h
    -- promoting: /local/S/jenkins/workspace/ecg-mayausd-branch-preflight-2020-osx/ecg-maya-usd/maya-usd/lib/usd/hdMaya/adapters/shapeAdapter.h
    -- promoting: /local/S/jenkins/workspace/ecg-mayausd-branch-preflight-2020-osx/ecg-maya-usd/maya-usd/lib/usd/hdMaya/adapters/tokens.h
    -- promoting: /local/S/jenkins/workspace/ecg-mayausd-branch-preflight-2020-osx/ecg-maya-usd/maya-usd/lib/usd/hdMaya/delegates/delegate.h
    -- promoting: /local/S/jenkins/workspace/ecg-mayausd-branch-preflight-2020-osx/ecg-maya-usd/maya-usd/lib/usd/hdMaya/delegates/delegateCtx.h
    -- promoting: /local/S/jenkins/workspace/ecg-mayausd-branch-preflight-2020-osx/ecg-maya-usd/maya-usd/lib/usd/hdMaya/delegates/delegateDebugCodes.h
    -- promoting: /local/S/jenkins/workspace/ecg-mayausd-branch-preflight-2020-osx/ecg-maya-usd/maya-usd/lib/usd/hdMaya/delegates/delegateRegistry.h
    -- promoting: /local/S/jenkins/workspace/ecg-mayausd-branch-preflight-2020-osx/ecg-maya-usd/maya-usd/lib/usd/hdMaya/delegates/params.h
    -- promoting: /local/S/jenkins/workspace/ecg-mayausd-branch-preflight-2020-osx/ecg-maya-usd/maya-usd/lib/usd/hdMaya/delegates/proxyDelegate.h
    -- promoting: /local/S/jenkins/workspace/ecg-mayausd-branch-preflight-2020-osx/ecg-maya-usd/maya-usd/lib/usd/hdMaya/delegates/proxyUsdImagingDelegate.h
    -- promoting: /local/S/jenkins/workspace/ecg-mayausd-branch-preflight-2020-osx/ecg-maya-usd/maya-usd/lib/usd/hdMaya/delegates/sceneDelegate.h
    -- promoting: /local/S/jenkins/workspace/ecg-mayausd-branch-preflight-2020-osx/ecg-maya-usd/maya-usd/lib/usd/hdMaya/delegates/testDelegate.h
    -- promoting: /local/S/jenkins/workspace/ecg-mayausd-branch-preflight-2020-osx/ecg-maya-usd/maya-usd/lib/usd/pxrUsdPreviewSurface/usdPreviewSurface.h
    -- promoting: /local/S/jenkins/workspace/ecg-mayausd-branch-preflight-2020-osx/ecg-maya-usd/maya-usd/lib/usd/pxrUsdPreviewSurface/usdPreviewSurfacePlugin.h
    -- Boost version: 1.61.0
    -- Found the following Boost libraries:
    --   filesystem
    --   system
    -- promoting: /local/S/jenkins/workspace/ecg-mayausd-branch-preflight-2020-osx/ecg-maya-usd/maya-usd/lib/usd/schemas/api.h
    -- promoting: /local/S/jenkins/workspace/ecg-mayausd-branch-preflight-2020-osx/ecg-maya-usd/maya-usd/lib/usd/schemas/ALMayaReference.h
    -- promoting: /local/S/jenkins/workspace/ecg-mayausd-branch-preflight-2020-osx/ecg-maya-usd/maya-usd/lib/usd/schemas/MayaReference.h
    -- promoting: /local/S/jenkins/workspace/ecg-mayausd-branch-preflight-2020-osx/ecg-maya-usd/maya-usd/lib/usd/schemas/tokens.h
    Processing schema classes:
    MayaReference, ALMayaReference
    Loading Templates from /local/S/jenkins/workspace/shared/Artifactory/OSX/USD/e4a2d3d/lib/usd/usd/resources/codegenTemplates
    Writing API:
    	    wrote /local/S/jenkins/workspace/ecg-mayausd-branch-preflight-2020-osx/build/RelWithDebInfo/lib/usd/schemas/api.h
    Writing Schema Tokens:
    	    wrote /local/S/jenkins/workspace/ecg-mayausd-branch-preflight-2020-osx/build/RelWithDebInfo/lib/usd/schemas/tokens.h
    	    wrote /local/S/jenkins/workspace/ecg-mayausd-branch-preflight-2020-osx/build/RelWithDebInfo/lib/usd/schemas/tokens.cpp
    	    wrote /local/S/jenkins/workspace/ecg-mayausd-branch-preflight-2020-osx/build/RelWithDebInfo/lib/usd/schemas/wrapTokens.cpp
    Generating Classes:
    	    wrote /local/S/jenkins/workspace/ecg-mayausd-branch-preflight-2020-osx/build/RelWithDebInfo/lib/usd/schemas/MayaReference.h
    	    wrote /local/S/jenkins/workspace/ecg-mayausd-branch-preflight-2020-osx/build/RelWithDebInfo/lib/usd/schemas/MayaReference.cpp
    	    wrote /local/S/jenkins/workspace/ecg-mayausd-branch-preflight-2020-osx/build/RelWithDebInfo/lib/usd/schemas/wrapMayaReference.cpp
    	    wrote /local/S/jenkins/workspace/ecg-mayausd-branch-preflight-2020-osx/build/RelWithDebInfo/lib/usd/schemas/ALMayaReference.h
    	    wrote /local/S/jenkins/workspace/ecg-mayausd-branch-preflight-2020-osx/build/RelWithDebInfo/lib/usd/schemas/ALMayaReference.cpp
    	    wrote /local/S/jenkins/workspace/ecg-mayausd-branch-preflight-2020-osx/build/RelWithDebInfo/lib/usd/schemas/wrapALMayaReference.cpp
    	    wrote /local/S/jenkins/workspace/ecg-mayausd-branch-preflight-2020-osx/build/RelWithDebInfo/lib/usd/schemas/plugInfo.json
    Generating Schematics:
    	    wrote /local/S/jenkins/workspace/ecg-mayausd-branch-preflight-2020-osx/build/RelWithDebInfo/lib/usd/schemas/generatedSchema.usda
    -- promoting: /local/S/jenkins/workspace/ecg-mayausd-branch-preflight-2020-osx/ecg-maya-usd/maya-usd/lib/usd/utils/ALHalf.h
    -- promoting: /local/S/jenkins/workspace/ecg-mayausd-branch-preflight-2020-osx/ecg-maya-usd/maya-usd/lib/usd/utils/Api.h
    -- promoting: /local/S/jenkins/workspace/ecg-mayausd-branch-preflight-2020-osx/ecg-maya-usd/maya-usd/lib/usd/utils/DebugCodes.h
    -- promoting: /local/S/jenkins/workspace/ecg-mayausd-branch-preflight-2020-osx/ecg-maya-usd/maya-usd/lib/usd/utils/DiffCore.h
    -- promoting: /local/S/jenkins/workspace/ecg-mayausd-branch-preflight-2020-osx/ecg-maya-usd/maya-usd/lib/usd/utils/ForwardDeclares.h
    -- promoting: /local/S/jenkins/workspace/ecg-mayausd-branch-preflight-2020-osx/ecg-maya-usd/maya-usd/lib/usd/utils/SIMD.h
    -- promoting: /local/S/jenkins/workspace/ecg-mayausd-branch-preflight-2020-osx/ecg-maya-usd/maya-usd/lib/usd/utils/util.h
    -- promoting: /local/S/jenkins/workspace/ecg-mayausd-branch-preflight-2020-osx/ecg-maya-usd/maya-usd/lib/usd/ui/api.h
    -- promoting: /local/S/jenkins/workspace/ecg-mayausd-branch-preflight-2020-osx/ecg-maya-usd/maya-usd/lib/usd/ui/IMayaMQtUtil.h
    -- promoting: /local/S/jenkins/workspace/ecg-mayausd-branch-preflight-2020-osx/ecg-maya-usd/maya-usd/lib/usd/ui/ItemDelegate.h
    -- promoting: /local/S/jenkins/workspace/ecg-mayausd-branch-preflight-2020-osx/ecg-maya-usd/maya-usd/lib/usd/ui/IUSDImportView.h
    -- promoting: /local/S/jenkins/workspace/ecg-mayausd-branch-preflight-2020-osx/ecg-maya-usd/maya-usd/lib/usd/ui/TreeItem.h
    -- promoting: /local/S/jenkins/workspace/ecg-mayausd-branch-preflight-2020-osx/ecg-maya-usd/maya-usd/lib/usd/ui/TreeModel.h
    -- promoting: /local/S/jenkins/workspace/ecg-mayausd-branch-preflight-2020-osx/ecg-maya-usd/maya-usd/lib/usd/ui/TreeModelFactory.h
    -- promoting: /local/S/jenkins/workspace/ecg-mayausd-branch-preflight-2020-osx/ecg-maya-usd/maya-usd/lib/usd/ui/USDImportDialog.h
    -- promoting: /local/S/jenkins/workspace/ecg-mayausd-branch-preflight-2020-osx/ecg-maya-usd/maya-usd/lib/usd/ui/USDImportDialogCmd.h
    -- promoting: /local/S/jenkins/workspace/ecg-mayausd-branch-preflight-2020-osx/ecg-maya-usd/maya-usd/lib/usd/ui/USDQtUtil.h
    ========== Pixar USD Plugin ==========
    Compiling /local/S/jenkins/workspace/ecg-mayausd-branch-preflight-2020-osx/build/RelWithDebInfo/plugin/pxr/__init__.py ...
    ========== AL USD Plugin ==========
    CMake Deprecation Warning at plugin/al/CMakeLists.txt:7 (cmake_policy):
      The OLD behavior for policy CMP0026 will be removed from a future version
      of CMake.
    
      The cmake-policies(7) manual explains that the OLD behaviors of all
      policies are deprecated and that a policy should be set to OLD only under
      specific short-term circumstances.  Projects should be ported to the NEW
      behavior and not rely on setting a policy to OLD.
    
    
    -- Boost version: 1.61.0
    -- Found Threads: TRUE
    -- Boost version: 1.61.0
    -- Found the following Boost libraries:
    --   thread
    --   filesystem
    --   system
    --   python
    --   date_time
    --   atomic
    -- Found GTest: /local/S/jenkins/workspace/ecg-mayausd-branch-preflight-2020-osx/build/RelWithDebInfo/googletest-install/lib/libgtest.dylib
    Compiling /local/S/jenkins/workspace/ecg-mayausd-branch-preflight-2020-osx/build/RelWithDebInfo/plugin/al/lib/AL_USDMaya/lib/python/AL/usdmaya/__init__.py ...
    -- Building AL_USDMayaSchemas
    Processing schema classes:
    ALModelAPI, ALFrameRange
    Loading Templates from /local/S/jenkins/workspace/shared/Artifactory/OSX/USD/e4a2d3d/lib/usd/usd/resources/codegenTemplates
    Writing API:
    	    wrote /local/S/jenkins/workspace/ecg-mayausd-branch-preflight-2020-osx/build/RelWithDebInfo/plugin/al/schemas/AL/usd/schemas/maya/api.h
    Writing Schema Tokens:
    	    wrote /local/S/jenkins/workspace/ecg-mayausd-branch-preflight-2020-osx/build/RelWithDebInfo/plugin/al/schemas/AL/usd/schemas/maya/tokens.h
    	    wrote /local/S/jenkins/workspace/ecg-mayausd-branch-preflight-2020-osx/build/RelWithDebInfo/plugin/al/schemas/AL/usd/schemas/maya/tokens.cpp
    	    wrote /local/S/jenkins/workspace/ecg-mayausd-branch-preflight-2020-osx/build/RelWithDebInfo/plugin/al/schemas/AL/usd/schemas/maya/wrapTokens.cpp
    Generating Classes:
    	    wrote /local/S/jenkins/workspace/ecg-mayausd-branch-preflight-2020-osx/build/RelWithDebInfo/plugin/al/schemas/AL/usd/schemas/maya/ModelAPI.h
    	    wrote /local/S/jenkins/workspace/ecg-mayausd-branch-preflight-2020-osx/build/RelWithDebInfo/plugin/al/schemas/AL/usd/schemas/maya/ModelAPI.cpp
    	    wrote /local/S/jenkins/workspace/ecg-mayausd-branch-preflight-2020-osx/build/RelWithDebInfo/plugin/al/schemas/AL/usd/schemas/maya/wrapModelAPI.cpp
    	    wrote /local/S/jenkins/workspace/ecg-mayausd-branch-preflight-2020-osx/build/RelWithDebInfo/plugin/al/schemas/AL/usd/schemas/maya/FrameRange.h
    	    wrote /local/S/jenkins/workspace/ecg-mayausd-branch-preflight-2020-osx/build/RelWithDebInfo/plugin/al/schemas/AL/usd/schemas/maya/FrameRange.cpp
    	    wrote /local/S/jenkins/workspace/ecg-mayausd-branch-preflight-2020-osx/build/RelWithDebInfo/plugin/al/schemas/AL/usd/schemas/maya/wrapFrameRange.cpp
    	    wrote /local/S/jenkins/workspace/ecg-mayausd-branch-preflight-2020-osx/build/RelWithDebInfo/plugin/al/schemas/AL/usd/schemas/maya/plugInfo.json
    Generating Schematics:
    	    wrote /local/S/jenkins/workspace/ecg-mayausd-branch-preflight-2020-osx/build/RelWithDebInfo/plugin/al/schemas/AL/usd/schemas/maya/generatedSchema.usda
    Compiling /local/S/jenkins/workspace/ecg-mayausd-branch-preflight-2020-osx/build/RelWithDebInfo/AL/usd/schemas/maya/__init__.py ...
    Compiling /local/S/jenkins/workspace/ecg-mayausd-branch-preflight-2020-osx/build/RelWithDebInfo/AL/__init__.py ...
    Compiling /local/S/jenkins/workspace/ecg-mayausd-branch-preflight-2020-osx/build/RelWithDebInfo/AL/usd/__init__.py ...
    Compiling /local/S/jenkins/workspace/ecg-mayausd-branch-preflight-2020-osx/build/RelWithDebInfo/AL/usd/schemas/__init__.py ...
    Processing schema classes:
    ALExamplePolyCubeNode
    Loading Templates from /local/S/jenkins/workspace/shared/Artifactory/OSX/USD/e4a2d3d/lib/usd/usd/resources/codegenTemplates
    Writing API:
    	    wrote /local/S/jenkins/workspace/ecg-mayausd-branch-preflight-2020-osx/build/RelWithDebInfo/plugin/al/schemas/AL/usd/schemas/mayatest/api.h
    Writing Schema Tokens:
    	    wrote /local/S/jenkins/workspace/ecg-mayausd-branch-preflight-2020-osx/build/RelWithDebInfo/plugin/al/schemas/AL/usd/schemas/mayatest/tokens.h
    	    wrote /local/S/jenkins/workspace/ecg-mayausd-branch-preflight-2020-osx/build/RelWithDebInfo/plugin/al/schemas/AL/usd/schemas/mayatest/tokens.cpp
    	    wrote /local/S/jenkins/workspace/ecg-mayausd-branch-preflight-2020-osx/build/RelWithDebInfo/plugin/al/schemas/AL/usd/schemas/mayatest/wrapTokens.cpp
    Generating Classes:
    	    wrote /local/S/jenkins/workspace/ecg-mayausd-branch-preflight-2020-osx/build/RelWithDebInfo/plugin/al/schemas/AL/usd/schemas/mayatest/ExamplePolyCubeNode.h
    	    wrote /local/S/jenkins/workspace/ecg-mayausd-branch-preflight-2020-osx/build/RelWithDebInfo/plugin/al/schemas/AL/usd/schemas/mayatest/ExamplePolyCubeNode.cpp
    	    wrote /local/S/jenkins/workspace/ecg-mayausd-branch-preflight-2020-osx/build/RelWithDebInfo/plugin/al/schemas/AL/usd/schemas/mayatest/wrapExamplePolyCubeNode.cpp
    	unchanged /local/S/jenkins/workspace/ecg-mayausd-branch-preflight-2020-osx/build/RelWithDebInfo/plugin/al/schemas/AL/usd/schemas/mayatest/plugInfo.json
    Generating Schematics:
    	    wrote /local/S/jenkins/workspace/ecg-mayausd-branch-preflight-2020-osx/build/RelWithDebInfo/plugin/al/schemas/AL/usd/schemas/mayatest/generatedSchema.usda
    Compiling /local/S/jenkins/workspace/ecg-mayausd-branch-preflight-2020-osx/build/RelWithDebInfo/AL/usd/schemas/mayatest/__init__.py ...
    Compiling /local/S/jenkins/workspace/ecg-mayausd-branch-preflight-2020-osx/build/RelWithDebInfo/AL/__init__.py ...
    Compiling /local/S/jenkins/workspace/ecg-mayausd-branch-preflight-2020-osx/build/RelWithDebInfo/AL/usd/__init__.py ...
    Compiling /local/S/jenkins/workspace/ecg-mayausd-branch-preflight-2020-osx/build/RelWithDebInfo/AL/usd/schemas/__init__.py ...
    -- Building AL_USDMayaTranslators
    ========== ADSK USD Plugin ==========
    -- Configuring done
    CMake Warning at test/lib/usd/plugin/CMakeLists.txt:74 (add_library):
      Cannot generate a safe runtime search path for target usdTestUsdPlugin
      because there is a cycle in the constraint graph:
    
        dir 0 is [/local/S/jenkins/workspace/ecg-mayausd-branch-preflight-2020-osx/build/RelWithDebInfo/lib/mayaUsd]
        dir 1 is [/local/S/jenkins/workspace/shared/Artifactory/OSX/USD/e4a2d3d/lib]
          dir 3 must precede it due to runtime library [libtbb.dylib]
        dir 2 is [/local/S/jenkins/workspace/shared/Artifactory/OSX/rundev-2020/202004291615/runtime/8fd8f21/devkitBase/devkit/ufe/lib]
        dir 3 is [/local/S/jenkins/workspace/shared/Artifactory/OSX/rundev-2020/202004291615/runtime/8fd8f21/runTime/Maya.app/Contents/MacOS]
          dir 1 must precede it due to runtime library [libosdCPU.dylib]
          dir 2 must precede it due to runtime library [libufe_1.dylib]
        dir 4 is [/local/S/jenkins/workspace/ecg-mayausd-branch-preflight-2020-osx/build/RelWithDebInfo/lib/usd/utils]
    
      Some of these libraries may not be found correctly.
    
    
    CMake Warning at test/lib/usd/plugin/CMakeLists.txt:18 (add_library):
      Cannot generate a safe runtime search path for target usdTestMayaPlugin
      because there is a cycle in the constraint graph:
    
        dir 0 is [/local/S/jenkins/workspace/ecg-mayausd-branch-preflight-2020-osx/build/RelWithDebInfo/lib/mayaUsd]
        dir 1 is [/local/S/jenkins/workspace/shared/Artifactory/OSX/USD/e4a2d3d/lib]
          dir 3 must precede it due to runtime library [libtbb.dylib]
        dir 2 is [/local/S/jenkins/workspace/shared/Artifactory/OSX/rundev-2020/202004291615/runtime/8fd8f21/devkitBase/devkit/ufe/lib]
        dir 3 is [/local/S/jenkins/workspace/shared/Artifactory/OSX/rundev-2020/202004291615/runtime/8fd8f21/runTime/Maya.app/Contents/MacOS]
          dir 1 must precede it due to runtime library [libosdCPU.dylib]
          dir 2 must precede it due to runtime library [libufe_1.dylib]
        dir 4 is [/local/S/jenkins/workspace/ecg-mayausd-branch-preflight-2020-osx/build/RelWithDebInfo/lib/usd/utils]
    
      Some of these libraries may not be found correctly.
    
    
    CMake Warning at lib/mayaUsd/CMakeLists.txt:18 (add_library):
      Cannot generate a safe runtime search path for target mayaUsd because there
      is a cycle in the constraint graph:
    
        dir 0 is [/local/S/jenkins/workspace/shared/Artifactory/OSX/USD/e4a2d3d/lib]
          dir 2 must precede it due to runtime library [libtbb.dylib]
        dir 1 is [/local/S/jenkins/workspace/shared/Artifactory/OSX/rundev-2020/202004291615/runtime/8fd8f21/devkitBase/devkit/ufe/lib]
        dir 2 is [/local/S/jenkins/workspace/shared/Artifactory/OSX/rundev-2020/202004291615/runtime/8fd8f21/runTime/Maya.app/Contents/MacOS]
          dir 0 must precede it due to runtime library [libosdCPU.dylib]
          dir 1 must precede it due to runtime library [libufe_1.dylib]
        dir 3 is [/local/S/jenkins/workspace/ecg-mayausd-branch-preflight-2020-osx/build/RelWithDebInfo/lib/usd/utils]
    
      Some of these libraries may not be found correctly.
    
    
    CMake Warning at lib/mayaUsd/python/CMakeLists.txt:20 (add_library):
      Cannot generate a safe runtime search path for target _mayaUsd because
      there is a cycle in the constraint graph:
    
        dir 0 is [/local/S/jenkins/workspace/ecg-mayausd-branch-preflight-2020-osx/build/RelWithDebInfo/lib/mayaUsd]
        dir 1 is [/local/S/jenkins/workspace/shared/Artifactory/OSX/USD/e4a2d3d/lib]
          dir 3 must precede it due to runtime library [libtbb.dylib]
        dir 2 is [/local/S/jenkins/workspace/shared/Artifactory/OSX/rundev-2020/202004291615/runtime/8fd8f21/devkitBase/devkit/ufe/lib]
        dir 3 is [/local/S/jenkins/workspace/shared/Artifactory/OSX/rundev-2020/202004291615/runtime/8fd8f21/runTime/Maya.app/Contents/MacOS]
          dir 1 must precede it due to runtime library [libosdCPU.dylib]
          dir 2 must precede it due to runtime library [libufe_1.dylib]
        dir 4 is [/local/S/jenkins/workspace/ecg-mayausd-branch-preflight-2020-osx/build/RelWithDebInfo/lib/usd/utils]
    
      Some of these libraries may not be found correctly.
    
    
    CMake Warning at lib/mayaUsd/ufe/CMakeLists.txt:131 (add_library):
      Cannot generate a safe runtime search path for target _ufe because there is
      a cycle in the constraint graph:
    
        dir 0 is [/local/S/jenkins/workspace/ecg-mayausd-branch-preflight-2020-osx/build/RelWithDebInfo/lib/mayaUsd]
        dir 1 is [/local/S/jenkins/workspace/shared/Artifactory/OSX/USD/e4a2d3d/lib]
          dir 3 must precede it due to runtime library [libtbb.dylib]
        dir 2 is [/local/S/jenkins/workspace/shared/Artifactory/OSX/rundev-2020/202004291615/runtime/8fd8f21/devkitBase/devkit/ufe/lib]
        dir 3 is [/local/S/jenkins/workspace/shared/Artifactory/OSX/rundev-2020/202004291615/runtime/8fd8f21/runTime/Maya.app/Contents/MacOS]
          dir 1 must precede it due to runtime library [libosdCPU.dylib]
          dir 2 must precede it due to runtime library [libufe_1.dylib]
        dir 4 is [/local/S/jenkins/workspace/ecg-mayausd-branch-preflight-2020-osx/build/RelWithDebInfo/lib/usd/utils]
    
      Some of these libraries may not be found correctly.
    
    
    CMake Warning at lib/mayaUsd/render/mayaToHydra/CMakeLists.txt:3 (add_library):
      Cannot generate a safe runtime search path for target mtoh because there is
      a cycle in the constraint graph:
    
        dir 0 is [/local/S/jenkins/workspace/ecg-mayausd-branch-preflight-2020-osx/build/RelWithDebInfo/lib/usd/hdMaya]
        dir 1 is [/local/S/jenkins/workspace/ecg-mayausd-branch-preflight-2020-osx/build/RelWithDebInfo/lib/mayaUsd]
        dir 2 is [/local/S/jenkins/workspace/shared/Artifactory/OSX/USD/e4a2d3d/lib]
          dir 4 must precede it due to runtime library [libtbb.dylib]
        dir 3 is [/local/S/jenkins/workspace/shared/Artifactory/OSX/rundev-2020/202004291615/runtime/8fd8f21/devkitBase/devkit/ufe/lib]
        dir 4 is [/local/S/jenkins/workspace/shared/Artifactory/OSX/rundev-2020/202004291615/runtime/8fd8f21/runTime/Maya.app/Contents/MacOS]
          dir 2 must precede it due to runtime library [libosdCPU.dylib]
          dir 3 must precede it due to runtime library [libufe_1.dylib]
        dir 5 is [/local/S/jenkins/workspace/ecg-mayausd-branch-preflight-2020-osx/build/RelWithDebInfo/lib/usd/utils]
    
      Some of these libraries may not be found correctly.
    
    
    CMake Warning at lib/usd/hdMaya/CMakeLists.txt:3 (add_library):
      Cannot generate a safe runtime search path for target hdMaya because there
      is a cycle in the constraint graph:
    
        dir 0 is [/local/S/jenkins/workspace/ecg-mayausd-branch-preflight-2020-osx/build/RelWithDebInfo/lib/mayaUsd]
        dir 1 is [/local/S/jenkins/workspace/shared/Artifactory/OSX/USD/e4a2d3d/lib]
          dir 3 must precede it due to runtime library [libtbb.dylib]
        dir 2 is [/local/S/jenkins/workspace/shared/Artifactory/OSX/rundev-2020/202004291615/runtime/8fd8f21/devkitBase/devkit/ufe/lib]
        dir 3 is [/local/S/jenkins/workspace/shared/Artifactory/OSX/rundev-2020/202004291615/runtime/8fd8f21/runTime/Maya.app/Contents/MacOS]
          dir 1 must precede it due to runtime library [libosdCPU.dylib]
          dir 2 must precede it due to runtime library [libufe_1.dylib]
        dir 4 is [/local/S/jenkins/workspace/ecg-mayausd-branch-preflight-2020-osx/build/RelWithDebInfo/lib/usd/utils]
    
      Some of these libraries may not be found correctly.
    
    
    CMake Warning at lib/usd/pxrUsdPreviewSurface/CMakeLists.txt:26 (add_library):
      Cannot generate a safe runtime search path for target
      basePxrUsdPreviewSurface because there is a cycle in the constraint graph:
    
        dir 0 is [/local/S/jenkins/workspace/shared/Artifactory/OSX/rundev-2020/202004291615/runtime/8fd8f21/runTime/Maya.app/Contents/MacOS]
          dir 2 must precede it due to runtime library [libosdCPU.dylib]
          dir 3 must precede it due to runtime library [libufe_1.dylib]
        dir 1 is [/local/S/jenkins/workspace/ecg-mayausd-branch-preflight-2020-osx/build/RelWithDebInfo/lib/mayaUsd]
        dir 2 is [/local/S/jenkins/workspace/shared/Artifactory/OSX/USD/e4a2d3d/lib]
          dir 0 must precede it due to runtime library [libtbb.dylib]
        dir 3 is [/local/S/jenkins/workspace/shared/Artifactory/OSX/rundev-2020/202004291615/runtime/8fd8f21/devkitBase/devkit/ufe/lib]
        dir 4 is [/local/S/jenkins/workspace/ecg-mayausd-branch-preflight-2020-osx/build/RelWithDebInfo/lib/usd/utils]
    
      Some of these libraries may not be found correctly.
    
    
    CMake Warning at lib/usd/translators/CMakeLists.txt:11 (add_library):
      Cannot generate a safe runtime search path for target mayaUsd_Translators
      because there is a cycle in the constraint graph:
    
        dir 0 is [/local/S/jenkins/workspace/shared/Artifactory/OSX/rundev-2020/202004291615/runtime/8fd8f21/runTime/Maya.app/Contents/MacOS]
          dir 3 must precede it due to runtime library [libosdCPU.dylib]
          dir 5 must precede it due to runtime library [libufe_1.dylib]
        dir 1 is [/local/S/jenkins/workspace/ecg-mayausd-branch-preflight-2020-osx/build/RelWithDebInfo/lib/usd/schemas]
        dir 2 is [/local/S/jenkins/workspace/ecg-mayausd-branch-preflight-2020-osx/build/RelWithDebInfo/lib/usd/pxrUsdPreviewSurface]
        dir 3 is [/local/S/jenkins/workspace/shared/Artifactory/OSX/USD/e4a2d3d/lib]
          dir 0 must precede it due to runtime library [libtbb.dylib]
        dir 4 is [/local/S/jenkins/workspace/ecg-mayausd-branch-preflight-2020-osx/build/RelWithDebInfo/lib/mayaUsd]
        dir 5 is [/local/S/jenkins/workspace/shared/Artifactory/OSX/rundev-2020/202004291615/runtime/8fd8f21/devkitBase/devkit/ufe/lib]
        dir 6 is [/local/S/jenkins/workspace/ecg-mayausd-branch-preflight-2020-osx/build/RelWithDebInfo/lib/usd/utils]
    
      Some of these libraries may not be found correctly.
    
    
    CMake Warning at lib/usd/ui/CMakeLists.txt:23 (add_library):
      Cannot generate a safe runtime search path for target mayaUsdUI because
      there is a cycle in the constraint graph:
    
        dir 0 is [/local/S/jenkins/workspace/ecg-mayausd-branch-preflight-2020-osx/build/RelWithDebInfo/lib/mayaUsd]
        dir 1 is [/local/S/jenkins/workspace/shared/Artifactory/OSX/qt/5.12.5/3ca78fe/lib]
        dir 2 is [/local/S/jenkins/workspace/shared/Artifactory/OSX/USD/e4a2d3d/lib]
          dir 4 must precede it due to runtime library [libtbb.dylib]
        dir 3 is [/local/S/jenkins/workspace/shared/Artifactory/OSX/rundev-2020/202004291615/runtime/8fd8f21/devkitBase/devkit/ufe/lib]
        dir 4 is [/local/S/jenkins/workspace/shared/Artifactory/OSX/rundev-2020/202004291615/runtime/8fd8f21/runTime/Maya.app/Contents/MacOS]
          dir 1 must precede it due to runtime library [libQt5Widgets.5.12.5.dylib]
          dir 2 must precede it due to runtime library [libosdCPU.dylib]
          dir 3 must precede it due to runtime library [libufe_1.dylib]
        dir 5 is [/local/S/jenkins/workspace/ecg-mayausd-branch-preflight-2020-osx/build/RelWithDebInfo/lib/usd/utils]
    
      Some of these libraries may not be found correctly.
    
    
    CMake Warning at lib/usd/ui/demo/CMakeLists.txt:18 (add_executable):
      Cannot generate a safe runtime search path for target testMayaUsdUI because
      there is a cycle in the constraint graph:
    
        dir 0 is [/local/S/jenkins/workspace/ecg-mayausd-branch-preflight-2020-osx/build/RelWithDebInfo/lib/usd/ui]
        dir 1 is [/local/S/jenkins/workspace/shared/Artifactory/OSX/qt/5.12.5/3ca78fe/lib]
        dir 2 is [/local/S/jenkins/workspace/ecg-mayausd-branch-preflight-2020-osx/build/RelWithDebInfo/lib/mayaUsd]
        dir 3 is [/local/S/jenkins/workspace/shared/Artifactory/OSX/USD/e4a2d3d/lib]
          dir 5 must precede it due to runtime library [libtbb.dylib]
        dir 4 is [/local/S/jenkins/workspace/shared/Artifactory/OSX/rundev-2020/202004291615/runtime/8fd8f21/devkitBase/devkit/ufe/lib]
        dir 5 is [/local/S/jenkins/workspace/shared/Artifactory/OSX/rundev-2020/202004291615/runtime/8fd8f21/runTime/Maya.app/Contents/MacOS]
          dir 1 must precede it due to runtime library [libQt5Widgets.5.12.5.dylib]
          dir 3 must precede it due to runtime library [libosdCPU.dylib]
          dir 4 must precede it due to runtime library [libufe_1.dylib]
        dir 6 is [/local/S/jenkins/workspace/ecg-mayausd-branch-preflight-2020-osx/build/RelWithDebInfo/lib/usd/utils]
    
      Some of these libraries may not be found correctly.
    
    
    CMake Warning at plugin/pxr/cmake/macros/Private.cmake:1060 (add_library):
      Cannot generate a safe runtime search path for target usdMaya because there
      is a cycle in the constraint graph:
    
        dir 0 is [/local/S/jenkins/workspace/ecg-mayausd-branch-preflight-2020-osx/build/RelWithDebInfo/lib/mayaUsd]
        dir 1 is [/local/S/jenkins/workspace/shared/Artifactory/OSX/USD/e4a2d3d/lib]
          dir 3 must precede it due to runtime library [libtbb.dylib]
        dir 2 is [/local/S/jenkins/workspace/shared/Artifactory/OSX/rundev-2020/202004291615/runtime/8fd8f21/devkitBase/devkit/ufe/lib]
        dir 3 is [/local/S/jenkins/workspace/shared/Artifactory/OSX/rundev-2020/202004291615/runtime/8fd8f21/runTime/Maya.app/Contents/MacOS]
          dir 1 must precede it due to runtime library [libosdCPU.dylib]
          dir 2 must precede it due to runtime library [libufe_1.dylib]
        dir 4 is [/local/S/jenkins/workspace/ecg-mayausd-branch-preflight-2020-osx/build/RelWithDebInfo/lib/usd/utils]
    
      Some of these libraries may not be found correctly.
    Call Stack (most recent call first):
      plugin/pxr/cmake/macros/Public.cmake:131 (_pxr_library)
      plugin/pxr/cmake/macros/Public.cmake:162 (pxr_library)
      plugin/pxr/maya/lib/usdMaya/CMakeLists.txt:3 (pxr_shared_library)
    
    
    CMake Warning at plugin/pxr/cmake/macros/Private.cmake:842 (add_library):
      Cannot generate a safe runtime search path for target _usdMaya because
      there is a cycle in the constraint graph:
    
        dir 0 is [/local/S/jenkins/workspace/ecg-mayausd-branch-preflight-2020-osx/build/RelWithDebInfo/plugin/pxr/maya/lib/usdMaya]
        dir 1 is [/local/S/jenkins/workspace/ecg-mayausd-branch-preflight-2020-osx/build/RelWithDebInfo/lib/mayaUsd]
        dir 2 is [/local/S/jenkins/workspace/shared/Artifactory/OSX/USD/e4a2d3d/lib]
          dir 4 must precede it due to runtime library [libtbb.dylib]
        dir 3 is [/local/S/jenkins/workspace/shared/Artifactory/OSX/rundev-2020/202004291615/runtime/8fd8f21/devkitBase/devkit/ufe/lib]
        dir 4 is [/local/S/jenkins/workspace/shared/Artifactory/OSX/rundev-2020/202004291615/runtime/8fd8f21/runTime/Maya.app/Contents/MacOS]
          dir 2 must precede it due to runtime library [libosdCPU.dylib]
          dir 3 must precede it due to runtime library [libufe_1.dylib]
        dir 5 is [/local/S/jenkins/workspace/ecg-mayausd-branch-preflight-2020-osx/build/RelWithDebInfo/lib/usd/utils]
    
      Some of these libraries may not be found correctly.
    Call Stack (most recent call first):
      plugin/pxr/cmake/macros/Public.cmake:148 (_pxr_python_module)
      plugin/pxr/cmake/macros/Public.cmake:162 (pxr_library)
      plugin/pxr/maya/lib/usdMaya/CMakeLists.txt:3 (pxr_shared_library)
    
    
    CMake Warning at plugin/pxr/cmake/macros/Private.cmake:1060 (add_library):
      Cannot generate a safe runtime search path for target pxrUsd because there
      is a cycle in the constraint graph:
    
        dir 0 is [/local/S/jenkins/workspace/ecg-mayausd-branch-preflight-2020-osx/build/RelWithDebInfo/plugin/pxr/maya/lib/usdMaya]
        dir 1 is [/local/S/jenkins/workspace/shared/Artifactory/OSX/rundev-2020/202004291615/runtime/8fd8f21/devkitBase/devkit/ufe/lib]
        dir 2 is [/local/S/jenkins/workspace/ecg-mayausd-branch-preflight-2020-osx/build/RelWithDebInfo/lib/mayaUsd]
        dir 3 is [/local/S/jenkins/workspace/shared/Artifactory/OSX/USD/e4a2d3d/lib]
          dir 4 must precede it due to runtime library [libtbb.dylib]
        dir 4 is [/local/S/jenkins/workspace/shared/Artifactory/OSX/rundev-2020/202004291615/runtime/8fd8f21/runTime/Maya.app/Contents/MacOS]
          dir 1 must precede it due to runtime library [libufe_1.dylib]
          dir 3 must precede it due to runtime library [libosdCPU.dylib]
        dir 5 is [/local/S/jenkins/workspace/ecg-mayausd-branch-preflight-2020-osx/build/RelWithDebInfo/lib/usd/utils]
    
      Some of these libraries may not be found correctly.
    Call Stack (most recent call first):
      plugin/pxr/cmake/macros/Public.cmake:131 (_pxr_library)
      plugin/pxr/cmake/macros/Public.cmake:166 (pxr_library)
      plugin/pxr/maya/plugin/pxrUsd/CMakeLists.txt:3 (pxr_plugin)
    
    
    CMake Warning at plugin/pxr/cmake/macros/Private.cmake:1060 (add_library):
      Cannot generate a safe runtime search path for target pxrUsdPreviewSurface
      because there is a cycle in the constraint graph:
    
        dir 0 is [/local/S/jenkins/workspace/ecg-mayausd-branch-preflight-2020-osx/build/RelWithDebInfo/lib/usd/pxrUsdPreviewSurface]
        dir 1 is [/local/S/jenkins/workspace/ecg-mayausd-branch-preflight-2020-osx/build/RelWithDebInfo/lib/mayaUsd]
        dir 2 is [/local/S/jenkins/workspace/shared/Artifactory/OSX/USD/e4a2d3d/lib]
          dir 4 must precede it due to runtime library [libtbb.dylib]
        dir 3 is [/local/S/jenkins/workspace/shared/Artifactory/OSX/rundev-2020/202004291615/runtime/8fd8f21/devkitBase/devkit/ufe/lib]
        dir 4 is [/local/S/jenkins/workspace/shared/Artifactory/OSX/rundev-2020/202004291615/runtime/8fd8f21/runTime/Maya.app/Contents/MacOS]
          dir 2 must precede it due to runtime library [libosdCPU.dylib]
          dir 3 must precede it due to runtime library [libufe_1.dylib]
        dir 5 is [/local/S/jenkins/workspace/ecg-mayausd-branch-preflight-2020-osx/build/RelWithDebInfo/lib/usd/utils]
    
      Some of these libraries may not be found correctly.
    Call Stack (most recent call first):
      plugin/pxr/cmake/macros/Public.cmake:131 (_pxr_library)
      plugin/pxr/cmake/macros/Public.cmake:166 (pxr_library)
      plugin/pxr/maya/plugin/pxrUsdPreviewSurface/CMakeLists.txt:3 (pxr_plugin)
    
    
    CMake Warning at plugin/al/mayatest/AL/maya/test/CMakeLists.txt:13 (add_library):
      Cannot generate a safe runtime search path for target AL_MayaTest because
      there is a cycle in the constraint graph:
    
        dir 0 is [/local/S/jenkins/workspace/ecg-mayausd-branch-preflight-2020-osx/build/RelWithDebInfo/googletest-install/lib]
        dir 1 is [/local/S/jenkins/workspace/shared/Artifactory/OSX/rundev-2020/202004291615/runtime/8fd8f21/runTime/Maya.app/Contents/MacOS]
          dir 2 must precede it due to runtime library [libtbb.dylib]
        dir 2 is [/local/S/jenkins/workspace/shared/Artifactory/OSX/USD/e4a2d3d/lib]
          dir 1 must precede it due to runtime library [libtbb.dylib]
    
      Some of these libraries may not be found correctly.
    
    
    CMake Warning at plugin/al/mayautils/AL/maya/tests/mayaplugintest/CMakeLists.txt:5 (add_library):
      Cannot generate a safe runtime search path for target AL_MayaUtilsTests
      because there is a cycle in the constraint graph:
    
        dir 0 is [/local/S/jenkins/workspace/ecg-mayausd-branch-preflight-2020-osx/build/RelWithDebInfo/googletest-install/lib]
        dir 1 is [/local/S/jenkins/workspace/ecg-mayausd-branch-preflight-2020-osx/build/RelWithDebInfo/plugin/al/mayatest/AL/maya/test]
        dir 2 is [/local/S/jenkins/workspace/ecg-mayausd-branch-preflight-2020-osx/build/RelWithDebInfo/plugin/al/mayautils/AL/maya]
        dir 3 is [/local/S/jenkins/workspace/shared/Artifactory/OSX/rundev-2020/202004291615/runtime/8fd8f21/runTime/Maya.app/Contents/MacOS]
          dir 6 must precede it due to runtime library [libtbb.dylib]
        dir 4 is [/local/S/jenkins/workspace/ecg-mayausd-branch-preflight-2020-osx/build/RelWithDebInfo/plugin/al/utils/AL]
        dir 5 is [/local/S/jenkins/workspace/ecg-mayausd-branch-preflight-2020-osx/build/RelWithDebInfo/lib/usd/utils]
        dir 6 is [/local/S/jenkins/workspace/shared/Artifactory/OSX/USD/e4a2d3d/lib]
          dir 3 must precede it due to runtime library [libtbb.dylib]
    
      Some of these libraries may not be found correctly.
    
    
    CMake Warning at plugin/al/lib/AL_USDMaya/CMakeLists.txt:246 (add_library):
      Cannot generate a safe runtime search path for target _AL_USDMaya because
      there is a cycle in the constraint graph:
    
        dir 0 is [/local/S/jenkins/workspace/ecg-mayausd-branch-preflight-2020-osx/build/RelWithDebInfo/plugin/al/lib/AL_USDMaya]
        dir 1 is [/local/S/jenkins/workspace/ecg-mayausd-branch-preflight-2020-osx/build/RelWithDebInfo/plugin/al/usdmayautils/AL/usdmaya/utils]
        dir 2 is [/local/S/jenkins/workspace/ecg-mayausd-branch-preflight-2020-osx/build/RelWithDebInfo/plugin/al/mayautils/AL/maya]
        dir 3 is [/local/S/jenkins/workspace/ecg-mayausd-branch-preflight-2020-osx/build/RelWithDebInfo/plugin/al/utils/AL]
        dir 4 is [/local/S/jenkins/workspace/ecg-mayausd-branch-preflight-2020-osx/build/RelWithDebInfo/plugin/al/usdtransaction/AL/usd/transaction]
        dir 5 is [/local/S/jenkins/workspace/shared/Artifactory/OSX/USD/e4a2d3d/lib]
          dir 8 must precede it due to runtime library [libtbb.dylib]
        dir 6 is [/local/S/jenkins/workspace/ecg-mayausd-branch-preflight-2020-osx/build/RelWithDebInfo/lib/mayaUsd]
        dir 7 is [/local/S/jenkins/workspace/ecg-mayausd-branch-preflight-2020-osx/build/RelWithDebInfo/lib/usd/utils]
        dir 8 is [/local/S/jenkins/workspace/shared/Artifactory/OSX/rundev-2020/202004291615/runtime/8fd8f21/runTime/Maya.app/Contents/MacOS]
          dir 5 must precede it due to runtime library [libosdCPU.dylib]
          dir 9 must precede it due to runtime library [libufe_1.dylib]
        dir 9 is [/local/S/jenkins/workspace/shared/Artifactory/OSX/rundev-2020/202004291615/runtime/8fd8f21/devkitBase/devkit/ufe/lib]
    
      Some of these libraries may not be found correctly.
    
    
    CMake Warning at plugin/al/lib/AL_USDMaya/CMakeLists.txt:154 (add_library):
      Cannot generate a safe runtime search path for target AL_USDMaya because
      there is a cycle in the constraint graph:
    
        dir 0 is [/local/S/jenkins/workspace/ecg-mayausd-branch-preflight-2020-osx/build/RelWithDebInfo/plugin/al/usdmayautils/AL/usdmaya/utils]
        dir 1 is [/local/S/jenkins/workspace/ecg-mayausd-branch-preflight-2020-osx/build/RelWithDebInfo/plugin/al/mayautils/AL/maya]
        dir 2 is [/local/S/jenkins/workspace/ecg-mayausd-branch-preflight-2020-osx/build/RelWithDebInfo/plugin/al/usdtransaction/AL/usd/transaction]
        dir 3 is [/local/S/jenkins/workspace/shared/Artifactory/OSX/USD/e4a2d3d/lib]
          dir 8 must precede it due to runtime library [libtbb.dylib]
        dir 4 is [/local/S/jenkins/workspace/ecg-mayausd-branch-preflight-2020-osx/build/RelWithDebInfo/lib/mayaUsd]
        dir 5 is [/local/S/jenkins/workspace/shared/Artifactory/OSX/rundev-2020/202004291615/runtime/8fd8f21/devkitBase/devkit/ufe/lib]
        dir 6 is [/local/S/jenkins/workspace/ecg-mayausd-branch-preflight-2020-osx/build/RelWithDebInfo/plugin/al/utils/AL]
        dir 7 is [/local/S/jenkins/workspace/ecg-mayausd-branch-preflight-2020-osx/build/RelWithDebInfo/lib/usd/utils]
        dir 8 is [/local/S/jenkins/workspace/shared/Artifactory/OSX/rundev-2020/202004291615/runtime/8fd8f21/runTime/Maya.app/Contents/MacOS]
          dir 3 must precede it due to runtime library [libosdCPU.dylib]
          dir 5 must precede it due to runtime library [libufe_1.dylib]
    
      Some of these libraries may not be found correctly.
    
    
    CMake Warning at plugin/al/plugin/AL_USDMayaPlugin/CMakeLists.txt:3 (add_library):
      Cannot generate a safe runtime search path for target AL_USDMayaPlugin
      because there is a cycle in the constraint graph:
    
        dir 0 is [/local/S/jenkins/workspace/ecg-mayausd-branch-preflight-2020-osx/build/RelWithDebInfo/plugin/al/lib/AL_USDMaya]
        dir 1 is [/local/S/jenkins/workspace/shared/Artifactory/OSX/rundev-2020/202004291615/runtime/8fd8f21/runTime/Maya.app/Contents/MacOS]
          dir 6 must precede it due to runtime library [libosdCPU.dylib]
          dir 9 must precede it due to runtime library [libufe_1.dylib]
        dir 2 is [/local/S/jenkins/workspace/ecg-mayausd-branch-preflight-2020-osx/build/RelWithDebInfo/plugin/al/usdmayautils/AL/usdmaya/utils]
        dir 3 is [/local/S/jenkins/workspace/ecg-mayausd-branch-preflight-2020-osx/build/RelWithDebInfo/plugin/al/mayautils/AL/maya]
        dir 4 is [/local/S/jenkins/workspace/ecg-mayausd-branch-preflight-2020-osx/build/RelWithDebInfo/plugin/al/utils/AL]
        dir 5 is [/local/S/jenkins/workspace/ecg-mayausd-branch-preflight-2020-osx/build/RelWithDebInfo/plugin/al/usdtransaction/AL/usd/transaction]
        dir 6 is [/local/S/jenkins/workspace/shared/Artifactory/OSX/USD/e4a2d3d/lib]
          dir 1 must precede it due to runtime library [libtbb.dylib]
        dir 7 is [/local/S/jenkins/workspace/ecg-mayausd-branch-preflight-2020-osx/build/RelWithDebInfo/lib/mayaUsd]
        dir 8 is [/local/S/jenkins/workspace/ecg-mayausd-branch-preflight-2020-osx/build/RelWithDebInfo/lib/usd/utils]
        dir 9 is [/local/S/jenkins/workspace/shared/Artifactory/OSX/rundev-2020/202004291615/runtime/8fd8f21/devkitBase/devkit/ufe/lib]
    
      Some of these libraries may not be found correctly.
    
    
    CMake Warning at plugin/al/plugin/AL_USDMayaTestPlugin/CMakeLists.txt:5 (add_library):
      Cannot generate a safe runtime search path for target AL_USDMayaTestPlugin
      because there is a cycle in the constraint graph:
    
        dir 0 is [/local/S/jenkins/workspace/ecg-mayausd-branch-preflight-2020-osx/build/RelWithDebInfo/plugin/al/lib/AL_USDMaya]
        dir 1 is [/local/S/jenkins/workspace/ecg-mayausd-branch-preflight-2020-osx/build/RelWithDebInfo/plugin/al/mayatest/AL/maya/test]
        dir 2 is [/local/S/jenkins/workspace/ecg-mayausd-branch-preflight-2020-osx/build/RelWithDebInfo/plugin/al/schemas/AL/usd/schemas/maya]
        dir 3 is [/local/S/jenkins/workspace/ecg-mayausd-branch-preflight-2020-osx/build/RelWithDebInfo/plugin/al/schemas/AL/usd/schemas/mayatest]
        dir 4 is [/local/S/jenkins/workspace/ecg-mayausd-branch-preflight-2020-osx/build/RelWithDebInfo/googletest-install/lib]
        dir 5 is [/local/S/jenkins/workspace/ecg-mayausd-branch-preflight-2020-osx/build/RelWithDebInfo/plugin/al/usdmayautils/AL/usdmaya/utils]
        dir 6 is [/local/S/jenkins/workspace/ecg-mayausd-branch-preflight-2020-osx/build/RelWithDebInfo/plugin/al/mayautils/AL/maya]
        dir 7 is [/local/S/jenkins/workspace/ecg-mayausd-branch-preflight-2020-osx/build/RelWithDebInfo/plugin/al/utils/AL]
        dir 8 is [/local/S/jenkins/workspace/ecg-mayausd-branch-preflight-2020-osx/build/RelWithDebInfo/plugin/al/usdtransaction/AL/usd/transaction]
        dir 9 is [/local/S/jenkins/workspace/shared/Artifactory/OSX/USD/e4a2d3d/lib]
          dir 13 must precede it due to runtime library [libtbb.dylib]
        dir 10 is [/local/S/jenkins/workspace/ecg-mayausd-branch-preflight-2020-osx/build/RelWithDebInfo/lib/mayaUsd]
        dir 11 is [/local/S/jenkins/workspace/ecg-mayausd-branch-preflight-2020-osx/build/RelWithDebInfo/lib/usd/utils]
        dir 12 is [/local/S/jenkins/workspace/shared/Artifactory/OSX/rundev-2020/202004291615/runtime/8fd8f21/devkitBase/devkit/ufe/lib]
        dir 13 is [/local/S/jenkins/workspace/shared/Artifactory/OSX/rundev-2020/202004291615/runtime/8fd8f21/runTime/Maya.app/Contents/MacOS]
          dir 9 must precede it due to runtime library [libosdCPU.dylib]
          dir 12 must precede it due to runtime library [libufe_1.dylib]
    
      Some of these libraries may not be found correctly.
    
    
    CMake Warning at plugin/al/translators/CMakeLists.txt:16 (add_library):
      Cannot generate a safe runtime search path for target AL_USDMayaTranslators
      because there is a cycle in the constraint graph:
    
        dir 0 is [/local/S/jenkins/workspace/ecg-mayausd-branch-preflight-2020-osx/build/RelWithDebInfo/plugin/al/lib/AL_USDMaya]
        dir 1 is [/local/S/jenkins/workspace/ecg-mayausd-branch-preflight-2020-osx/build/RelWithDebInfo/plugin/al/schemas/AL/usd/schemas/maya]
        dir 2 is [/local/S/jenkins/workspace/ecg-mayausd-branch-preflight-2020-osx/build/RelWithDebInfo/lib/mayaUsd]
        dir 3 is [/local/S/jenkins/workspace/ecg-mayausd-branch-preflight-2020-osx/build/RelWithDebInfo/lib/usd/schemas]
        dir 4 is [/local/S/jenkins/workspace/shared/Artifactory/OSX/USD/e4a2d3d/lib]
          dir 5 must precede it due to runtime library [libtbb.dylib]
        dir 5 is [/local/S/jenkins/workspace/shared/Artifactory/OSX/rundev-2020/202004291615/runtime/8fd8f21/runTime/Maya.app/Contents/MacOS]
          dir 4 must precede it due to runtime library [libosdCPU.dylib]
          dir 11 must precede it due to runtime library [libufe_1.dylib]
        dir 6 is [/local/S/jenkins/workspace/ecg-mayausd-branch-preflight-2020-osx/build/RelWithDebInfo/plugin/al/usdmayautils/AL/usdmaya/utils]
        dir 7 is [/local/S/jenkins/workspace/ecg-mayausd-branch-preflight-2020-osx/build/RelWithDebInfo/plugin/al/mayautils/AL/maya]
        dir 8 is [/local/S/jenkins/workspace/ecg-mayausd-branch-preflight-2020-osx/build/RelWithDebInfo/plugin/al/utils/AL]
        dir 9 is [/local/S/jenkins/workspace/ecg-mayausd-branch-preflight-2020-osx/build/RelWithDebInfo/lib/usd/utils]
        dir 10 is [/local/S/jenkins/workspace/ecg-mayausd-branch-preflight-2020-osx/build/RelWithDebInfo/plugin/al/usdtransaction/AL/usd/transaction]
        dir 11 is [/local/S/jenkins/workspace/shared/Artifactory/OSX/rundev-2020/202004291615/runtime/8fd8f21/devkitBase/devkit/ufe/lib]
    
      Some of these libraries may not be found correctly.
    
    
    CMake Warning at plugin/al/translators/pxrUsdTranslators/CMakeLists.txt:27 (add_library):
      Cannot generate a safe runtime search path for target
      AL_USDMayaPxrTranslators because there is a cycle in the constraint graph:
    
        dir 0 is [/local/S/jenkins/workspace/ecg-mayausd-branch-preflight-2020-osx/build/RelWithDebInfo/plugin/al/schemas/AL/usd/schemas/maya]
        dir 1 is [/local/S/jenkins/workspace/ecg-mayausd-branch-preflight-2020-osx/build/RelWithDebInfo/lib/usd/schemas]
        dir 2 is [/local/S/jenkins/workspace/ecg-mayausd-branch-preflight-2020-osx/build/RelWithDebInfo/plugin/al/lib/AL_USDMaya]
        dir 3 is [/local/S/jenkins/workspace/ecg-mayausd-branch-preflight-2020-osx/build/RelWithDebInfo/plugin/pxr/maya/lib/usdMaya]
        dir 4 is [/local/S/jenkins/workspace/ecg-mayausd-branch-preflight-2020-osx/build/RelWithDebInfo/plugin/al/usdmayautils/AL/usdmaya/utils]
        dir 5 is [/local/S/jenkins/workspace/ecg-mayausd-branch-preflight-2020-osx/build/RelWithDebInfo/plugin/al/mayautils/AL/maya]
        dir 6 is [/local/S/jenkins/workspace/ecg-mayausd-branch-preflight-2020-osx/build/RelWithDebInfo/plugin/al/utils/AL]
        dir 7 is [/local/S/jenkins/workspace/ecg-mayausd-branch-preflight-2020-osx/build/RelWithDebInfo/plugin/al/usdtransaction/AL/usd/transaction]
        dir 8 is [/local/S/jenkins/workspace/shared/Artifactory/OSX/USD/e4a2d3d/lib]
          dir 12 must precede it due to runtime library [libtbb.dylib]
        dir 9 is [/local/S/jenkins/workspace/ecg-mayausd-branch-preflight-2020-osx/build/RelWithDebInfo/lib/mayaUsd]
        dir 10 is [/local/S/jenkins/workspace/ecg-mayausd-branch-preflight-2020-osx/build/RelWithDebInfo/lib/usd/utils]
        dir 11 is [/local/S/jenkins/workspace/shared/Artifactory/OSX/rundev-2020/202004291615/runtime/8fd8f21/devkitBase/devkit/ufe/lib]
        dir 12 is [/local/S/jenkins/workspace/shared/Artifactory/OSX/rundev-2020/202004291615/runtime/8fd8f21/runTime/Maya.app/Contents/MacOS]
          dir 8 must precede it due to runtime library [libosdCPU.dylib]
          dir 11 must precede it due to runtime library [libufe_1.dylib]
    
      Some of these libraries may not be found correctly.
    
    
    CMake Warning at plugin/adsk/plugin/CMakeLists.txt:18 (add_library):
      Cannot generate a safe runtime search path for target mayaUsdPlugin because
      there is a cycle in the constraint graph:
    
        dir 0 is [/local/S/jenkins/workspace/shared/Artifactory/OSX/rundev-2020/202004291615/runtime/8fd8f21/devkitBase/devkit/ufe/lib]
        dir 1 is [/local/S/jenkins/workspace/ecg-mayausd-branch-preflight-2020-osx/build/RelWithDebInfo/lib/usd/pxrUsdPreviewSurface]
        dir 2 is [/local/S/jenkins/workspace/ecg-mayausd-branch-preflight-2020-osx/build/RelWithDebInfo/lib/usd/ui]
        dir 3 is [/local/S/jenkins/workspace/ecg-mayausd-branch-preflight-2020-osx/build/RelWithDebInfo/lib/mayaUsd]
        dir 4 is [/local/S/jenkins/workspace/shared/Artifactory/OSX/USD/e4a2d3d/lib]
          dir 5 must precede it due to runtime library [libtbb.dylib]
        dir 5 is [/local/S/jenkins/workspace/shared/Artifactory/OSX/rundev-2020/202004291615/runtime/8fd8f21/runTime/Maya.app/Contents/MacOS]
          dir 0 must precede it due to runtime library [libufe_1.dylib]
          dir 4 must precede it due to runtime library [libosdCPU.dylib]
        dir 6 is [/local/S/jenkins/workspace/ecg-mayausd-branch-preflight-2020-osx/build/RelWithDebInfo/lib/usd/utils]
    
      Some of these libraries may not be found correctly.
    
    
    -- Generating done
    -- Build files have been written to: /local/S/jenkins/workspace/ecg-mayausd-branch-preflight-2020-osx/build/RelWithDebInfo
    
        Building with settings:
          Source directory          /local/S/jenkins/workspace/ecg-mayausd-branch-preflight-2020-osx/ecg-maya-usd/maya-usd
          Workspace directory       /local/S/jenkins/workspace/ecg-mayausd-branch-preflight-2020-osx
          Build directory           /local/S/jenkins/workspace/ecg-mayausd-branch-preflight-2020-osx/build/RelWithDebInfo
          Install directory         /local/S/jenkins/workspace/ecg-mayausd-branch-preflight-2020-osx/install/RelWithDebInfo/MayaUSD
          Variant                   RelWithDebInfo
          Python Debug              Off
          CMake generator           Ninja
          Build arguments           ['-DCMAKE_MAKE_PROGRAM=/local/S/jenkins/workspace/shared/Artifactory/OSX/ninja/1.9.0/41005eb/ninja', '-DPYTHON_INCLUDE_DIR=/local/S/jenkins/workspace/shared/Artifactory/OSX/rundev-2020/202004291615/runtime/8fd8f21/runTime/Maya.app/Contents/Frameworks/Python.framework/Versions/Current/include/python2.7', '-DPython_EXECUTABLE=/local/S/jenkins/workspace/shared/Artifactory/OSX/rundev-2020/202004291615/runtime/8fd8f21/runTime/Maya.app/Contents/bin/mayapy', '-DPYTHON_LIBRARIES=/local/S/jenkins/workspace/shared/Artifactory/OSX/rundev-2020/202004291615/runtime/8fd8f21/runTime/Maya.app/Contents/Frameworks/Python.framework/Versions/Current/lib/libpython2.7.dylib', '-DMAYAUSD_TO_USD_RELATIVE_PATH=../USD']
          Stages arguments          ['configure']
          CTest arguments           ['-E testUsdReferenceAssemblySelection|testUsdMayaAppDir|testUsdExportAsClip', '-LE interactive', '--parallel 12']
    Success MayaUSD build and install !!!!
    Elapsed time: 00:00:34
[Pipeline] }
[Pipeline] // withEnv
[Pipeline] }
[Pipeline] // stage
[Pipeline] }
[Pipeline] // timestamps
[Pipeline] }
[Pipeline] // timeout
[Pipeline] timeout
Timeout set to expire in 6 hr 0 min
[Pipeline] {
[Pipeline] timestamps
[Pipeline] {
[Pipeline] stage
[Pipeline] { (Build)
[Pipeline] withEnv
[Pipeline] {
[Pipeline] sh
[ecg-mayausd-branch-preflight-2020-osx] Running shell script
+ python ecg-maya-usd/build.py --stages=build --workspace-dir=/local/S/jenkins/workspace/ecg-mayausd-branch-preflight-2020-osx --artifactory-dir=/local/S/jenkins/workspace/shared/Artifactory --build-dir=/local/S/jenkins/workspace/ecg-mayausd-branch-preflight-2020-osx/build --install-dir=/local/S/jenkins/workspace/ecg-mayausd-branch-preflight-2020-osx/install --signing-dir=/local/S/jenkins/workspace/ecg-mayausd-branch-preflight-2020-osx/signing --package-dir=/local/S/jenkins/workspace/ecg-mayausd-branch-preflight-2020-osx/package --output-dir=/local/S/jenkins/workspace/ecg-mayausd-branch-preflight-2020-osx/output --stash-dir=/local/S/jenkins/workspace/ecg-mayausd-branch-preflight-2020-osx/stash --jenkins-build=442 --git-commit=4cbe6e0f05e962749969b3d33f03db99a83b5c28 --git-branch=master --variants=RelWithDebInfo --python=2 --build-retry=3 --maya-cut-config=maya-rundev-2020.yaml --stage-banner
Using Maya cut from /local/S/jenkins/workspace/shared/Artifactory/OSX/rundev-2020/202004291615/runtime/8fd8f21

================================================================================
                             build (RelWithDebInfo)
================================================================================
running build stage....................
Maya Python RelWithDebInfo Info:
  mayapy executable   = /local/S/jenkins/workspace/shared/Artifactory/OSX/rundev-2020/202004291615/runtime/8fd8f21/runTime/Maya.app/Contents/bin/mayapy
  Include Folder      = /local/S/jenkins/workspace/shared/Artifactory/OSX/rundev-2020/202004291615/runtime/8fd8f21/runTime/Maya.app/Contents/Frameworks/Python.framework/Versions/Current/include/python2.7
  Library             = /local/S/jenkins/workspace/shared/Artifactory/OSX/rundev-2020/202004291615/runtime/8fd8f21/runTime/Maya.app/Contents/Frameworks/Python.framework/Versions/Current/lib/libpython2.7.dylib
  site-package Folder = /local/S/jenkins/workspace/shared/Artifactory/OSX/rundev-2020/202004291615/runtime/8fd8f21/runTime/Maya.app/Contents/Frameworks/Python.framework/Versions/Current/lib/python2.7/site-packages
In workdir: /local/S/jenkins/workspace/ecg-mayausd-branch-preflight-2020-osx/ecg-maya-usd/maya-usd
Executing: /local/S/jenkins/workspace/shared/Artifactory/OSX/rundev-2020/202004291615/runtime/8fd8f21/runTime/Maya.app/Contents/bin/mayapy /local/S/jenkins/workspace/ecg-mayausd-branch-preflight-2020-osx/ecg-maya-usd/maya-usd/build.py --generator Ninja --build-relwithdebug --maya-location /local/S/jenkins/workspace/shared/Artifactory/OSX/rundev-2020/202004291615/runtime/8fd8f21/runTime --devkit-location /local/S/jenkins/workspace/shared/Artifactory/OSX/rundev-2020/202004291615/runtime/8fd8f21/devkitBase --pxrusd-location /local/S/jenkins/workspace/shared/Artifactory/OSX/USD/e4a2d3d --qt-location /local/S/jenkins/workspace/shared/Artifactory/OSX/qt/5.12.5/3ca78fe --build-args=-DCMAKE_MAKE_PROGRAM=/local/S/jenkins/workspace/shared/Artifactory/OSX/ninja/1.9.0/41005eb/ninja,-DPYTHON_INCLUDE_DIR=/local/S/jenkins/workspace/shared/Artifactory/OSX/rundev-2020/202004291615/runtime/8fd8f21/runTime/Maya.app/Contents/Frameworks/Python.framework/Versions/Current/include/python2.7,-DPython_EXECUTABLE=/local/S/jenkins/workspace/shared/Artifactory/OSX/rundev-2020/202004291615/runtime/8fd8f21/runTime/Maya.app/Contents/bin/mayapy,-DPYTHON_LIBRARIES=/local/S/jenkins/workspace/shared/Artifactory/OSX/rundev-2020/202004291615/runtime/8fd8f21/runTime/Maya.app/Contents/Frameworks/Python.framework/Versions/Current/lib/libpython2.7.dylib,-DMAYAUSD_TO_USD_RELATIVE_PATH=../USD '--ctest-args=-E testUsdReferenceAssemblySelection|testUsdMayaAppDir|testUsdExportAsClip,-LE interactive,--parallel 12' --stages=build --redirect-outstream-file=False --install-location /local/S/jenkins/workspace/ecg-mayausd-branch-preflight-2020-osx/install/RelWithDebInfo/MayaUSD /local/S/jenkins/workspace/ecg-mayausd-branch-preflight-2020-osx
Modified environment variables:
    PATH=/local/S/jenkins/workspace/shared/Artifactory/OSX/cmake/3.14.4/e159059/bin:/usr/local/bin:/bin:/usr/sbin:/sbin:/usr/bin
    [1/537] Running utility command for MAYAUSD_TEST
    [2/537] Running utility command for MAYAUSD_NODES_TEST
    [3/537] Running utility command for MAYAUSD_UNDO_TEST
    [4/537] Running utility command for MAYAUSD_SCHEMA_TEST
    [5/537] Running utility command for PYTHON_TEST_UTILS
    [6/537] Running utility command for MAYAUSD_PXR_USD_PREVIEW_SURFACE_TEST
    [7/537] Running utility command for UFE_TEST
    [8/537] Building CXX object test/lib/usd/plugin/CMakeFiles/usdTestMayaPlugin.dir/plugin.cpp.o
    [9/537] Running utility command for PYTHON_TEST_SAMPLES
    [10/537] Building CXX object lib/mayaUsd/CMakeFiles/mayaUsd.dir/base/debugCodes.cpp.o
    [11/537] Building CXX object lib/mayaUsd/CMakeFiles/mayaUsd.dir/base/tokens.cpp.o
    [12/537] Building CXX object test/lib/usd/utils/CMakeFiles/DiffCore.dir/main.cpp.o
    [13/537] Running utility command for MAYAUSD_RENDER_PXRUSDMAYAGL_TEST
    [14/537] Running utility command for IMPORT_EXPORT_TEST
    [15/537] Building CXX object test/lib/usd/utils/CMakeFiles/DiffCore.dir/test_DiffCore.cpp.o
    [16/537] Building CXX object lib/mayaUsd/CMakeFiles/mayaUsd.dir/commands/editTargetCommand.cpp.o
    [17/537] Building CXX object lib/mayaUsd/CMakeFiles/mayaUsd.dir/commands/baseImportCommand.cpp.o
    [18/537] Building CXX object test/lib/usd/plugin/CMakeFiles/usdTestMayaPlugin.dir/mayaShaderTranslation.cpp.o
    [19/537] Building CXX object test/lib/usd/plugin/CMakeFiles/usdTestUsdPlugin.dir/mayaShaderTranslation.cpp.o
    [20/537] Building CXX object lib/mayaUsd/CMakeFiles/mayaUsd.dir/fileio/fallbackPrimReader.cpp.o
    [21/537] Building CXX object lib/mayaUsd/CMakeFiles/mayaUsd.dir/fileio/functorPrimReader.cpp.o
    [22/537] Building CXX object lib/mayaUsd/CMakeFiles/mayaUsd.dir/commands/baseExportCommand.cpp.o
    [23/537] Building CXX object lib/mayaUsd/CMakeFiles/mayaUsd.dir/commands/layerEditorCommand.cpp.o
    [24/537] Building CXX object lib/mayaUsd/CMakeFiles/mayaUsd.dir/commands/baseListShadingModesCommand.cpp.o
    [25/537] Building CXX object lib/mayaUsd/CMakeFiles/mayaUsd.dir/fileio/functorPrimWriter.cpp.o
    [26/537] Building CXX object lib/mayaUsd/CMakeFiles/mayaUsd.dir/fileio/importData.cpp.o
    [27/537] Building CXX object lib/mayaUsd/CMakeFiles/mayaUsd.dir/fileio/instancedNodeWriter.cpp.o
    [28/537] Building CXX object lib/mayaUsd/CMakeFiles/mayaUsd.dir/fileio/primUpdaterContext.cpp.o
    [29/537] Building CXX object lib/mayaUsd/CMakeFiles/mayaUsd.dir/fileio/primReaderContext.cpp.o
    [30/537] Building CXX object lib/mayaUsd/CMakeFiles/mayaUsd.dir/fileio/primReader.cpp.o
    [31/537] Building CXX object lib/mayaUsd/CMakeFiles/mayaUsd.dir/fileio/primReaderArgs.cpp.o
    [32/537] Building CXX object lib/mayaUsd/CMakeFiles/mayaUsd.dir/fileio/primUpdater.cpp.o
    [33/537] Building CXX object lib/mayaUsd/CMakeFiles/mayaUsd.dir/fileio/primWriterArgs.cpp.o
    [34/537] Building CXX object lib/mayaUsd/CMakeFiles/mayaUsd.dir/fileio/primReaderRegistry.cpp.o
    [35/537] Building CXX object lib/mayaUsd/CMakeFiles/mayaUsd.dir/fileio/primWriterContext.cpp.o
    [36/537] Building CXX object lib/mayaUsd/CMakeFiles/mayaUsd.dir/fileio/primUpdaterRegistry.cpp.o
    [37/537] Building CXX object lib/mayaUsd/CMakeFiles/mayaUsd.dir/fileio/chaser/chaser.cpp.o
    [38/537] Building CXX object lib/mayaUsd/CMakeFiles/mayaUsd.dir/fileio/primWriter.cpp.o
    [39/537] Building CXX object lib/mayaUsd/CMakeFiles/mayaUsd.dir/fileio/registryHelper.cpp.o
    [40/537] Building CXX object lib/mayaUsd/CMakeFiles/mayaUsd.dir/fileio/primWriterRegistry.cpp.o
    [41/537] Building CXX object lib/mayaUsd/CMakeFiles/mayaUsd.dir/fileio/shaderReader.cpp.o
    [42/537] Building CXX object lib/mayaUsd/CMakeFiles/mayaUsd.dir/fileio/shaderWriter.cpp.o
    [43/537] Building CXX object lib/mayaUsd/CMakeFiles/mayaUsd.dir/fileio/shaderReaderRegistry.cpp.o
    [44/537] Building CXX object lib/mayaUsd/CMakeFiles/mayaUsd.dir/fileio/shaderWriterRegistry.cpp.o
    [45/537] Building CXX object lib/mayaUsd/CMakeFiles/mayaUsd.dir/fileio/chaser/chaserRegistry.cpp.o
    [46/537] Building CXX object lib/mayaUsd/CMakeFiles/mayaUsd.dir/fileio/transformWriter.cpp.o
    [47/537] Building CXX object lib/mayaUsd/CMakeFiles/mayaUsd.dir/fileio/utils/readUtil.cpp.o
    [48/537] Building CXX object lib/mayaUsd/CMakeFiles/mayaUsd.dir/fileio/jobs/modelKindProcessor.cpp.o
    [49/537] Building CXX object lib/mayaUsd/CMakeFiles/mayaUsd.dir/fileio/writeJobContext.cpp.o
    [50/537] Building CXX object lib/mayaUsd/CMakeFiles/mayaUsd.dir/fileio/jobs/readJob.cpp.o
    [51/537] Building CXX object lib/mayaUsd/CMakeFiles/mayaUsd.dir/fileio/shading/shadingModeExporter.cpp.o
    [52/537] Building CXX object lib/mayaUsd/CMakeFiles/mayaUsd.dir/fileio/shading/shadingModeDisplayColor.cpp.o
    [53/537] Building CXX object lib/mayaUsd/CMakeFiles/mayaUsd.dir/fileio/jobs/writeJob.cpp.o
    [54/537] Building CXX object lib/mayaUsd/CMakeFiles/mayaUsd.dir/fileio/jobs/jobArgs.cpp.o
    [55/537] Building CXX object lib/mayaUsd/CMakeFiles/mayaUsd.dir/fileio/shading/shadingModeImporter.cpp.o
    [56/537] Building CXX object lib/mayaUsd/CMakeFiles/mayaUsd.dir/fileio/shading/shadingModeRegistry.cpp.o
    [57/537] Building CXX object lib/mayaUsd/CMakeFiles/mayaUsd.dir/fileio/shading/shadingModeExporterContext.cpp.o
    [58/537] Building CXX object lib/mayaUsd/CMakeFiles/mayaUsd.dir/fileio/shading/shadingModeUseRegistry.cpp.o
    [59/537] Building CXX object lib/mayaUsd/CMakeFiles/mayaUsd.dir/fileio/shading/symmetricShaderReader.cpp.o
    [60/537] Building CXX object lib/mayaUsd/CMakeFiles/mayaUsd.dir/fileio/shading/symmetricShaderWriter.cpp.o
    [61/537] Building CXX object lib/mayaUsd/CMakeFiles/mayaUsd.dir/fileio/translators/skelBindingsProcessor.cpp.o
    [62/537] Building CXX object lib/mayaUsd/CMakeFiles/mayaUsd.dir/fileio/translators/translatorGprim.cpp.o
    [63/537] Building CXX object lib/mayaUsd/CMakeFiles/mayaUsd.dir/fileio/shading/shadingModePxrRis.cpp.o
    [64/537] Building CXX object lib/mayaUsd/CMakeFiles/mayaUsd.dir/fileio/translators/translatorMayaReference.cpp.o
    [65/537] Building CXX object lib/mayaUsd/CMakeFiles/mayaUsd.dir/fileio/translators/translatorCurves.cpp.o
    [66/537] Building CXX object lib/mayaUsd/CMakeFiles/mayaUsd.dir/fileio/translators/translatorCamera.cpp.o
    [67/537] Building CXX object lib/mayaUsd/CMakeFiles/mayaUsd.dir/fileio/translators/translatorMaterial.cpp.o
    [68/537] Building CXX object lib/mayaUsd/CMakeFiles/mayaUsd.dir/fileio/translators/translatorPrim.cpp.o
    [69/537] Building CXX object lib/mayaUsd/CMakeFiles/mayaUsd.dir/fileio/translators/translatorMesh.cpp.o
    [70/537] Building CXX object lib/mayaUsd/CMakeFiles/mayaUsd.dir/fileio/translators/translatorNurbsPatch.cpp.o
    [71/537] Building CXX object lib/mayaUsd/CMakeFiles/mayaUsd.dir/fileio/translators/translatorUtil.cpp.o
    [72/537] Building CXX object lib/mayaUsd/CMakeFiles/mayaUsd.dir/fileio/translators/translatorXformable_decompose.cpp.o
    [73/537] Building CXX object lib/mayaUsd/CMakeFiles/mayaUsd.dir/fileio/translators/translatorSkel.cpp.o
    [74/537] Building CXX object lib/mayaUsd/CMakeFiles/mayaUsd.dir/fileio/translators/translatorXformable.cpp.o
    [75/537] Building CXX object lib/mayaUsd/CMakeFiles/mayaUsd.dir/fileio/translators/translatorRfMLight.cpp.o
    [76/537] Building CXX object lib/mayaUsd/CMakeFiles/mayaUsd.dir/fileio/utils/jointWriteUtils.cpp.o
    [77/537] Building CXX object lib/mayaUsd/CMakeFiles/mayaUsd.dir/fileio/utils/adaptor.cpp.o
    [78/537] Building CXX object lib/mayaUsd/CMakeFiles/mayaUsd.dir/fileio/utils/meshReadUtils.cpp.o
    [79/537] Building CXX object lib/mayaUsd/CMakeFiles/mayaUsd.dir/listeners/notice.cpp.o
    [80/537] Building CXX object lib/mayaUsd/CMakeFiles/mayaUsd.dir/fileio/utils/shadingUtil.cpp.o
    [81/537] Building CXX object lib/mayaUsd/CMakeFiles/mayaUsd.dir/fileio/utils/roundTripUtil.cpp.o
    [82/537] Building CXX object lib/mayaUsd/CMakeFiles/mayaUsd.dir/fileio/utils/userTaggedAttribute.cpp.o
    [83/537] Building CXX object lib/mayaUsd/CMakeFiles/mayaUsd.dir/fileio/utils/meshWriteUtils.cpp.o
    [84/537] Building CXX object lib/mayaUsd/CMakeFiles/mayaUsd.dir/listeners/stageNoticeListener.cpp.o
    [85/537] Building CXX object lib/mayaUsd/CMakeFiles/mayaUsd.dir/listeners/proxyShapeNotice.cpp.o
    [86/537] Building CXX object lib/mayaUsd/CMakeFiles/mayaUsd.dir/fileio/utils/xformStack.cpp.o
    [87/537] Building CXX object lib/mayaUsd/CMakeFiles/mayaUsd.dir/render/px_vp20/glslProgram.cpp.o
    [88/537] Building CXX object lib/mayaUsd/CMakeFiles/mayaUsd.dir/nodes/hdImagingShape.cpp.o
    [89/537] Building CXX object lib/mayaUsd/CMakeFiles/mayaUsd.dir/nodes/stageData.cpp.o
    [90/537] Building CXX object lib/mayaUsd/CMakeFiles/mayaUsd.dir/nodes/pointBasedDeformerNode.cpp.o
    [91/537] Building CXX object lib/mayaUsd/CMakeFiles/mayaUsd.dir/render/pxrUsdMayaGL/debugCodes.cpp.o
    [92/537] Building CXX object lib/mayaUsd/CMakeFiles/mayaUsd.dir/python/moduleDeps.cpp.o
    [93/537] Building CXX object lib/mayaUsd/CMakeFiles/mayaUsd.dir/nodes/proxyAccessor.cpp.o
    [94/537] Building CXX object lib/mayaUsd/CMakeFiles/mayaUsd.dir/render/px_vp20/utils_legacy.cpp.o
    [95/537] Building CXX object lib/mayaUsd/CMakeFiles/mayaUsd.dir/nodes/usdPrimProvider.cpp.o
    [96/537] Building CXX object lib/mayaUsd/CMakeFiles/mayaUsd.dir/nodes/stageNode.cpp.o
    [97/537] Building CXX object lib/mayaUsd/CMakeFiles/mayaUsd.dir/render/px_vp20/utils.cpp.o
    [98/537] Building CXX object lib/mayaUsd/CMakeFiles/mayaUsd.dir/nodes/proxyShapePlugin.cpp.o
    [99/537] Building CXX object lib/mayaUsd/CMakeFiles/mayaUsd.dir/nodes/proxyShapeBase.cpp.o
    [100/537] Building CXX object lib/mayaUsd/CMakeFiles/mayaUsd.dir/fileio/utils/writeUtil.cpp.o
    [101/537] Building CXX object lib/mayaUsd/CMakeFiles/mayaUsd.dir/render/pxrUsdMayaGL/softSelectHelper.cpp.o
    [102/537] Building CXX object lib/mayaUsd/CMakeFiles/mayaUsd.dir/render/pxrUsdMayaGL/userData.cpp.o
    [103/537] Building CXX object lib/mayaUsd/CMakeFiles/mayaUsd.dir/render/pxrUsdMayaGL/hdImagingShapeDrawOverride.cpp.o
    [104/537] Building CXX object lib/mayaUsd/CMakeFiles/mayaUsd.dir/render/pxrUsdMayaGL/hdImagingShapeUI.cpp.o
    [105/537] Building CXX object lib/mayaUsd/CMakeFiles/mayaUsd.dir/render/vp2RenderDelegate/debugCodes.cpp.o
    [106/537] Building CXX object lib/mayaUsd/CMakeFiles/mayaUsd.dir/render/vp2RenderDelegate/bboxGeom.cpp.o
    [107/537] Building CXX object lib/mayaUsd/CMakeFiles/mayaUsd.dir/render/pxrUsdMayaGL/proxyShapeDelegate.cpp.o
    [108/537] Building CXX object lib/mayaUsd/CMakeFiles/mayaUsd.dir/render/pxrUsdMayaGL/batchRenderer.cpp.o
    [109/537] Building CXX object lib/mayaUsd/CMakeFiles/mayaUsd.dir/render/pxrUsdMayaGL/instancerImager.cpp.o
    [110/537] Building CXX object lib/mayaUsd/CMakeFiles/mayaUsd.dir/render/pxrUsdMayaGL/instancerShapeAdapter.cpp.o
    [111/537] Building CXX object lib/mayaUsd/CMakeFiles/mayaUsd.dir/render/pxrUsdMayaGL/proxyDrawOverride.cpp.o
    [112/537] Building CXX object lib/mayaUsd/CMakeFiles/mayaUsd.dir/render/pxrUsdMayaGL/shapeAdapter.cpp.o
    [113/537] Building CXX object lib/mayaUsd/CMakeFiles/mayaUsd.dir/render/pxrUsdMayaGL/proxyShapeUI.cpp.o
    [114/537] Building CXX object lib/mayaUsd/CMakeFiles/mayaUsd.dir/render/vp2RenderDelegate/tokens.cpp.o
    [115/537] Building CXX object lib/mayaUsd/CMakeFiles/mayaUsd.dir/render/pxrUsdMayaGL/sceneDelegate.cpp.o
    [116/537] Building CXX object lib/mayaUsd/CMakeFiles/mayaUsd.dir/render/pxrUsdMayaGL/usdProxyShapeAdapter.cpp.o
    [117/537] Building CXX object lib/mayaUsd/CMakeFiles/mayaUsd.dir/render/vp2RenderDelegate/sampler.cpp.o
    [118/537] Building CXX object lib/mayaUsd/CMakeFiles/mayaUsd.dir/render/vp2RenderDelegate/draw_item.cpp.o
    [119/537] Building CXX object lib/mayaUsd/CMakeFiles/mayaUsd.dir/render/vp2ShaderFragments/shaderFragments.cpp.o
    [120/537] Building CXX object lib/mayaUsd/CMakeFiles/mayaUsd.dir/render/vp2RenderDelegate/instancer.cpp.o
    [121/537] Building CXX object lib/mayaUsd/CMakeFiles/mayaUsd.dir/render/vp2RenderDelegate/render_param.cpp.o
    [122/537] Building CXX object lib/mayaUsd/CMakeFiles/mayaUsd.dir/render/vp2RenderDelegate/basisCurves.cpp.o
    [123/537] Building CXX object lib/mayaUsd/CMakeFiles/mayaUsd.dir/render/vp2RenderDelegate/material.cpp.o
    [124/537] Building CXX object lib/mayaUsd/CMakeFiles/mayaUsd.dir/ufe/Global.cpp.o
    [125/537] Building CXX object lib/mayaUsd/CMakeFiles/mayaUsd.dir/ufe/ProxyShapeHandler.cpp.o
    [126/537] Building CXX object lib/mayaUsd/CMakeFiles/mayaUsd.dir/render/vp2RenderDelegate/render_delegate.cpp.o
    [127/537] Building CXX object lib/mayaUsd/CMakeFiles/mayaUsd.dir/ufe/ProxyShapeHierarchyHandler.cpp.o
    [128/537] Building CXX object lib/mayaUsd/CMakeFiles/mayaUsd.dir/ufe/ProxyShapeHierarchy.cpp.o
    [129/537] Building CXX object lib/mayaUsd/CMakeFiles/mayaUsd.dir/ufe/UsdHierarchyHandler.cpp.o
    [130/537] Building CXX object lib/mayaUsd/CMakeFiles/mayaUsd.dir/render/vp2RenderDelegate/mesh.cpp.o
    [131/537] Building CXX object lib/mayaUsd/CMakeFiles/mayaUsd.dir/ufe/UsdHierarchy.cpp.o
    [132/537] Building CXX object lib/mayaUsd/CMakeFiles/mayaUsd.dir/ufe/UsdRootChildHierarchy.cpp.o
    [133/537] Building CXX object lib/mayaUsd/CMakeFiles/mayaUsd.dir/ufe/StagesSubject.cpp.o
    [134/537] Building CXX object lib/mayaUsd/CMakeFiles/mayaUsd.dir/render/vp2RenderDelegate/proxyRenderDelegate.cpp.o
    [135/537] Building CXX object lib/mayaUsd/CMakeFiles/mayaUsd.dir/ufe/UsdRotatePivotTranslateUndoableCommand.cpp.o
    [136/537] Building CXX object lib/mayaUsd/CMakeFiles/mayaUsd.dir/ufe/UsdRotateUndoableCommand.cpp.o
    [137/537] Building CXX object lib/mayaUsd/CMakeFiles/mayaUsd.dir/ufe/UsdSceneItem.cpp.o
    [138/537] Building CXX object lib/mayaUsd/CMakeFiles/mayaUsd.dir/ufe/UsdScaleUndoableCommand.cpp.o
    [139/537] Building CXX object lib/mayaUsd/CMakeFiles/mayaUsd.dir/ufe/UsdSceneItemOps.cpp.o
    [140/537] Building CXX object lib/mayaUsd/CMakeFiles/mayaUsd.dir/ufe/UsdSceneItemOpsHandler.cpp.o
    [141/537] Building CXX object lib/mayaUsd/CMakeFiles/mayaUsd.dir/ufe/UsdStageMap.cpp.o
    [142/537] Building CXX object lib/mayaUsd/CMakeFiles/mayaUsd.dir/ufe/UsdTransform3dHandler.cpp.o
    [143/537] Building CXX object lib/mayaUsd/CMakeFiles/mayaUsd.dir/ufe/UsdTRSUndoableCommandBase.cpp.o
    [144/537] Building CXX object lib/mayaUsd/CMakeFiles/mayaUsd.dir/ufe/UsdTransform3d.cpp.o
    [145/537] Building CXX object lib/mayaUsd/CMakeFiles/mayaUsd.dir/ufe/moduleDeps.cpp.o
    [146/537] Building CXX object lib/mayaUsd/CMakeFiles/mayaUsd.dir/undo/UsdUndoableItem.cpp.o
    [147/537] Building CXX object lib/mayaUsd/CMakeFiles/mayaUsd.dir/utils/colorSpace.cpp.o
    [148/537] Building CXX object lib/mayaUsd/CMakeFiles/mayaUsd.dir/ufe/UsdTranslateUndoableCommand.cpp.o
    [149/537] Building CXX object lib/mayaUsd/CMakeFiles/mayaUsd.dir/ufe/UsdUndoDeleteCommand.cpp.o
    [150/537] Building CXX object lib/mayaUsd/CMakeFiles/mayaUsd.dir/utils/blockSceneModificationContext.cpp.o
    [151/537] Building CXX object lib/mayaUsd/CMakeFiles/mayaUsd.dir/utils/diagnosticDelegate.cpp.o
    [152/537] Building CXX object lib/mayaUsd/CMakeFiles/mayaUsd.dir/ufe/UsdUndoDuplicateCommand.cpp.o
    [153/537] Building CXX object lib/mayaUsd/CMakeFiles/mayaUsd.dir/undo/UsdUndoBlock.cpp.o
    [154/537] Building CXX object lib/mayaUsd/CMakeFiles/mayaUsd.dir/ufe/UsdUndoRenameCommand.cpp.o
    [155/537] Building CXX object lib/mayaUsd/python/CMakeFiles/_mayaUsd.dir/module.cpp.o
    [156/537] Building CXX object lib/mayaUsd/CMakeFiles/mayaUsd.dir/ufe/private/Utils.cpp.o
    [157/537] Building CXX object lib/mayaUsd/CMakeFiles/mayaUsd.dir/utils/utilFileSystem.cpp.o
    [158/537] Building CXX object lib/mayaUsd/CMakeFiles/mayaUsd.dir/undo/UsdUndoManager.cpp.o
    [159/537] Building CXX object lib/mayaUsd/CMakeFiles/mayaUsd.dir/utils/undoHelperCommand.cpp.o
    [160/537] Building CXX object lib/mayaUsd/CMakeFiles/mayaUsd.dir/utils/query.cpp.o
    [161/537] Building CXX object lib/mayaUsd/CMakeFiles/mayaUsd.dir/utils/stageCache.cpp.o
    [162/537] Building CXX object lib/mayaUsd/python/CMakeFiles/_mayaUsd.dir/wrapBlockSceneModificationContext.cpp.o
    [163/537] Building CXX object lib/mayaUsd/CMakeFiles/mayaUsd.dir/undo/UsdUndoStateDelegate.cpp.o
    [164/537] Building CXX object lib/mayaUsd/CMakeFiles/mayaUsd.dir/ufe/Utils.cpp.o
    [165/537] Building CXX object lib/mayaUsd/python/CMakeFiles/_mayaUsd.dir/wrapColorSpace.cpp.o
    [166/537] Building CXX object lib/mayaUsd/CMakeFiles/mayaUsd.dir/utils/converter.cpp.o
    [167/537] Building CXX object lib/mayaUsd/python/CMakeFiles/_mayaUsd.dir/wrapDiagnosticDelegate.cpp.o
    [168/537] Building CXX object lib/mayaUsd/python/CMakeFiles/_mayaUsd.dir/wrapMeshWriteUtils.cpp.o
    [169/537] Building CXX object lib/mayaUsd/ufe/CMakeFiles/_ufe.dir/module.cpp.o
    [170/537] Building CXX object lib/mayaUsd/python/CMakeFiles/_mayaUsd.dir/wrapStageCache.cpp.o
    [171/537] Building CXX object lib/mayaUsd/python/CMakeFiles/_mayaUsd.dir/wrapConverter.cpp.o
    [172/537] Building CXX object lib/mayaUsd/python/CMakeFiles/_mayaUsd.dir/wrapQuery.cpp.o
    [173/537] Building CXX object lib/mayaUsd/python/CMakeFiles/_mayaUsd.dir/wrapReadUtil.cpp.o
    [174/537] Building CXX object lib/mayaUsd/python/CMakeFiles/_mayaUsd.dir/wrapRoundTripUtil.cpp.o
    [175/537] Building CXX object lib/mayaUsd/python/CMakeFiles/_mayaUsd.dir/wrapAdaptor.cpp.o
    [176/537] Building CXX object lib/mayaUsd/python/CMakeFiles/_mayaUsd.dir/wrapUserTaggedAttribute.cpp.o
    [177/537] Building CXX object lib/mayaUsd/render/mayaToHydra/CMakeFiles/mtoh.dir/pluginDebugCodes.cpp.o
    [178/537] Building CXX object lib/mayaUsd/python/CMakeFiles/_mayaUsd.dir/wrapUsdUndoManager.cpp.o
    [179/537] Building CXX object lib/mayaUsd/CMakeFiles/mayaUsd.dir/utils/util.cpp.o
    [180/537] Building CXX object lib/mayaUsd/python/CMakeFiles/_mayaUsd.dir/wrapWriteUtil.cpp.o
    [181/537] Building CXX object lib/mayaUsd/ufe/CMakeFiles/_ufe.dir/wrapGlobal.cpp.o
    [182/537] Building CXX object lib/mayaUsd/render/mayaToHydra/CMakeFiles/mtoh.dir/tokens.cpp.o
    [183/537] Building CXX object lib/usd/hdMaya/CMakeFiles/hdMaya.dir/debugCodes.cpp.o
    [184/537] Building CXX object lib/mayaUsd/python/CMakeFiles/_mayaUsd.dir/wrapXformStack.cpp.o
    [185/537] Building CXX object lib/usd/hdMaya/CMakeFiles/hdMaya.dir/adapters/adapterDebugCodes.cpp.o
    [186/537] Building CXX object lib/mayaUsd/ufe/CMakeFiles/_ufe.dir/wrapUtils.cpp.o
    [187/537] Building CXX object lib/mayaUsd/render/mayaToHydra/CMakeFiles/mtoh.dir/utils.cpp.o
    [188/537] Building CXX object lib/mayaUsd/ufe/CMakeFiles/_ufe.dir/wrapNotice.cpp.o
    [189/537] Building CXX object lib/usd/hdMaya/CMakeFiles/hdMaya.dir/utils.cpp.o
    [190/537] Building CXX object lib/usd/hdMaya/CMakeFiles/hdMaya.dir/adapters/adapter.cpp.o
    [191/537] Building CXX object lib/mayaUsd/render/mayaToHydra/CMakeFiles/mtoh.dir/defaultLightDelegate.cpp.o
    [192/537] Building CXX object lib/mayaUsd/render/mayaToHydra/CMakeFiles/mtoh.dir/plugin.cpp.o
    [193/537] Building CXX object lib/mayaUsd/render/mayaToHydra/CMakeFiles/mtoh.dir/shadingModeExporter.cpp.o
    [194/537] Building CXX object lib/mayaUsd/render/mayaToHydra/CMakeFiles/mtoh.dir/viewCommand.cpp.o
    [195/537] Building CXX object lib/usd/hdMaya/CMakeFiles/hdMaya.dir/adapters/mayaAttrs.cpp.o
    [196/537] Building CXX object lib/usd/hdMaya/CMakeFiles/hdMaya.dir/adapters/areaLightAdapter.cpp.o
    [197/537] Building CXX object lib/usd/hdMaya/CMakeFiles/hdMaya.dir/adapters/directionalLightAdapter.cpp.o
    [198/537] Building CXX object lib/usd/hdMaya/CMakeFiles/hdMaya.dir/adapters/aiSkydomeLightAdapter.cpp.o
    [199/537] Building CXX object lib/usd/hdMaya/CMakeFiles/hdMaya.dir/adapters/dagAdapter.cpp.o
    [200/537] Building CXX object lib/mayaUsd/render/mayaToHydra/CMakeFiles/mtoh.dir/renderOverride.cpp.o
    [201/537] Building CXX object lib/mayaUsd/render/mayaToHydra/CMakeFiles/mtoh.dir/renderGlobals.cpp.o
    [202/537] Building CXX object lib/usd/hdMaya/CMakeFiles/hdMaya.dir/adapters/adapterRegistry.cpp.o
    [203/537] Building CXX object lib/usd/hdMaya/CMakeFiles/hdMaya.dir/adapters/tokens.cpp.o
    [204/537] Building CXX object lib/usd/hdMaya/CMakeFiles/hdMaya.dir/adapters/lightAdapter.cpp.o
    [205/537] Building CXX object lib/usd/hdMaya/CMakeFiles/hdMaya.dir/delegates/delegateDebugCodes.cpp.o
    [206/537] Building CXX object lib/usd/hdMaya/CMakeFiles/hdMaya.dir/adapters/materialAdapter.cpp.o
    [207/537] Building CXX object lib/usd/hdMaya/CMakeFiles/hdMaya.dir/adapters/shapeAdapter.cpp.o
    [208/537] Building CXX object lib/usd/hdMaya/CMakeFiles/hdMaya.dir/adapters/pointLightAdapter.cpp.o
    [209/537] Building CXX object lib/usd/hdMaya/CMakeFiles/hdMaya.dir/delegates/delegate.cpp.o
    [210/537] Building CXX object lib/usd/hdMaya/CMakeFiles/hdMaya.dir/adapters/nurbsCurveAdapter.cpp.o
    [211/537] Building CXX object lib/usd/hdMaya/CMakeFiles/hdMaya.dir/adapters/spotLightAdapter.cpp.o
    [212/537] Building CXX object lib/usd/hdMaya/CMakeFiles/hdMaya.dir/adapters/meshAdapter.cpp.o
    [213/537] Building CXX object lib/usd/hdMaya/CMakeFiles/hdMaya.dir/adapters/proxyAdapter.cpp.o
    [214/537] Building CXX object lib/usd/pxrUsdPreviewSurface/CMakeFiles/basePxrUsdPreviewSurface.dir/usdPreviewSurface.cpp.o
    [215/537] Building CXX object lib/usd/pxrUsdPreviewSurface/CMakeFiles/basePxrUsdPreviewSurface.dir/usdPreviewSurfaceShadingNodeOverride.cpp.o
    [216/537] Building CXX object lib/usd/hdMaya/CMakeFiles/hdMaya.dir/delegates/delegateCtx.cpp.o
    [217/537] Building CXX object lib/usd/hdMaya/CMakeFiles/hdMaya.dir/delegates/delegateRegistry.cpp.o
    [218/537] Building CXX object lib/usd/hdMaya/CMakeFiles/hdMaya.dir/adapters/materialNetworkConverter.cpp.o
    [219/537] Building CXX object lib/usd/pxrUsdPreviewSurface/CMakeFiles/basePxrUsdPreviewSurface.dir/usdPreviewSurfaceReader.cpp.o
    [220/537] Building CXX object lib/usd/pxrUsdPreviewSurface/CMakeFiles/basePxrUsdPreviewSurface.dir/usdPreviewSurfacePlugin.cpp.o
    [221/537] Building CXX object lib/usd/hdMaya/CMakeFiles/hdMaya.dir/delegates/proxyDelegate.cpp.o
    [222/537] Building CXX object lib/usd/translators/CMakeFiles/mayaUsd_Translators.dir/cameraReader.cpp.o
    [223/537] Building CXX object lib/usd/pxrUsdPreviewSurface/CMakeFiles/basePxrUsdPreviewSurface.dir/usdPreviewSurfaceWriter.cpp.o
    [224/537] Building CXX object lib/usd/hdMaya/CMakeFiles/hdMaya.dir/delegates/proxyUsdImagingDelegate.cpp.o
    [225/537] Building CXX object lib/usd/hdMaya/CMakeFiles/hdMaya.dir/delegates/sceneDelegate.cpp.o
    [226/537] Building CXX object lib/usd/translators/CMakeFiles/mayaUsd_Translators.dir/cameraWriter.cpp.o
    [227/537] Building CXX object lib/usd/hdMaya/CMakeFiles/hdMaya.dir/delegates/testDelegate.cpp.o
    [228/537] Building CXX object lib/usd/translators/CMakeFiles/mayaUsd_Translators.dir/lightReader.cpp.o
    [229/537] Building CXX object lib/usd/translators/CMakeFiles/mayaUsd_Translators.dir/instancerWriter.cpp.o
    [230/537] Building CXX object lib/usd/translators/CMakeFiles/mayaUsd_Translators.dir/jointWriter.cpp.o
    [231/537] Building CXX object lib/usd/translators/CMakeFiles/mayaUsd_Translators.dir/lightWriter.cpp.o
    [232/537] Building CXX object lib/usd/translators/CMakeFiles/mayaUsd_Translators.dir/locatorWriter.cpp.o
    [233/537] Building CXX object lib/usd/translators/CMakeFiles/mayaUsd_Translators.dir/mayaReferenceReader.cpp.o
    [234/537] Building CXX object lib/usd/translators/CMakeFiles/mayaUsd_Translators.dir/materialReader.cpp.o
    [235/537] Building CXX object lib/usd/translators/CMakeFiles/mayaUsd_Translators.dir/mayaReferenceUpdater.cpp.o
    [236/537] Building CXX object lib/usd/translators/CMakeFiles/mayaUsd_Translators.dir/meshReader.cpp.o
    [237/537] Building CXX object lib/usd/translators/CMakeFiles/mayaUsd_Translators.dir/nurbsCurvesReader.cpp.o
    [238/537] Building CXX object lib/usd/translators/CMakeFiles/mayaUsd_Translators.dir/nurbsPatchReader.cpp.o
    [239/537] Building CXX object lib/usd/translators/CMakeFiles/mayaUsd_Translators.dir/meshWriter.cpp.o
    [240/537] Building CXX object lib/usd/translators/CMakeFiles/mayaUsd_Translators.dir/scopeReader.cpp.o
    [241/537] Building CXX object lib/usd/translators/CMakeFiles/mayaUsd_Translators.dir/nurbsCurveWriter.cpp.o
    [242/537] Building CXX object lib/usd/translators/CMakeFiles/mayaUsd_Translators.dir/nurbsSurfaceWriter.cpp.o
    [243/537] Building CXX object lib/usd/translators/CMakeFiles/mayaUsd_Translators.dir/xformReader.cpp.o
    [244/537] Building CXX object lib/usd/translators/CMakeFiles/mayaUsd_Translators.dir/skelReader.cpp.o
    [245/537] Building CXX object lib/usd/translators/CMakeFiles/mayaUsd_Translators.dir/strokeWriter.cpp.o
    [246/537] Building CXX object lib/usd/translators/CMakeFiles/mayaUsd_Translators.dir/shading/usdBlinnWriter.cpp.o
    [247/537] Building CXX object lib/usd/translators/CMakeFiles/mayaUsd_Translators.dir/particleWriter.cpp.o
    [248/537] Building CXX object lib/usd/translators/CMakeFiles/mayaUsd_Translators.dir/shading/usdBlinnReader.cpp.o
    [249/537] Building CXX object lib/usd/translators/CMakeFiles/mayaUsd_Translators.dir/shading/usdDisplacementShaderWriter.cpp.o
    [250/537] Building CXX object lib/usd/translators/CMakeFiles/mayaUsd_Translators.dir/shading/usdLambertReader.cpp.o
    [251/537] Building CXX object lib/usd/translators/CMakeFiles/mayaUsd_Translators.dir/shading/usdMaterialReader.cpp.o
    [252/537] Building CXX object lib/usd/schemas/CMakeFiles/_schemas.dir/module.cpp.o
    [253/537] Building CXX object lib/usd/translators/CMakeFiles/mayaUsd_Translators.dir/shading/usdLambertWriter.cpp.o
    [254/537] Building CXX object lib/usd/translators/CMakeFiles/mayaUsd_Translators.dir/shading/usdPhongReader.cpp.o
    [255/537] Building CXX object lib/usd/translators/CMakeFiles/mayaUsd_Translators.dir/shading/usdMaterialWriter.cpp.o
    [256/537] Building CXX object lib/usd/translators/CMakeFiles/mayaUsd_Translators.dir/shading/usdReflectWriter.cpp.o
    [257/537] Building CXX object lib/usd/translators/CMakeFiles/mayaUsd_Translators.dir/shading/usdPhongWriter.cpp.o
    [258/537] Building CXX object lib/usd/translators/CMakeFiles/mayaUsd_Translators.dir/shading/usdFileTextureWriter.cpp.o
    [259/537] Building CXX object lib/usd/translators/CMakeFiles/mayaUsd_Translators.dir/shading/usdPhongEWriter.cpp.o
    [260/537] Building CXX object lib/usd/schemas/CMakeFiles/_schemas.dir/wrapTokens.cpp.o
    [261/537] Building CXX object lib/usd/schemas/CMakeFiles/mayaUsd_Schemas.dir/tokens.cpp.o
    [262/537] Building CXX object lib/usd/utils/CMakeFiles/mayaUsdUtils.dir/DebugCodes.cpp.o
    [263/537] Copying exportCommand.h ...
    [264/537] Building CXX object lib/usd/utils/CMakeFiles/mayaUsdUtils.dir/DiffCore.cpp.o
    [265/537] Copying exportTranslator.h ...
    [266/537] Copying editUtil.h ...
    [267/537] Copying translatorModelAssembly.h ...
    [268/537] Copying api.h ...
    [269/537] Copying importCommand.h ...
    [270/537] Copying importTranslator.h ...
    [271/537] Copying listShadingModesCommand.h ...
    [272/537] Copying proxyShape.h ...
    [273/537] Copying referenceAssembly.h ...
    [274/537] Copying readJobWithSceneAssembly.h ...
    [275/537] Copying instancerShapeAdapterWithSceneAssembly.h ...
    [276/537] Generating __init__.pyc
    [277/537] Generating AEpxrUsdReferenceAssemblyTemplate.pyc
    [278/537] Generating userExportedAttributesUI.pyc
    [279/537] Building CXX object lib/usd/translators/CMakeFiles/mayaUsd_Translators.dir/shading/usdStandardSurfaceReader.cpp.o
    [280/537] Building CXX object lib/usd/translators/CMakeFiles/mayaUsd_Translators.dir/shading/usdUVTextureReader.cpp.o
    [281/537] Building CXX object lib/usd/schemas/CMakeFiles/mayaUsd_Schemas.dir/ModuleDeps.cpp.o
    [282/537] Building CXX object lib/usd/translators/CMakeFiles/mayaUsd_Translators.dir/shading/usdStandardSurfaceWriter.cpp.o
    [283/537] Building CXX object lib/usd/translators/CMakeFiles/mayaUsd_Translators.dir/shading/rfmShaderTranslation.cpp.o
    [284/537] Building CXX object lib/usd/schemas/CMakeFiles/mayaUsd_Schemas.dir/ALMayaReference.cpp.o
    [285/537] Building CXX object lib/usd/schemas/CMakeFiles/_schemas.dir/wrapMayaReference.cpp.o
    [286/537] Building CXX object lib/usd/schemas/CMakeFiles/mayaUsd_Schemas.dir/MayaReference.cpp.o
    [287/537] Linking CXX shared library lib/usd/schemas/libmayaUsd_Schemas.dylib
    [288/537] Building CXX object plugin/pxr/maya/lib/usdMaya/CMakeFiles/usdMaya.dir/listShadingModesCommand.cpp.o
    [289/537] Building CXX object lib/usd/utils/CMakeFiles/mayaUsdUtils.dir/util.cpp.o
    [290/537] Linking CXX shared library lib/usd/utils/libmayaUsdUtils.dylib
    [291/537] Linking CXX executable test/lib/usd/utils/DiffCore
    [292/537] Building CXX object lib/usd/schemas/CMakeFiles/_schemas.dir/wrapALMayaReference.cpp.o
    [293/537] Building CXX object plugin/pxr/maya/lib/usdMaya/CMakeFiles/usdMaya.dir/readJobWithSceneAssembly.cpp.o
    [294/537] Linking CXX shared library lib/usd/schemas/_schemas.so
    [295/537] Linking CXX shared library lib/mayaUsd/libmayaUsd.dylib
    [296/537] Building CXX object plugin/pxr/maya/lib/usdMaya/CMakeFiles/_usdMaya.dir/module.cpp.o
    [297/537] Linking CXX shared library test/lib/usd/plugin/libusdTestUsdPlugin.dylib
    [298/537] Linking CXX shared library test/lib/usd/plugin/usdTestMayaPlugin.bundle
    [299/537] Linking CXX shared library lib/mayaUsd/python/_mayaUsd.so
    [300/537] Linking CXX shared library lib/mayaUsd/ufe/_ufe.so
    [301/537] Linking CXX shared library lib/usd/pxrUsdPreviewSurface/libbasePxrUsdPreviewSurface.dylib
    [302/537] Linking CXX shared library lib/usd/hdMaya/libhdMaya.dylib
    [303/537] Building CXX object plugin/pxr/maya/lib/usdMaya/CMakeFiles/usdMaya.dir/readJob_ImportWithProxies.cpp.o
    [304/537] Linking CXX shared library lib/mayaUsd/render/mayaToHydra/mtoh.bundle
    [305/537] Linking CXX shared library lib/usd/translators/libmayaUsd_Translators.dylib
    [306/537] Building CXX object plugin/pxr/maya/lib/usdMaya/CMakeFiles/usdMaya.dir/exportCommand.cpp.o
    [307/537] Copying api.h ...
    [308/537] Building CXX object plugin/pxr/maya/lib/usdMaya/CMakeFiles/usdMaya.dir/editUtil.cpp.o
    [309/537] Building CXX object plugin/pxr/maya/lib/usdMaya/CMakeFiles/usdMaya.dir/translatorModelAssembly.cpp.o
    [310/537] Building CXX object plugin/pxr/maya/lib/usdMaya/CMakeFiles/usdMaya.dir/importCommand.cpp.o
    [311/537] Copying api.h ...
    [312/537] Building CXX object plugin/pxr/maya/lib/usdMaya/CMakeFiles/usdMaya.dir/exportTranslator.cpp.o
    [313/537] Building CXX object plugin/pxr/maya/lib/usdMaya/CMakeFiles/usdMaya.dir/instancerShapeAdapterWithSceneAssembly.cpp.o
    [314/537] Automatic MOC and UIC for target mayaUsdUI
    [315/537] Automatic RCC for images/ui.qrc
    [316/537] Building CXX object plugin/pxr/maya/lib/usdMaya/CMakeFiles/usdMaya.dir/importTranslator.cpp.o
    [317/537] Building CXX object plugin/al/utils/AL/CMakeFiles/AL_EventSystem.dir/event/EventHandler.cpp.o
    [318/537] Building CXX object plugin/al/mayatest/AL/maya/test/CMakeFiles/AL_MayaTest.dir/testHelpers.cpp.o
    [319/537] Building CXX object plugin/pxr/maya/lib/usdMaya/CMakeFiles/_usdMaya.dir/wrapAssembly.cpp.o
    [320/537] Building CXX object plugin/pxr/maya/lib/usdMaya/CMakeFiles/usdMaya.dir/proxyShape.cpp.o
    [321/537] Building CXX object plugin/pxr/maya/plugin/pxrUsdPreviewSurface/CMakeFiles/pxrUsdPreviewSurface.dir/plugin.cpp.o
    [322/537] Building CXX object plugin/pxr/maya/plugin/pxrUsd/CMakeFiles/pxrUsd.dir/usdTranslator.cpp.o
    [323/537] Building CXX object plugin/pxr/maya/lib/usdMaya/CMakeFiles/_usdMaya.dir/wrapEditUtil.cpp.o
    [324/537] Building CXX object plugin/pxr/maya/plugin/pxrUsd/CMakeFiles/pxrUsd.dir/alembicChaser.cpp.o
    [325/537] Building CXX object lib/usd/ui/CMakeFiles/mayaUsdUI.dir/mayaUsdUI_autogen/4UGIYD6VGQ/qrc_ui.cpp.o
    [326/537] Linking CXX shared library plugin/al/utils/AL/libAL_EventSystem.dylib
    [327/537] Linking CXX shared library plugin/pxr/maya/plugin/pxrUsdPreviewSurface/pxrUsdPreviewSurface.bundle
    [328/537] Building CXX object lib/usd/ui/CMakeFiles/mayaUsdUI.dir/USDQtUtil.cpp.o
    [329/537] Building CXX object lib/usd/ui/CMakeFiles/mayaUsdUI.dir/mayaUsdUI_autogen/mocs_compilation.cpp.o
    [330/537] Building CXX object plugin/pxr/maya/plugin/pxrUsd/CMakeFiles/pxrUsd.dir/plugin.cpp.o
    [331/537] Building CXX object plugin/al/mayatest/AL/maya/test/CMakeFiles/AL_MayaTest.dir/testHarness.cpp.o
    [332/537] Linking CXX shared library plugin/al/mayatest/AL/maya/test/libAL_MayaTest.dylib
    [333/537] Building CXX object plugin/al/mayautils/AL/maya/CMakeFiles/AL_MayaUtils.dir/utils/FileTranslatorOptions.cpp.o
    [334/537] Building CXX object lib/usd/ui/CMakeFiles/mayaUsdUI.dir/TreeItem.cpp.o
    [335/537] Building CXX object plugin/al/mayautils/AL/maya/CMakeFiles/AL_MayaUtils.dir/utils/MenuBuilder.cpp.o
    [336/537] Building CXX object lib/usd/ui/CMakeFiles/mayaUsdUI.dir/ItemDelegate.cpp.o
    [337/537] Building CXX object plugin/al/mayautils/AL/maya/CMakeFiles/AL_MayaUtils.dir/utils/Utils.cpp.o
    [338/537] Building CXX object plugin/al/mayautils/AL/maya/tests/mayaplugintest/CMakeFiles/AL_MayaUtilsTests.dir/plugin.cpp.o
    [339/537] Building CXX object lib/usd/ui/CMakeFiles/mayaUsdUI.dir/TreeModelFactory.cpp.o
    [340/537] Building CXX object plugin/al/mayautils/AL/maya/CMakeFiles/AL_MayaUtils.dir/utils/PluginTranslatorOptions.cpp.o
    [341/537] Building CXX object plugin/al/mayautils/AL/maya/CMakeFiles/AL_MayaUtils.dir/utils/NodeHelper.cpp.o
    [342/537] Building CXX object plugin/al/mayautils/AL/maya/CMakeFiles/AL_MayaUtils.dir/utils/CommandGuiHelper.cpp.o
    [343/537] Building CXX object plugin/pxr/maya/lib/usdMaya/CMakeFiles/usdMaya.dir/referenceAssembly.cpp.o
    [344/537] Building CXX object plugin/al/mayautils/AL/maya/CMakeFiles/AL_MayaUtils.dir/event/MayaEventManager.cpp.o
    [345/537] Linking CXX shared library plugin/pxr/maya/lib/usdMaya/libusdMaya.dylib
    [346/537] Linking CXX shared library plugin/al/mayautils/AL/maya/libAL_MayaUtils.dylib
    [347/537] Linking CXX shared library plugin/pxr/maya/lib/usdMaya/_usdMaya.so
    [348/537] Linking CXX shared library plugin/pxr/maya/plugin/pxrUsd/pxrUsd.bundle
    [349/537] Building CXX object lib/usd/ui/CMakeFiles/mayaUsdUI.dir/TreeModel.cpp.o
    [350/537] Building CXX object plugin/al/mayautils/AL/maya/tests/mayaplugintest/CMakeFiles/AL_MayaUtilsTests.dir/utils/NodeHelperUnitTest.cpp.o
    [351/537] Building CXX object plugin/al/mayautils/AL/maya/tests/mayaplugintest/CMakeFiles/AL_MayaUtilsTests.dir/utils/CommandGuiHelperTest.cpp.o
    [352/537] Building CXX object plugin/al/mayautils/AL/maya/tests/mayaplugintest/CMakeFiles/AL_MayaUtilsTests.dir/test_mobjectmap.cpp.o
    [353/537] Building CXX object plugin/al/mayautils/AL/maya/tests/mayaplugintest/CMakeFiles/AL_MayaUtilsTests.dir/test_maya_MenuBuilder.cpp.o
    [354/537] Building CXX object lib/usd/ui/CMakeFiles/mayaUsdUI.dir/USDImportDialog.cpp.o
    [355/537] Building CXX object plugin/al/usdtransaction/AL/usd/transaction/CMakeFiles/_AL_USDTransaction.dir/module.cpp.o
    [356/537] Building CXX object lib/usd/ui/CMakeFiles/mayaUsdUI.dir/USDImportDialogCmd.cpp.o
    [357/537] Linking CXX shared library lib/usd/ui/libmayaUsdUI.dylib
    [358/537] Automatic MOC and UIC for target testMayaUsdUI
    [359/537] Building CXX object plugin/al/mayautils/AL/maya/tests/mayaplugintest/CMakeFiles/AL_MayaUtilsTests.dir/utils/PluginTranslatorOptionsTest.cpp.o
    [360/537] Building CXX object lib/usd/ui/demo/CMakeFiles/testMayaUsdUI.dir/testMayaUsdUI_autogen/mocs_compilation.cpp.o
    [361/537] Building CXX object plugin/al/mayautils/AL/maya/tests/mayaplugintest/CMakeFiles/AL_MayaUtilsTests.dir/test_maya_NodeHelper.cpp.o
    [362/537] Linking CXX shared library plugin/al/mayautils/AL/maya/tests/mayaplugintest/AL_MayaUtilsTests.bundle
    [363/537] Building CXX object plugin/al/usdmayautils/AL/usdmaya/utils/CMakeFiles/AL_USDMayaUtils.dir/AttributeType.cpp.o
    [364/537] Building CXX object plugin/al/usdmayautils/AL/usdmaya/utils/CMakeFiles/AL_USDMayaUtils.dir/Utils.cpp.o
    [365/537] Building CXX object plugin/al/usdmayautils/AL/usdmaya/utils/CMakeFiles/AL_USDMayaUtils.dir/AnimationTranslator.cpp.o
    [366/537] Building CXX object plugin/al/usdtransaction/AL/usd/transaction/tests/CMakeFiles/AL_USDTransactionTests.dir/testMain.cpp.o
    [367/537] Building CXX object plugin/al/usdtransaction/AL/usd/transaction/CMakeFiles/_AL_USDTransaction.dir/wrapNotice.cpp.o
    [368/537] Building CXX object plugin/al/usdtransaction/AL/usd/transaction/CMakeFiles/AL_USDTransaction.dir/Notice.cpp.o
    [369/537] Building CXX object plugin/al/lib/AL_USDMaya/CMakeFiles/_AL_USDMaya.dir/AL/usdmaya/module.cpp.o
    [370/537] Building CXX object plugin/al/usdtransaction/AL/usd/transaction/CMakeFiles/_AL_USDTransaction.dir/wrapTransaction.cpp.o
    [371/537] Building CXX object plugin/al/usdmayautils/AL/usdmaya/utils/CMakeFiles/AL_USDMayaUtils.dir/NurbsCurveUtils.cpp.o
    [372/537] Building CXX object lib/usd/ui/demo/CMakeFiles/testMayaUsdUI.dir/testMayaUsdUI.cpp.o
    [373/537] Building CXX object plugin/al/usdtransaction/AL/usd/transaction/CMakeFiles/_AL_USDTransaction.dir/wrapTransactionManager.cpp.o
    [374/537] Building CXX object plugin/al/usdmayautils/AL/usdmaya/utils/CMakeFiles/AL_USDMayaUtils.dir/DiffPrimVar.cpp.o
    [375/537] Linking CXX executable lib/usd/ui/demo/testMayaUsdUI
    [376/537] Building CXX object plugin/al/usdmayautils/AL/usdmaya/utils/CMakeFiles/AL_USDMayaUtils.dir/MeshUtils.cpp.o
    [377/537] Building CXX object plugin/al/lib/AL_USDMaya/CMakeFiles/AL_USDMaya.dir/AL/usdmaya/DebugCodes.cpp.o
    [378/537] Building CXX object plugin/al/usdtransaction/AL/usd/transaction/CMakeFiles/AL_USDTransaction.dir/Transaction.cpp.o
    [379/537] Building CXX object plugin/al/lib/AL_USDMaya/CMakeFiles/AL_USDMaya.dir/AL/usdmaya/Metadata.cpp.o
    [380/537] Building CXX object plugin/al/lib/AL_USDMaya/CMakeFiles/_AL_USDMaya.dir/AL/usdmaya/wrapStageCache.cpp.o
    [381/537] Building CXX object plugin/al/usdtransaction/AL/usd/transaction/CMakeFiles/AL_USDTransaction.dir/TransactionManager.cpp.o
    [382/537] Linking CXX shared library plugin/al/usdtransaction/AL/usd/transaction/libAL_USDTransaction.dylib
    [383/537] Linking CXX shared library plugin/al/usdtransaction/AL/usd/transaction/_AL_USDTransaction.so
    [384/537] Building CXX object plugin/al/lib/AL_USDMaya/CMakeFiles/AL_USDMaya.dir/AL/usdmaya/StageCache.cpp.o
    [385/537] Building CXX object plugin/al/usdtransaction/AL/usd/transaction/tests/CMakeFiles/AL_USDTransactionTests.dir/testTransactionManager.cpp.o
    [386/537] Building CXX object plugin/al/lib/AL_USDMaya/CMakeFiles/AL_USDMaya.dir/AL/usdmaya/CodeTimings.cpp.o
    [387/537] Building CXX object plugin/al/lib/AL_USDMaya/CMakeFiles/AL_USDMaya.dir/AL/usdmaya/cmds/DebugCommands.cpp.o
    [388/537] Building CXX object plugin/al/usdmayautils/AL/usdmaya/utils/CMakeFiles/AL_USDMayaUtils.dir/DgNodeHelper.cpp.o
    [389/537] Linking CXX shared library plugin/al/usdmayautils/AL/usdmaya/utils/libAL_USDMayaUtils.dylib
    [390/537] Building CXX object plugin/al/lib/AL_USDMaya/CMakeFiles/AL_USDMaya.dir/AL/usdmaya/moduleDeps.cpp.o
    [391/537] Building CXX object plugin/al/usdtransaction/AL/usd/transaction/tests/CMakeFiles/AL_USDTransactionTests.dir/testTransaction.cpp.o
    [392/537] Linking CXX executable plugin/al/usdtransaction/AL/usd/transaction/tests/AL_USDTransactionTests
    [393/537] Building CXX object plugin/al/lib/AL_USDMaya/CMakeFiles/AL_USDMaya.dir/AL/usdmaya/SelectabilityDB.cpp.o
    [394/537] Building CXX object plugin/al/lib/AL_USDMaya/CMakeFiles/_AL_USDMaya.dir/AL/usdmaya/nodes/wrapLayerManager.cpp.o
    [395/537] Building CXX object plugin/al/lib/AL_USDMaya/CMakeFiles/AL_USDMaya.dir/AL/usdmaya/cmds/EventCommand.cpp.o
    [396/537] Building CXX object plugin/al/lib/AL_USDMaya/CMakeFiles/AL_USDMaya.dir/AL/usdmaya/cmds/RendererCommands.cpp.o
    [397/537] Building CXX object plugin/al/lib/AL_USDMaya/CMakeFiles/AL_USDMaya.dir/AL/usdmaya/TransformOperation.cpp.o
    [398/537] Building CXX object plugin/al/lib/AL_USDMaya/CMakeFiles/AL_USDMaya.dir/AL/usdmaya/cmds/SyncFileIOGui.cpp.o
    [399/537] Building CXX object plugin/al/lib/AL_USDMaya/CMakeFiles/_AL_USDMaya.dir/AL/usdmaya/nodes/wrapProxyShape.cpp.o
    [400/537] Building CXX object plugin/al/lib/AL_USDMaya/CMakeFiles/AL_USDMaya.dir/AL/usdmaya/Global.cpp.o
    [401/537] Building CXX object plugin/al/lib/AL_USDMaya/CMakeFiles/_AL_USDMaya.dir/AL/usdmaya/fileio/translators/wrapTranslatorContext.cpp.o
    [402/537] Building CXX object plugin/al/lib/AL_USDMaya/CMakeFiles/AL_USDMaya.dir/AL/usdmaya/cmds/CreateUsdPrim.cpp.o
    [403/537] Building CXX object plugin/al/lib/AL_USDMaya/CMakeFiles/AL_USDMaya.dir/AL/usdmaya/cmds/ListTranslators.cpp.o
    [404/537] Building CXX object plugin/al/lib/AL_USDMaya/CMakeFiles/AL_USDMaya.dir/AL/usdmaya/cmds/ProxyShapePostLoadProcess.cpp.o
    [405/537] Building CXX object plugin/al/lib/AL_USDMaya/CMakeFiles/AL_USDMaya.dir/AL/usdmaya/cmds/UnloadPrim.cpp.o
    [406/537] Building CXX object plugin/al/lib/AL_USDMaya/CMakeFiles/_AL_USDMaya.dir/AL/usdmaya/fileio/translators/wrapTranslatorBase.cpp.o
    [407/537] Building CXX object plugin/al/lib/AL_USDMaya/CMakeFiles/AL_USDMaya.dir/AL/usdmaya/fileio/ExportTranslator.cpp.o
    [408/537] Building CXX object plugin/al/lib/AL_USDMaya/CMakeFiles/AL_USDMaya.dir/AL/usdmaya/fileio/AnimationTranslator.cpp.o
    [409/537] Building CXX object plugin/al/lib/AL_USDMaya/CMakeFiles/AL_USDMaya.dir/AL/usdmaya/cmds/LayerCommands.cpp.o
    [410/537] Building CXX object plugin/al/lib/AL_USDMaya/CMakeFiles/AL_USDMaya.dir/AL/usdmaya/fileio/ImportTranslator.cpp.o
    [411/537] Building CXX object plugin/al/lib/AL_USDMaya/CMakeFiles/AL_USDMaya.dir/AL/usdmaya/fileio/SchemaPrims.cpp.o
    [412/537] Building CXX object plugin/al/lib/AL_USDMaya/CMakeFiles/AL_USDMaya.dir/AL/usdmaya/fileio/NodeFactory.cpp.o
    [413/537] Building CXX object plugin/al/lib/AL_USDMaya/CMakeFiles/AL_USDMaya.dir/AL/usdmaya/cmds/ProxyShapeCommands.cpp.o
    [414/537] Building CXX object plugin/al/lib/AL_USDMaya/CMakeFiles/AL_USDMaya.dir/AL/usdmaya/fileio/Import.cpp.o
    [415/537] Building CXX object plugin/al/lib/AL_USDMaya/CMakeFiles/AL_USDMaya.dir/AL/usdmaya/fileio/Export.cpp.o
    [416/537] Building CXX object plugin/al/lib/AL_USDMaya/CMakeFiles/AL_USDMaya.dir/AL/usdmaya/nodes/Layer.cpp.o
    [417/537] Building CXX object plugin/al/lib/AL_USDMaya/CMakeFiles/AL_USDMaya.dir/AL/usdmaya/fileio/TransformIterator.cpp.o
    [418/537] Building CXX object plugin/al/lib/AL_USDMaya/CMakeFiles/AL_USDMaya.dir/AL/usdmaya/fileio/translators/DagNodeTranslator.cpp.o
    [419/537] Building CXX object plugin/al/lib/AL_USDMaya/CMakeFiles/AL_USDMaya.dir/AL/usdmaya/fileio/translators/DgNodeTranslator.cpp.o
    [420/537] Building CXX object plugin/al/lib/AL_USDMaya/CMakeFiles/AL_USDMaya.dir/AL/usdmaya/fileio/translators/TranslatorTestPlugin.cpp.o
    [421/537] Building CXX object plugin/al/lib/AL_USDMaya/CMakeFiles/AL_USDMaya.dir/AL/usdmaya/fileio/translators/TranslatorBase.cpp.o
    [422/537] Building CXX object plugin/al/lib/AL_USDMaya/CMakeFiles/AL_USDMaya.dir/AL/usdmaya/fileio/translators/TranslatorTestType.cpp.o
    [423/537] Building CXX object plugin/al/lib/AL_USDMaya/CMakeFiles/AL_USDMaya.dir/AL/usdmaya/fileio/translators/ExtraDataPlugin.cpp.o
    [424/537] Building CXX object plugin/al/lib/AL_USDMaya/CMakeFiles/AL_USDMaya.dir/AL/usdmaya/fileio/translators/TestExtraDataPlugin.cpp.o
    [425/537] Building CXX object plugin/al/lib/AL_USDMaya/CMakeFiles/AL_USDMaya.dir/AL/usdmaya/fileio/translators/TranslatorContext.cpp.o
    [426/537] Building CXX object plugin/al/lib/AL_USDMaya/CMakeFiles/AL_USDMaya.dir/AL/usdmaya/fileio/translators/TransformTranslator.cpp.o
    [427/537] Building CXX object plugin/al/lib/AL_USDMaya/CMakeFiles/AL_USDMaya.dir/AL/usdmaya/nodes/MeshAnimCreator.cpp.o
    [428/537] Building CXX object plugin/al/lib/AL_USDMaya/CMakeFiles/AL_USDMaya.dir/AL/usdmaya/nodes/Engine.cpp.o
    [429/537] Building CXX object plugin/al/lib/AL_USDMaya/CMakeFiles/AL_USDMaya.dir/AL/usdmaya/nodes/MeshAnimDeformer.cpp.o
    [430/537] Building CXX object plugin/al/lib/AL_USDMaya/CMakeFiles/AL_USDMaya.dir/AL/usdmaya/nodes/LayerManager.cpp.o
    [431/537] Building CXX object plugin/al/lib/AL_USDMaya/CMakeFiles/AL_USDMaya.dir/AL/usdmaya/nodes/proxy/LockManager.cpp.o
    [432/537] Building CXX object plugin/al/lib/AL_USDMaya/CMakeFiles/AL_USDMaya.dir/AL/usdmaya/nodes/ProxyUsdGeomCamera.cpp.o
    [433/537] Building CXX object plugin/al/lib/AL_USDMaya/CMakeFiles/AL_USDMaya.dir/AL/usdmaya/nodes/Transform.cpp.o
    [434/537] Building CXX object plugin/al/lib/AL_USDMaya/CMakeFiles/AL_USDMaya.dir/AL/usdmaya/nodes/ProxyDrawOverride.cpp.o
    [435/537] Building CXX object plugin/al/lib/AL_USDMaya/CMakeFiles/AL_USDMaya.dir/AL/usdmaya/nodes/Scope.cpp.o
    [436/537] Building CXX object plugin/al/lib/AL_USDMaya/CMakeFiles/AL_USDMaya.dir/AL/usdmaya/nodes/RendererManager.cpp.o
    [437/537] Building CXX object plugin/al/lib/AL_USDMaya/CMakeFiles/AL_USDMaya.dir/AL/usdmaya/nodes/ProxyShapeUI.cpp.o
    [438/537] Building CXX object plugin/al/lib/AL_USDMaya/CMakeFiles/AL_USDMaya.dir/AL/usdmaya/nodes/ProxyShapeSelection.cpp.o
    [439/537] Building CXX object plugin/al/lib/AL_USDMaya/CMakeFiles/AL_USDMaya.dir/AL/usdmaya/nodes/BasicTransformationMatrix.cpp.o
    [440/537] Building CXX object plugin/al/lib/AL_USDMaya/CMakeFiles/AL_USDMaya.dir/AL/usdmaya/nodes/proxy/PrimFilter.cpp.o
    [441/537] Building CXX object plugin/al/plugin/AL_USDMayaTestPlugin/CMakeFiles/AL_USDMayaTestPlugin.dir/AL/maya/test_EventHandler.cpp.o
    [442/537] Building CXX object plugin/al/lib/AL_USDMaya/CMakeFiles/AL_USDMaya.dir/AL/usdmaya/nodes/proxy/ProxyShapeVariantFallbacks.cpp.o
    [443/537] Building CXX object plugin/al/lib/AL_USDMaya/CMakeFiles/AL_USDMaya.dir/AL/usdmaya/nodes/proxy/ProxyShapeMetaData.cpp.o
    [444/537] Building CXX object plugin/al/lib/AL_USDMaya/CMakeFiles/AL_USDMaya.dir/AL/usdmaya/nodes/TransformationMatrix.cpp.o
    [445/537] Building CXX object plugin/al/plugin/AL_USDMayaTestPlugin/CMakeFiles/AL_USDMayaTestPlugin.dir/AL/maya/test_MatrixToSRT.cpp.o
    [446/537] Building CXX object plugin/al/lib/AL_USDMaya/CMakeFiles/AL_USDMaya.dir/AL/usdmaya/nodes/ProxyShape.cpp.o
    [447/537] Linking CXX shared library plugin/al/lib/AL_USDMaya/libAL_USDMaya.dylib
    [448/537] Linking CXX shared library plugin/al/lib/AL_USDMaya/_AL_USDMaya.so
    [449/537] Building CXX object plugin/al/plugin/AL_USDMayaTestPlugin/CMakeFiles/AL_USDMayaTestPlugin.dir/AL/maya/test_MayaEventManager.cpp.o
    [450/537] Building CXX object plugin/al/plugin/AL_USDMayaTestPlugin/CMakeFiles/AL_USDMayaTestPlugin.dir/AL/usdmaya/commands/test_ExportCommands.cpp.o
    [451/537] Building CXX object plugin/al/plugin/AL_USDMayaPlugin/CMakeFiles/AL_USDMayaPlugin.dir/plugin.cpp.o
    [452/537] Linking CXX shared library plugin/al/plugin/AL_USDMayaPlugin/AL_USDMayaPlugin.bundle
    [453/537] Building CXX object plugin/al/plugin/AL_USDMayaTestPlugin/CMakeFiles/AL_USDMayaTestPlugin.dir/plugin.cpp.o
    [454/537] Building CXX object plugin/al/plugin/AL_USDMayaTestPlugin/CMakeFiles/AL_USDMayaTestPlugin.dir/AL/usdmaya/commands/test_InternalProxySelection.cpp.o
    [455/537] Building CXX object plugin/al/plugin/AL_USDMayaTestPlugin/CMakeFiles/AL_USDMayaTestPlugin.dir/AL/usdmaya/commands/test_LayerCommands.cpp.o
    [456/537] Building CXX object plugin/al/plugin/AL_USDMayaTestPlugin/CMakeFiles/AL_USDMayaTestPlugin.dir/AL/usdmaya/commands/test_TranslateCommand.cpp.o
    [457/537] Building CXX object plugin/al/plugin/AL_USDMayaTestPlugin/CMakeFiles/AL_USDMayaTestPlugin.dir/AL/usdmaya/commands/test_LayerManagerCommands.cpp.o
    [458/537] Building CXX object plugin/al/plugin/AL_USDMayaTestPlugin/CMakeFiles/AL_USDMayaTestPlugin.dir/AL/usdmaya/fileio/export_blendshape.cpp.o
    [459/537] Building CXX object plugin/al/plugin/AL_USDMayaTestPlugin/CMakeFiles/AL_USDMayaTestPlugin.dir/AL/usdmaya/fileio/export_constraints.cpp.o
    [460/537] Building CXX object plugin/al/plugin/AL_USDMayaTestPlugin/CMakeFiles/AL_USDMayaTestPlugin.dir/AL/usdmaya/fileio/export_ik.cpp.o
    [461/537] Building CXX object plugin/al/plugin/AL_USDMayaTestPlugin/CMakeFiles/AL_USDMayaTestPlugin.dir/AL/usdmaya/commands/test_ProxyShapeImport.cpp.o
    [462/537] Building CXX object plugin/al/plugin/AL_USDMayaTestPlugin/CMakeFiles/AL_USDMayaTestPlugin.dir/AL/usdmaya/fileio/export_import_instancing.cpp.o
    [463/537] Building CXX object plugin/al/plugin/AL_USDMayaTestPlugin/CMakeFiles/AL_USDMayaTestPlugin.dir/AL/usdmaya/fileio/export_lattice.cpp.o
    [464/537] Building CXX object plugin/al/plugin/AL_USDMayaTestPlugin/CMakeFiles/AL_USDMayaTestPlugin.dir/AL/usdmaya/fileio/export_multiple_shapes.cpp.o
    [465/537] Building CXX object plugin/al/plugin/AL_USDMayaTestPlugin/CMakeFiles/AL_USDMayaTestPlugin.dir/AL/usdmaya/fileio/export_nonlinear.cpp.o
    [466/537] Building CXX object plugin/al/plugin/AL_USDMayaTestPlugin/CMakeFiles/AL_USDMayaTestPlugin.dir/AL/usdmaya/fileio/export_unmerged.cpp.o
    [467/537] Building CXX object plugin/al/plugin/AL_USDMayaTestPlugin/CMakeFiles/AL_USDMayaTestPlugin.dir/AL/usdmaya/fileio/import_instances.cpp.o
    [468/537] Building CXX object plugin/al/plugin/AL_USDMayaTestPlugin/CMakeFiles/AL_USDMayaTestPlugin.dir/AL/usdmaya/fileio/test_activeInActiveTranslators.cpp.o
    [469/537] Building CXX object plugin/al/plugin/AL_USDMayaTestPlugin/CMakeFiles/AL_USDMayaTestPlugin.dir/AL/usdmaya/nodes/proxy/test_PrimFilter.cpp.o
    [470/537] Building CXX object plugin/al/plugin/AL_USDMayaTestPlugin/CMakeFiles/AL_USDMayaTestPlugin.dir/AL/usdmaya/nodes/test_ExtraDataPlugin.cpp.o
    [471/537] Building CXX object plugin/al/plugin/AL_USDMayaTestPlugin/CMakeFiles/AL_USDMayaTestPlugin.dir/AL/usdmaya/nodes/test_ProxyShapeSelectabilityDB.cpp.o
    [472/537] Building CXX object plugin/al/plugin/AL_USDMayaTestPlugin/CMakeFiles/AL_USDMayaTestPlugin.dir/AL/usdmaya/nodes/test_ActiveInactive.cpp.o
    [473/537] Building CXX object plugin/al/plugin/AL_USDMayaTestPlugin/CMakeFiles/AL_USDMayaTestPlugin.dir/AL/usdmaya/nodes/test_ProxyUsdGeomCamera.cpp.o
    [474/537] Building CXX object plugin/al/plugin/AL_USDMayaTestPlugin/CMakeFiles/AL_USDMayaTestPlugin.dir/AL/usdmaya/nodes/test_Transform.cpp.o
    [475/537] Building CXX object plugin/al/plugin/AL_USDMayaTestPlugin/CMakeFiles/AL_USDMayaTestPlugin.dir/AL/usdmaya/nodes/test_lockPrims.cpp.o
    [476/537] Building CXX object plugin/al/plugin/AL_USDMayaTestPlugin/CMakeFiles/AL_USDMayaTestPlugin.dir/AL/usdmaya/nodes/test_LayerManager.cpp.o
    [477/537] Building CXX object plugin/al/plugin/AL_USDMayaTestPlugin/CMakeFiles/AL_USDMayaTestPlugin.dir/AL/usdmaya/nodes/test_ScopeMatrix.cpp.o
    [478/537] Building CXX object plugin/al/plugin/AL_USDMayaTestPlugin/CMakeFiles/AL_USDMayaTestPlugin.dir/AL/usdmaya/nodes/test_VariantFallbacks.cpp.o
    [479/537] Building CXX object plugin/al/plugin/AL_USDMayaTestPlugin/CMakeFiles/AL_USDMayaTestPlugin.dir/AL/usdmaya/nodes/test_ProxyShape.cpp.o
    [480/537] Building CXX object plugin/al/plugin/AL_USDMayaTestPlugin/CMakeFiles/AL_USDMayaTestPlugin.dir/AL/usdmaya/test_SelectabilityDB.cpp.o
    [481/537] Building CXX object plugin/al/plugin/AL_USDMayaTestPlugin/CMakeFiles/AL_USDMayaTestPlugin.dir/AL/usdmaya/nodes/test_TranslatorContext.cpp.o
    [482/537] Building CXX object plugin/al/plugin/AL_USDMayaTestPlugin/CMakeFiles/AL_USDMayaTestPlugin.dir/AL/usdmaya/test_DiffGeom.cpp.o
    [483/537] Building CXX object plugin/al/plugin/AL_USDMayaTestPlugin/CMakeFiles/AL_USDMayaTestPlugin.dir/AL/usdmaya/nodes/test_TransformMatrix.cpp.o
    [484/537] Building CXX object plugin/al/plugin/AL_USDMayaTestPlugin/CMakeFiles/AL_USDMayaTestPlugin.dir/test_translators_AnimationTranslator.cpp.o
    [485/537] Building CXX object plugin/al/schemas/AL/usd/schemas/maya/CMakeFiles/_AL_USDMayaSchemas.dir/module.cpp.o
    [486/537] Building CXX object plugin/al/plugin/AL_USDMayaTestPlugin/CMakeFiles/AL_USDMayaTestPlugin.dir/test_translators_CameraTranslator.cpp.o
    [487/537] Building CXX object plugin/al/plugin/AL_USDMayaTestPlugin/CMakeFiles/AL_USDMayaTestPlugin.dir/AL/usdmaya/test_DiffPrimVar.cpp.o
    [488/537] Building CXX object plugin/al/schemas/AL/usd/schemas/maya/CMakeFiles/_AL_USDMayaSchemas.dir/wrapTokens.cpp.o
    [489/537] Building CXX object plugin/al/plugin/AL_USDMayaTestPlugin/CMakeFiles/AL_USDMayaTestPlugin.dir/test_translators_PythonBindings.cpp.o
    [490/537] Building CXX object plugin/al/plugin/AL_USDMayaTestPlugin/CMakeFiles/AL_USDMayaTestPlugin.dir/test_translators_Translator.cpp.o
    [491/537] Building CXX object plugin/al/plugin/AL_USDMayaTestPlugin/CMakeFiles/AL_USDMayaTestPlugin.dir/test_translators_MeshTranslator.cpp.o
    [492/537] Building CXX object plugin/al/plugin/AL_USDMayaTestPlugin/CMakeFiles/AL_USDMayaTestPlugin.dir/test_translators_NurbsCurveTranslator.cpp.o
    [493/537] Building CXX object plugin/al/schemas/AL/usd/schemas/maya/CMakeFiles/AL_USDMayaSchemas.dir/tokens.cpp.o
    [494/537] Building CXX object plugin/al/plugin/AL_USDMayaTestPlugin/CMakeFiles/AL_USDMayaTestPlugin.dir/test_usdmaya.cpp.o
    [495/537] Building CXX object plugin/al/plugin/AL_USDMayaTestPlugin/CMakeFiles/AL_USDMayaTestPlugin.dir/test_translators_TransformTranslator.cpp.o
    [496/537] Building CXX object plugin/al/schemas/AL/usd/schemas/maya/tests/CMakeFiles/testMayaSchemas.dir/main.cpp.o
    [497/537] Building CXX object plugin/al/plugin/AL_USDMayaTestPlugin/CMakeFiles/AL_USDMayaTestPlugin.dir/test_translators_DgTranslator.cpp.o
    [498/537] Building CXX object plugin/al/schemas/AL/usd/schemas/maya/CMakeFiles/AL_USDMayaSchemas.dir/ModuleDeps.cpp.o
    [499/537] Building CXX object plugin/al/schemas/AL/usd/schemas/mayatest/CMakeFiles/AL_USDMayaSchemasTest.dir/tokens.cpp.o
    [500/537] Building CXX object plugin/al/schemas/AL/usd/schemas/mayatest/CMakeFiles/_AL_USDMayaSchemasTest.dir/module.cpp.o
    [501/537] Building CXX object plugin/al/plugin/AL_USDMayaTestPlugin/CMakeFiles/AL_USDMayaTestPlugin.dir/AL/usdmaya/commands/test_ProxyShapeSelect.cpp.o
    [502/537] Building CXX object plugin/al/schemas/AL/usd/schemas/mayatest/CMakeFiles/AL_USDMayaSchemasTest.dir/ModuleDeps.cpp.o
    [503/537] Building CXX object plugin/al/schemas/AL/usd/schemas/maya/CMakeFiles/_AL_USDMayaSchemas.dir/wrapModelAPI.cpp.o
    [504/537] Building CXX object plugin/al/translators/CMakeFiles/AL_USDMayaTranslators.dir/CommonTranslatorOptions.cpp.o
    [505/537] Building CXX object plugin/al/plugin/AL_USDMayaTestPlugin/CMakeFiles/AL_USDMayaTestPlugin.dir/test_usdmaya_AttributeType.cpp.o
    [506/537] Building CXX object plugin/al/schemas/AL/usd/schemas/maya/CMakeFiles/_AL_USDMayaSchemas.dir/wrapFrameRange.cpp.o
    [507/537] Building CXX object plugin/al/schemas/AL/usd/schemas/maya/CMakeFiles/AL_USDMayaSchemas.dir/ModelAPI.cpp.o
    [508/537] Building CXX object plugin/al/schemas/AL/usd/schemas/maya/CMakeFiles/AL_USDMayaSchemas.dir/FrameRange.cpp.o
    [509/537] Linking CXX shared library plugin/al/schemas/AL/usd/schemas/maya/libAL_USDMayaSchemas.dylib
    [510/537] Linking CXX shared library plugin/al/schemas/AL/usd/schemas/maya/_AL_USDMayaSchemas.so
    [511/537] Building CXX object plugin/al/schemas/AL/usd/schemas/mayatest/CMakeFiles/_AL_USDMayaSchemasTest.dir/wrapTokens.cpp.o
    [512/537] Building CXX object plugin/al/translators/pxrUsdTranslators/CMakeFiles/AL_USDMayaPxrTranslators.dir/plugin.cpp.o
    [513/537] Building CXX object plugin/al/schemas/AL/usd/schemas/maya/tests/CMakeFiles/testMayaSchemas.dir/testMayaSchemas.cpp.o
    [514/537] Building CXX object plugin/al/schemas/AL/usd/schemas/maya/tests/CMakeFiles/testMayaSchemas.dir/testModelAPI.cpp.o
    [515/537] Linking CXX executable plugin/al/schemas/AL/usd/schemas/maya/tests/testMayaSchemas
    [516/537] Building CXX object plugin/al/schemas/AL/usd/schemas/mayatest/CMakeFiles/AL_USDMayaSchemasTest.dir/ExamplePolyCubeNode.cpp.o
    [517/537] Linking CXX shared library plugin/al/schemas/AL/usd/schemas/mayatest/libAL_USDMayaSchemasTest.dylib
    [518/537] Linking CXX shared library plugin/al/plugin/AL_USDMayaTestPlugin/AL_USDMayaTestPlugin.bundle
    [519/537] Building CXX object plugin/adsk/plugin/CMakeFiles/mayaUsdPlugin.dir/adskListShadingModesCommand.cpp.o
    [520/537] Building CXX object plugin/al/translators/CMakeFiles/AL_USDMayaTranslators.dir/MayaReference.cpp.o
    [521/537] Building CXX object plugin/al/schemas/AL/usd/schemas/mayatest/CMakeFiles/_AL_USDMayaSchemasTest.dir/wrapExamplePolyCubeNode.cpp.o
    [522/537] Linking CXX shared library plugin/al/schemas/AL/usd/schemas/mayatest/_AL_USDMayaSchemasTest.so
    [523/537] Building CXX object plugin/al/translators/CMakeFiles/AL_USDMayaTranslators.dir/FrameRange.cpp.o
    [524/537] Building CXX object plugin/al/translators/CMakeFiles/AL_USDMayaTranslators.dir/Camera.cpp.o
    [525/537] Building CXX object plugin/al/translators/CMakeFiles/AL_USDMayaTranslators.dir/NurbsCurve.cpp.o
    [526/537] Building CXX object plugin/adsk/plugin/CMakeFiles/mayaUsdPlugin.dir/adskImportCommand.cpp.o
    [527/537] Building CXX object plugin/al/translators/CMakeFiles/AL_USDMayaTranslators.dir/DirectionalLight.cpp.o
    [528/537] Building CXX object plugin/adsk/plugin/CMakeFiles/mayaUsdPlugin.dir/adskExportCommand.cpp.o
    [529/537] Building CXX object plugin/al/translators/CMakeFiles/AL_USDMayaTranslators.dir/Mesh.cpp.o
    [530/537] Linking CXX shared library plugin/al/translators/libAL_USDMayaTranslators.dylib
    [531/537] Building CXX object plugin/al/translators/pxrUsdTranslators/CMakeFiles/AL_USDMayaPxrTranslators.dir/ProxyShapeTranslator.cpp.o
    [532/537] Linking CXX shared library plugin/al/translators/pxrUsdTranslators/AL_USDMayaPxrTranslators.bundle
    [533/537] Building CXX object plugin/adsk/plugin/CMakeFiles/mayaUsdPlugin.dir/importTranslator.cpp.o
    [534/537] Building CXX object plugin/adsk/plugin/CMakeFiles/mayaUsdPlugin.dir/plugin.cpp.o
    [535/537] Building CXX object plugin/adsk/plugin/CMakeFiles/mayaUsdPlugin.dir/ProxyShape.cpp.o
    [536/537] Building CXX object plugin/adsk/plugin/CMakeFiles/mayaUsdPlugin.dir/exportTranslator.cpp.o
    [537/537] Linking CXX shared module plugin/adsk/plugin/mayaUsdPlugin.bundle
    
        Building with settings:
          Source directory          /local/S/jenkins/workspace/ecg-mayausd-branch-preflight-2020-osx/ecg-maya-usd/maya-usd
          Workspace directory       /local/S/jenkins/workspace/ecg-mayausd-branch-preflight-2020-osx
          Build directory           /local/S/jenkins/workspace/ecg-mayausd-branch-preflight-2020-osx/build/RelWithDebInfo
          Install directory         /local/S/jenkins/workspace/ecg-mayausd-branch-preflight-2020-osx/install/RelWithDebInfo/MayaUSD
          Variant                   RelWithDebInfo
          Python Debug              Off
          CMake generator           Ninja
          Build arguments           ['-DCMAKE_MAKE_PROGRAM=/local/S/jenkins/workspace/shared/Artifactory/OSX/ninja/1.9.0/41005eb/ninja', '-DPYTHON_INCLUDE_DIR=/local/S/jenkins/workspace/shared/Artifactory/OSX/rundev-2020/202004291615/runtime/8fd8f21/runTime/Maya.app/Contents/Frameworks/Python.framework/Versions/Current/include/python2.7', '-DPython_EXECUTABLE=/local/S/jenkins/workspace/shared/Artifactory/OSX/rundev-2020/202004291615/runtime/8fd8f21/runTime/Maya.app/Contents/bin/mayapy', '-DPYTHON_LIBRARIES=/local/S/jenkins/workspace/shared/Artifactory/OSX/rundev-2020/202004291615/runtime/8fd8f21/runTime/Maya.app/Contents/Frameworks/Python.framework/Versions/Current/lib/libpython2.7.dylib', '-DMAYAUSD_TO_USD_RELATIVE_PATH=../USD']
          Stages arguments          ['build']
          CTest arguments           ['-E testUsdReferenceAssemblySelection|testUsdMayaAppDir|testUsdExportAsClip', '-LE interactive', '--parallel 12']
    Success MayaUSD build and install !!!!
    Elapsed time: 00:07:04
[Pipeline] }
[Pipeline] // withEnv
[Pipeline] }
[Pipeline] // stage
[Pipeline] }
[Pipeline] // timestamps
[Pipeline] }
[Pipeline] // timeout
[Pipeline] timeout
Timeout set to expire in 6 hr 0 min
[Pipeline] {
[Pipeline] timestamps
[Pipeline] {
[Pipeline] stage
[Pipeline] { (Install)
[Pipeline] withEnv
[Pipeline] {
[Pipeline] sh
[ecg-mayausd-branch-preflight-2020-osx] Running shell script
+ python ecg-maya-usd/build.py --stages=install --workspace-dir=/local/S/jenkins/workspace/ecg-mayausd-branch-preflight-2020-osx --artifactory-dir=/local/S/jenkins/workspace/shared/Artifactory --build-dir=/local/S/jenkins/workspace/ecg-mayausd-branch-preflight-2020-osx/build --install-dir=/local/S/jenkins/workspace/ecg-mayausd-branch-preflight-2020-osx/install --signing-dir=/local/S/jenkins/workspace/ecg-mayausd-branch-preflight-2020-osx/signing --package-dir=/local/S/jenkins/workspace/ecg-mayausd-branch-preflight-2020-osx/package --output-dir=/local/S/jenkins/workspace/ecg-mayausd-branch-preflight-2020-osx/output --stash-dir=/local/S/jenkins/workspace/ecg-mayausd-branch-preflight-2020-osx/stash --jenkins-build=442 --git-commit=4cbe6e0f05e962749969b3d33f03db99a83b5c28 --git-branch=master --variants=RelWithDebInfo --python=2 --maya-cut-config=maya-rundev-2020.yaml --stage-banner
Using Maya cut from /local/S/jenkins/workspace/shared/Artifactory/OSX/rundev-2020/202004291615/runtime/8fd8f21

================================================================================
                            install (RelWithDebInfo)
================================================================================
running install stage....................
Maya Python RelWithDebInfo Info:
  mayapy executable   = /local/S/jenkins/workspace/shared/Artifactory/OSX/rundev-2020/202004291615/runtime/8fd8f21/runTime/Maya.app/Contents/bin/mayapy
  Include Folder      = /local/S/jenkins/workspace/shared/Artifactory/OSX/rundev-2020/202004291615/runtime/8fd8f21/runTime/Maya.app/Contents/Frameworks/Python.framework/Versions/Current/include/python2.7
  Library             = /local/S/jenkins/workspace/shared/Artifactory/OSX/rundev-2020/202004291615/runtime/8fd8f21/runTime/Maya.app/Contents/Frameworks/Python.framework/Versions/Current/lib/libpython2.7.dylib
  site-package Folder = /local/S/jenkins/workspace/shared/Artifactory/OSX/rundev-2020/202004291615/runtime/8fd8f21/runTime/Maya.app/Contents/Frameworks/Python.framework/Versions/Current/lib/python2.7/site-packages
In workdir: /local/S/jenkins/workspace/ecg-mayausd-branch-preflight-2020-osx/ecg-maya-usd/maya-usd
Executing: /local/S/jenkins/workspace/shared/Artifactory/OSX/rundev-2020/202004291615/runtime/8fd8f21/runTime/Maya.app/Contents/bin/mayapy /local/S/jenkins/workspace/ecg-mayausd-branch-preflight-2020-osx/ecg-maya-usd/maya-usd/build.py --generator Ninja --build-relwithdebug --maya-location /local/S/jenkins/workspace/shared/Artifactory/OSX/rundev-2020/202004291615/runtime/8fd8f21/runTime --devkit-location /local/S/jenkins/workspace/shared/Artifactory/OSX/rundev-2020/202004291615/runtime/8fd8f21/devkitBase --pxrusd-location /local/S/jenkins/workspace/shared/Artifactory/OSX/USD/e4a2d3d --qt-location /local/S/jenkins/workspace/shared/Artifactory/OSX/qt/5.12.5/3ca78fe --build-args=-DCMAKE_MAKE_PROGRAM=/local/S/jenkins/workspace/shared/Artifactory/OSX/ninja/1.9.0/41005eb/ninja,-DPYTHON_INCLUDE_DIR=/local/S/jenkins/workspace/shared/Artifactory/OSX/rundev-2020/202004291615/runtime/8fd8f21/runTime/Maya.app/Contents/Frameworks/Python.framework/Versions/Current/include/python2.7,-DPython_EXECUTABLE=/local/S/jenkins/workspace/shared/Artifactory/OSX/rundev-2020/202004291615/runtime/8fd8f21/runTime/Maya.app/Contents/bin/mayapy,-DPYTHON_LIBRARIES=/local/S/jenkins/workspace/shared/Artifactory/OSX/rundev-2020/202004291615/runtime/8fd8f21/runTime/Maya.app/Contents/Frameworks/Python.framework/Versions/Current/lib/libpython2.7.dylib,-DMAYAUSD_TO_USD_RELATIVE_PATH=../USD '--ctest-args=-E testUsdReferenceAssemblySelection|testUsdMayaAppDir|testUsdExportAsClip,-LE interactive,--parallel 12' --stages=install --redirect-outstream-file=False --install-location /local/S/jenkins/workspace/ecg-mayausd-branch-preflight-2020-osx/install/RelWithDebInfo/MayaUSD /local/S/jenkins/workspace/ecg-mayausd-branch-preflight-2020-osx
Modified environment variables:
    PATH=/local/S/jenkins/workspace/shared/Artifactory/OSX/cmake/3.14.4/e159059/bin:/usr/local/bin:/bin:/usr/sbin:/sbin:/usr/bin
    [1/18] Running utility command for MAYAUSD_NODES_TEST
    [2/18] Running utility command for MAYAUSD_UNDO_TEST
    [3/18] Running utility command for MAYAUSD_SCHEMA_TEST
    [4/18] Running utility command for MAYAUSD_TEST
    [5/18] Automatic MOC and UIC for target mayaUsdUI
    [6/15] Automatic MOC and UIC for target testMayaUsdUI
    [7/13] Running utility command for MAYAUSD_PXR_USD_PREVIEW_SURFACE_TEST
    [8/13] Running utility command for PYTHON_TEST_UTILS
    [9/13] Running utility command for UFE_TEST
    [10/13] Running utility command for PYTHON_TEST_SAMPLES
    [11/13] Running utility command for MAYAUSD_RENDER_PXRUSDMAYAGL_TEST
    [12/13] Running utility command for IMPORT_EXPORT_TEST
    [12/13] Install the project...
    -- Install configuration: "RelWithDebInfo"
    
        Building with settings:
          Source directory          /local/S/jenkins/workspace/ecg-mayausd-branch-preflight-2020-osx/ecg-maya-usd/maya-usd
          Workspace directory       /local/S/jenkins/workspace/ecg-mayausd-branch-preflight-2020-osx
          Build directory           /local/S/jenkins/workspace/ecg-mayausd-branch-preflight-2020-osx/build/RelWithDebInfo
          Install directory         /local/S/jenkins/workspace/ecg-mayausd-branch-preflight-2020-osx/install/RelWithDebInfo/MayaUSD
          Variant                   RelWithDebInfo
          Python Debug              Off
          CMake generator           Ninja
          Build arguments           ['-DCMAKE_MAKE_PROGRAM=/local/S/jenkins/workspace/shared/Artifactory/OSX/ninja/1.9.0/41005eb/ninja', '-DPYTHON_INCLUDE_DIR=/local/S/jenkins/workspace/shared/Artifactory/OSX/rundev-2020/202004291615/runtime/8fd8f21/runTime/Maya.app/Contents/Frameworks/Python.framework/Versions/Current/include/python2.7', '-DPython_EXECUTABLE=/local/S/jenkins/workspace/shared/Artifactory/OSX/rundev-2020/202004291615/runtime/8fd8f21/runTime/Maya.app/Contents/bin/mayapy', '-DPYTHON_LIBRARIES=/local/S/jenkins/workspace/shared/Artifactory/OSX/rundev-2020/202004291615/runtime/8fd8f21/runTime/Maya.app/Contents/Frameworks/Python.framework/Versions/Current/lib/libpython2.7.dylib', '-DMAYAUSD_TO_USD_RELATIVE_PATH=../USD']
          Stages arguments          ['install']
          CTest arguments           ['-E testUsdReferenceAssemblySelection|testUsdMayaAppDir|testUsdExportAsClip', '-LE interactive', '--parallel 12']
    Success MayaUSD build and install !!!!
    Elapsed time: 00:00:11
Finding Artifactory servers response times
[Pipeline] }
[Pipeline] // withEnv
[Pipeline] }
[Pipeline] // stage
[Pipeline] }
[Pipeline] // timestamps
[Pipeline] }
[Pipeline] // timeout
[Pipeline] timeout
Timeout set to expire in 6 hr 0 min
[Pipeline] {
[Pipeline] timestamps
[Pipeline] {
[Pipeline] stage
[Pipeline] { (Test)
[Pipeline] withEnv
[Pipeline] {
[Pipeline] sh
[ecg-mayausd-branch-preflight-2020-osx] Running shell script
+ python ecg-maya-usd/build.py --stages=test --workspace-dir=/local/S/jenkins/workspace/ecg-mayausd-branch-preflight-2020-osx --artifactory-dir=/local/S/jenkins/workspace/shared/Artifactory --build-dir=/local/S/jenkins/workspace/ecg-mayausd-branch-preflight-2020-osx/build --install-dir=/local/S/jenkins/workspace/ecg-mayausd-branch-preflight-2020-osx/install --signing-dir=/local/S/jenkins/workspace/ecg-mayausd-branch-preflight-2020-osx/signing --package-dir=/local/S/jenkins/workspace/ecg-mayausd-branch-preflight-2020-osx/package --output-dir=/local/S/jenkins/workspace/ecg-mayausd-branch-preflight-2020-osx/output --stash-dir=/local/S/jenkins/workspace/ecg-mayausd-branch-preflight-2020-osx/stash --jenkins-build=442 --git-commit=4cbe6e0f05e962749969b3d33f03db99a83b5c28 --git-branch=master --variants=RelWithDebInfo --python=2 --test-jobs=0 --failed-test-retry=3 --maya-cut-config=maya-rundev-2020.yaml --stage-banner --progressive-timeout
Using Maya cut from /local/S/jenkins/workspace/shared/Artifactory/OSX/rundev-2020/202004291615/runtime/8fd8f21

================================================================================
                             test (RelWithDebInfo)
================================================================================
running test stage....................
Maya Python RelWithDebInfo Info:
  mayapy executable   = /local/S/jenkins/workspace/shared/Artifactory/OSX/rundev-2020/202004291615/runtime/8fd8f21/runTime/Maya.app/Contents/bin/mayapy
  Include Folder      = /local/S/jenkins/workspace/shared/Artifactory/OSX/rundev-2020/202004291615/runtime/8fd8f21/runTime/Maya.app/Contents/Frameworks/Python.framework/Versions/Current/include/python2.7
  Library             = /local/S/jenkins/workspace/shared/Artifactory/OSX/rundev-2020/202004291615/runtime/8fd8f21/runTime/Maya.app/Contents/Frameworks/Python.framework/Versions/Current/lib/libpython2.7.dylib
  site-package Folder = /local/S/jenkins/workspace/shared/Artifactory/OSX/rundev-2020/202004291615/runtime/8fd8f21/runTime/Maya.app/Contents/Frameworks/Python.framework/Versions/Current/lib/python2.7/site-packages
In workdir: /local/S/jenkins/workspace/ecg-mayausd-branch-preflight-2020-osx/ecg-maya-usd/maya-usd
Executing: /local/S/jenkins/workspace/shared/Artifactory/OSX/rundev-2020/202004291615/runtime/8fd8f21/runTime/Maya.app/Contents/bin/mayapy /local/S/jenkins/workspace/ecg-mayausd-branch-preflight-2020-osx/ecg-maya-usd/maya-usd/build.py --generator Ninja --build-relwithdebug --maya-location /local/S/jenkins/workspace/shared/Artifactory/OSX/rundev-2020/202004291615/runtime/8fd8f21/runTime --devkit-location /local/S/jenkins/workspace/shared/Artifactory/OSX/rundev-2020/202004291615/runtime/8fd8f21/devkitBase --pxrusd-location /local/S/jenkins/workspace/shared/Artifactory/OSX/USD/e4a2d3d --qt-location /local/S/jenkins/workspace/shared/Artifactory/OSX/qt/5.12.5/3ca78fe --build-args=-DCMAKE_MAKE_PROGRAM=/local/S/jenkins/workspace/shared/Artifactory/OSX/ninja/1.9.0/41005eb/ninja,-DPYTHON_INCLUDE_DIR=/local/S/jenkins/workspace/shared/Artifactory/OSX/rundev-2020/202004291615/runtime/8fd8f21/runTime/Maya.app/Contents/Frameworks/Python.framework/Versions/Current/include/python2.7,-DPython_EXECUTABLE=/local/S/jenkins/workspace/shared/Artifactory/OSX/rundev-2020/202004291615/runtime/8fd8f21/runTime/Maya.app/Contents/bin/mayapy,-DPYTHON_LIBRARIES=/local/S/jenkins/workspace/shared/Artifactory/OSX/rundev-2020/202004291615/runtime/8fd8f21/runTime/Maya.app/Contents/Frameworks/Python.framework/Versions/Current/lib/libpython2.7.dylib,-DMAYAUSD_TO_USD_RELATIVE_PATH=../USD '--ctest-args=-E testUsdReferenceAssemblySelection|testUsdMayaAppDir|testUsdExportAsClip,-LE interactive,--parallel 12' --stages=test --redirect-outstream-file=False --install-location /local/S/jenkins/workspace/ecg-mayausd-branch-preflight-2020-osx/install/RelWithDebInfo/MayaUSD /local/S/jenkins/workspace/ecg-mayausd-branch-preflight-2020-osx
Modified environment variables:
    PATH=/local/S/jenkins/workspace/shared/Artifactory/OSX/cmake/3.14.4/e159059/bin:/usr/local/bin:/bin:/usr/sbin:/sbin:/usr/bin
    Test project /local/S/jenkins/workspace/ecg-mayausd-branch-preflight-2020-osx/build/RelWithDebInfo
            Start   1: testMayaUsdConverter
            Start   2: testMayaUsdCreateStageCommands
            Start   3: testMayaUsdPythonImport
            Start   4: testMayaUsdLayerEditorCommands
            Start   5: testMayaUsdCacheId
            Start   6: testPointBasedDeformerNode
            Start  21: testUsdUndoManager
            Start  22: testDeleteCmd
            Start  23: testMatrices
            Start  24: testMayaPickwalk
            Start  25: testSelection
            Start  26: testUfePythonImport
      1/113 Test   #3: testMayaUsdPythonImport .........................   Passed   11.76 sec
            Start  27: testPxrUsdPreviewSurfaceDraw
      2/113 Test  #26: testUfePythonImport .............................   Passed   11.81 sec
            Start  28: testPxrUsdPreviewSurfaceExport
      3/113 Test   #1: testMayaUsdConverter ............................   Passed   11.90 sec
            Start  29: testMayaUsdSchemasPythonImport
      4/113 Test  #21: testUsdUndoManager ..............................   Passed   12.20 sec
            Start  30: testMayaUsdSchemasMayaReference
      5/113 Test   #4: testMayaUsdLayerEditorCommands ..................   Passed   12.29 sec
            Start  31: DiffCore
      6/113 Test   #6: testPointBasedDeformerNode ......................   Passed   12.38 sec
            Start  32: testUsdExportCamera
      7/113 Test   #5: testMayaUsdCacheId ..............................   Passed   12.45 sec
            Start  33: testUsdExportColorSets
      8/113 Test   #2: testMayaUsdCreateStageCommands ..................   Passed   12.49 sec
            Start  34: testUsdExportConnected
      9/113 Test  #31: DiffCore ........................................   Passed    0.27 sec
            Start  35: testUsdExportDisplacement
     10/113 Test  #25: testSelection ...................................   Passed   12.81 sec
            Start  36: testUsdExportDisplayColor
     11/113 Test  #24: testMayaPickwalk ................................   Passed   13.70 sec
            Start  37: testUsdExportEulerFilter
     12/113 Test  #22: testDeleteCmd ...................................   Passed   13.71 sec
            Start  38: testUsdExportFileFormat
     13/113 Test  #23: testMatrices ....................................   Passed   13.92 sec
            Start  39: testUsdExportFilterTypes
     14/113 Test  #27: testPxrUsdPreviewSurfaceDraw ....................   Passed    6.02 sec
            Start  40: testUsdExportFrameOffset
     15/113 Test  #29: testMayaUsdSchemasPythonImport ..................   Passed    7.22 sec
            Start  41: testUsdExportGeomSubset
     16/113 Test  #30: testMayaUsdSchemasMayaReference .................   Passed    7.13 sec
            Start  42: testUsdExportInstances
     17/113 Test  #28: testPxrUsdPreviewSurfaceExport ..................   Passed   10.21 sec
            Start  43: testUsdExportLayerAttributes
     18/113 Test  #32: testUsdExportCamera .............................   Passed   10.25 sec
            Start  44: testUsdExportLocator
     19/113 Test  #34: testUsdExportConnected ..........................   Passed   10.17 sec
            Start  45: testUsdExportMayaInstancer
     20/113 Test  #33: testUsdExportColorSets ..........................   Passed   10.40 sec
            Start  46: testUsdExportMesh
     21/113 Test  #36: testUsdExportDisplayColor .......................   Passed   10.10 sec
            Start  47: testUsdExportNurbsCurve
     22/113 Test  #35: testUsdExportDisplacement .......................   Passed   10.41 sec
            Start  48: testUsdExportOpenLayer
     23/113 Test  #38: testUsdExportFileFormat .........................   Passed    9.56 sec
            Start  49: testUsdExportOverImport
     24/113 Test  #37: testUsdExportEulerFilter ........................   Passed   10.06 sec
            Start  50: testUsdExportParentScope
     25/113 Test  #39: testUsdExportFilterTypes ........................   Passed   10.25 sec
            Start  51: testUsdExportParticles
     26/113 Test  #40: testUsdExportFrameOffset ........................   Passed   10.15 sec
            Start  52: testUsdExportPref
     27/113 Test  #41: testUsdExportGeomSubset .........................   Passed    9.79 sec
            Start  53: testUsdExportRenderLayerMode
     28/113 Test  #42: testUsdExportInstances ..........................   Passed    9.84 sec
            Start  54: testUsdExportSelection
     29/113 Test  #43: testUsdExportLayerAttributes ....................   Passed    9.13 sec
            Start  55: testUsdExportSelectionHierarchy
     30/113 Test  #44: testUsdExportLocator ............................   Passed    9.73 sec
            Start  56: testUsdExportShadingInstanced
     31/113 Test  #48: testUsdExportOpenLayer ..........................   Passed    9.44 sec
            Start  57: testUsdExportShadingModePxrRis
     32/113 Test  #49: testUsdExportOverImport .........................   Passed    9.17 sec
            Start  58: testUsdExportSkeleton
     33/113 Test  #46: testUsdExportMesh ...............................   Passed    9.96 sec
            Start  59: testUsdExportStripNamespaces
     34/113 Test  #47: testUsdExportNurbsCurve .........................   Passed    9.90 sec
            Start  60: testUsdExportStroke
     35/113 Test  #45: testUsdExportMayaInstancer ......................   Passed   10.92 sec
            Start  61: testUsdExportUVTransforms
     36/113 Test  #50: testUsdExportParentScope ........................   Passed    9.86 sec
            Start  62: testUsdExportVisibilityDefault
     37/113 Test  #51: testUsdExportParticles ..........................   Passed   10.17 sec
            Start  63: testUsdImportCamera
     38/113 Test  #53: testUsdExportRenderLayerMode ....................   Passed    7.09 sec
            Start  64: testUsdImportColorSets
     39/113 Test  #52: testUsdExportPref ...............................   Passed   10.13 sec
            Start  65: testUsdImportDisplacement
     40/113 Test  #54: testUsdExportSelection ..........................   Passed   10.49 sec
            Start  66: testUsdImportExportScope
     41/113 Test  #55: testUsdExportSelectionHierarchy .................   Passed   10.47 sec
            Start  67: testUsdImportExportTypelessDefs
     42/113 Test  #59: testUsdExportStripNamespaces ....................   Passed    9.50 sec
            Start  68: testUsdImportFrameRange
     43/113 Test  #57: testUsdExportShadingModePxrRis ..................   Passed   10.22 sec
            Start  69: testUsdImportInstances
     44/113 Test  #56: testUsdExportShadingInstanced ...................   Passed   10.34 sec
            Start  70: testUsdImportMayaReference
     45/113 Test  #60: testUsdExportStroke .............................   Passed   10.43 sec
            Start  71: testUsdImportMesh
     46/113 Test  #58: testUsdExportSkeleton ...........................   Passed   11.11 sec
            Start  72: testUsdImportPreviewSurface
     47/113 Test  #62: testUsdExportVisibilityDefault ..................   Passed   10.00 sec
            Start  73: testUsdImportSessionLayer
     48/113 Test  #63: testUsdImportCamera .............................   Passed    9.35 sec
            Start  74: testUsdImportShadingModeDisplayColor
     49/113 Test  #61: testUsdExportUVTransforms .......................***Failed   10.36 sec
    Warning: This file is from an older version of Maya.  If saved, it will not be readable by previous versions.
    File read in  0.88 seconds.
    E
    ======================================================================
    ERROR: setUpClass (testUsdExportUVTransforms.testUsdExportUVTransforms)
    ----------------------------------------------------------------------
    Traceback (most recent call last):
      File "testUsdExportUVTransforms.py", line 49, in setUpClass
    RuntimeError: file: /local/S/jenkins/workspace/ecg-mayausd-branch-preflight-2020-osx/build/RelWithDebInfo/test/lib/usd/translators/UsdExportUVTransforms/UsdExportUVTransforms.ma line 7: Plug-in, "mtoa", was not found on MAYA_PLUG_IN_PATH.
    # Traceback (most recent call last):
    #   File "<maya console>", line 1, in <module>
    # RuntimeError: Plug-in, "mtoa", was not found on MAYA_PLUG_IN_PATH.
    file: /local/S/jenkins/workspace/ecg-mayausd-branch-preflight-2020-osx/build/RelWithDebInfo/test/lib/usd/translators/UsdExportUVTransforms/UsdExportUVTransforms.ma line 32: The camera 'perspShape' has no '.ai_translator' attribute.
    file: /local/S/jenkins/workspace/ecg-mayausd-branch-preflight-2020-osx/build/RelWithDebInfo/test/lib/usd/translators/UsdExportUVTransforms/UsdExportUVTransforms.ma line 32: setAttr: No object matches name: .ai_translator
    file: /local/S/jenkins/workspace/ecg-mayausd-branch-preflight-2020-osx/build/RelWithDebInfo/test/lib/usd/translators/UsdExportUVTransforms/UsdExportUVTransforms.ma line 49: The camera 'topShape' has no '.ai_translator' attribute.
    file: /local/S/jenkins/workspace/ecg-mayausd-branch-preflight-2020-osx/build/RelWithDebInfo/test/lib/usd/translators/UsdExportUVTransforms/UsdExportUVTransforms.ma line 49: setAttr: No object matches name: .ai_translator
    file: /local/S/jenkins/workspace/ecg-mayausd-branch-preflight-2020-osx/build/RelWithDebInfo/test/lib/usd/translators/UsdExportUVTransforms/UsdExportUVTransforms.ma line 65: The camera 'frontShape' has no '.ai_translator' attribute.
    file: /local/S/jenkins/workspace/ecg-mayausd-branch-preflight-2020-osx/build/RelWithDebInfo/test/lib/usd/translators/UsdExportUVTransforms/UsdExportUVTransforms.ma line 65: setAttr: No object matches name: .ai_translator
    file: /local/S/jenkins/workspace/ecg-mayausd-branch-preflight-2020-osx/build/RelWithDebInfo/test/lib/usd/translators/UsdExportUVTransforms/UsdExportUVTransforms.ma line 82: The camera 'sideShape' has no '.ai_translator' attribute.
    file: /local/S/jenkins/workspace/ecg-mayausd-branch-preflight-2020-osx/build/RelWithDebInfo/test/lib/usd/translators/UsdExportUVTransforms/UsdExportUVTransforms.ma line 82: setAttr: No object matches name: .ai_translator
    file: /local/S/jenkins/workspace/ecg-mayausd-branch-preflight-2020-osx/build/RelWithDebInfo/test/lib/usd/translators/UsdExportUVTransforms/UsdExportUVTransforms.ma line 99: The mesh 'MaterialPlaneDefaultShape' has no '.ai_translator' attribute.
    file: /local/S/jenkins/workspace/ecg-mayausd-branch-preflight-2020-osx/build/RelWithDebInfo/test/lib/usd/translators/UsdExportUVTransforms/UsdExportUVTransforms.ma line 99: setAttr: No object matches name: .ai_translator
    file: /local/S/jenkins/workspace/ecg-mayausd-branch-preflight-2020-osx/build/RelWithDebInfo/test/lib/usd/translators/UsdExportUVTransforms/UsdExportUVTransforms.ma line 124: The mesh 'MaterialPlaneTransformedShape' has no '.ai_translator' attribute.
    file: /local/S/jenkins/workspace/ecg-mayausd-branch-preflight-2020-osx/build/RelWithDebInfo/test/lib/usd/translators/UsdExportUVTransforms/UsdExportUVTransforms.ma line 124: setAttr: No object matches name: .ai_translator
    Error reading file.
    Error reading file.
    
    
    ----------------------------------------------------------------------
    Ran 0 tests in 2.863s
    
    FAILED (errors=1)
    
            Start  75: testUsdImportShadingModePxrRis
     50/113 Test  #64: testUsdImportColorSets ..........................   Passed    9.44 sec
            Start  76: testUsdImportUVSetMappings
     51/113 Test  #65: testUsdImportDisplacement .......................   Passed    9.49 sec
            Start  77: testUsdExportImportRoundtripPreviewSurface
     52/113 Test  #66: testUsdImportExportScope ........................   Passed    9.56 sec
            Start  78: testUsdExportImportUDIM
     53/113 Test  #67: testUsdImportExportTypelessDefs .................   Passed    9.44 sec
            Start  79: testUsdImportSkeleton
     54/113 Test  #68: testUsdImportFrameRange .........................   Passed    9.89 sec
            Start  80: testUsdImportXforms
     55/113 Test  #69: testUsdImportInstances ..........................   Passed    9.85 sec
            Start  81: testUsdMayaAdaptor
     56/113 Test  #71: testUsdImportMesh ...............................   Passed    9.57 sec
            Start  82: testUsdMayaAdaptorGeom
     57/113 Test  #70: testUsdImportMayaReference ......................   Passed   10.40 sec
            Start  83: testUsdMayaAdaptorMetadata
     58/113 Test  #73: testUsdImportSessionLayer .......................   Passed    9.56 sec
            Start  84: testUsdMayaAdaptorUndoRedo
     59/113 Test  #74: testUsdImportShadingModeDisplayColor ............   Passed    9.49 sec
            Start  85: testUsdExportRfMShaders
     60/113 Test  #75: testUsdImportShadingModePxrRis ..................   Passed    9.36 sec
            Start  86: testUsdImportRfMShaders
     61/113 Test  #72: testUsdImportPreviewSurface .....................   Passed    9.77 sec
            Start  87: testUsdExportUVSets
     62/113 Test  #76: testUsdImportUVSetMappings ......................   Passed    9.45 sec
            Start  88: testUsdExportUVSetsFloat
     63/113 Test  #77: testUsdExportImportRoundtripPreviewSurface ......   Passed    9.26 sec
            Start  89: testUsdExportUVSetsST
     64/113 Test  #78: testUsdExportImportUDIM .........................   Passed   10.25 sec
            Start  90: testUsdExportUVSetMappings
     65/113 Test  #79: testUsdImportSkeleton ...........................   Passed    9.23 sec
            Start  91: testUsdExportUVSetMappingsST
     66/113 Test  #81: testUsdMayaAdaptor ..............................   Passed    9.27 sec
            Start  92: testUsdImportUVSets
     67/113 Test  #82: testUsdMayaAdaptorGeom ..........................   Passed    9.35 sec
            Start  93: testUsdImportUVSetsFloat
     68/113 Test  #86: testUsdImportRfMShaders .........................   Passed    9.34 sec
            Start  94: testUsdImportUVSetsST
     69/113 Test  #84: testUsdMayaAdaptorUndoRedo ......................   Passed    9.69 sec
            Start  95: testUsdExportCustomConverter-Maya
     70/113 Test  #83: testUsdMayaAdaptorMetadata ......................   Passed    9.79 sec
            Start  96: testUsdExportCustomConverter-USD
     71/113 Test  #85: testUsdExportRfMShaders .........................   Passed    9.83 sec
            Start  97: testUsdImportCustomConverter-Maya
     72/113 Test  #87: testUsdExportUVSets .............................   Passed   10.17 sec
            Start  98: testUsdImportCustomConverter-USD
     73/113 Test  #88: testUsdExportUVSetsFloat ........................   Passed    9.99 sec
            Start  99: testUsdMayaListShadingModesCommand
     74/113 Test  #89: testUsdExportUVSetsST ...........................   Passed   10.04 sec
            Start 100: testUsdExportAssembly
     75/113 Test  #90: testUsdExportUVSetMappings ......................   Passed   10.27 sec
            Start 101: testUsdExportAssemblyEdits
     76/113 Test  #91: testUsdExportUVSetMappingsST ....................   Passed   10.28 sec
            Start 102: testUsdExportPackage
     77/113 Test  #96: testUsdExportCustomConverter-USD ................   Passed    9.49 sec
            Start 103: testUsdExportPointInstancer
     78/113 Test  #95: testUsdExportCustomConverter-Maya ...............   Passed    9.64 sec
            Start 104: testUsdImportAsAssemblies
     79/113 Test  #97: testUsdImportCustomConverter-Maya ...............   Passed    9.99 sec
            Start 105: testUsdImportNestedAssemblyAnimation
     80/113 Test  #98: testUsdImportCustomConverter-USD ................   Passed    9.88 sec
            Start 106: testUsdMayaBlockSceneModificationContext
     81/113 Test  #92: testUsdImportUVSets .............................   Passed   11.78 sec
            Start 107: testUsdMayaDiagnosticDelegate
     82/113 Test  #93: testUsdImportUVSetsFloat ........................   Passed   11.99 sec
            Start 108: testUsdMayaGetVariantSetSelections
     83/113 Test  #99: testUsdMayaListShadingModesCommand ..............   Passed    9.58 sec
            Start 109: testUsdMayaModelKindProcessor
     84/113 Test  #94: testUsdImportUVSetsST ...........................   Passed   11.90 sec
            Start 110: testUsdMayaProxyShape
     85/113 Test #100: testUsdExportAssembly ...........................   Passed   11.30 sec
            Start 111: testUsdMayaReadWriteUtils
     86/113 Test #101: testUsdExportAssemblyEdits ......................   Passed   10.96 sec
            Start 112: testUsdMayaReferenceAssemblyEdits
     87/113 Test #102: testUsdExportPackage ............................   Passed   11.08 sec
            Start 113: testUsdMayaUserExportedAttributes
     88/113 Test #104: testUsdImportAsAssemblies .......................   Passed    9.87 sec
            Start 114: testUsdReferenceAssemblyChangeRepresentations
     89/113 Test #105: testUsdImportNestedAssemblyAnimation ............   Passed    9.84 sec
            Start 115: testUsdMayaXformStack
     90/113 Test #106: testUsdMayaBlockSceneModificationContext ........   Passed   10.30 sec
            Start 116: testPxrUsdAlembicChaser
     91/113 Test #107: testUsdMayaDiagnosticDelegate ...................   Passed   11.28 sec
            Start 117: AL_MayaUtilsTests
     92/113 Test #110: testUsdMayaProxyShape ...........................   Passed   10.89 sec
            Start 118: GTest:AL_USDTransactionTests
     93/113 Test #108: testUsdMayaGetVariantSetSelections ..............   Passed   11.33 sec
            Start 119: Python:AL_USDTransactionTests
     94/113 Test #118: GTest:AL_USDTransactionTests ....................   Passed    0.24 sec
            Start 120: AL_USDMayaTestPlugin
     95/113 Test #109: testUsdMayaModelKindProcessor ...................   Passed   11.31 sec
            Start 121: TestALUSDMayaPython_ProxyShape
     96/113 Test #119: Python:AL_USDTransactionTests ...................   Passed    1.11 sec
            Start 122: TestALUSDMayaPython_Translators
     97/113 Test #111: testUsdMayaReadWriteUtils .......................   Passed   11.51 sec
            Start 123: TestALUSDMayaPython_LayerManager
     98/113 Test #117: AL_MayaUtilsTests ...............................   Passed    6.12 sec
            Start 124: TestALUSDMayaPython_ImportModule
     99/113 Test #112: testUsdMayaReferenceAssemblyEdits ...............   Passed   11.53 sec
            Start 125: testMayaSchemas
    100/113 Test #125: testMayaSchemas .................................   Passed    0.61 sec
            Start 126: TestAdditionalTranslators
    101/113 Test #113: testUsdMayaUserExportedAttributes ...............   Passed   11.43 sec
            Start 127: TestPxrUsdTranslators
    102/113 Test #115: testUsdMayaXformStack ...........................   Passed   11.00 sec
    103/113 Test #114: testUsdReferenceAssemblyChangeRepresentations ...   Passed   11.64 sec
    104/113 Test #124: TestALUSDMayaPython_ImportModule ................   Passed    3.09 sec
    105/113 Test #116: testPxrUsdAlembicChaser .........................   Passed   11.21 sec
    106/113 Test #121: TestALUSDMayaPython_ProxyShape ..................   Passed   11.23 sec
    107/113 Test #122: TestALUSDMayaPython_Translators .................   Passed   10.42 sec
    108/113 Test #123: TestALUSDMayaPython_LayerManager ................   Passed   10.09 sec
    109/113 Test  #80: testUsdImportXforms .............................   Passed   49.74 sec
    110/113 Test #127: TestPxrUsdTranslators ...........................   Passed    9.27 sec
    111/113 Test #126: TestAdditionalTranslators .......................   Passed   11.54 sec
    112/113 Test #120: AL_USDMayaTestPlugin ............................   Passed   33.39 sec
    113/113 Test #103: testUsdExportPointInstancer .....................   Passed   51.07 sec
    
    99% tests passed, 1 tests failed out of 113
    
    Label Time Summary:
    MayaUsd              =  60.89 sec*proc (5 tests)
    nodes                =  12.38 sec*proc (1 test)
    translators          = 714.82 sec*proc (68 tests)
    ufe                  =  65.95 sec*proc (5 tests)
    undo                 =  12.20 sec*proc (1 test)
    usdPreviewSurface    =  16.22 sec*proc (2 tests)
    
    Total Test time (real) = 123.55 sec
    
    The following tests FAILED:
    	 61 - testUsdExportUVTransforms (Failed)
    Errors while running CTest
    
        Building with settings:
          Source directory          /local/S/jenkins/workspace/ecg-mayausd-branch-preflight-2020-osx/ecg-maya-usd/maya-usd
          Workspace directory       /local/S/jenkins/workspace/ecg-mayausd-branch-preflight-2020-osx
          Build directory           /local/S/jenkins/workspace/ecg-mayausd-branch-preflight-2020-osx/build/RelWithDebInfo
          Install directory         /local/S/jenkins/workspace/ecg-mayausd-branch-preflight-2020-osx/install/RelWithDebInfo/MayaUSD
          Variant                   RelWithDebInfo
          Python Debug              Off
          CMake generator           Ninja
          Build arguments           ['-DCMAKE_MAKE_PROGRAM=/local/S/jenkins/workspace/shared/Artifactory/OSX/ninja/1.9.0/41005eb/ninja', '-DPYTHON_INCLUDE_DIR=/local/S/jenkins/workspace/shared/Artifactory/OSX/rundev-2020/202004291615/runtime/8fd8f21/runTime/Maya.app/Contents/Frameworks/Python.framework/Versions/Current/include/python2.7', '-DPython_EXECUTABLE=/local/S/jenkins/workspace/shared/Artifactory/OSX/rundev-2020/202004291615/runtime/8fd8f21/runTime/Maya.app/Contents/bin/mayapy', '-DPYTHON_LIBRARIES=/local/S/jenkins/workspace/shared/Artifactory/OSX/rundev-2020/202004291615/runtime/8fd8f21/runTime/Maya.app/Contents/Frameworks/Python.framework/Versions/Current/lib/libpython2.7.dylib', '-DMAYAUSD_TO_USD_RELATIVE_PATH=../USD']
          Stages arguments          ['test']
          CTest arguments           ['-E testUsdReferenceAssemblySelection|testUsdMayaAppDir|testUsdExportAsClip', '-LE interactive', '--parallel 12']
    #####################################################################################
    log date: 2020-12-01 12:24
    commit sha: 077c4d4ed15590889a76e638f3939b3dc2287206
    commit date: Tue Dec 1 12:13:20 2020 -0800
    #####################################################################################
    
    cmake --build . --config RelWithDebInfo --target install -- -j12
    #####################################################################################
    log date: 2020-12-01 12:24
    commit sha: 077c4d4ed15590889a76e638f3939b3dc2287206
    commit date: Tue Dec 1 12:13:20 2020 -0800
    #####################################################################################
    
    ctest --output-on-failure --timeout 300 -C RelWithDebInfo -E testUsdReferenceAssemblySelection|testUsdMayaAppDir|testUsdExportAsClip -LE interactive --parallel 12
    
    Traceback (most recent call last):
      File "/local/S/jenkins/workspace/ecg-mayausd-branch-preflight-2020-osx/ecg-maya-usd/maya-usd/build.py", line 607, in <module>
        RunTests(context, context.ctestArgs)
      File "/local/S/jenkins/workspace/ecg-mayausd-branch-preflight-2020-osx/ecg-maya-usd/maya-usd/build.py", line 390, in RunTests
        RunCTest(context,extraArgs)
      File "/local/S/jenkins/workspace/ecg-mayausd-branch-preflight-2020-osx/ecg-maya-usd/maya-usd/build.py", line 301, in RunCTest
        extraArgs=(" ".join(extraArgs) if extraArgs else "")))
      File "/local/S/jenkins/workspace/ecg-mayausd-branch-preflight-2020-osx/ecg-maya-usd/maya-usd/build.py", line 165, in Run
        .format(cmd=cmd, log=os.path.abspath(context.logFileLocation)))
    RuntimeError: Failed to run 'ctest --output-on-failure --timeout 300 -C RelWithDebInfo -E testUsdReferenceAssemblySelection|testUsdMayaAppDir|testUsdExportAsClip -LE interactive --parallel 12 '
    See /local/S/jenkins/workspace/ecg-mayausd-branch-preflight-2020-osx/build/RelWithDebInfo/build_log.txt for more details.
build.py: error: Command failed with error code: 1
[Pipeline] }
[Pipeline] // withEnv
[Pipeline] }
[Pipeline] // stage
[Pipeline] }
[Pipeline] // timestamps
[Pipeline] }
[Pipeline] // timeout
[Pipeline] emailextrecipients
[Pipeline] echo
No recipients to send notification.
[Pipeline] }
[Pipeline] // node
[Pipeline] End of Pipeline
ERROR: script returned exit code 1
Finished: FAILURE
