================================================================================
                             setup (RelWithDebInfo)
================================================================================
Deleting subst P:
Deleting subst W:
[Pipeline] }
[Pipeline] // withEnv
[Pipeline] }
[Pipeline] // stage
[Pipeline] }
[Pipeline] // timestamps
[Pipeline] }
[Pipeline] // timeout
[Pipeline] timeout
Timeout set to expire in 6 hr 0 min
[Pipeline] {
[Pipeline] timestamps
[Pipeline] {
[Pipeline] stage
[Pipeline] { (Clean)
[Pipeline] withEnv
[Pipeline] {
[Pipeline] bat
[ecg-mayausd-branch-preflight-2020-windows] Running batch script
Subst W: S:\jenkins\workspace\ecg-mayausd-branch-preflight-2020-windows
Subst P: S:\jenkins\workspace
"C:\Program Files (x86)\Microsoft Visual Studio\2017\Professional\VC\Auxiliary\Build\vcvarsall.bat" x64
**********************************************************************
** Visual Studio 2017 Developer Command Prompt v15.9.15
** Copyright (c) 2017 Microsoft Corporation
**********************************************************************
[vcvarsall.bat] Environment initialized for: 'x64'
python ecg-maya-usd/build.py --stages=clean --workspace-dir=W:\ --artifactory-dir=P:\shared\Artifactory --build-dir=W:\build --install-dir=W:\install --signing-dir=W:\signing --package-dir=W:\package --output-dir=W:\output --stash-dir=W:\stash --jenkins-build=442 --git-commit=4cbe6e0f05e962749969b3d33f03db99a83b5c28 --git-branch=master --variants=RelWithDebInfo --python=2 --maya-cut-config=maya-rundev-2020.yaml --stage-banner
Using Maya cut from P:\shared\Artifactory\Windows\rundev-2020\202004291615\runtime\df03b16

================================================================================
                             clean (RelWithDebInfo)
================================================================================
running clean stage....................
Maya Python RelWithDebInfo Info:
  mayapy executable   = P:\shared\Artifactory\Windows\rundev-2020\202004291615\runtime\df03b16\runTime\bin\mayapy.exe
  Include Folder      = P:\shared\Artifactory\Windows\rundev-2020\202004291615\runtime\df03b16\runTime\include\Python
  Library             = P:\shared\Artifactory\Windows\rundev-2020\202004291615\runtime\df03b16\runTime\lib\python27.lib
  site-package Folder = P:\shared\Artifactory\Windows\rundev-2020\202004291615\runtime\df03b16\runTime\Python\Lib\site-packages
In workdir: S:\jenkins\workspace\ecg-mayausd-branch-preflight-2020-windows\ecg-maya-usd\maya-usd
Executing: 'P:\\shared\\Artifactory\\Windows\\rundev-2020\\202004291615\\runtime\\df03b16\\runTime\\bin\\mayapy.exe' 'S:\\jenkins\\workspace\\ecg-mayausd-branch-preflight-2020-windows\\ecg-maya-usd\\maya-usd\\build.py' --generator Ninja --build-relwithdebug --maya-location 'P:\\shared\\Artifactory\\Windows\\rundev-2020\\202004291615\\runtime\\df03b16\\runTime' --devkit-location 'P:\\shared\\Artifactory\\Windows\\rundev-2020\\202004291615\\runtime\\df03b16\\devkitBase' --pxrusd-location 'P:\\shared\\Artifactory\\Windows\\USD\\330e060' --qt-location 'P:\\shared\\Artifactory\\Windows\\qt\\5.12.5\\4755980' '--build-args=-DCMAKE_MAKE_PROGRAM=P:/shared/Artifactory/Windows/ninja/1.9.0/c68f192/ninja.exe,-DPYTHON_INCLUDE_DIR=P:/shared/Artifactory/Windows/rundev-2020/202004291615/runtime/df03b16/runTime/include/Python,-DPython_EXECUTABLE=P:/shared/Artifactory/Windows/rundev-2020/202004291615/runtime/df03b16/runTime/bin/mayapy.exe,-DPYTHON_LIBRARIES=P:/shared/Artifactory/Windows/rundev-2020/202004291615/runtime/df03b16/runTime/lib/python27.lib,-DMAYAUSD_TO_USD_RELATIVE_PATH=../USD' '--ctest-args=-E testUsdReferenceAssemblySelection|testUsdMayaAppDir|testUsdExportAsClip,-LE interactive,--parallel 16' --stages=clean --redirect-outstream-file=False --install-location 'W:\\install\\RelWithDebInfo\\MayaUSD' 'W:\\'
Modified environment variables:
    PATH=P:\shared\Artifactory\Windows\cmake\3.14.4\c5af748\bin;C:\Python27\lib\site-packages\pywin32_system32;C:\Program Files (x86)\Microsoft Visual Studio\2017\Professional\VC\Tools\MSVC\14.16.27023\bin\HostX64\x64;C:\Program Files (x86)\Microsoft Visual Studio\2017\Professional\Common7\IDE\VC\VCPackages;C:\Program Files (x86)\Microsoft Visual Studio\2017\Professional\Common7\IDE\CommonExtensions\Microsoft\TestWindow;C:\Program Files (x86)\Microsoft Visual Studio\2017\Professional\Common7\IDE\CommonExtensions\Microsoft\TeamFoundation\Team Explorer;C:\Program Files (x86)\Microsoft Visual Studio\2017\Professional\MSBuild\15.0\bin\Roslyn;C:\Program Files (x86)\Microsoft Visual Studio\2017\Professional\Team Tools\Performance Tools\x64;C:\Program Files (x86)\Microsoft Visual Studio\2017\Professional\Team Tools\Performance Tools;C:\Program Files (x86)\Microsoft Visual Studio\Shared\Common\VSPerfCollectionTools\\x64;C:\Program Files (x86)\Microsoft Visual Studio\Shared\Common\VSPerfCollectionTools\;C:\Program Files (x86)\Microsoft SDKs\Windows\v10.0A\bin\NETFX 4.6.1 Tools\x64\;C:\Program Files (x86)\HTML Help Workshop;C:\Program Files (x86)\Windows Kits\10\bin\10.0.17763.0\x64;C:\Program Files (x86)\Windows Kits\10\bin\x64;C:\Program Files (x86)\Microsoft Visual Studio\2017\Professional\\MSBuild\15.0\bin;C:\WINDOWS\Microsoft.NET\Framework64\v4.0.30319;C:\Program Files (x86)\Microsoft Visual Studio\2017\Professional\Common7\IDE\;C:\Program Files (x86)\Microsoft Visual Studio\2017\Professional\Common7\Tools\;C:\Python27\;C:\Python27\Scripts;C:\Program Files (x86)\Common Files\Oracle\Java\javapath;C:\WINDOWS\system32;C:\WINDOWS;C:\WINDOWS\System32\Wbem;C:\WINDOWS\System32\WindowsPowerShell\v1.0\;C:\WINDOWS\System32\OpenSSH\;C:\PathVerify;C:\Program Files (x86)\WiX Toolset v3.7\bin;C:\Program Files (x86)\Windows Kits\10\bin\10.0.17763.0\x64;C:\Program Files (x86)\Windows Kits\10\bin\x64;C:\StoreBoxClientWindows;C:\Program Files\Electric Cloud\ElectricCommander\bin;C:\Program Files\WinRAR;C:\Program Files\7-Zip;C:\Program Files\Git\cmd;C:\Program Files\Git\usr\bin;C:\Program Files\Git\mingw64\bin;C:\Program Files\Git\bin;C:\Program Files\WinMerge;C:\Users\Administrator\AppData\Local\Microsoft\WindowsApps;C:\Program Files (x86)\Microsoft Visual Studio\2017\Professional\Common7\IDE\CommonExtensions\Microsoft\CMake\CMake\bin;C:\Program Files (x86)\Microsoft Visual Studio\2017\Professional\Common7\IDE\CommonExtensions\Microsoft\CMake\Ninja
    
        Building with settings:
          Source directory          S:\jenkins\workspace\ecg-mayausd-branch-preflight-2020-windows\ecg-maya-usd\maya-usd
          Workspace directory       W:\
          Build directory           W:\build\RelWithDebInfo
          Install directory         W:\install\RelWithDebInfo\MayaUSD
          Variant                   RelWithDebInfo
          Python Debug              Off
          CMake generator           Ninja
          Build arguments           ['-DCMAKE_MAKE_PROGRAM=P:/shared/Artifactory/Windows/ninja/1.9.0/c68f192/ninja.exe', '-DPYTHON_INCLUDE_DIR=P:/shared/Artifactory/Windows/rundev-2020/202004291615/runtime/df03b16/runTime/include/Python', '-DPython_EXECUTABLE=P:/shared/Artifactory/Windows/rundev-2020/202004291615/runtime/df03b16/runTime/bin/mayapy.exe', '-DPYTHON_LIBRARIES=P:/shared/Artifactory/Windows/rundev-2020/202004291615/runtime/df03b16/runTime/lib/python27.lib', '-DMAYAUSD_TO_USD_RELATIVE_PATH=../USD']
          Stages arguments          ['clean']
          CTest arguments           ['-E testUsdReferenceAssemblySelection|testUsdMayaAppDir|testUsdExportAsClip', '-LE interactive', '--parallel 16']
    Success MayaUSD build and install !!!!
    Elapsed time: 00:00:00
Deleting subst P:
Deleting subst W:
[Pipeline] }
[Pipeline] // withEnv
[Pipeline] }
[Pipeline] // stage
[Pipeline] }
[Pipeline] // timestamps
[Pipeline] }
[Pipeline] // timeout
[Pipeline] timeout
Timeout set to expire in 6 hr 0 min
[Pipeline] {
[Pipeline] timestamps
[Pipeline] {
[Pipeline] stage
[Pipeline] { (Configure)
[Pipeline] withEnv
[Pipeline] {
[Pipeline] bat
[ecg-mayausd-branch-preflight-2020-windows] Running batch script
Subst W: S:\jenkins\workspace\ecg-mayausd-branch-preflight-2020-windows
Subst P: S:\jenkins\workspace
"C:\Program Files (x86)\Microsoft Visual Studio\2017\Professional\VC\Auxiliary\Build\vcvarsall.bat" x64
**********************************************************************
** Visual Studio 2017 Developer Command Prompt v15.9.15
** Copyright (c) 2017 Microsoft Corporation
**********************************************************************
[vcvarsall.bat] Environment initialized for: 'x64'
python ecg-maya-usd/build.py --stages=configure --workspace-dir=W:\ --artifactory-dir=P:\shared\Artifactory --build-dir=W:\build --install-dir=W:\install --signing-dir=W:\signing --package-dir=W:\package --output-dir=W:\output --stash-dir=W:\stash --jenkins-build=442 --git-commit=4cbe6e0f05e962749969b3d33f03db99a83b5c28 --git-branch=master --variants=RelWithDebInfo --python=2 --maya-cut-config=maya-rundev-2020.yaml --stage-banner
Using Maya cut from P:\shared\Artifactory\Windows\rundev-2020\202004291615\runtime\df03b16

================================================================================
                           configure (RelWithDebInfo)
================================================================================
running configure stage....................
Maya Python RelWithDebInfo Info:
  mayapy executable   = P:\shared\Artifactory\Windows\rundev-2020\202004291615\runtime\df03b16\runTime\bin\mayapy.exe
  Include Folder      = P:\shared\Artifactory\Windows\rundev-2020\202004291615\runtime\df03b16\runTime\include\Python
  Library             = P:\shared\Artifactory\Windows\rundev-2020\202004291615\runtime\df03b16\runTime\lib\python27.lib
  site-package Folder = P:\shared\Artifactory\Windows\rundev-2020\202004291615\runtime\df03b16\runTime\Python\Lib\site-packages
In workdir: S:\jenkins\workspace\ecg-mayausd-branch-preflight-2020-windows\ecg-maya-usd\maya-usd
Executing: 'P:\\shared\\Artifactory\\Windows\\rundev-2020\\202004291615\\runtime\\df03b16\\runTime\\bin\\mayapy.exe' 'S:\\jenkins\\workspace\\ecg-mayausd-branch-preflight-2020-windows\\ecg-maya-usd\\maya-usd\\build.py' --generator Ninja --build-relwithdebug --maya-location 'P:\\shared\\Artifactory\\Windows\\rundev-2020\\202004291615\\runtime\\df03b16\\runTime' --devkit-location 'P:\\shared\\Artifactory\\Windows\\rundev-2020\\202004291615\\runtime\\df03b16\\devkitBase' --pxrusd-location 'P:\\shared\\Artifactory\\Windows\\USD\\330e060' --qt-location 'P:\\shared\\Artifactory\\Windows\\qt\\5.12.5\\4755980' '--build-args=-DCMAKE_MAKE_PROGRAM=P:/shared/Artifactory/Windows/ninja/1.9.0/c68f192/ninja.exe,-DPYTHON_INCLUDE_DIR=P:/shared/Artifactory/Windows/rundev-2020/202004291615/runtime/df03b16/runTime/include/Python,-DPython_EXECUTABLE=P:/shared/Artifactory/Windows/rundev-2020/202004291615/runtime/df03b16/runTime/bin/mayapy.exe,-DPYTHON_LIBRARIES=P:/shared/Artifactory/Windows/rundev-2020/202004291615/runtime/df03b16/runTime/lib/python27.lib,-DMAYAUSD_TO_USD_RELATIVE_PATH=../USD' '--ctest-args=-E testUsdReferenceAssemblySelection|testUsdMayaAppDir|testUsdExportAsClip,-LE interactive,--parallel 16' --stages=configure --redirect-outstream-file=False --install-location 'W:\\install\\RelWithDebInfo\\MayaUSD' 'W:\\'
Modified environment variables:
    PATH=P:\shared\Artifactory\Windows\cmake\3.14.4\c5af748\bin;C:\Python27\lib\site-packages\pywin32_system32;C:\Program Files (x86)\Microsoft Visual Studio\2017\Professional\VC\Tools\MSVC\14.16.27023\bin\HostX64\x64;C:\Program Files (x86)\Microsoft Visual Studio\2017\Professional\Common7\IDE\VC\VCPackages;C:\Program Files (x86)\Microsoft Visual Studio\2017\Professional\Common7\IDE\CommonExtensions\Microsoft\TestWindow;C:\Program Files (x86)\Microsoft Visual Studio\2017\Professional\Common7\IDE\CommonExtensions\Microsoft\TeamFoundation\Team Explorer;C:\Program Files (x86)\Microsoft Visual Studio\2017\Professional\MSBuild\15.0\bin\Roslyn;C:\Program Files (x86)\Microsoft Visual Studio\2017\Professional\Team Tools\Performance Tools\x64;C:\Program Files (x86)\Microsoft Visual Studio\2017\Professional\Team Tools\Performance Tools;C:\Program Files (x86)\Microsoft Visual Studio\Shared\Common\VSPerfCollectionTools\\x64;C:\Program Files (x86)\Microsoft Visual Studio\Shared\Common\VSPerfCollectionTools\;C:\Program Files (x86)\Microsoft SDKs\Windows\v10.0A\bin\NETFX 4.6.1 Tools\x64\;C:\Program Files (x86)\HTML Help Workshop;C:\Program Files (x86)\Windows Kits\10\bin\10.0.17763.0\x64;C:\Program Files (x86)\Windows Kits\10\bin\x64;C:\Program Files (x86)\Microsoft Visual Studio\2017\Professional\\MSBuild\15.0\bin;C:\WINDOWS\Microsoft.NET\Framework64\v4.0.30319;C:\Program Files (x86)\Microsoft Visual Studio\2017\Professional\Common7\IDE\;C:\Program Files (x86)\Microsoft Visual Studio\2017\Professional\Common7\Tools\;C:\Python27\;C:\Python27\Scripts;C:\Program Files (x86)\Common Files\Oracle\Java\javapath;C:\WINDOWS\system32;C:\WINDOWS;C:\WINDOWS\System32\Wbem;C:\WINDOWS\System32\WindowsPowerShell\v1.0\;C:\WINDOWS\System32\OpenSSH\;C:\PathVerify;C:\Program Files (x86)\WiX Toolset v3.7\bin;C:\Program Files (x86)\Windows Kits\10\bin\10.0.17763.0\x64;C:\Program Files (x86)\Windows Kits\10\bin\x64;C:\StoreBoxClientWindows;C:\Program Files\Electric Cloud\ElectricCommander\bin;C:\Program Files\WinRAR;C:\Program Files\7-Zip;C:\Program Files\Git\cmd;C:\Program Files\Git\usr\bin;C:\Program Files\Git\mingw64\bin;C:\Program Files\Git\bin;C:\Program Files\WinMerge;C:\Users\Administrator\AppData\Local\Microsoft\WindowsApps;C:\Program Files (x86)\Microsoft Visual Studio\2017\Professional\Common7\IDE\CommonExtensions\Microsoft\CMake\CMake\bin;C:\Program Files (x86)\Microsoft Visual Studio\2017\Professional\Common7\IDE\CommonExtensions\Microsoft\CMake\Ninja
    -- The C compiler identification is MSVC 19.16.27032.1
    -- The CXX compiler identification is MSVC 19.16.27032.1
    -- Check for working C compiler: C:/Program Files (x86)/Microsoft Visual Studio/2017/Professional/VC/Tools/MSVC/14.16.27023/bin/Hostx64/x64/cl.exe
    -- Check for working C compiler: C:/Program Files (x86)/Microsoft Visual Studio/2017/Professional/VC/Tools/MSVC/14.16.27023/bin/Hostx64/x64/cl.exe -- works
    -- Detecting C compiler ABI info
    -- Detecting C compiler ABI info - done
    -- Detecting C compile features
    -- Detecting C compile features - done
    -- Check for working CXX compiler: C:/Program Files (x86)/Microsoft Visual Studio/2017/Professional/VC/Tools/MSVC/14.16.27023/bin/Hostx64/x64/cl.exe
    -- Check for working CXX compiler: C:/Program Files (x86)/Microsoft Visual Studio/2017/Professional/VC/Tools/MSVC/14.16.27023/bin/Hostx64/x64/cl.exe -- works
    -- Detecting CXX compiler ABI info
    -- Detecting CXX compiler ABI info - done
    -- Detecting CXX compile features
    -- Detecting CXX compile features - done
    -- Found Python: P:/shared/Artifactory/Windows/rundev-2020/202004291615/runtime/df03b16/runTime/bin/mayapy.exe (found suitable exact version "2.7.11") found components:  Interpreter
    -- Build MayaUSD with Python3 = OFF
    --    PYTHON_INCLUDE_DIRS = P:/shared/Artifactory/Windows/rundev-2020/202004291615/runtime/df03b16/runTime/include/Python
    --    PYTHON_LIBRARIES    = P:/shared/Artifactory/Windows/rundev-2020/202004291615/runtime/df03b16/runTime/lib/python27.lib
    --    Python_EXECUTABLE   = P:/shared/Artifactory/Windows/rundev-2020/202004291615/runtime/df03b16/runTime/bin/mayapy.exe
    -- Found Maya: P:/shared/Artifactory/Windows/rundev-2020/202004291615/runtime/df03b16/runTime/bin/maya.exe (found suitable version "2020", minimum required is "2018")
    -- USD include dir: P:/shared/Artifactory/Windows/USD/330e060/include
    -- USD library dir: P:/shared/Artifactory/Windows/USD/330e060/lib
    -- USD version: 0.20.11
    -- Found USD: P:\shared\Artifactory\Windows\USD\330e060 (found version "0.20.11")
    Updated PYTHONPATH: P:\shared\Artifactory\Windows\USD\330e060\lib\python
    Updated PATH: P:\shared\Artifactory\Windows\rundev-2020\202004291615\runtime\df03b16\runTime\bin;P:\shared\Artifactory\Windows\cmake\3.14.4\c5af748\bin;C:\Python27\lib\site-packages\pywin32_system32;C:\Program Files (x86)\Microsoft Visual Studio\2017\Professional\VC\Tools\MSVC\14.16.27023\bin\HostX64\x64;C:\Program Files (x86)\Microsoft Visual Studio\2017\Professional\Common7\IDE\VC\VCPackages;C:\Program Files (x86)\Microsoft Visual Studio\2017\Professional\Common7\IDE\CommonExtensions\Microsoft\TestWindow;C:\Program Files (x86)\Microsoft Visual Studio\2017\Professional\Common7\IDE\CommonExtensions\Microsoft\TeamFoundation\Team Explorer;C:\Program Files (x86)\Microsoft Visual Studio\2017\Professional\MSBuild\15.0\bin\Roslyn;C:\Program Files (x86)\Microsoft Visual Studio\2017\Professional\Team Tools\Performance Tools\x64;C:\Program Files (x86)\Microsoft Visual Studio\2017\Professional\Team Tools\Performance Tools;C:\Program Files (x86)\Microsoft Visual Studio\Shared\Common\VSPerfCollectionTools\\x64;C:\Program Files (x86)\Microsoft Visual Studio\Shared\Common\VSPerfCollectionTools\;C:\Program Files (x86)\Microsoft SDKs\Windows\v10.0A\bin\NETFX 4.6.1 Tools\x64\;C:\Program Files (x86)\HTML Help Workshop;C:\Program Files (x86)\Windows Kits\10\bin\10.0.17763.0\x64;C:\Program Files (x86)\Windows Kits\10\bin\x64;C:\Program Files (x86)\Microsoft Visual Studio\2017\Professional\\MSBuild\15.0\bin;C:\WINDOWS\Microsoft.NET\Framework64\v4.0.30319;C:\Program Files (x86)\Microsoft Visual Studio\2017\Professional\Common7\IDE\;C:\Program Files (x86)\Microsoft Visual Studio\2017\Professional\Common7\Tools\;C:\Python27\;C:\Python27\Scripts;C:\Program Files (x86)\Common Files\Oracle\Java\javapath;C:\WINDOWS\system32;C:\WINDOWS;C:\WINDOWS\System32\Wbem;C:\WINDOWS\System32\WindowsPowerShell\v1.0\;C:\WINDOWS\System32\OpenSSH\;C:\PathVerify;C:\Program Files (x86)\WiX Toolset v3.7\bin;C:\Program Files (x86)\Windows Kits\10\bin\10.0.17763.0\x64;C:\Program Files (x86)\Windows Kits\10\bin\x64;C:\StoreBoxClientWindows;C:\Program Files\Electric Cloud\ElectricCommander\bin;C:\Program Files\WinRAR;C:\Program Files\7-Zip;C:\Program Files\Git\cmd;C:\Program Files\Git\usr\bin;C:\Program Files\Git\mingw64\bin;C:\Program Files\Git\bin;C:\Program Files\WinMerge;C:\Users\Administrator\AppData\Local\Microsoft\WindowsApps;C:\Program Files (x86)\Microsoft Visual Studio\2017\Professional\Common7\IDE\CommonExtensions\Microsoft\CMake\CMake\bin;C:\Program Files (x86)\Microsoft Visual Studio\2017\Professional\Common7\IDE\CommonExtensions\Microsoft\CMake\Ninja;P:\shared\Artifactory\Windows\USD\330e060\bin;P:\shared\Artifactory\Windows\USD\330e060\lib
    -- UFE include dir: P:/shared/Artifactory/Windows/rundev-2020/202004291615/runtime/df03b16/devkitBase/devkit/ufe/include
    -- UFE library: P:/shared/Artifactory/Windows/rundev-2020/202004291615/runtime/df03b16/devkitBase/devkit/ufe/lib/ufe_1.lib
    -- UFE version: 1.0.0
    -- Building with UFE 1.0.0 features enabled.
    -- Building with Qt features enabled.
    -- ========== Installing GoogleTest... ==========
    -- Configuring done
    -- Generating done
    -- Build files have been written to: W:/build/RelWithDebInfo/googletest-config
    [1/8] Creating directories for 'googletest'
    [2/8] Performing download step (git clone) for 'googletest'
    Cloning into 'googletest-src'...
    HEAD is now at 703bd9ca Googletest export
    [3/8] No patch step for 'googletest'
    [4/8] Performing update step for 'googletest'
    [5/8] Performing configure step for 'googletest'
    -- The C compiler identification is MSVC 19.16.27032.1
    -- The CXX compiler identification is MSVC 19.16.27032.1
    -- Check for working C compiler: C:/Program Files (x86)/Microsoft Visual Studio/2017/Professional/VC/Tools/MSVC/14.16.27023/bin/Hostx64/x64/cl.exe
    -- Check for working C compiler: C:/Program Files (x86)/Microsoft Visual Studio/2017/Professional/VC/Tools/MSVC/14.16.27023/bin/Hostx64/x64/cl.exe -- works
    -- Detecting C compiler ABI info
    -- Detecting C compiler ABI info - done
    -- Detecting C compile features
    -- Detecting C compile features - done
    -- Check for working CXX compiler: C:/Program Files (x86)/Microsoft Visual Studio/2017/Professional/VC/Tools/MSVC/14.16.27023/bin/Hostx64/x64/cl.exe
    -- Check for working CXX compiler: C:/Program Files (x86)/Microsoft Visual Studio/2017/Professional/VC/Tools/MSVC/14.16.27023/bin/Hostx64/x64/cl.exe -- works
    -- Detecting CXX compiler ABI info
    -- Detecting CXX compiler ABI info - done
    -- Detecting CXX compile features
    -- Detecting CXX compile features - done
    -- Found PythonInterp: C:/Python27/python.exe
    -- Looking for pthread.h
    -- Looking for pthread.h - not found
    -- Found Threads: TRUE
    -- Configuring done
    -- Generating done
    -- Build files have been written to: W:/build/RelWithDebInfo/googletest-build
    [6/8] Performing build step for 'googletest'
    [1/11] Building CXX object googletest\CMakeFiles\gtest_main.dir\src\gtest_main.cc.obj
    [2/11] Building CXX object googlemock\CMakeFiles\gmock_main.dir\src\gmock_main.cc.obj
    [3/11] Building CXX object googlemock\CMakeFiles\gmock.dir\src\gmock-all.cc.obj
    [4/11] Building CXX object googlemock\CMakeFiles\gmock_main.dir\src\gmock-all.cc.obj
    [5/11] Building CXX object googletest\CMakeFiles\gtest.dir\src\gtest-all.cc.obj
    [6/11] Building CXX object googlemock\CMakeFiles\gmock_main.dir\__\googletest\src\gtest-all.cc.obj
    [7/11] Building CXX object googlemock\CMakeFiles\gmock.dir\__\googletest\src\gtest-all.cc.obj
    [8/11] Linking CXX shared library bin\gtest.dll
       Creating library lib\gtest.lib and object lib\gtest.exp
       Creating library lib\gtest.lib and object lib\gtest.exp
    [9/11] Linking CXX shared library bin\gmock.dll
       Creating library lib\gmock.lib and object lib\gmock.exp
       Creating library lib\gmock.lib and object lib\gmock.exp
    [10/11] Linking CXX shared library bin\gmock_main.dll
       Creating library lib\gmock_main.lib and object lib\gmock_main.exp
       Creating library lib\gmock_main.lib and object lib\gmock_main.exp
    [11/11] Linking CXX shared library bin\gtest_main.dll
       Creating library lib\gtest_main.lib and object lib\gtest_main.exp
       Creating library lib\gtest_main.lib and object lib\gtest_main.exp
    [7/8] Performing install step for 'googletest'
    [0/1] Install the project...
    -- Install configuration: "RelWithDebInfo"
    -- Installing: W:/build/RelWithDebInfo/googletest-install/include
    -- Installing: W:/build/RelWithDebInfo/googletest-install/include/gmock
    -- Installing: W:/build/RelWithDebInfo/googletest-install/include/gmock/gmock-actions.h
    -- Installing: W:/build/RelWithDebInfo/googletest-install/include/gmock/gmock-cardinalities.h
    -- Installing: W:/build/RelWithDebInfo/googletest-install/include/gmock/gmock-function-mocker.h
    -- Installing: W:/build/RelWithDebInfo/googletest-install/include/gmock/gmock-generated-actions.h
    -- Installing: W:/build/RelWithDebInfo/googletest-install/include/gmock/gmock-generated-actions.h.pump
    -- Installing: W:/build/RelWithDebInfo/googletest-install/include/gmock/gmock-generated-function-mockers.h
    -- Installing: W:/build/RelWithDebInfo/googletest-install/include/gmock/gmock-generated-function-mockers.h.pump
    -- Installing: W:/build/RelWithDebInfo/googletest-install/include/gmock/gmock-generated-matchers.h
    -- Installing: W:/build/RelWithDebInfo/googletest-install/include/gmock/gmock-generated-matchers.h.pump
    -- Installing: W:/build/RelWithDebInfo/googletest-install/include/gmock/gmock-matchers.h
    -- Installing: W:/build/RelWithDebInfo/googletest-install/include/gmock/gmock-more-actions.h
    -- Installing: W:/build/RelWithDebInfo/googletest-install/include/gmock/gmock-more-matchers.h
    -- Installing: W:/build/RelWithDebInfo/googletest-install/include/gmock/gmock-nice-strict.h
    -- Installing: W:/build/RelWithDebInfo/googletest-install/include/gmock/gmock-spec-builders.h
    -- Installing: W:/build/RelWithDebInfo/googletest-install/include/gmock/gmock.h
    -- Installing: W:/build/RelWithDebInfo/googletest-install/include/gmock/internal
    -- Installing: W:/build/RelWithDebInfo/googletest-install/include/gmock/internal/custom
    -- Installing: W:/build/RelWithDebInfo/googletest-install/include/gmock/internal/custom/gmock-generated-actions.h
    -- Installing: W:/build/RelWithDebInfo/googletest-install/include/gmock/internal/custom/gmock-generated-actions.h.pump
    -- Installing: W:/build/RelWithDebInfo/googletest-install/include/gmock/internal/custom/gmock-matchers.h
    -- Installing: W:/build/RelWithDebInfo/googletest-install/include/gmock/internal/custom/gmock-port.h
    -- Installing: W:/build/RelWithDebInfo/googletest-install/include/gmock/internal/custom/README.md
    -- Installing: W:/build/RelWithDebInfo/googletest-install/include/gmock/internal/gmock-internal-utils.h
    -- Installing: W:/build/RelWithDebInfo/googletest-install/include/gmock/internal/gmock-port.h
    -- Installing: W:/build/RelWithDebInfo/googletest-install/include/gmock/internal/gmock-pp.h
    -- Installing: W:/build/RelWithDebInfo/googletest-install/lib/gmock.lib
    -- Installing: W:/build/RelWithDebInfo/googletest-install/bin/gmock.dll
    -- Installing: W:/build/RelWithDebInfo/googletest-install/lib/gmock_main.lib
    -- Installing: W:/build/RelWithDebInfo/googletest-install/bin/gmock_main.dll
    -- Installing: W:/build/RelWithDebInfo/googletest-install/lib/pkgconfig/gmock.pc
    -- Installing: W:/build/RelWithDebInfo/googletest-install/lib/pkgconfig/gmock_main.pc
    -- Installing: W:/build/RelWithDebInfo/googletest-install/lib/cmake/GTest/GTestTargets.cmake
    -- Installing: W:/build/RelWithDebInfo/googletest-install/lib/cmake/GTest/GTestTargets-relwithdebinfo.cmake
    -- Installing: W:/build/RelWithDebInfo/googletest-install/lib/cmake/GTest/GTestConfigVersion.cmake
    -- Installing: W:/build/RelWithDebInfo/googletest-install/lib/cmake/GTest/GTestConfig.cmake
    -- Up-to-date: W:/build/RelWithDebInfo/googletest-install/include
    -- Installing: W:/build/RelWithDebInfo/googletest-install/include/gtest
    -- Installing: W:/build/RelWithDebInfo/googletest-install/include/gtest/gtest-death-test.h
    -- Installing: W:/build/RelWithDebInfo/googletest-install/include/gtest/gtest-matchers.h
    -- Installing: W:/build/RelWithDebInfo/googletest-install/include/gtest/gtest-message.h
    -- Installing: W:/build/RelWithDebInfo/googletest-install/include/gtest/gtest-param-test.h
    -- Installing: W:/build/RelWithDebInfo/googletest-install/include/gtest/gtest-printers.h
    -- Installing: W:/build/RelWithDebInfo/googletest-install/include/gtest/gtest-spi.h
    -- Installing: W:/build/RelWithDebInfo/googletest-install/include/gtest/gtest-test-part.h
    -- Installing: W:/build/RelWithDebInfo/googletest-install/include/gtest/gtest-typed-test.h
    -- Installing: W:/build/RelWithDebInfo/googletest-install/include/gtest/gtest.h
    -- Installing: W:/build/RelWithDebInfo/googletest-install/include/gtest/gtest_pred_impl.h
    -- Installing: W:/build/RelWithDebInfo/googletest-install/include/gtest/gtest_prod.h
    -- Installing: W:/build/RelWithDebInfo/googletest-install/include/gtest/internal
    -- Installing: W:/build/RelWithDebInfo/googletest-install/include/gtest/internal/custom
    -- Installing: W:/build/RelWithDebInfo/googletest-install/include/gtest/internal/custom/gtest-port.h
    -- Installing: W:/build/RelWithDebInfo/googletest-install/include/gtest/internal/custom/gtest-printers.h
    -- Installing: W:/build/RelWithDebInfo/googletest-install/include/gtest/internal/custom/gtest.h
    -- Installing: W:/build/RelWithDebInfo/googletest-install/include/gtest/internal/custom/README.md
    -- Installing: W:/build/RelWithDebInfo/googletest-install/include/gtest/internal/gtest-death-test-internal.h
    -- Installing: W:/build/RelWithDebInfo/googletest-install/include/gtest/internal/gtest-filepath.h
    -- Installing: W:/build/RelWithDebInfo/googletest-install/include/gtest/internal/gtest-internal.h
    -- Installing: W:/build/RelWithDebInfo/googletest-install/include/gtest/internal/gtest-param-util.h
    -- Installing: W:/build/RelWithDebInfo/googletest-install/include/gtest/internal/gtest-port-arch.h
    -- Installing: W:/build/RelWithDebInfo/googletest-install/include/gtest/internal/gtest-port.h
    -- Installing: W:/build/RelWithDebInfo/googletest-install/include/gtest/internal/gtest-string.h
    -- Installing: W:/build/RelWithDebInfo/googletest-install/include/gtest/internal/gtest-type-util.h
    -- Installing: W:/build/RelWithDebInfo/googletest-install/include/gtest/internal/gtest-type-util.h.pump
    -- Installing: W:/build/RelWithDebInfo/googletest-install/lib/gtest.lib
    -- Installing: W:/build/RelWithDebInfo/googletest-install/bin/gtest.dll
    -- Installing: W:/build/RelWithDebInfo/googletest-install/lib/gtest_main.lib
    -- Installing: W:/build/RelWithDebInfo/googletest-install/bin/gtest_main.dll
    -- Installing: W:/build/RelWithDebInfo/googletest-install/lib/pkgconfig/gtest.pc
    -- Installing: W:/build/RelWithDebInfo/googletest-install/lib/pkgconfig/gtest_main.pc
    [8/8] Completed 'googletest'
    -- ========== ...  GoogleTest installed. ==========
    -- Found Boost 1.70.0 at P:/shared/Artifactory/Windows/USD/330e060/lib/cmake/Boost-1.70.0
    --   Requested configuration: QUIET REQUIRED COMPONENTS filesystem;system
    -- Found boost_headers 1.70.0 at P:/shared/Artifactory/Windows/USD/330e060/lib/cmake/boost_headers-1.70.0
    -- Found boost_filesystem 1.70.0 at P:/shared/Artifactory/Windows/USD/330e060/lib/cmake/boost_filesystem-1.70.0
    --   boost_filesystem-vc141-mt-x64-1_70.lib
    -- Adding boost_filesystem dependencies: headers
    -- Found boost_system 1.70.0 at P:/shared/Artifactory/Windows/USD/330e060/lib/cmake/boost_system-1.70.0
    --   boost_system-vc141-mt-x64-1_70.lib
    -- Adding boost_system dependencies: headers
    -- Boost  found.
    -- Found Boost components:
       filesystem;system
    -- promoting: S:/jenkins/workspace/ecg-mayausd-branch-preflight-2020-windows/ecg-maya-usd/maya-usd/lib/mayaUsd/base/mayaUsd.h.src
    -- promoting: S:/jenkins/workspace/ecg-mayausd-branch-preflight-2020-windows/ecg-maya-usd/maya-usd/lib/mayaUsd/base/api.h
    -- promoting: S:/jenkins/workspace/ecg-mayausd-branch-preflight-2020-windows/ecg-maya-usd/maya-usd/lib/mayaUsd/base/debugCodes.h
    -- promoting: S:/jenkins/workspace/ecg-mayausd-branch-preflight-2020-windows/ecg-maya-usd/maya-usd/lib/mayaUsd/base/id.h
    -- promoting: S:/jenkins/workspace/ecg-mayausd-branch-preflight-2020-windows/ecg-maya-usd/maya-usd/lib/mayaUsd/base/syncId.h
    -- promoting: S:/jenkins/workspace/ecg-mayausd-branch-preflight-2020-windows/ecg-maya-usd/maya-usd/lib/mayaUsd/base/tokens.h
    -- promoting: S:/jenkins/workspace/ecg-mayausd-branch-preflight-2020-windows/ecg-maya-usd/maya-usd/lib/mayaUsd/commands/baseExportCommand.h
    -- promoting: S:/jenkins/workspace/ecg-mayausd-branch-preflight-2020-windows/ecg-maya-usd/maya-usd/lib/mayaUsd/commands/baseImportCommand.h
    -- promoting: S:/jenkins/workspace/ecg-mayausd-branch-preflight-2020-windows/ecg-maya-usd/maya-usd/lib/mayaUsd/commands/baseListShadingModesCommand.h
    -- promoting: S:/jenkins/workspace/ecg-mayausd-branch-preflight-2020-windows/ecg-maya-usd/maya-usd/lib/mayaUsd/commands/editTargetCommand.h
    -- promoting: S:/jenkins/workspace/ecg-mayausd-branch-preflight-2020-windows/ecg-maya-usd/maya-usd/lib/mayaUsd/commands/layerEditorCommand.h
    -- promoting: S:/jenkins/workspace/ecg-mayausd-branch-preflight-2020-windows/ecg-maya-usd/maya-usd/lib/mayaUsd/fileio/fallbackPrimReader.h
    -- promoting: S:/jenkins/workspace/ecg-mayausd-branch-preflight-2020-windows/ecg-maya-usd/maya-usd/lib/mayaUsd/fileio/functorPrimReader.h
    -- promoting: S:/jenkins/workspace/ecg-mayausd-branch-preflight-2020-windows/ecg-maya-usd/maya-usd/lib/mayaUsd/fileio/functorPrimWriter.h
    -- promoting: S:/jenkins/workspace/ecg-mayausd-branch-preflight-2020-windows/ecg-maya-usd/maya-usd/lib/mayaUsd/fileio/importData.h
    -- promoting: S:/jenkins/workspace/ecg-mayausd-branch-preflight-2020-windows/ecg-maya-usd/maya-usd/lib/mayaUsd/fileio/instancedNodeWriter.h
    -- promoting: S:/jenkins/workspace/ecg-mayausd-branch-preflight-2020-windows/ecg-maya-usd/maya-usd/lib/mayaUsd/fileio/primReader.h
    -- promoting: S:/jenkins/workspace/ecg-mayausd-branch-preflight-2020-windows/ecg-maya-usd/maya-usd/lib/mayaUsd/fileio/primReaderArgs.h
    -- promoting: S:/jenkins/workspace/ecg-mayausd-branch-preflight-2020-windows/ecg-maya-usd/maya-usd/lib/mayaUsd/fileio/primReaderContext.h
    -- promoting: S:/jenkins/workspace/ecg-mayausd-branch-preflight-2020-windows/ecg-maya-usd/maya-usd/lib/mayaUsd/fileio/primReaderRegistry.h
    -- promoting: S:/jenkins/workspace/ecg-mayausd-branch-preflight-2020-windows/ecg-maya-usd/maya-usd/lib/mayaUsd/fileio/primUpdater.h
    -- promoting: S:/jenkins/workspace/ecg-mayausd-branch-preflight-2020-windows/ecg-maya-usd/maya-usd/lib/mayaUsd/fileio/primUpdaterContext.h
    -- promoting: S:/jenkins/workspace/ecg-mayausd-branch-preflight-2020-windows/ecg-maya-usd/maya-usd/lib/mayaUsd/fileio/primUpdaterRegistry.h
    -- promoting: S:/jenkins/workspace/ecg-mayausd-branch-preflight-2020-windows/ecg-maya-usd/maya-usd/lib/mayaUsd/fileio/primWriter.h
    -- promoting: S:/jenkins/workspace/ecg-mayausd-branch-preflight-2020-windows/ecg-maya-usd/maya-usd/lib/mayaUsd/fileio/primWriterArgs.h
    -- promoting: S:/jenkins/workspace/ecg-mayausd-branch-preflight-2020-windows/ecg-maya-usd/maya-usd/lib/mayaUsd/fileio/primWriterContext.h
    -- promoting: S:/jenkins/workspace/ecg-mayausd-branch-preflight-2020-windows/ecg-maya-usd/maya-usd/lib/mayaUsd/fileio/primWriterRegistry.h
    -- promoting: S:/jenkins/workspace/ecg-mayausd-branch-preflight-2020-windows/ecg-maya-usd/maya-usd/lib/mayaUsd/fileio/registryHelper.h
    -- promoting: S:/jenkins/workspace/ecg-mayausd-branch-preflight-2020-windows/ecg-maya-usd/maya-usd/lib/mayaUsd/fileio/shaderReader.h
    -- promoting: S:/jenkins/workspace/ecg-mayausd-branch-preflight-2020-windows/ecg-maya-usd/maya-usd/lib/mayaUsd/fileio/shaderReaderRegistry.h
    -- promoting: S:/jenkins/workspace/ecg-mayausd-branch-preflight-2020-windows/ecg-maya-usd/maya-usd/lib/mayaUsd/fileio/shaderWriter.h
    -- promoting: S:/jenkins/workspace/ecg-mayausd-branch-preflight-2020-windows/ecg-maya-usd/maya-usd/lib/mayaUsd/fileio/shaderWriterRegistry.h
    -- promoting: S:/jenkins/workspace/ecg-mayausd-branch-preflight-2020-windows/ecg-maya-usd/maya-usd/lib/mayaUsd/fileio/transformWriter.h
    -- promoting: S:/jenkins/workspace/ecg-mayausd-branch-preflight-2020-windows/ecg-maya-usd/maya-usd/lib/mayaUsd/fileio/writeJobContext.h
    -- promoting: S:/jenkins/workspace/ecg-mayausd-branch-preflight-2020-windows/ecg-maya-usd/maya-usd/lib/mayaUsd/fileio/chaser/chaser.h
    -- promoting: S:/jenkins/workspace/ecg-mayausd-branch-preflight-2020-windows/ecg-maya-usd/maya-usd/lib/mayaUsd/fileio/chaser/chaserRegistry.h
    -- promoting: S:/jenkins/workspace/ecg-mayausd-branch-preflight-2020-windows/ecg-maya-usd/maya-usd/lib/mayaUsd/fileio/jobs/jobArgs.h
    -- promoting: S:/jenkins/workspace/ecg-mayausd-branch-preflight-2020-windows/ecg-maya-usd/maya-usd/lib/mayaUsd/fileio/jobs/modelKindProcessor.h
    -- promoting: S:/jenkins/workspace/ecg-mayausd-branch-preflight-2020-windows/ecg-maya-usd/maya-usd/lib/mayaUsd/fileio/jobs/readJob.h
    -- promoting: S:/jenkins/workspace/ecg-mayausd-branch-preflight-2020-windows/ecg-maya-usd/maya-usd/lib/mayaUsd/fileio/jobs/writeJob.h
    -- promoting: S:/jenkins/workspace/ecg-mayausd-branch-preflight-2020-windows/ecg-maya-usd/maya-usd/lib/mayaUsd/fileio/shading/rfmShaderMap.h
    -- promoting: S:/jenkins/workspace/ecg-mayausd-branch-preflight-2020-windows/ecg-maya-usd/maya-usd/lib/mayaUsd/fileio/shading/shadingModeExporter.h
    -- promoting: S:/jenkins/workspace/ecg-mayausd-branch-preflight-2020-windows/ecg-maya-usd/maya-usd/lib/mayaUsd/fileio/shading/shadingModeExporterContext.h
    -- promoting: S:/jenkins/workspace/ecg-mayausd-branch-preflight-2020-windows/ecg-maya-usd/maya-usd/lib/mayaUsd/fileio/shading/shadingModeImporter.h
    -- promoting: S:/jenkins/workspace/ecg-mayausd-branch-preflight-2020-windows/ecg-maya-usd/maya-usd/lib/mayaUsd/fileio/shading/shadingModeRegistry.h
    -- promoting: S:/jenkins/workspace/ecg-mayausd-branch-preflight-2020-windows/ecg-maya-usd/maya-usd/lib/mayaUsd/fileio/shading/symmetricShaderReader.h
    -- promoting: S:/jenkins/workspace/ecg-mayausd-branch-preflight-2020-windows/ecg-maya-usd/maya-usd/lib/mayaUsd/fileio/shading/symmetricShaderWriter.h
    -- promoting: S:/jenkins/workspace/ecg-mayausd-branch-preflight-2020-windows/ecg-maya-usd/maya-usd/lib/mayaUsd/fileio/translators/skelBindingsProcessor.h
    -- promoting: S:/jenkins/workspace/ecg-mayausd-branch-preflight-2020-windows/ecg-maya-usd/maya-usd/lib/mayaUsd/fileio/translators/translatorCamera.h
    -- promoting: S:/jenkins/workspace/ecg-mayausd-branch-preflight-2020-windows/ecg-maya-usd/maya-usd/lib/mayaUsd/fileio/translators/translatorCurves.h
    -- promoting: S:/jenkins/workspace/ecg-mayausd-branch-preflight-2020-windows/ecg-maya-usd/maya-usd/lib/mayaUsd/fileio/translators/translatorGprim.h
    -- promoting: S:/jenkins/workspace/ecg-mayausd-branch-preflight-2020-windows/ecg-maya-usd/maya-usd/lib/mayaUsd/fileio/translators/translatorMaterial.h
    -- promoting: S:/jenkins/workspace/ecg-mayausd-branch-preflight-2020-windows/ecg-maya-usd/maya-usd/lib/mayaUsd/fileio/translators/translatorMayaReference.h
    -- promoting: S:/jenkins/workspace/ecg-mayausd-branch-preflight-2020-windows/ecg-maya-usd/maya-usd/lib/mayaUsd/fileio/translators/translatorMesh.h
    -- promoting: S:/jenkins/workspace/ecg-mayausd-branch-preflight-2020-windows/ecg-maya-usd/maya-usd/lib/mayaUsd/fileio/translators/translatorNurbsPatch.h
    -- promoting: S:/jenkins/workspace/ecg-mayausd-branch-preflight-2020-windows/ecg-maya-usd/maya-usd/lib/mayaUsd/fileio/translators/translatorPrim.h
    -- promoting: S:/jenkins/workspace/ecg-mayausd-branch-preflight-2020-windows/ecg-maya-usd/maya-usd/lib/mayaUsd/fileio/translators/translatorRfMLight.h
    -- promoting: S:/jenkins/workspace/ecg-mayausd-branch-preflight-2020-windows/ecg-maya-usd/maya-usd/lib/mayaUsd/fileio/translators/translatorSkel.h
    -- promoting: S:/jenkins/workspace/ecg-mayausd-branch-preflight-2020-windows/ecg-maya-usd/maya-usd/lib/mayaUsd/fileio/translators/translatorUtil.h
    -- promoting: S:/jenkins/workspace/ecg-mayausd-branch-preflight-2020-windows/ecg-maya-usd/maya-usd/lib/mayaUsd/fileio/translators/translatorXformable.h
    -- promoting: S:/jenkins/workspace/ecg-mayausd-branch-preflight-2020-windows/ecg-maya-usd/maya-usd/lib/mayaUsd/fileio/utils/adaptor.h
    -- promoting: S:/jenkins/workspace/ecg-mayausd-branch-preflight-2020-windows/ecg-maya-usd/maya-usd/lib/mayaUsd/fileio/utils/jointWriteUtils.h
    -- promoting: S:/jenkins/workspace/ecg-mayausd-branch-preflight-2020-windows/ecg-maya-usd/maya-usd/lib/mayaUsd/fileio/utils/meshReadUtils.h
    -- promoting: S:/jenkins/workspace/ecg-mayausd-branch-preflight-2020-windows/ecg-maya-usd/maya-usd/lib/mayaUsd/fileio/utils/meshWriteUtils.h
    -- promoting: S:/jenkins/workspace/ecg-mayausd-branch-preflight-2020-windows/ecg-maya-usd/maya-usd/lib/mayaUsd/fileio/utils/readUtil.h
    -- promoting: S:/jenkins/workspace/ecg-mayausd-branch-preflight-2020-windows/ecg-maya-usd/maya-usd/lib/mayaUsd/fileio/utils/roundTripUtil.h
    -- promoting: S:/jenkins/workspace/ecg-mayausd-branch-preflight-2020-windows/ecg-maya-usd/maya-usd/lib/mayaUsd/fileio/utils/shadingUtil.h
    -- promoting: S:/jenkins/workspace/ecg-mayausd-branch-preflight-2020-windows/ecg-maya-usd/maya-usd/lib/mayaUsd/fileio/utils/userTaggedAttribute.h
    -- promoting: S:/jenkins/workspace/ecg-mayausd-branch-preflight-2020-windows/ecg-maya-usd/maya-usd/lib/mayaUsd/fileio/utils/writeUtil.h
    -- promoting: S:/jenkins/workspace/ecg-mayausd-branch-preflight-2020-windows/ecg-maya-usd/maya-usd/lib/mayaUsd/fileio/utils/xformStack.h
    -- promoting: S:/jenkins/workspace/ecg-mayausd-branch-preflight-2020-windows/ecg-maya-usd/maya-usd/lib/mayaUsd/listeners/notice.h
    -- promoting: S:/jenkins/workspace/ecg-mayausd-branch-preflight-2020-windows/ecg-maya-usd/maya-usd/lib/mayaUsd/listeners/proxyShapeNotice.h
    -- promoting: S:/jenkins/workspace/ecg-mayausd-branch-preflight-2020-windows/ecg-maya-usd/maya-usd/lib/mayaUsd/listeners/stageNoticeListener.h
    -- promoting: S:/jenkins/workspace/ecg-mayausd-branch-preflight-2020-windows/ecg-maya-usd/maya-usd/lib/mayaUsd/nodes/hdImagingShape.h
    -- promoting: S:/jenkins/workspace/ecg-mayausd-branch-preflight-2020-windows/ecg-maya-usd/maya-usd/lib/mayaUsd/nodes/pointBasedDeformerNode.h
    -- promoting: S:/jenkins/workspace/ecg-mayausd-branch-preflight-2020-windows/ecg-maya-usd/maya-usd/lib/mayaUsd/nodes/proxyAccessor.h
    -- promoting: S:/jenkins/workspace/ecg-mayausd-branch-preflight-2020-windows/ecg-maya-usd/maya-usd/lib/mayaUsd/nodes/proxyShapeBase.h
    -- promoting: S:/jenkins/workspace/ecg-mayausd-branch-preflight-2020-windows/ecg-maya-usd/maya-usd/lib/mayaUsd/nodes/proxyShapePlugin.h
    -- promoting: S:/jenkins/workspace/ecg-mayausd-branch-preflight-2020-windows/ecg-maya-usd/maya-usd/lib/mayaUsd/nodes/proxyStageProvider.h
    -- promoting: S:/jenkins/workspace/ecg-mayausd-branch-preflight-2020-windows/ecg-maya-usd/maya-usd/lib/mayaUsd/nodes/stageData.h
    -- promoting: S:/jenkins/workspace/ecg-mayausd-branch-preflight-2020-windows/ecg-maya-usd/maya-usd/lib/mayaUsd/nodes/stageNode.h
    -- promoting: S:/jenkins/workspace/ecg-mayausd-branch-preflight-2020-windows/ecg-maya-usd/maya-usd/lib/mayaUsd/nodes/usdPrimProvider.h
    -- promoting: S:/jenkins/workspace/ecg-mayausd-branch-preflight-2020-windows/ecg-maya-usd/maya-usd/lib/mayaUsd/render/px_vp20/glslProgram.h
    -- promoting: S:/jenkins/workspace/ecg-mayausd-branch-preflight-2020-windows/ecg-maya-usd/maya-usd/lib/mayaUsd/render/px_vp20/utils.h
    -- promoting: S:/jenkins/workspace/ecg-mayausd-branch-preflight-2020-windows/ecg-maya-usd/maya-usd/lib/mayaUsd/render/px_vp20/utils_legacy.h
    -- promoting: S:/jenkins/workspace/ecg-mayausd-branch-preflight-2020-windows/ecg-maya-usd/maya-usd/lib/mayaUsd/render/pxrUsdMayaGL/batchRenderer.h
    -- promoting: S:/jenkins/workspace/ecg-mayausd-branch-preflight-2020-windows/ecg-maya-usd/maya-usd/lib/mayaUsd/render/pxrUsdMayaGL/debugCodes.h
    -- promoting: S:/jenkins/workspace/ecg-mayausd-branch-preflight-2020-windows/ecg-maya-usd/maya-usd/lib/mayaUsd/render/pxrUsdMayaGL/hdImagingShapeDrawOverride.h
    -- promoting: S:/jenkins/workspace/ecg-mayausd-branch-preflight-2020-windows/ecg-maya-usd/maya-usd/lib/mayaUsd/render/pxrUsdMayaGL/hdImagingShapeUI.h
    -- promoting: S:/jenkins/workspace/ecg-mayausd-branch-preflight-2020-windows/ecg-maya-usd/maya-usd/lib/mayaUsd/render/pxrUsdMayaGL/instancerImager.h
    -- promoting: S:/jenkins/workspace/ecg-mayausd-branch-preflight-2020-windows/ecg-maya-usd/maya-usd/lib/mayaUsd/render/pxrUsdMayaGL/instancerShapeAdapter.h
    -- promoting: S:/jenkins/workspace/ecg-mayausd-branch-preflight-2020-windows/ecg-maya-usd/maya-usd/lib/mayaUsd/render/pxrUsdMayaGL/proxyDrawOverride.h
    -- promoting: S:/jenkins/workspace/ecg-mayausd-branch-preflight-2020-windows/ecg-maya-usd/maya-usd/lib/mayaUsd/render/pxrUsdMayaGL/proxyShapeUI.h
    -- promoting: S:/jenkins/workspace/ecg-mayausd-branch-preflight-2020-windows/ecg-maya-usd/maya-usd/lib/mayaUsd/render/pxrUsdMayaGL/renderParams.h
    -- promoting: S:/jenkins/workspace/ecg-mayausd-branch-preflight-2020-windows/ecg-maya-usd/maya-usd/lib/mayaUsd/render/pxrUsdMayaGL/sceneDelegate.h
    -- promoting: S:/jenkins/workspace/ecg-mayausd-branch-preflight-2020-windows/ecg-maya-usd/maya-usd/lib/mayaUsd/render/pxrUsdMayaGL/shapeAdapter.h
    -- promoting: S:/jenkins/workspace/ecg-mayausd-branch-preflight-2020-windows/ecg-maya-usd/maya-usd/lib/mayaUsd/render/pxrUsdMayaGL/softSelectHelper.h
    -- promoting: S:/jenkins/workspace/ecg-mayausd-branch-preflight-2020-windows/ecg-maya-usd/maya-usd/lib/mayaUsd/render/pxrUsdMayaGL/usdProxyShapeAdapter.h
    -- promoting: S:/jenkins/workspace/ecg-mayausd-branch-preflight-2020-windows/ecg-maya-usd/maya-usd/lib/mayaUsd/render/pxrUsdMayaGL/userData.h
    -- promoting: S:/jenkins/workspace/ecg-mayausd-branch-preflight-2020-windows/ecg-maya-usd/maya-usd/lib/mayaUsd/render/vp2RenderDelegate/proxyRenderDelegate.h
    -- promoting: S:/jenkins/workspace/ecg-mayausd-branch-preflight-2020-windows/ecg-maya-usd/maya-usd/lib/mayaUsd/render/vp2ShaderFragments/shaderFragments.h
    -- promoting: S:/jenkins/workspace/ecg-mayausd-branch-preflight-2020-windows/ecg-maya-usd/maya-usd/lib/mayaUsd/ufe/Global.h
    -- promoting: S:/jenkins/workspace/ecg-mayausd-branch-preflight-2020-windows/ecg-maya-usd/maya-usd/lib/mayaUsd/ufe/ProxyShapeHandler.h
    -- promoting: S:/jenkins/workspace/ecg-mayausd-branch-preflight-2020-windows/ecg-maya-usd/maya-usd/lib/mayaUsd/ufe/ProxyShapeHierarchy.h
    -- promoting: S:/jenkins/workspace/ecg-mayausd-branch-preflight-2020-windows/ecg-maya-usd/maya-usd/lib/mayaUsd/ufe/ProxyShapeHierarchyHandler.h
    -- promoting: S:/jenkins/workspace/ecg-mayausd-branch-preflight-2020-windows/ecg-maya-usd/maya-usd/lib/mayaUsd/ufe/StagesSubject.h
    -- promoting: S:/jenkins/workspace/ecg-mayausd-branch-preflight-2020-windows/ecg-maya-usd/maya-usd/lib/mayaUsd/ufe/UsdHierarchy.h
    -- promoting: S:/jenkins/workspace/ecg-mayausd-branch-preflight-2020-windows/ecg-maya-usd/maya-usd/lib/mayaUsd/ufe/UsdHierarchyHandler.h
    -- promoting: S:/jenkins/workspace/ecg-mayausd-branch-preflight-2020-windows/ecg-maya-usd/maya-usd/lib/mayaUsd/ufe/UsdRootChildHierarchy.h
    -- promoting: S:/jenkins/workspace/ecg-mayausd-branch-preflight-2020-windows/ecg-maya-usd/maya-usd/lib/mayaUsd/ufe/UsdRotatePivotTranslateUndoableCommand.h
    -- promoting: S:/jenkins/workspace/ecg-mayausd-branch-preflight-2020-windows/ecg-maya-usd/maya-usd/lib/mayaUsd/ufe/UsdRotateUndoableCommand.h
    -- promoting: S:/jenkins/workspace/ecg-mayausd-branch-preflight-2020-windows/ecg-maya-usd/maya-usd/lib/mayaUsd/ufe/UsdScaleUndoableCommand.h
    -- promoting: S:/jenkins/workspace/ecg-mayausd-branch-preflight-2020-windows/ecg-maya-usd/maya-usd/lib/mayaUsd/ufe/UsdSceneItem.h
    -- promoting: S:/jenkins/workspace/ecg-mayausd-branch-preflight-2020-windows/ecg-maya-usd/maya-usd/lib/mayaUsd/ufe/UsdSceneItemOps.h
    -- promoting: S:/jenkins/workspace/ecg-mayausd-branch-preflight-2020-windows/ecg-maya-usd/maya-usd/lib/mayaUsd/ufe/UsdSceneItemOpsHandler.h
    -- promoting: S:/jenkins/workspace/ecg-mayausd-branch-preflight-2020-windows/ecg-maya-usd/maya-usd/lib/mayaUsd/ufe/UsdStageMap.h
    -- promoting: S:/jenkins/workspace/ecg-mayausd-branch-preflight-2020-windows/ecg-maya-usd/maya-usd/lib/mayaUsd/ufe/UsdTRSUndoableCommandBase.h
    -- promoting: S:/jenkins/workspace/ecg-mayausd-branch-preflight-2020-windows/ecg-maya-usd/maya-usd/lib/mayaUsd/ufe/UsdTransform3d.h
    -- promoting: S:/jenkins/workspace/ecg-mayausd-branch-preflight-2020-windows/ecg-maya-usd/maya-usd/lib/mayaUsd/ufe/UsdTransform3dHandler.h
    -- promoting: S:/jenkins/workspace/ecg-mayausd-branch-preflight-2020-windows/ecg-maya-usd/maya-usd/lib/mayaUsd/ufe/UsdTranslateUndoableCommand.h
    -- promoting: S:/jenkins/workspace/ecg-mayausd-branch-preflight-2020-windows/ecg-maya-usd/maya-usd/lib/mayaUsd/ufe/UsdUndoDeleteCommand.h
    -- promoting: S:/jenkins/workspace/ecg-mayausd-branch-preflight-2020-windows/ecg-maya-usd/maya-usd/lib/mayaUsd/ufe/UsdUndoDuplicateCommand.h
    -- promoting: S:/jenkins/workspace/ecg-mayausd-branch-preflight-2020-windows/ecg-maya-usd/maya-usd/lib/mayaUsd/ufe/UsdUndoRenameCommand.h
    -- promoting: S:/jenkins/workspace/ecg-mayausd-branch-preflight-2020-windows/ecg-maya-usd/maya-usd/lib/mayaUsd/ufe/Utils.h
    -- promoting: S:/jenkins/workspace/ecg-mayausd-branch-preflight-2020-windows/ecg-maya-usd/maya-usd/lib/mayaUsd/ufe/UfeVersionCompat.h
    -- promoting: S:/jenkins/workspace/ecg-mayausd-branch-preflight-2020-windows/ecg-maya-usd/maya-usd/lib/mayaUsd/undo/UsdUndoBlock.h
    -- promoting: S:/jenkins/workspace/ecg-mayausd-branch-preflight-2020-windows/ecg-maya-usd/maya-usd/lib/mayaUsd/undo/UsdUndoManager.h
    -- promoting: S:/jenkins/workspace/ecg-mayausd-branch-preflight-2020-windows/ecg-maya-usd/maya-usd/lib/mayaUsd/undo/UsdUndoStateDelegate.h
    -- promoting: S:/jenkins/workspace/ecg-mayausd-branch-preflight-2020-windows/ecg-maya-usd/maya-usd/lib/mayaUsd/undo/UsdUndoableItem.h
    -- promoting: S:/jenkins/workspace/ecg-mayausd-branch-preflight-2020-windows/ecg-maya-usd/maya-usd/lib/mayaUsd/utils/blockSceneModificationContext.h
    -- promoting: S:/jenkins/workspace/ecg-mayausd-branch-preflight-2020-windows/ecg-maya-usd/maya-usd/lib/mayaUsd/utils/colorSpace.h
    -- promoting: S:/jenkins/workspace/ecg-mayausd-branch-preflight-2020-windows/ecg-maya-usd/maya-usd/lib/mayaUsd/utils/converter.h
    -- promoting: S:/jenkins/workspace/ecg-mayausd-branch-preflight-2020-windows/ecg-maya-usd/maya-usd/lib/mayaUsd/utils/diagnosticDelegate.h
    -- promoting: S:/jenkins/workspace/ecg-mayausd-branch-preflight-2020-windows/ecg-maya-usd/maya-usd/lib/mayaUsd/utils/query.h
    -- promoting: S:/jenkins/workspace/ecg-mayausd-branch-preflight-2020-windows/ecg-maya-usd/maya-usd/lib/mayaUsd/utils/plugRegistryHelper.h
    -- promoting: S:/jenkins/workspace/ecg-mayausd-branch-preflight-2020-windows/ecg-maya-usd/maya-usd/lib/mayaUsd/utils/stageCache.h
    -- promoting: S:/jenkins/workspace/ecg-mayausd-branch-preflight-2020-windows/ecg-maya-usd/maya-usd/lib/mayaUsd/utils/undoHelperCommand.h
    -- promoting: S:/jenkins/workspace/ecg-mayausd-branch-preflight-2020-windows/ecg-maya-usd/maya-usd/lib/mayaUsd/utils/util.h
    -- promoting: S:/jenkins/workspace/ecg-mayausd-branch-preflight-2020-windows/ecg-maya-usd/maya-usd/lib/mayaUsd/utils/utilFileSystem.h
    -- promoting: S:/jenkins/workspace/ecg-mayausd-branch-preflight-2020-windows/ecg-maya-usd/maya-usd/lib/usd/hdMaya/api.h
    -- promoting: S:/jenkins/workspace/ecg-mayausd-branch-preflight-2020-windows/ecg-maya-usd/maya-usd/lib/usd/hdMaya/utils.h
    -- promoting: S:/jenkins/workspace/ecg-mayausd-branch-preflight-2020-windows/ecg-maya-usd/maya-usd/lib/usd/hdMaya/debugCodes.h
    -- promoting: S:/jenkins/workspace/ecg-mayausd-branch-preflight-2020-windows/ecg-maya-usd/maya-usd/lib/usd/hdMaya/adapters/adapter.h
    -- promoting: S:/jenkins/workspace/ecg-mayausd-branch-preflight-2020-windows/ecg-maya-usd/maya-usd/lib/usd/hdMaya/adapters/adapterDebugCodes.h
    -- promoting: S:/jenkins/workspace/ecg-mayausd-branch-preflight-2020-windows/ecg-maya-usd/maya-usd/lib/usd/hdMaya/adapters/adapterRegistry.h
    -- promoting: S:/jenkins/workspace/ecg-mayausd-branch-preflight-2020-windows/ecg-maya-usd/maya-usd/lib/usd/hdMaya/adapters/constantShadowMatrix.h
    -- promoting: S:/jenkins/workspace/ecg-mayausd-branch-preflight-2020-windows/ecg-maya-usd/maya-usd/lib/usd/hdMaya/adapters/dagAdapter.h
    -- promoting: S:/jenkins/workspace/ecg-mayausd-branch-preflight-2020-windows/ecg-maya-usd/maya-usd/lib/usd/hdMaya/adapters/lightAdapter.h
    -- promoting: S:/jenkins/workspace/ecg-mayausd-branch-preflight-2020-windows/ecg-maya-usd/maya-usd/lib/usd/hdMaya/adapters/proxyAdapter.h
    -- promoting: S:/jenkins/workspace/ecg-mayausd-branch-preflight-2020-windows/ecg-maya-usd/maya-usd/lib/usd/hdMaya/adapters/materialAdapter.h
    -- promoting: S:/jenkins/workspace/ecg-mayausd-branch-preflight-2020-windows/ecg-maya-usd/maya-usd/lib/usd/hdMaya/adapters/materialNetworkConverter.h
    -- promoting: S:/jenkins/workspace/ecg-mayausd-branch-preflight-2020-windows/ecg-maya-usd/maya-usd/lib/usd/hdMaya/adapters/mayaAttrs.h
    -- promoting: S:/jenkins/workspace/ecg-mayausd-branch-preflight-2020-windows/ecg-maya-usd/maya-usd/lib/usd/hdMaya/adapters/shapeAdapter.h
    -- promoting: S:/jenkins/workspace/ecg-mayausd-branch-preflight-2020-windows/ecg-maya-usd/maya-usd/lib/usd/hdMaya/adapters/tokens.h
    -- promoting: S:/jenkins/workspace/ecg-mayausd-branch-preflight-2020-windows/ecg-maya-usd/maya-usd/lib/usd/hdMaya/delegates/delegate.h
    -- promoting: S:/jenkins/workspace/ecg-mayausd-branch-preflight-2020-windows/ecg-maya-usd/maya-usd/lib/usd/hdMaya/delegates/delegateCtx.h
    -- promoting: S:/jenkins/workspace/ecg-mayausd-branch-preflight-2020-windows/ecg-maya-usd/maya-usd/lib/usd/hdMaya/delegates/delegateDebugCodes.h
    -- promoting: S:/jenkins/workspace/ecg-mayausd-branch-preflight-2020-windows/ecg-maya-usd/maya-usd/lib/usd/hdMaya/delegates/delegateRegistry.h
    -- promoting: S:/jenkins/workspace/ecg-mayausd-branch-preflight-2020-windows/ecg-maya-usd/maya-usd/lib/usd/hdMaya/delegates/params.h
    -- promoting: S:/jenkins/workspace/ecg-mayausd-branch-preflight-2020-windows/ecg-maya-usd/maya-usd/lib/usd/hdMaya/delegates/proxyDelegate.h
    -- promoting: S:/jenkins/workspace/ecg-mayausd-branch-preflight-2020-windows/ecg-maya-usd/maya-usd/lib/usd/hdMaya/delegates/proxyUsdImagingDelegate.h
    -- promoting: S:/jenkins/workspace/ecg-mayausd-branch-preflight-2020-windows/ecg-maya-usd/maya-usd/lib/usd/hdMaya/delegates/sceneDelegate.h
    -- promoting: S:/jenkins/workspace/ecg-mayausd-branch-preflight-2020-windows/ecg-maya-usd/maya-usd/lib/usd/hdMaya/delegates/testDelegate.h
    -- promoting: S:/jenkins/workspace/ecg-mayausd-branch-preflight-2020-windows/ecg-maya-usd/maya-usd/lib/usd/pxrUsdPreviewSurface/usdPreviewSurface.h
    -- promoting: S:/jenkins/workspace/ecg-mayausd-branch-preflight-2020-windows/ecg-maya-usd/maya-usd/lib/usd/pxrUsdPreviewSurface/usdPreviewSurfacePlugin.h
    -- Found Boost 1.70.0 at P:/shared/Artifactory/Windows/USD/330e060/lib/cmake/Boost-1.70.0
    --   Requested configuration: QUIET REQUIRED COMPONENTS filesystem;system
    -- Found boost_headers 1.70.0 at P:/shared/Artifactory/Windows/USD/330e060/lib/cmake/boost_headers-1.70.0
    -- Found boost_filesystem 1.70.0 at P:/shared/Artifactory/Windows/USD/330e060/lib/cmake/boost_filesystem-1.70.0
    --   boost_filesystem-vc141-mt-x64-1_70.lib
    -- Adding boost_filesystem dependencies: headers
    -- Found boost_system 1.70.0 at P:/shared/Artifactory/Windows/USD/330e060/lib/cmake/boost_system-1.70.0
    --   boost_system-vc141-mt-x64-1_70.lib
    -- Adding boost_system dependencies: headers
    -- Boost  found.
    -- Found Boost components:
       filesystem;system
    -- promoting: S:/jenkins/workspace/ecg-mayausd-branch-preflight-2020-windows/ecg-maya-usd/maya-usd/lib/usd/schemas/api.h
    -- promoting: S:/jenkins/workspace/ecg-mayausd-branch-preflight-2020-windows/ecg-maya-usd/maya-usd/lib/usd/schemas/ALMayaReference.h
    -- promoting: S:/jenkins/workspace/ecg-mayausd-branch-preflight-2020-windows/ecg-maya-usd/maya-usd/lib/usd/schemas/MayaReference.h
    -- promoting: S:/jenkins/workspace/ecg-mayausd-branch-preflight-2020-windows/ecg-maya-usd/maya-usd/lib/usd/schemas/tokens.h
    Processing schema classes:
    MayaReference, ALMayaReference
    Loading Templates from p:\shared\Artifactory\Windows\USD\330e060\lib\usd\usd\resources\codegenTemplates
    Writing API:
    	    wrote W:\build\RelWithDebInfo\lib\usd\schemas\api.h
    Writing Schema Tokens:
    	    wrote W:\build\RelWithDebInfo\lib\usd\schemas\tokens.h
    	    wrote W:\build\RelWithDebInfo\lib\usd\schemas\tokens.cpp
    	    wrote W:\build\RelWithDebInfo\lib\usd\schemas\wrapTokens.cpp
    Generating Classes:
    	    wrote W:\build\RelWithDebInfo\lib\usd\schemas\MayaReference.h
    	    wrote W:\build\RelWithDebInfo\lib\usd\schemas\MayaReference.cpp
    	    wrote W:\build\RelWithDebInfo\lib\usd\schemas\wrapMayaReference.cpp
    	    wrote W:\build\RelWithDebInfo\lib\usd\schemas\ALMayaReference.h
    	    wrote W:\build\RelWithDebInfo\lib\usd\schemas\ALMayaReference.cpp
    	    wrote W:\build\RelWithDebInfo\lib\usd\schemas\wrapALMayaReference.cpp
    	    wrote W:\build\RelWithDebInfo\lib\usd\schemas\plugInfo.json
    Generating Schematics:
    	    wrote W:\build\RelWithDebInfo\lib\usd\schemas\generatedSchema.usda
    -- promoting: S:/jenkins/workspace/ecg-mayausd-branch-preflight-2020-windows/ecg-maya-usd/maya-usd/lib/usd/utils/ALHalf.h
    -- promoting: S:/jenkins/workspace/ecg-mayausd-branch-preflight-2020-windows/ecg-maya-usd/maya-usd/lib/usd/utils/Api.h
    -- promoting: S:/jenkins/workspace/ecg-mayausd-branch-preflight-2020-windows/ecg-maya-usd/maya-usd/lib/usd/utils/DebugCodes.h
    -- promoting: S:/jenkins/workspace/ecg-mayausd-branch-preflight-2020-windows/ecg-maya-usd/maya-usd/lib/usd/utils/DiffCore.h
    -- promoting: S:/jenkins/workspace/ecg-mayausd-branch-preflight-2020-windows/ecg-maya-usd/maya-usd/lib/usd/utils/ForwardDeclares.h
    -- promoting: S:/jenkins/workspace/ecg-mayausd-branch-preflight-2020-windows/ecg-maya-usd/maya-usd/lib/usd/utils/SIMD.h
    -- promoting: S:/jenkins/workspace/ecg-mayausd-branch-preflight-2020-windows/ecg-maya-usd/maya-usd/lib/usd/utils/util.h
    -- promoting: S:/jenkins/workspace/ecg-mayausd-branch-preflight-2020-windows/ecg-maya-usd/maya-usd/lib/usd/ui/api.h
    -- promoting: S:/jenkins/workspace/ecg-mayausd-branch-preflight-2020-windows/ecg-maya-usd/maya-usd/lib/usd/ui/IMayaMQtUtil.h
    -- promoting: S:/jenkins/workspace/ecg-mayausd-branch-preflight-2020-windows/ecg-maya-usd/maya-usd/lib/usd/ui/ItemDelegate.h
    -- promoting: S:/jenkins/workspace/ecg-mayausd-branch-preflight-2020-windows/ecg-maya-usd/maya-usd/lib/usd/ui/IUSDImportView.h
    -- promoting: S:/jenkins/workspace/ecg-mayausd-branch-preflight-2020-windows/ecg-maya-usd/maya-usd/lib/usd/ui/TreeItem.h
    -- promoting: S:/jenkins/workspace/ecg-mayausd-branch-preflight-2020-windows/ecg-maya-usd/maya-usd/lib/usd/ui/TreeModel.h
    -- promoting: S:/jenkins/workspace/ecg-mayausd-branch-preflight-2020-windows/ecg-maya-usd/maya-usd/lib/usd/ui/TreeModelFactory.h
    -- promoting: S:/jenkins/workspace/ecg-mayausd-branch-preflight-2020-windows/ecg-maya-usd/maya-usd/lib/usd/ui/USDImportDialog.h
    -- promoting: S:/jenkins/workspace/ecg-mayausd-branch-preflight-2020-windows/ecg-maya-usd/maya-usd/lib/usd/ui/USDImportDialogCmd.h
    -- promoting: S:/jenkins/workspace/ecg-mayausd-branch-preflight-2020-windows/ecg-maya-usd/maya-usd/lib/usd/ui/USDQtUtil.h
    ========== Pixar USD Plugin ==========
    Compiling W:/build/RelWithDebInfo/plugin/pxr/__init__.py ...
    ========== AL USD Plugin ==========
    CMake Deprecation Warning at plugin/al/CMakeLists.txt:7 (cmake_policy):
      The OLD behavior for policy CMP0026 will be removed from a future version
      of CMake.
    
      The cmake-policies(7) manual explains that the OLD behaviors of all
      policies are deprecated and that a policy should be set to OLD only under
      specific short-term circumstances.  Projects should be ported to the NEW
      behavior and not rely on setting a policy to OLD.
    
    
    -- Found Boost 1.70.0 at P:/shared/Artifactory/Windows/USD/330e060/lib/cmake/Boost-1.70.0
    --   Requested configuration: QUIET REQUIRED
    -- Found boost_headers 1.70.0 at P:/shared/Artifactory/Windows/USD/330e060/lib/cmake/boost_headers-1.70.0
    -- Boost  found.
    -- Found Boost 1.70.0 at P:/shared/Artifactory/Windows/USD/330e060/lib/cmake/Boost-1.70.0
    --   Requested configuration: QUIET REQUIRED COMPONENTS thread;filesystem;system;chrono;date_time;python
    -- Found boost_thread 1.70.0 at P:/shared/Artifactory/Windows/USD/330e060/lib/cmake/boost_thread-1.70.0
    --   boost_thread-vc141-mt-x64-1_70.lib
    -- Adding boost_thread dependencies: chrono;headers
    -- Found boost_chrono 1.70.0 at P:/shared/Artifactory/Windows/USD/330e060/lib/cmake/boost_chrono-1.70.0
    --   boost_chrono-vc141-mt-x64-1_70.lib
    -- Adding boost_chrono dependencies: headers
    -- Found boost_filesystem 1.70.0 at P:/shared/Artifactory/Windows/USD/330e060/lib/cmake/boost_filesystem-1.70.0
    --   boost_filesystem-vc141-mt-x64-1_70.lib
    -- Adding boost_filesystem dependencies: headers
    -- Found boost_system 1.70.0 at P:/shared/Artifactory/Windows/USD/330e060/lib/cmake/boost_system-1.70.0
    --   boost_system-vc141-mt-x64-1_70.lib
    -- Adding boost_system dependencies: headers
    -- Found boost_date_time 1.70.0 at P:/shared/Artifactory/Windows/USD/330e060/lib/cmake/boost_date_time-1.70.0
    --   boost_date_time-vc141-mt-x64-1_70.lib
    -- Adding boost_date_time dependencies: headers
    -- Found boost_python 1.70.0 at P:/shared/Artifactory/Windows/USD/330e060/lib/cmake/boost_python-1.70.0
    --   boost_python27-vc141-mt-x64-1_70.lib
    -- Adding boost_python dependencies: headers
    -- Boost  found.
    -- Found Boost components:
       thread;filesystem;system;chrono;date_time;python
    -- Found GTest: W:/build/RelWithDebInfo/googletest-install/lib/gtest.lib
    Compiling W:/build/RelWithDebInfo/plugin/al/lib/AL_USDMaya/lib/python/AL/usdmaya/__init__.py ...
    -- Building AL_USDMayaSchemas
    Processing schema classes:
    ALModelAPI, ALFrameRange
    Loading Templates from p:\shared\Artifactory\Windows\USD\330e060\lib\usd\usd\resources\codegenTemplates
    Writing API:
    	    wrote W:\build\RelWithDebInfo\plugin\al\schemas\AL\usd\schemas\maya\api.h
    Writing Schema Tokens:
    	    wrote W:\build\RelWithDebInfo\plugin\al\schemas\AL\usd\schemas\maya\tokens.h
    	    wrote W:\build\RelWithDebInfo\plugin\al\schemas\AL\usd\schemas\maya\tokens.cpp
    	    wrote W:\build\RelWithDebInfo\plugin\al\schemas\AL\usd\schemas\maya\wrapTokens.cpp
    Generating Classes:
    	    wrote W:\build\RelWithDebInfo\plugin\al\schemas\AL\usd\schemas\maya\ModelAPI.h
    	    wrote W:\build\RelWithDebInfo\plugin\al\schemas\AL\usd\schemas\maya\ModelAPI.cpp
    	    wrote W:\build\RelWithDebInfo\plugin\al\schemas\AL\usd\schemas\maya\wrapModelAPI.cpp
    	    wrote W:\build\RelWithDebInfo\plugin\al\schemas\AL\usd\schemas\maya\FrameRange.h
    	    wrote W:\build\RelWithDebInfo\plugin\al\schemas\AL\usd\schemas\maya\FrameRange.cpp
    	    wrote W:\build\RelWithDebInfo\plugin\al\schemas\AL\usd\schemas\maya\wrapFrameRange.cpp
    	    wrote W:\build\RelWithDebInfo\plugin\al\schemas\AL\usd\schemas\maya\plugInfo.json
    Generating Schematics:
    	    wrote W:\build\RelWithDebInfo\plugin\al\schemas\AL\usd\schemas\maya\generatedSchema.usda
    Compiling W:/build/RelWithDebInfo/AL/usd/schemas/maya/__init__.py ...
    Compiling W:/build/RelWithDebInfo/AL/__init__.py ...
    Compiling W:/build/RelWithDebInfo/AL/usd/__init__.py ...
    Compiling W:/build/RelWithDebInfo/AL/usd/schemas/__init__.py ...
    Processing schema classes:
    ALExamplePolyCubeNode
    Loading Templates from p:\shared\Artifactory\Windows\USD\330e060\lib\usd\usd\resources\codegenTemplates
    Writing API:
    	    wrote W:\build\RelWithDebInfo\plugin\al\schemas\AL\usd\schemas\mayatest\api.h
    Writing Schema Tokens:
    	    wrote W:\build\RelWithDebInfo\plugin\al\schemas\AL\usd\schemas\mayatest\tokens.h
    	    wrote W:\build\RelWithDebInfo\plugin\al\schemas\AL\usd\schemas\mayatest\tokens.cpp
    	    wrote W:\build\RelWithDebInfo\plugin\al\schemas\AL\usd\schemas\mayatest\wrapTokens.cpp
    Generating Classes:
    	    wrote W:\build\RelWithDebInfo\plugin\al\schemas\AL\usd\schemas\mayatest\ExamplePolyCubeNode.h
    	    wrote W:\build\RelWithDebInfo\plugin\al\schemas\AL\usd\schemas\mayatest\ExamplePolyCubeNode.cpp
    	    wrote W:\build\RelWithDebInfo\plugin\al\schemas\AL\usd\schemas\mayatest\wrapExamplePolyCubeNode.cpp
    	unchanged W:\build\RelWithDebInfo\plugin\al\schemas\AL\usd\schemas\mayatest\plugInfo.json
    Generating Schematics:
    	    wrote W:\build\RelWithDebInfo\plugin\al\schemas\AL\usd\schemas\mayatest\generatedSchema.usda
    Compiling W:/build/RelWithDebInfo/AL/usd/schemas/mayatest/__init__.py ...
    Compiling W:/build/RelWithDebInfo/AL/__init__.py ...
    Compiling W:/build/RelWithDebInfo/AL/usd/__init__.py ...
    Compiling W:/build/RelWithDebInfo/AL/usd/schemas/__init__.py ...
    -- Building AL_USDMayaTranslators
    ========== ADSK USD Plugin ==========
    -- Configuring done
    -- Generating done
    -- Build files have been written to: W:/build/RelWithDebInfo
    
        Building with settings:
          Source directory          S:\jenkins\workspace\ecg-mayausd-branch-preflight-2020-windows\ecg-maya-usd\maya-usd
          Workspace directory       W:\
          Build directory           W:\build\RelWithDebInfo
          Install directory         W:\install\RelWithDebInfo\MayaUSD
          Variant                   RelWithDebInfo
          Python Debug              Off
          CMake generator           Ninja
          Build arguments           ['-DCMAKE_MAKE_PROGRAM=P:/shared/Artifactory/Windows/ninja/1.9.0/c68f192/ninja.exe', '-DPYTHON_INCLUDE_DIR=P:/shared/Artifactory/Windows/rundev-2020/202004291615/runtime/df03b16/runTime/include/Python', '-DPython_EXECUTABLE=P:/shared/Artifactory/Windows/rundev-2020/202004291615/runtime/df03b16/runTime/bin/mayapy.exe', '-DPYTHON_LIBRARIES=P:/shared/Artifactory/Windows/rundev-2020/202004291615/runtime/df03b16/runTime/lib/python27.lib', '-DMAYAUSD_TO_USD_RELATIVE_PATH=../USD']
          Stages arguments          ['configure']
          CTest arguments           ['-E testUsdReferenceAssemblySelection|testUsdMayaAppDir|testUsdExportAsClip', '-LE interactive', '--parallel 16']
    Success MayaUSD build and install !!!!
    Elapsed time: 00:01:02
Deleting subst P:
Deleting subst W:
[Pipeline] }
[Pipeline] // withEnv
[Pipeline] }
[Pipeline] // stage
[Pipeline] }
[Pipeline] // timestamps
[Pipeline] }
[Pipeline] // timeout
[Pipeline] timeout
Timeout set to expire in 6 hr 0 min
[Pipeline] {
[Pipeline] timestamps
[Pipeline] {
[Pipeline] stage
[Pipeline] { (Build)
[Pipeline] withEnv
[Pipeline] {
[Pipeline] bat
[ecg-mayausd-branch-preflight-2020-windows] Running batch script
Subst W: S:\jenkins\workspace\ecg-mayausd-branch-preflight-2020-windows
Subst P: S:\jenkins\workspace
"C:\Program Files (x86)\Microsoft Visual Studio\2017\Professional\VC\Auxiliary\Build\vcvarsall.bat" x64
**********************************************************************
** Visual Studio 2017 Developer Command Prompt v15.9.15
** Copyright (c) 2017 Microsoft Corporation
**********************************************************************
[vcvarsall.bat] Environment initialized for: 'x64'
python ecg-maya-usd/build.py --stages=build --workspace-dir=W:\ --artifactory-dir=P:\shared\Artifactory --build-dir=W:\build --install-dir=W:\install --signing-dir=W:\signing --package-dir=W:\package --output-dir=W:\output --stash-dir=W:\stash --jenkins-build=442 --git-commit=4cbe6e0f05e962749969b3d33f03db99a83b5c28 --git-branch=master --variants=RelWithDebInfo --python=2 --build-retry=3 --maya-cut-config=maya-rundev-2020.yaml --stage-banner
Using Maya cut from P:\shared\Artifactory\Windows\rundev-2020\202004291615\runtime\df03b16

================================================================================
                             build (RelWithDebInfo)
================================================================================
running build stage....................
Maya Python RelWithDebInfo Info:
  mayapy executable   = P:\shared\Artifactory\Windows\rundev-2020\202004291615\runtime\df03b16\runTime\bin\mayapy.exe
  Include Folder      = P:\shared\Artifactory\Windows\rundev-2020\202004291615\runtime\df03b16\runTime\include\Python
  Library             = P:\shared\Artifactory\Windows\rundev-2020\202004291615\runtime\df03b16\runTime\lib\python27.lib
  site-package Folder = P:\shared\Artifactory\Windows\rundev-2020\202004291615\runtime\df03b16\runTime\Python\Lib\site-packages
In workdir: S:\jenkins\workspace\ecg-mayausd-branch-preflight-2020-windows\ecg-maya-usd\maya-usd
Executing: 'P:\\shared\\Artifactory\\Windows\\rundev-2020\\202004291615\\runtime\\df03b16\\runTime\\bin\\mayapy.exe' 'S:\\jenkins\\workspace\\ecg-mayausd-branch-preflight-2020-windows\\ecg-maya-usd\\maya-usd\\build.py' --generator Ninja --build-relwithdebug --maya-location 'P:\\shared\\Artifactory\\Windows\\rundev-2020\\202004291615\\runtime\\df03b16\\runTime' --devkit-location 'P:\\shared\\Artifactory\\Windows\\rundev-2020\\202004291615\\runtime\\df03b16\\devkitBase' --pxrusd-location 'P:\\shared\\Artifactory\\Windows\\USD\\330e060' --qt-location 'P:\\shared\\Artifactory\\Windows\\qt\\5.12.5\\4755980' '--build-args=-DCMAKE_MAKE_PROGRAM=P:/shared/Artifactory/Windows/ninja/1.9.0/c68f192/ninja.exe,-DPYTHON_INCLUDE_DIR=P:/shared/Artifactory/Windows/rundev-2020/202004291615/runtime/df03b16/runTime/include/Python,-DPython_EXECUTABLE=P:/shared/Artifactory/Windows/rundev-2020/202004291615/runtime/df03b16/runTime/bin/mayapy.exe,-DPYTHON_LIBRARIES=P:/shared/Artifactory/Windows/rundev-2020/202004291615/runtime/df03b16/runTime/lib/python27.lib,-DMAYAUSD_TO_USD_RELATIVE_PATH=../USD' '--ctest-args=-E testUsdReferenceAssemblySelection|testUsdMayaAppDir|testUsdExportAsClip,-LE interactive,--parallel 16' --stages=build --redirect-outstream-file=False --install-location 'W:\\install\\RelWithDebInfo\\MayaUSD' 'W:\\'
Modified environment variables:
    PATH=P:\shared\Artifactory\Windows\cmake\3.14.4\c5af748\bin;C:\Python27\lib\site-packages\pywin32_system32;C:\Program Files (x86)\Microsoft Visual Studio\2017\Professional\VC\Tools\MSVC\14.16.27023\bin\HostX64\x64;C:\Program Files (x86)\Microsoft Visual Studio\2017\Professional\Common7\IDE\VC\VCPackages;C:\Program Files (x86)\Microsoft Visual Studio\2017\Professional\Common7\IDE\CommonExtensions\Microsoft\TestWindow;C:\Program Files (x86)\Microsoft Visual Studio\2017\Professional\Common7\IDE\CommonExtensions\Microsoft\TeamFoundation\Team Explorer;C:\Program Files (x86)\Microsoft Visual Studio\2017\Professional\MSBuild\15.0\bin\Roslyn;C:\Program Files (x86)\Microsoft Visual Studio\2017\Professional\Team Tools\Performance Tools\x64;C:\Program Files (x86)\Microsoft Visual Studio\2017\Professional\Team Tools\Performance Tools;C:\Program Files (x86)\Microsoft Visual Studio\Shared\Common\VSPerfCollectionTools\\x64;C:\Program Files (x86)\Microsoft Visual Studio\Shared\Common\VSPerfCollectionTools\;C:\Program Files (x86)\Microsoft SDKs\Windows\v10.0A\bin\NETFX 4.6.1 Tools\x64\;C:\Program Files (x86)\HTML Help Workshop;C:\Program Files (x86)\Windows Kits\10\bin\10.0.17763.0\x64;C:\Program Files (x86)\Windows Kits\10\bin\x64;C:\Program Files (x86)\Microsoft Visual Studio\2017\Professional\\MSBuild\15.0\bin;C:\WINDOWS\Microsoft.NET\Framework64\v4.0.30319;C:\Program Files (x86)\Microsoft Visual Studio\2017\Professional\Common7\IDE\;C:\Program Files (x86)\Microsoft Visual Studio\2017\Professional\Common7\Tools\;C:\Python27\;C:\Python27\Scripts;C:\Program Files (x86)\Common Files\Oracle\Java\javapath;C:\WINDOWS\system32;C:\WINDOWS;C:\WINDOWS\System32\Wbem;C:\WINDOWS\System32\WindowsPowerShell\v1.0\;C:\WINDOWS\System32\OpenSSH\;C:\PathVerify;C:\Program Files (x86)\WiX Toolset v3.7\bin;C:\Program Files (x86)\Windows Kits\10\bin\10.0.17763.0\x64;C:\Program Files (x86)\Windows Kits\10\bin\x64;C:\StoreBoxClientWindows;C:\Program Files\Electric Cloud\ElectricCommander\bin;C:\Program Files\WinRAR;C:\Program Files\7-Zip;C:\Program Files\Git\cmd;C:\Program Files\Git\usr\bin;C:\Program Files\Git\mingw64\bin;C:\Program Files\Git\bin;C:\Program Files\WinMerge;C:\Users\Administrator\AppData\Local\Microsoft\WindowsApps;C:\Program Files (x86)\Microsoft Visual Studio\2017\Professional\Common7\IDE\CommonExtensions\Microsoft\CMake\CMake\bin;C:\Program Files (x86)\Microsoft Visual Studio\2017\Professional\Common7\IDE\CommonExtensions\Microsoft\CMake\Ninja
    [1/537] Running utility command for PYTHON_TEST_UTILS
    [2/537] Building CXX object lib\mayaUsd\CMakeFiles\mayaUsd.dir\base\debugCodes.cpp.obj
    [3/537] Building CXX object lib\mayaUsd\CMakeFiles\mayaUsd.dir\base\tokens.cpp.obj
    [4/537] Running utility command for PYTHON_TEST_SAMPLES
    [5/537] Running utility command for IMPORT_EXPORT_TEST
    [6/537] Building CXX object lib\mayaUsd\CMakeFiles\mayaUsd.dir\fileio\primReaderContext.cpp.obj
    [7/537] Building CXX object lib\mayaUsd\CMakeFiles\mayaUsd.dir\commands\editTargetCommand.cpp.obj
    [8/537] Building CXX object lib\mayaUsd\CMakeFiles\mayaUsd.dir\fileio\primUpdater.cpp.obj
    [9/537] Building CXX object lib\mayaUsd\CMakeFiles\mayaUsd.dir\fileio\primReader.cpp.obj
    [10/537] Building CXX object lib\mayaUsd\CMakeFiles\mayaUsd.dir\commands\layerEditorCommand.cpp.obj
    [11/537] Building CXX object lib\mayaUsd\CMakeFiles\mayaUsd.dir\fileio\functorPrimReader.cpp.obj
    [12/537] Building CXX object lib\mayaUsd\CMakeFiles\mayaUsd.dir\fileio\fallbackPrimReader.cpp.obj
    [13/537] Building CXX object lib\mayaUsd\CMakeFiles\mayaUsd.dir\fileio\primReaderArgs.cpp.obj
    [14/537] Building CXX object lib\mayaUsd\CMakeFiles\mayaUsd.dir\commands\baseImportCommand.cpp.obj
    [15/537] Building CXX object lib\mayaUsd\CMakeFiles\mayaUsd.dir\fileio\primReaderRegistry.cpp.obj
    [16/537] Building CXX object lib\mayaUsd\CMakeFiles\mayaUsd.dir\fileio\instancedNodeWriter.cpp.obj
    [17/537] Building CXX object lib\mayaUsd\CMakeFiles\mayaUsd.dir\fileio\importData.cpp.obj
    [18/537] Building CXX object lib\mayaUsd\CMakeFiles\mayaUsd.dir\commands\baseExportCommand.cpp.obj
    [19/537] Building CXX object lib\mayaUsd\CMakeFiles\mayaUsd.dir\fileio\chaser\chaser.cpp.obj
    [20/537] Building CXX object lib\mayaUsd\CMakeFiles\mayaUsd.dir\fileio\functorPrimWriter.cpp.obj
    [21/537] Building CXX object lib\mayaUsd\CMakeFiles\mayaUsd.dir\commands\baseListShadingModesCommand.cpp.obj
    [22/537] Building CXX object lib\mayaUsd\CMakeFiles\mayaUsd.dir\fileio\primUpdaterContext.cpp.obj
    [23/537] Building CXX object lib\mayaUsd\CMakeFiles\mayaUsd.dir\fileio\registryHelper.cpp.obj
    [24/537] Building CXX object lib\mayaUsd\CMakeFiles\mayaUsd.dir\fileio\shaderWriter.cpp.obj
    [25/537] Building CXX object lib\mayaUsd\CMakeFiles\mayaUsd.dir\fileio\primWriterContext.cpp.obj
    [26/537] Building CXX object lib\mayaUsd\CMakeFiles\mayaUsd.dir\fileio\primUpdaterRegistry.cpp.obj
    [27/537] Building CXX object lib\mayaUsd\CMakeFiles\mayaUsd.dir\fileio\shaderReaderRegistry.cpp.obj
    [28/537] Building CXX object lib\mayaUsd\CMakeFiles\mayaUsd.dir\fileio\primWriter.cpp.obj
    [29/537] Building CXX object lib\mayaUsd\CMakeFiles\mayaUsd.dir\fileio\shaderReader.cpp.obj
    [30/537] Building CXX object lib\mayaUsd\CMakeFiles\mayaUsd.dir\fileio\shaderWriterRegistry.cpp.obj
    [31/537] Building CXX object lib\mayaUsd\CMakeFiles\mayaUsd.dir\fileio\primWriterArgs.cpp.obj
    [32/537] Building CXX object lib\mayaUsd\CMakeFiles\mayaUsd.dir\fileio\primWriterRegistry.cpp.obj
    [33/537] Building CXX object lib\mayaUsd\CMakeFiles\mayaUsd.dir\fileio\writeJobContext.cpp.obj
    [34/537] Building CXX object lib\mayaUsd\CMakeFiles\mayaUsd.dir\fileio\chaser\chaserRegistry.cpp.obj
    [35/537] Building CXX object lib\mayaUsd\CMakeFiles\mayaUsd.dir\fileio\transformWriter.cpp.obj
    [36/537] Building CXX object lib\mayaUsd\CMakeFiles\mayaUsd.dir\fileio\jobs\jobArgs.cpp.obj
    [37/537] Building CXX object lib\mayaUsd\CMakeFiles\mayaUsd.dir\fileio\jobs\modelKindProcessor.cpp.obj
    [38/537] Building CXX object lib\mayaUsd\CMakeFiles\mayaUsd.dir\fileio\shading\shadingModeDisplayColor.cpp.obj
    [39/537] Building CXX object lib\mayaUsd\CMakeFiles\mayaUsd.dir\fileio\shading\shadingModeImporter.cpp.obj
    [40/537] Building CXX object lib\mayaUsd\CMakeFiles\mayaUsd.dir\fileio\jobs\readJob.cpp.obj
    [41/537] Building CXX object lib\mayaUsd\CMakeFiles\mayaUsd.dir\fileio\shading\shadingModeUseRegistry.cpp.obj
    [42/537] Building CXX object lib\mayaUsd\CMakeFiles\mayaUsd.dir\fileio\utils\xformStack.cpp.obj
    [43/537] Building CXX object lib\mayaUsd\CMakeFiles\mayaUsd.dir\fileio\shading\shadingModeExporter.cpp.obj
    [44/537] Building CXX object lib\mayaUsd\CMakeFiles\mayaUsd.dir\fileio\shading\shadingModeExporterContext.cpp.obj
    [45/537] Building CXX object lib\mayaUsd\CMakeFiles\mayaUsd.dir\fileio\utils\roundTripUtil.cpp.obj
    [46/537] Building CXX object lib\mayaUsd\CMakeFiles\mayaUsd.dir\fileio\jobs\writeJob.cpp.obj
    [47/537] Building CXX object lib\mayaUsd\CMakeFiles\mayaUsd.dir\fileio\shading\shadingModeRegistry.cpp.obj
    [48/537] Building CXX object lib\mayaUsd\CMakeFiles\mayaUsd.dir\fileio\utils\shadingUtil.cpp.obj
    [49/537] Building CXX object lib\mayaUsd\CMakeFiles\mayaUsd.dir\fileio\utils\userTaggedAttribute.cpp.obj
    [50/537] Building CXX object lib\mayaUsd\CMakeFiles\mayaUsd.dir\fileio\utils\readUtil.cpp.obj
    [51/537] Building CXX object lib\mayaUsd\CMakeFiles\mayaUsd.dir\fileio\utils\writeUtil.cpp.obj
    [52/537] Building CXX object lib\mayaUsd\CMakeFiles\mayaUsd.dir\fileio\translators\skelBindingsProcessor.cpp.obj
    [53/537] Building CXX object lib\mayaUsd\CMakeFiles\mayaUsd.dir\fileio\translators\translatorCamera.cpp.obj
    [54/537] Building CXX object lib\mayaUsd\CMakeFiles\mayaUsd.dir\fileio\shading\shadingModePxrRis.cpp.obj
    [55/537] Building CXX object lib\mayaUsd\CMakeFiles\mayaUsd.dir\fileio\shading\symmetricShaderReader.cpp.obj
    [56/537] Building CXX object lib\mayaUsd\CMakeFiles\mayaUsd.dir\fileio\translators\translatorMayaReference.cpp.obj
    [57/537] Building CXX object lib\mayaUsd\CMakeFiles\mayaUsd.dir\fileio\translators\translatorMaterial.cpp.obj
    [58/537] Building CXX object lib\mayaUsd\CMakeFiles\mayaUsd.dir\fileio\translators\translatorGprim.cpp.obj
    [59/537] Building CXX object lib\mayaUsd\CMakeFiles\mayaUsd.dir\fileio\translators\translatorCurves.cpp.obj
    [60/537] Building CXX object lib\mayaUsd\CMakeFiles\mayaUsd.dir\fileio\translators\translatorPrim.cpp.obj
    [61/537] Building CXX object lib\mayaUsd\CMakeFiles\mayaUsd.dir\fileio\translators\translatorXformable.cpp.obj
    [62/537] Building CXX object lib\mayaUsd\CMakeFiles\mayaUsd.dir\fileio\shading\symmetricShaderWriter.cpp.obj
    [63/537] Building CXX object lib\mayaUsd\CMakeFiles\mayaUsd.dir\fileio\translators\translatorXformable_decompose.cpp.obj
    [64/537] Building CXX object lib\mayaUsd\CMakeFiles\mayaUsd.dir\fileio\translators\translatorMesh.cpp.obj
    [65/537] Building CXX object lib\mayaUsd\CMakeFiles\mayaUsd.dir\fileio\translators\translatorNurbsPatch.cpp.obj
    [66/537] Building CXX object lib\mayaUsd\CMakeFiles\mayaUsd.dir\fileio\translators\translatorSkel.cpp.obj
    [67/537] Building CXX object lib\mayaUsd\CMakeFiles\mayaUsd.dir\fileio\translators\translatorUtil.cpp.obj
    [68/537] Building CXX object lib\mayaUsd\CMakeFiles\mayaUsd.dir\fileio\translators\translatorRfMLight.cpp.obj
    [69/537] Building CXX object lib\mayaUsd\CMakeFiles\mayaUsd.dir\listeners\notice.cpp.obj
    [70/537] Building CXX object lib\mayaUsd\CMakeFiles\mayaUsd.dir\fileio\utils\meshReadUtils.cpp.obj
    [71/537] Building CXX object lib\mayaUsd\CMakeFiles\mayaUsd.dir\render\pxrUsdMayaGL\debugCodes.cpp.obj
    [72/537] Building CXX object lib\mayaUsd\CMakeFiles\mayaUsd.dir\fileio\utils\jointWriteUtils.cpp.obj
    [73/537] Building CXX object lib\mayaUsd\CMakeFiles\mayaUsd.dir\fileio\utils\meshWriteUtils.cpp.obj
    [74/537] Building CXX object lib\mayaUsd\CMakeFiles\mayaUsd.dir\nodes\pointBasedDeformerNode.cpp.obj
    [75/537] Building CXX object lib\mayaUsd\CMakeFiles\mayaUsd.dir\nodes\hdImagingShape.cpp.obj
    [76/537] Building CXX object lib\mayaUsd\CMakeFiles\mayaUsd.dir\nodes\usdPrimProvider.cpp.obj
    [77/537] Building CXX object lib\mayaUsd\CMakeFiles\mayaUsd.dir\render\px_vp20\glslProgram.cpp.obj
    [78/537] Building CXX object lib\mayaUsd\CMakeFiles\mayaUsd.dir\listeners\stageNoticeListener.cpp.obj
    [79/537] Building CXX object lib\mayaUsd\CMakeFiles\mayaUsd.dir\python\moduleDeps.cpp.obj
    [80/537] Building CXX object lib\mayaUsd\CMakeFiles\mayaUsd.dir\fileio\utils\adaptor.cpp.obj
    [81/537] Building CXX object lib\mayaUsd\CMakeFiles\mayaUsd.dir\listeners\proxyShapeNotice.cpp.obj
    [82/537] Building CXX object lib\mayaUsd\CMakeFiles\mayaUsd.dir\render\px_vp20\utils_legacy.cpp.obj
    [83/537] Building CXX object lib\mayaUsd\CMakeFiles\mayaUsd.dir\render\px_vp20\utils.cpp.obj
    [84/537] Building CXX object lib\mayaUsd\CMakeFiles\mayaUsd.dir\nodes\stageNode.cpp.obj
    [85/537] Building CXX object lib\mayaUsd\CMakeFiles\mayaUsd.dir\nodes\stageData.cpp.obj
    [86/537] Building CXX object lib\mayaUsd\CMakeFiles\mayaUsd.dir\nodes\proxyShapeBase.cpp.obj
    [87/537] Building CXX object lib\mayaUsd\CMakeFiles\mayaUsd.dir\render\pxrUsdMayaGL\userData.cpp.obj
    [88/537] Building CXX object lib\mayaUsd\CMakeFiles\mayaUsd.dir\nodes\proxyAccessor.cpp.obj
    [89/537] Building CXX object lib\mayaUsd\CMakeFiles\mayaUsd.dir\render\pxrUsdMayaGL\softSelectHelper.cpp.obj
    [90/537] Building CXX object lib\mayaUsd\CMakeFiles\mayaUsd.dir\render\vp2RenderDelegate\bboxGeom.cpp.obj
    [91/537] Building CXX object lib\mayaUsd\CMakeFiles\mayaUsd.dir\render\vp2RenderDelegate\debugCodes.cpp.obj
    [92/537] Building CXX object lib\mayaUsd\CMakeFiles\mayaUsd.dir\nodes\proxyShapePlugin.cpp.obj
    [93/537] Building CXX object lib\mayaUsd\CMakeFiles\mayaUsd.dir\render\pxrUsdMayaGL\sceneDelegate.cpp.obj
    [94/537] Building CXX object lib\mayaUsd\CMakeFiles\mayaUsd.dir\render\pxrUsdMayaGL\shapeAdapter.cpp.obj
    [95/537] Building CXX object lib\mayaUsd\CMakeFiles\mayaUsd.dir\render\pxrUsdMayaGL\instancerShapeAdapter.cpp.obj
    [96/537] Building CXX object lib\mayaUsd\CMakeFiles\mayaUsd.dir\render\pxrUsdMayaGL\hdImagingShapeDrawOverride.cpp.obj
    [97/537] Building CXX object lib\mayaUsd\CMakeFiles\mayaUsd.dir\render\pxrUsdMayaGL\batchRenderer.cpp.obj
    [98/537] Building CXX object lib\mayaUsd\CMakeFiles\mayaUsd.dir\render\vp2RenderDelegate\instancer.cpp.obj
    [99/537] Building CXX object lib\mayaUsd\CMakeFiles\mayaUsd.dir\render\pxrUsdMayaGL\proxyShapeDelegate.cpp.obj
    [100/537] Building CXX object lib\mayaUsd\CMakeFiles\mayaUsd.dir\render\pxrUsdMayaGL\hdImagingShapeUI.cpp.obj
    [101/537] Building CXX object lib\mayaUsd\CMakeFiles\mayaUsd.dir\render\pxrUsdMayaGL\instancerImager.cpp.obj
    [102/537] Building CXX object lib\mayaUsd\CMakeFiles\mayaUsd.dir\render\pxrUsdMayaGL\proxyDrawOverride.cpp.obj
    [103/537] Building CXX object lib\mayaUsd\CMakeFiles\mayaUsd.dir\render\vp2RenderDelegate\tokens.cpp.obj
    [104/537] Building CXX object lib\mayaUsd\CMakeFiles\mayaUsd.dir\render\vp2RenderDelegate\draw_item.cpp.obj
    [105/537] Building CXX object lib\mayaUsd\CMakeFiles\mayaUsd.dir\render\vp2ShaderFragments\shaderFragments.cpp.obj
    [106/537] Building CXX object lib\mayaUsd\CMakeFiles\mayaUsd.dir\render\pxrUsdMayaGL\proxyShapeUI.cpp.obj
    [107/537] Building CXX object lib\mayaUsd\CMakeFiles\mayaUsd.dir\render\vp2RenderDelegate\render_param.cpp.obj
    [108/537] Building CXX object lib\mayaUsd\CMakeFiles\mayaUsd.dir\render\vp2RenderDelegate\mesh.cpp.obj
    [109/537] Building CXX object lib\mayaUsd\CMakeFiles\mayaUsd.dir\render\vp2RenderDelegate\material.cpp.obj
    [110/537] Building CXX object lib\mayaUsd\CMakeFiles\mayaUsd.dir\render\vp2RenderDelegate\sampler.cpp.obj
    [111/537] Building CXX object lib\mayaUsd\CMakeFiles\mayaUsd.dir\render\vp2RenderDelegate\basisCurves.cpp.obj
    [112/537] Building CXX object lib\mayaUsd\CMakeFiles\mayaUsd.dir\render\pxrUsdMayaGL\usdProxyShapeAdapter.cpp.obj
    [113/537] Building CXX object lib\mayaUsd\CMakeFiles\mayaUsd.dir\ufe\ProxyShapeHierarchy.cpp.obj
    [114/537] Building CXX object lib\mayaUsd\CMakeFiles\mayaUsd.dir\ufe\ProxyShapeHierarchyHandler.cpp.obj
    [115/537] Building CXX object lib\mayaUsd\CMakeFiles\mayaUsd.dir\ufe\Global.cpp.obj
    [116/537] Building CXX object lib\mayaUsd\CMakeFiles\mayaUsd.dir\render\vp2RenderDelegate\render_delegate.cpp.obj
    [117/537] Building CXX object lib\mayaUsd\CMakeFiles\mayaUsd.dir\ufe\ProxyShapeHandler.cpp.obj
    [118/537] Building CXX object lib\mayaUsd\CMakeFiles\mayaUsd.dir\ufe\UsdHierarchy.cpp.obj
    [119/537] Building CXX object lib\mayaUsd\CMakeFiles\mayaUsd.dir\ufe\UsdRotatePivotTranslateUndoableCommand.cpp.obj
    [120/537] Building CXX object lib\mayaUsd\CMakeFiles\mayaUsd.dir\ufe\UsdRootChildHierarchy.cpp.obj
    [121/537] Building CXX object lib\mayaUsd\CMakeFiles\mayaUsd.dir\ufe\StagesSubject.cpp.obj
    [122/537] Building CXX object lib\mayaUsd\CMakeFiles\mayaUsd.dir\ufe\UsdHierarchyHandler.cpp.obj
    [123/537] Building CXX object lib\mayaUsd\CMakeFiles\mayaUsd.dir\ufe\UsdRotateUndoableCommand.cpp.obj
    [124/537] Building CXX object lib\mayaUsd\CMakeFiles\mayaUsd.dir\ufe\UsdSceneItem.cpp.obj
    [125/537] Building CXX object lib\mayaUsd\CMakeFiles\mayaUsd.dir\ufe\UsdSceneItemOps.cpp.obj
    [126/537] Building CXX object lib\mayaUsd\CMakeFiles\mayaUsd.dir\ufe\UsdScaleUndoableCommand.cpp.obj
    [127/537] Building CXX object lib\mayaUsd\CMakeFiles\mayaUsd.dir\ufe\UsdSceneItemOpsHandler.cpp.obj
    [128/537] Building CXX object lib\mayaUsd\CMakeFiles\mayaUsd.dir\render\vp2RenderDelegate\proxyRenderDelegate.cpp.obj
    [129/537] Building CXX object lib\mayaUsd\CMakeFiles\mayaUsd.dir\ufe\moduleDeps.cpp.obj
    [130/537] Building CXX object lib\mayaUsd\CMakeFiles\mayaUsd.dir\utils\blockSceneModificationContext.cpp.obj
    [131/537] Building CXX object lib\mayaUsd\CMakeFiles\mayaUsd.dir\undo\UsdUndoableItem.cpp.obj
    [132/537] Building CXX object lib\mayaUsd\CMakeFiles\mayaUsd.dir\utils\colorSpace.cpp.obj
    [133/537] Building CXX object lib\mayaUsd\CMakeFiles\mayaUsd.dir\ufe\UsdUndoDuplicateCommand.cpp.obj
    [134/537] Building CXX object lib\mayaUsd\CMakeFiles\mayaUsd.dir\ufe\UsdUndoDeleteCommand.cpp.obj
    [135/537] Building CXX object lib\mayaUsd\CMakeFiles\mayaUsd.dir\ufe\UsdStageMap.cpp.obj
    [136/537] Building CXX object lib\mayaUsd\CMakeFiles\mayaUsd.dir\utils\diagnosticDelegate.cpp.obj
    [137/537] Building CXX object lib\mayaUsd\CMakeFiles\mayaUsd.dir\ufe\UsdTranslateUndoableCommand.cpp.obj
    [138/537] Building CXX object lib\mayaUsd\CMakeFiles\mayaUsd.dir\utils\utilFileSystem.cpp.obj
    [139/537] Building CXX object lib\mayaUsd\CMakeFiles\mayaUsd.dir\ufe\UsdTransform3d.cpp.obj
    [140/537] Building CXX object lib\mayaUsd\CMakeFiles\mayaUsd.dir\ufe\UsdTransform3dHandler.cpp.obj
    [141/537] Building CXX object lib\mayaUsd\CMakeFiles\mayaUsd.dir\ufe\UsdTRSUndoableCommandBase.cpp.obj
    [142/537] Building CXX object plugin\al\mayatest\AL\maya\test\CMakeFiles\AL_MayaTest.dir\testHarness.cpp.obj
    [143/537] Building CXX object lib\mayaUsd\CMakeFiles\mayaUsd.dir\undo\UsdUndoManager.cpp.obj
    [144/537] Building CXX object plugin\al\mayautils\AL\maya\CMakeFiles\AL_MayaUtils.dir\utils\NodeHelper.cpp.obj
    [145/537] Building CXX object plugin\al\mayatest\AL\maya\test\CMakeFiles\AL_MayaTest.dir\testHelpers.cpp.obj
    [146/537] Building CXX object plugin\al\mayautils\AL\maya\CMakeFiles\AL_MayaUtils.dir\utils\MenuBuilder.cpp.obj
    [147/537] Building CXX object lib\mayaUsd\CMakeFiles\mayaUsd.dir\undo\UsdUndoBlock.cpp.obj
    [148/537] Building CXX object plugin\al\mayautils\AL\maya\CMakeFiles\AL_MayaUtils.dir\utils\Utils.cpp.obj
    [149/537] Linking CXX shared library plugin\al\mayatest\AL\maya\test\AL_MayaTest.dll
       Creating library plugin\al\mayatest\AL\maya\test\AL_MayaTest.lib and object plugin\al\mayatest\AL\maya\test\AL_MayaTest.exp
       Creating library plugin\al\mayatest\AL\maya\test\AL_MayaTest.lib and object plugin\al\mayatest\AL\maya\test\AL_MayaTest.exp
    [150/537] Building CXX object plugin\al\mayautils\AL\maya\CMakeFiles\AL_MayaUtils.dir\utils\FileTranslatorOptions.cpp.obj
    [151/537] Building CXX object lib\mayaUsd\CMakeFiles\mayaUsd.dir\ufe\private\Utils.cpp.obj
    [152/537] Building CXX object plugin\al\mayautils\AL\maya\CMakeFiles\AL_MayaUtils.dir\event\MayaEventManager.cpp.obj
    [153/537] Building CXX object lib\mayaUsd\CMakeFiles\mayaUsd.dir\ufe\UsdUndoRenameCommand.cpp.obj
    [154/537] Building CXX object plugin\al\mayautils\AL\maya\CMakeFiles\AL_MayaUtils.dir\utils\CommandGuiHelper.cpp.obj
    [155/537] Building CXX object plugin\al\mayautils\AL\maya\CMakeFiles\AL_MayaUtils.dir\utils\PluginTranslatorOptions.cpp.obj
    [156/537] Building CXX object plugin\al\mayautils\AL\maya\tests\mayaplugintest\CMakeFiles\AL_MayaUtilsTests.dir\plugin.cpp.obj
    [157/537] Building CXX object plugin\al\mayautils\AL\maya\tests\mayaplugintest\CMakeFiles\AL_MayaUtilsTests.dir\utils\CommandGuiHelperTest.cpp.obj
    [158/537] Building CXX object plugin\al\mayautils\AL\maya\tests\mayaplugintest\CMakeFiles\AL_MayaUtilsTests.dir\test_mobjectmap.cpp.obj
    [159/537] Building CXX object plugin\al\mayautils\AL\maya\tests\mayaplugintest\CMakeFiles\AL_MayaUtilsTests.dir\utils\NodeHelperUnitTest.cpp.obj
    [160/537] Building CXX object lib\mayaUsd\CMakeFiles\mayaUsd.dir\undo\UsdUndoStateDelegate.cpp.obj
    [161/537] Building CXX object plugin\al\mayautils\AL\maya\tests\mayaplugintest\CMakeFiles\AL_MayaUtilsTests.dir\utils\PluginTranslatorOptionsTest.cpp.obj
    [162/537] Building CXX object lib\mayaUsd\CMakeFiles\mayaUsd.dir\utils\converter.cpp.obj
    [163/537] Building CXX object plugin\al\mayautils\AL\maya\tests\mayaplugintest\CMakeFiles\AL_MayaUtilsTests.dir\test_maya_MenuBuilder.cpp.obj
    [164/537] Building CXX object lib\mayaUsd\CMakeFiles\mayaUsd.dir\utils\undoHelperCommand.cpp.obj
    [165/537] Building CXX object plugin\al\mayautils\AL\maya\tests\mayaplugintest\CMakeFiles\AL_MayaUtilsTests.dir\test_maya_NodeHelper.cpp.obj
    [166/537] Building CXX object plugin\al\usdtransaction\AL\usd\transaction\CMakeFiles\_AL_USDTransaction.dir\module.cpp.obj
    [167/537] Building CXX object lib\mayaUsd\CMakeFiles\mayaUsd.dir\ufe\Utils.cpp.obj
    [168/537] Building CXX object lib\mayaUsd\CMakeFiles\mayaUsd.dir\utils\query.cpp.obj
    [169/537] Building CXX object lib\mayaUsd\CMakeFiles\mayaUsd.dir\utils\stageCache.cpp.obj
    [170/537] Building CXX object plugin\al\usdtransaction\AL\usd\transaction\tests\CMakeFiles\AL_USDTransactionTests.dir\testMain.cpp.obj
    [171/537] Building CXX object plugin\al\usdmayautils\AL\usdmaya\utils\CMakeFiles\AL_USDMayaUtils.dir\AttributeType.cpp.obj
    [172/537] Building CXX object plugin\al\usdtransaction\AL\usd\transaction\CMakeFiles\AL_USDTransaction.dir\Notice.cpp.obj
    TBB Warning: tbb/atomic.h is deprecated. For details, please see Deprecated Features appendix in the TBB reference manual.
    TBB Warning: tbb/task.h is deprecated. For details, please see Deprecated Features appendix in the TBB reference manual.
    [173/537] Building CXX object lib\mayaUsd\CMakeFiles\mayaUsd.dir\utils\util.cpp.obj
    [174/537] Building CXX object plugin\al\lib\AL_USDMaya\CMakeFiles\AL_USDMaya.dir\AL\usdmaya\Metadata.cpp.obj
    [175/537] Building CXX object plugin\al\usdmayautils\AL\usdmaya\utils\CMakeFiles\AL_USDMayaUtils.dir\NurbsCurveUtils.cpp.obj
    [176/537] Building CXX object plugin\al\usdtransaction\AL\usd\transaction\CMakeFiles\AL_USDTransaction.dir\Transaction.cpp.obj
    TBB Warning: tbb/atomic.h is deprecated. For details, please see Deprecated Features appendix in the TBB reference manual.
    TBB Warning: tbb/task.h is deprecated. For details, please see Deprecated Features appendix in the TBB reference manual.
    [177/537] Building CXX object plugin\al\usdmayautils\AL\usdmaya\utils\CMakeFiles\AL_USDMayaUtils.dir\Utils.cpp.obj
    [178/537] Building CXX object plugin\al\lib\AL_USDMaya\CMakeFiles\AL_USDMaya.dir\AL\usdmaya\DebugCodes.cpp.obj
    [179/537] Building CXX object plugin\al\usdmayautils\AL\usdmaya\utils\CMakeFiles\AL_USDMayaUtils.dir\DiffPrimVar.cpp.obj
    [180/537] Building CXX object plugin\al\usdtransaction\AL\usd\transaction\CMakeFiles\_AL_USDTransaction.dir\wrapNotice.cpp.obj
    TBB Warning: tbb/atomic.h is deprecated. For details, please see Deprecated Features appendix in the TBB reference manual.
    TBB Warning: tbb/task.h is deprecated. For details, please see Deprecated Features appendix in the TBB reference manual.
    [181/537] Building CXX object plugin\al\usdtransaction\AL\usd\transaction\CMakeFiles\AL_USDTransaction.dir\TransactionManager.cpp.obj
    TBB Warning: tbb/atomic.h is deprecated. For details, please see Deprecated Features appendix in the TBB reference manual.
    TBB Warning: tbb/task.h is deprecated. For details, please see Deprecated Features appendix in the TBB reference manual.
    [182/537] Building CXX object plugin\al\usdmayautils\AL\usdmaya\utils\CMakeFiles\AL_USDMayaUtils.dir\MeshUtils.cpp.obj
    [183/537] Running utility command for MAYAUSD_TEST
    [184/537] Running utility command for MAYAUSD_NODES_TEST
    [185/537] Building CXX object plugin\al\usdtransaction\AL\usd\transaction\tests\CMakeFiles\AL_USDTransactionTests.dir\testTransactionManager.cpp.obj
    TBB Warning: tbb/atomic.h is deprecated. For details, please see Deprecated Features appendix in the TBB reference manual.
    TBB Warning: tbb/task.h is deprecated. For details, please see Deprecated Features appendix in the TBB reference manual.
    [186/537] Running utility command for MAYAUSD_UNDO_TEST
    [187/537] Linking CXX shared library plugin\al\usdtransaction\AL\usd\transaction\AL_USDTransaction.dll
       Creating library plugin\al\usdtransaction\AL\usd\transaction\AL_USDTransaction.lib and object plugin\al\usdtransaction\AL\usd\transaction\AL_USDTransaction.exp
       Creating library plugin\al\usdtransaction\AL\usd\transaction\AL_USDTransaction.lib and object plugin\al\usdtransaction\AL\usd\transaction\AL_USDTransaction.exp
    [188/537] Building CXX object plugin\al\lib\AL_USDMaya\CMakeFiles\AL_USDMaya.dir\AL\usdmaya\CodeTimings.cpp.obj
    [189/537] Building CXX object plugin\al\usdmayautils\AL\usdmaya\utils\CMakeFiles\AL_USDMayaUtils.dir\AnimationTranslator.cpp.obj
    [190/537] Building CXX object test\lib\usd\plugin\CMakeFiles\usdTestMayaPlugin.dir\plugin.cpp.obj
    [191/537] Running utility command for MAYAUSD_SCHEMA_TEST
    [192/537] Running utility command for UFE_TEST
    [193/537] Running utility command for MAYAUSD_PXR_USD_PREVIEW_SURFACE_TEST
    [194/537] Building CXX object plugin\al\lib\AL_USDMaya\CMakeFiles\AL_USDMaya.dir\AL\usdmaya\StageCache.cpp.obj
    [195/537] Building CXX object plugin\al\usdtransaction\AL\usd\transaction\CMakeFiles\_AL_USDTransaction.dir\wrapTransaction.cpp.obj
    TBB Warning: tbb/atomic.h is deprecated. For details, please see Deprecated Features appendix in the TBB reference manual.
    TBB Warning: tbb/task.h is deprecated. For details, please see Deprecated Features appendix in the TBB reference manual.
    [196/537] Building CXX object test\lib\usd\utils\CMakeFiles\DiffCore.dir\main.cpp.obj
    [197/537] Building CXX object plugin\al\lib\AL_USDMaya\CMakeFiles\AL_USDMaya.dir\AL\usdmaya\moduleDeps.cpp.obj
    [198/537] Building CXX object plugin\al\usdtransaction\AL\usd\transaction\CMakeFiles\_AL_USDTransaction.dir\wrapTransactionManager.cpp.obj
    TBB Warning: tbb/atomic.h is deprecated. For details, please see Deprecated Features appendix in the TBB reference manual.
    TBB Warning: tbb/task.h is deprecated. For details, please see Deprecated Features appendix in the TBB reference manual.
    [199/537] Building CXX object test\lib\usd\utils\CMakeFiles\DiffCore.dir\test_DiffCore.cpp.obj
    [200/537] Linking CXX shared library plugin\al\usdtransaction\AL\usd\transaction\_AL_USDTransaction.pyd
       Creating library plugin\al\usdtransaction\AL\usd\transaction\_AL_USDTransaction.lib and object plugin\al\usdtransaction\AL\usd\transaction\_AL_USDTransaction.exp
       Creating library plugin\al\usdtransaction\AL\usd\transaction\_AL_USDTransaction.lib and object plugin\al\usdtransaction\AL\usd\transaction\_AL_USDTransaction.exp
    [201/537] Building CXX object plugin\al\lib\AL_USDMaya\CMakeFiles\AL_USDMaya.dir\AL\usdmaya\cmds\DebugCommands.cpp.obj
    [202/537] Building CXX object plugin\al\usdmayautils\AL\usdmaya\utils\CMakeFiles\AL_USDMayaUtils.dir\DgNodeHelper.cpp.obj
    [203/537] Building CXX object plugin\al\lib\AL_USDMaya\CMakeFiles\AL_USDMaya.dir\AL\usdmaya\cmds\EventCommand.cpp.obj
    [204/537] Building CXX object plugin\al\lib\AL_USDMaya\CMakeFiles\AL_USDMaya.dir\AL\usdmaya\cmds\SyncFileIOGui.cpp.obj
    [205/537] Building CXX object plugin\al\usdtransaction\AL\usd\transaction\tests\CMakeFiles\AL_USDTransactionTests.dir\testTransaction.cpp.obj
    TBB Warning: tbb/atomic.h is deprecated. For details, please see Deprecated Features appendix in the TBB reference manual.
    TBB Warning: tbb/task.h is deprecated. For details, please see Deprecated Features appendix in the TBB reference manual.
    [206/537] Building CXX object plugin\al\lib\AL_USDMaya\CMakeFiles\AL_USDMaya.dir\AL\usdmaya\cmds\RendererCommands.cpp.obj
    [207/537] Running utility command for MAYAUSD_RENDER_PXRUSDMAYAGL_TEST
    [208/537] Linking CXX executable plugin\al\usdtransaction\AL\usd\transaction\tests\AL_USDTransactionTests.exe
    [209/537] Building CXX object plugin\al\lib\AL_USDMaya\CMakeFiles\AL_USDMaya.dir\AL\usdmaya\TransformOperation.cpp.obj
    [210/537] Building CXX object plugin\al\lib\AL_USDMaya\CMakeFiles\AL_USDMaya.dir\AL\usdmaya\SelectabilityDB.cpp.obj
    [211/537] Building CXX object test\lib\usd\plugin\CMakeFiles\usdTestMayaPlugin.dir\mayaShaderTranslation.cpp.obj
    [212/537] Building CXX object plugin\al\lib\AL_USDMaya\CMakeFiles\AL_USDMaya.dir\AL\usdmaya\cmds\CreateUsdPrim.cpp.obj
    [213/537] Building CXX object plugin\al\lib\AL_USDMaya\CMakeFiles\AL_USDMaya.dir\AL\usdmaya\cmds\ListTranslators.cpp.obj
    [214/537] Building CXX object test\lib\usd\plugin\CMakeFiles\usdTestUsdPlugin.dir\mayaShaderTranslation.cpp.obj
    [215/537] Building CXX object plugin\al\lib\AL_USDMaya\CMakeFiles\AL_USDMaya.dir\AL\usdmaya\cmds\ProxyShapePostLoadProcess.cpp.obj
    [216/537] Building CXX object plugin\al\lib\AL_USDMaya\CMakeFiles\AL_USDMaya.dir\AL\usdmaya\Global.cpp.obj
    [217/537] Building CXX object plugin\al\lib\AL_USDMaya\CMakeFiles\AL_USDMaya.dir\AL\usdmaya\fileio\AnimationTranslator.cpp.obj
    [218/537] Building CXX object plugin\al\lib\AL_USDMaya\CMakeFiles\AL_USDMaya.dir\AL\usdmaya\cmds\LayerCommands.cpp.obj
    [219/537] Building CXX object plugin\al\lib\AL_USDMaya\CMakeFiles\AL_USDMaya.dir\AL\usdmaya\fileio\ExportTranslator.cpp.obj
    [220/537] Building CXX object plugin\al\lib\AL_USDMaya\CMakeFiles\AL_USDMaya.dir\AL\usdmaya\cmds\UnloadPrim.cpp.obj
    [221/537] Building CXX object plugin\al\lib\AL_USDMaya\CMakeFiles\AL_USDMaya.dir\AL\usdmaya\fileio\SchemaPrims.cpp.obj
    [222/537] Building CXX object plugin\al\lib\AL_USDMaya\CMakeFiles\AL_USDMaya.dir\AL\usdmaya\fileio\NodeFactory.cpp.obj
    [223/537] Building CXX object plugin\al\lib\AL_USDMaya\CMakeFiles\AL_USDMaya.dir\AL\usdmaya\cmds\ProxyShapeCommands.cpp.obj
    [224/537] Building CXX object plugin\al\lib\AL_USDMaya\CMakeFiles\AL_USDMaya.dir\AL\usdmaya\fileio\Export.cpp.obj
    [225/537] Building CXX object plugin\al\lib\AL_USDMaya\CMakeFiles\AL_USDMaya.dir\AL\usdmaya\nodes\Layer.cpp.obj
    [226/537] Building CXX object plugin\al\lib\AL_USDMaya\CMakeFiles\AL_USDMaya.dir\AL\usdmaya\fileio\Import.cpp.obj
    [227/537] Building CXX object plugin\al\lib\AL_USDMaya\CMakeFiles\AL_USDMaya.dir\AL\usdmaya\fileio\translators\DgNodeTranslator.cpp.obj
    [228/537] Building CXX object plugin\al\lib\AL_USDMaya\CMakeFiles\AL_USDMaya.dir\AL\usdmaya\fileio\ImportTranslator.cpp.obj
    [229/537] Building CXX object plugin\al\lib\AL_USDMaya\CMakeFiles\AL_USDMaya.dir\AL\usdmaya\fileio\translators\TransformTranslator.cpp.obj
    [230/537] Building CXX object plugin\al\lib\AL_USDMaya\CMakeFiles\AL_USDMaya.dir\AL\usdmaya\fileio\translators\DagNodeTranslator.cpp.obj
    [231/537] Building CXX object plugin\al\lib\AL_USDMaya\CMakeFiles\AL_USDMaya.dir\AL\usdmaya\fileio\TransformIterator.cpp.obj
    [232/537] Building CXX object plugin\al\lib\AL_USDMaya\CMakeFiles\AL_USDMaya.dir\AL\usdmaya\fileio\translators\TranslatorTestPlugin.cpp.obj
    [233/537] Building CXX object plugin\al\lib\AL_USDMaya\CMakeFiles\AL_USDMaya.dir\AL\usdmaya\fileio\translators\TestExtraDataPlugin.cpp.obj
    [234/537] Building CXX object plugin\al\lib\AL_USDMaya\CMakeFiles\AL_USDMaya.dir\AL\usdmaya\fileio\translators\TranslatorContext.cpp.obj
    [235/537] Building CXX object plugin\al\lib\AL_USDMaya\CMakeFiles\AL_USDMaya.dir\AL\usdmaya\fileio\translators\TranslatorTestType.cpp.obj
    [236/537] Building CXX object plugin\al\lib\AL_USDMaya\CMakeFiles\AL_USDMaya.dir\AL\usdmaya\fileio\translators\TranslatorBase.cpp.obj
    [237/537] Building CXX object plugin\al\lib\AL_USDMaya\CMakeFiles\AL_USDMaya.dir\AL\usdmaya\fileio\translators\ExtraDataPlugin.cpp.obj
    [238/537] Building CXX object plugin\al\lib\AL_USDMaya\CMakeFiles\AL_USDMaya.dir\AL\usdmaya\nodes\proxy\LockManager.cpp.obj
    [239/537] Building CXX object plugin\al\lib\AL_USDMaya\CMakeFiles\AL_USDMaya.dir\AL\usdmaya\nodes\ProxyUsdGeomCamera.cpp.obj
    [240/537] Building CXX object plugin\al\lib\AL_USDMaya\CMakeFiles\AL_USDMaya.dir\AL\usdmaya\nodes\LayerManager.cpp.obj
    [241/537] Building CXX object plugin\al\lib\AL_USDMaya\CMakeFiles\AL_USDMaya.dir\AL\usdmaya\nodes\ProxyDrawOverride.cpp.obj
    [242/537] Building CXX object plugin\al\lib\AL_USDMaya\CMakeFiles\AL_USDMaya.dir\AL\usdmaya\nodes\MeshAnimCreator.cpp.obj
    [243/537] Building CXX object plugin\al\lib\AL_USDMaya\CMakeFiles\AL_USDMaya.dir\AL\usdmaya\nodes\MeshAnimDeformer.cpp.obj
    [244/537] Building CXX object plugin\al\lib\AL_USDMaya\CMakeFiles\AL_USDMaya.dir\AL\usdmaya\nodes\Engine.cpp.obj
    [245/537] Building CXX object plugin\al\lib\AL_USDMaya\CMakeFiles\_AL_USDMaya.dir\AL\usdmaya\module.cpp.obj
    [246/537] Building CXX object plugin\al\lib\AL_USDMaya\CMakeFiles\AL_USDMaya.dir\AL\usdmaya\nodes\Transform.cpp.obj
    [247/537] Building CXX object plugin\al\lib\AL_USDMaya\CMakeFiles\AL_USDMaya.dir\AL\usdmaya\nodes\RendererManager.cpp.obj
    [248/537] Building CXX object plugin\al\lib\AL_USDMaya\CMakeFiles\AL_USDMaya.dir\AL\usdmaya\nodes\BasicTransformationMatrix.cpp.obj
    [249/537] Building CXX object plugin\al\lib\AL_USDMaya\CMakeFiles\AL_USDMaya.dir\AL\usdmaya\nodes\ProxyShapeSelection.cpp.obj
    [250/537] Building CXX object plugin\al\lib\AL_USDMaya\CMakeFiles\AL_USDMaya.dir\AL\usdmaya\nodes\proxy\PrimFilter.cpp.obj
    [251/537] Building CXX object plugin\al\lib\AL_USDMaya\CMakeFiles\AL_USDMaya.dir\AL\usdmaya\nodes\Scope.cpp.obj
    [252/537] Building CXX object plugin\al\lib\AL_USDMaya\CMakeFiles\AL_USDMaya.dir\AL\usdmaya\nodes\TransformationMatrix.cpp.obj
    [253/537] Building CXX object plugin\al\lib\AL_USDMaya\CMakeFiles\_AL_USDMaya.dir\AL\usdmaya\wrapStageCache.cpp.obj
    [254/537] Building CXX object plugin\al\lib\AL_USDMaya\CMakeFiles\AL_USDMaya.dir\AL\usdmaya\nodes\ProxyShapeUI.cpp.obj
    [255/537] Building CXX object plugin\al\lib\AL_USDMaya\CMakeFiles\AL_USDMaya.dir\AL\usdmaya\nodes\proxy\ProxyShapeVariantFallbacks.cpp.obj
    [256/537] Building CXX object plugin\al\plugin\AL_USDMayaTestPlugin\CMakeFiles\AL_USDMayaTestPlugin.dir\AL\usdmaya\nodes\test_ProxyShapeSelectabilityDB.cpp.obj
    [257/537] Building CXX object plugin\al\lib\AL_USDMaya\CMakeFiles\AL_USDMaya.dir\AL\usdmaya\nodes\proxy\ProxyShapeMetaData.cpp.obj
    [258/537] Building CXX object plugin\al\plugin\AL_USDMayaTestPlugin\CMakeFiles\AL_USDMayaTestPlugin.dir\AL\maya\test_EventHandler.cpp.obj
    [259/537] Building CXX object plugin\al\plugin\AL_USDMayaTestPlugin\CMakeFiles\AL_USDMayaTestPlugin.dir\AL\usdmaya\nodes\test_lockPrims.cpp.obj
    [260/537] Building CXX object plugin\al\lib\AL_USDMaya\CMakeFiles\AL_USDMaya.dir\AL\usdmaya\nodes\ProxyShape.cpp.obj
    [261/537] Building CXX object plugin\al\plugin\AL_USDMayaTestPlugin\CMakeFiles\AL_USDMayaTestPlugin.dir\AL\usdmaya\nodes\test_LayerManager.cpp.obj
    [262/537] Building CXX object plugin\al\plugin\AL_USDMayaTestPlugin\CMakeFiles\AL_USDMayaTestPlugin.dir\AL\usdmaya\nodes\test_ProxyShape.cpp.obj
    [263/537] Building CXX object plugin\al\lib\AL_USDMaya\CMakeFiles\_AL_USDMaya.dir\AL\usdmaya\nodes\wrapLayerManager.cpp.obj
    [264/537] Building CXX object plugin\al\lib\AL_USDMaya\CMakeFiles\_AL_USDMaya.dir\AL\usdmaya\nodes\wrapProxyShape.cpp.obj
    [265/537] Building CXX object plugin\al\plugin\AL_USDMayaTestPlugin\CMakeFiles\AL_USDMayaTestPlugin.dir\AL\maya\test_MatrixToSRT.cpp.obj
    [266/537] Building CXX object plugin\al\plugin\AL_USDMayaTestPlugin\CMakeFiles\AL_USDMayaTestPlugin.dir\AL\maya\test_MayaEventManager.cpp.obj
    [267/537] Building CXX object plugin\al\lib\AL_USDMaya\CMakeFiles\_AL_USDMaya.dir\AL\usdmaya\fileio\translators\wrapTranslatorContext.cpp.obj
    [268/537] Building CXX object plugin\al\lib\AL_USDMaya\CMakeFiles\_AL_USDMaya.dir\AL\usdmaya\fileio\translators\wrapTranslatorBase.cpp.obj
    [269/537] Building CXX object plugin\al\plugin\AL_USDMayaTestPlugin\CMakeFiles\AL_USDMayaTestPlugin.dir\plugin.cpp.obj
    [270/537] Building CXX object plugin\al\plugin\AL_USDMayaTestPlugin\CMakeFiles\AL_USDMayaTestPlugin.dir\AL\usdmaya\commands\test_ExportCommands.cpp.obj
    [271/537] Building CXX object plugin\al\plugin\AL_USDMayaPlugin\CMakeFiles\AL_USDMayaPlugin.dir\plugin.cpp.obj
    [272/537] Building CXX object plugin\al\plugin\AL_USDMayaTestPlugin\CMakeFiles\AL_USDMayaTestPlugin.dir\AL\usdmaya\commands\test_LayerCommands.cpp.obj
    [273/537] Building CXX object plugin\al\plugin\AL_USDMayaTestPlugin\CMakeFiles\AL_USDMayaTestPlugin.dir\AL\usdmaya\commands\test_TranslateCommand.cpp.obj
    [274/537] Building CXX object plugin\al\plugin\AL_USDMayaTestPlugin\CMakeFiles\AL_USDMayaTestPlugin.dir\AL\usdmaya\commands\test_InternalProxySelection.cpp.obj
    [275/537] Building CXX object plugin\al\plugin\AL_USDMayaTestPlugin\CMakeFiles\AL_USDMayaTestPlugin.dir\AL\usdmaya\commands\test_ProxyShapeImport.cpp.obj
    [276/537] Building CXX object plugin\al\plugin\AL_USDMayaTestPlugin\CMakeFiles\AL_USDMayaTestPlugin.dir\AL\usdmaya\commands\test_LayerManagerCommands.cpp.obj
    [277/537] Building CXX object plugin\al\plugin\AL_USDMayaTestPlugin\CMakeFiles\AL_USDMayaTestPlugin.dir\AL\usdmaya\fileio\export_import_instancing.cpp.obj
    [278/537] Building CXX object plugin\al\plugin\AL_USDMayaTestPlugin\CMakeFiles\AL_USDMayaTestPlugin.dir\AL\usdmaya\fileio\export_blendshape.cpp.obj
    [279/537] Building CXX object plugin\al\plugin\AL_USDMayaTestPlugin\CMakeFiles\AL_USDMayaTestPlugin.dir\AL\usdmaya\fileio\export_ik.cpp.obj
    [280/537] Building CXX object lib\mayaUsd\python\CMakeFiles\_mayaUsd.dir\module.cpp.obj
    [281/537] Building CXX object plugin\al\plugin\AL_USDMayaTestPlugin\CMakeFiles\AL_USDMayaTestPlugin.dir\AL\usdmaya\fileio\test_activeInActiveTranslators.cpp.obj
    [282/537] Building CXX object plugin\al\plugin\AL_USDMayaTestPlugin\CMakeFiles\AL_USDMayaTestPlugin.dir\AL\usdmaya\fileio\export_lattice.cpp.obj
    [283/537] Building CXX object plugin\al\plugin\AL_USDMayaTestPlugin\CMakeFiles\AL_USDMayaTestPlugin.dir\AL\usdmaya\fileio\export_constraints.cpp.obj
    [284/537] Building CXX object plugin\al\plugin\AL_USDMayaTestPlugin\CMakeFiles\AL_USDMayaTestPlugin.dir\AL\usdmaya\fileio\export_unmerged.cpp.obj
    [285/537] Building CXX object plugin\al\plugin\AL_USDMayaTestPlugin\CMakeFiles\AL_USDMayaTestPlugin.dir\AL\usdmaya\commands\test_ProxyShapeSelect.cpp.obj
    [286/537] Building CXX object plugin\al\plugin\AL_USDMayaTestPlugin\CMakeFiles\AL_USDMayaTestPlugin.dir\AL\usdmaya\fileio\import_instances.cpp.obj
    [287/537] Building CXX object lib\mayaUsd\python\CMakeFiles\_mayaUsd.dir\wrapBlockSceneModificationContext.cpp.obj
    [288/537] Building CXX object plugin\al\plugin\AL_USDMayaTestPlugin\CMakeFiles\AL_USDMayaTestPlugin.dir\AL\usdmaya\fileio\export_multiple_shapes.cpp.obj
    [289/537] Building CXX object lib\mayaUsd\python\CMakeFiles\_mayaUsd.dir\wrapColorSpace.cpp.obj
    [290/537] Building CXX object plugin\al\plugin\AL_USDMayaTestPlugin\CMakeFiles\AL_USDMayaTestPlugin.dir\AL\usdmaya\fileio\export_nonlinear.cpp.obj
    [291/537] Building CXX object lib\mayaUsd\python\CMakeFiles\_mayaUsd.dir\wrapDiagnosticDelegate.cpp.obj
    [292/537] Building CXX object lib\mayaUsd\ufe\CMakeFiles\_ufe.dir\module.cpp.obj
    [293/537] Building CXX object lib\mayaUsd\python\CMakeFiles\_mayaUsd.dir\wrapReadUtil.cpp.obj
    [294/537] Building CXX object lib\mayaUsd\python\CMakeFiles\_mayaUsd.dir\wrapQuery.cpp.obj
    [295/537] Building CXX object lib\mayaUsd\python\CMakeFiles\_mayaUsd.dir\wrapUsdUndoManager.cpp.obj
    [296/537] Building CXX object lib\mayaUsd\python\CMakeFiles\_mayaUsd.dir\wrapMeshWriteUtils.cpp.obj
    [297/537] Building CXX object plugin\al\plugin\AL_USDMayaTestPlugin\CMakeFiles\AL_USDMayaTestPlugin.dir\AL\usdmaya\nodes\test_ActiveInactive.cpp.obj
    [298/537] Building CXX object plugin\al\plugin\AL_USDMayaTestPlugin\CMakeFiles\AL_USDMayaTestPlugin.dir\AL\usdmaya\nodes\proxy\test_PrimFilter.cpp.obj
    [299/537] Building CXX object lib\mayaUsd\python\CMakeFiles\_mayaUsd.dir\wrapStageCache.cpp.obj
    [300/537] Building CXX object plugin\al\plugin\AL_USDMayaTestPlugin\CMakeFiles\AL_USDMayaTestPlugin.dir\AL\usdmaya\nodes\test_ExtraDataPlugin.cpp.obj
    [301/537] Building CXX object lib\mayaUsd\python\CMakeFiles\_mayaUsd.dir\wrapConverter.cpp.obj
    [302/537] Building CXX object lib\mayaUsd\ufe\CMakeFiles\_ufe.dir\wrapGlobal.cpp.obj
    [303/537] Building CXX object lib\mayaUsd\render\mayaToHydra\CMakeFiles\mtoh.dir\tokens.cpp.obj
    [304/537] Building CXX object lib\mayaUsd\python\CMakeFiles\_mayaUsd.dir\wrapAdaptor.cpp.obj
    [305/537] Building CXX object lib\mayaUsd\render\mayaToHydra\CMakeFiles\mtoh.dir\pluginDebugCodes.cpp.obj
    [306/537] Building CXX object lib\mayaUsd\python\CMakeFiles\_mayaUsd.dir\wrapUserTaggedAttribute.cpp.obj
    [307/537] Building CXX object lib\mayaUsd\python\CMakeFiles\_mayaUsd.dir\wrapWriteUtil.cpp.obj
    [308/537] Building CXX object lib\usd\hdMaya\CMakeFiles\hdMaya.dir\debugCodes.cpp.obj
    [309/537] Building CXX object lib\mayaUsd\python\CMakeFiles\_mayaUsd.dir\wrapRoundTripUtil.cpp.obj
    [310/537] Building CXX object lib\usd\hdMaya\CMakeFiles\hdMaya.dir\adapters\adapterDebugCodes.cpp.obj
    [311/537] Building CXX object lib\mayaUsd\python\CMakeFiles\_mayaUsd.dir\wrapXformStack.cpp.obj
    [312/537] Building CXX object lib\mayaUsd\render\mayaToHydra\CMakeFiles\mtoh.dir\utils.cpp.obj
    [313/537] Building CXX object lib\mayaUsd\ufe\CMakeFiles\_ufe.dir\wrapNotice.cpp.obj
    [314/537] Building CXX object lib\usd\hdMaya\CMakeFiles\hdMaya.dir\utils.cpp.obj
    [315/537] Building CXX object lib\usd\hdMaya\CMakeFiles\hdMaya.dir\adapters\mayaAttrs.cpp.obj
    [316/537] Building CXX object lib\usd\hdMaya\CMakeFiles\hdMaya.dir\adapters\adapter.cpp.obj
    [317/537] Building CXX object lib\mayaUsd\ufe\CMakeFiles\_ufe.dir\wrapUtils.cpp.obj
    [318/537] Building CXX object lib\usd\hdMaya\CMakeFiles\hdMaya.dir\adapters\lightAdapter.cpp.obj
    [319/537] Building CXX object lib\usd\hdMaya\CMakeFiles\hdMaya.dir\adapters\areaLightAdapter.cpp.obj
    [320/537] Building CXX object lib\mayaUsd\render\mayaToHydra\CMakeFiles\mtoh.dir\plugin.cpp.obj
    [321/537] Building CXX object lib\usd\hdMaya\CMakeFiles\hdMaya.dir\adapters\dagAdapter.cpp.obj
    [322/537] Building CXX object lib\mayaUsd\render\mayaToHydra\CMakeFiles\mtoh.dir\shadingModeExporter.cpp.obj
    [323/537] Building CXX object lib\usd\hdMaya\CMakeFiles\hdMaya.dir\adapters\adapterRegistry.cpp.obj
    [324/537] Building CXX object lib\mayaUsd\render\mayaToHydra\CMakeFiles\mtoh.dir\defaultLightDelegate.cpp.obj
    [325/537] Building CXX object lib\usd\hdMaya\CMakeFiles\hdMaya.dir\delegates\delegateDebugCodes.cpp.obj
    [326/537] Building CXX object lib\usd\hdMaya\CMakeFiles\hdMaya.dir\adapters\tokens.cpp.obj
    [327/537] Building CXX object lib\mayaUsd\render\mayaToHydra\CMakeFiles\mtoh.dir\renderOverride.cpp.obj
    [328/537] Building CXX object lib\mayaUsd\render\mayaToHydra\CMakeFiles\mtoh.dir\viewCommand.cpp.obj
    [329/537] Building CXX object lib\usd\hdMaya\CMakeFiles\hdMaya.dir\adapters\aiSkydomeLightAdapter.cpp.obj
    [330/537] Building CXX object lib\mayaUsd\render\mayaToHydra\CMakeFiles\mtoh.dir\renderGlobals.cpp.obj
    [331/537] Building CXX object lib\usd\hdMaya\CMakeFiles\hdMaya.dir\adapters\directionalLightAdapter.cpp.obj
    [332/537] Building CXX object lib\usd\hdMaya\CMakeFiles\hdMaya.dir\adapters\nurbsCurveAdapter.cpp.obj
    [333/537] Building CXX object lib\usd\hdMaya\CMakeFiles\hdMaya.dir\adapters\pointLightAdapter.cpp.obj
    [334/537] Building CXX object lib\usd\hdMaya\CMakeFiles\hdMaya.dir\adapters\proxyAdapter.cpp.obj
    [335/537] Building CXX object lib\usd\pxrUsdPreviewSurface\CMakeFiles\basePxrUsdPreviewSurface.dir\usdPreviewSurfaceShadingNodeOverride.cpp.obj
    [336/537] Building CXX object lib\usd\hdMaya\CMakeFiles\hdMaya.dir\adapters\meshAdapter.cpp.obj
    [337/537] Building CXX object lib\usd\hdMaya\CMakeFiles\hdMaya.dir\delegates\delegate.cpp.obj
    [338/537] Building CXX object lib\usd\hdMaya\CMakeFiles\hdMaya.dir\adapters\shapeAdapter.cpp.obj
    [339/537] Building CXX object lib\usd\pxrUsdPreviewSurface\CMakeFiles\basePxrUsdPreviewSurface.dir\usdPreviewSurface.cpp.obj
    [340/537] Building CXX object lib\usd\hdMaya\CMakeFiles\hdMaya.dir\adapters\spotLightAdapter.cpp.obj
    [341/537] Building CXX object lib\usd\hdMaya\CMakeFiles\hdMaya.dir\delegates\delegateRegistry.cpp.obj
    [342/537] Building CXX object lib\usd\hdMaya\CMakeFiles\hdMaya.dir\adapters\materialAdapter.cpp.obj
    [343/537] Building CXX object lib\usd\hdMaya\CMakeFiles\hdMaya.dir\delegates\delegateCtx.cpp.obj
    [344/537] Building CXX object lib\usd\hdMaya\CMakeFiles\hdMaya.dir\adapters\materialNetworkConverter.cpp.obj
    [345/537] Building CXX object lib\usd\pxrUsdPreviewSurface\CMakeFiles\basePxrUsdPreviewSurface.dir\usdPreviewSurfaceReader.cpp.obj
    [346/537] Building CXX object lib\usd\hdMaya\CMakeFiles\hdMaya.dir\delegates\sceneDelegate.cpp.obj
    [347/537] Building CXX object lib\usd\pxrUsdPreviewSurface\CMakeFiles\basePxrUsdPreviewSurface.dir\usdPreviewSurfacePlugin.cpp.obj
    [348/537] Building CXX object lib\usd\hdMaya\CMakeFiles\hdMaya.dir\delegates\proxyUsdImagingDelegate.cpp.obj
    [349/537] Building CXX object lib\usd\pxrUsdPreviewSurface\CMakeFiles\basePxrUsdPreviewSurface.dir\usdPreviewSurfaceWriter.cpp.obj
    [350/537] Building CXX object lib\usd\hdMaya\CMakeFiles\hdMaya.dir\delegates\testDelegate.cpp.obj
    [351/537] Building CXX object lib\usd\translators\CMakeFiles\mayaUsd_Translators.dir\cameraReader.cpp.obj
    [352/537] Building CXX object lib\usd\hdMaya\CMakeFiles\hdMaya.dir\delegates\proxyDelegate.cpp.obj
    [353/537] Building CXX object lib\usd\translators\CMakeFiles\mayaUsd_Translators.dir\lightReader.cpp.obj
    [354/537] Building CXX object lib\usd\translators\CMakeFiles\mayaUsd_Translators.dir\instancerWriter.cpp.obj
    [355/537] Building CXX object lib\usd\translators\CMakeFiles\mayaUsd_Translators.dir\jointWriter.cpp.obj
    [356/537] Building CXX object lib\usd\translators\CMakeFiles\mayaUsd_Translators.dir\mayaReferenceReader.cpp.obj
    [357/537] Building CXX object lib\usd\translators\CMakeFiles\mayaUsd_Translators.dir\mayaReferenceUpdater.cpp.obj
    [358/537] Building CXX object lib\usd\translators\CMakeFiles\mayaUsd_Translators.dir\cameraWriter.cpp.obj
    [359/537] Building CXX object lib\usd\translators\CMakeFiles\mayaUsd_Translators.dir\locatorWriter.cpp.obj
    [360/537] Building CXX object lib\usd\translators\CMakeFiles\mayaUsd_Translators.dir\materialReader.cpp.obj
    [361/537] Building CXX object lib\usd\translators\CMakeFiles\mayaUsd_Translators.dir\lightWriter.cpp.obj
    [362/537] Building CXX object lib\usd\translators\CMakeFiles\mayaUsd_Translators.dir\nurbsCurveWriter.cpp.obj
    [363/537] Building CXX object lib\usd\translators\CMakeFiles\mayaUsd_Translators.dir\nurbsCurvesReader.cpp.obj
    [364/537] Building CXX object lib\usd\translators\CMakeFiles\mayaUsd_Translators.dir\meshReader.cpp.obj
    [365/537] Building CXX object lib\usd\translators\CMakeFiles\mayaUsd_Translators.dir\nurbsPatchReader.cpp.obj
    [366/537] Building CXX object lib\usd\translators\CMakeFiles\mayaUsd_Translators.dir\meshWriter.cpp.obj
    [367/537] Building CXX object lib\usd\translators\CMakeFiles\mayaUsd_Translators.dir\nurbsSurfaceWriter.cpp.obj
    [368/537] Building CXX object lib\usd\translators\CMakeFiles\mayaUsd_Translators.dir\skelReader.cpp.obj
    [369/537] Building CXX object lib\usd\translators\CMakeFiles\mayaUsd_Translators.dir\scopeReader.cpp.obj
    [370/537] Building CXX object lib\usd\translators\CMakeFiles\mayaUsd_Translators.dir\xformReader.cpp.obj
    [371/537] Building CXX object lib\usd\translators\CMakeFiles\mayaUsd_Translators.dir\shading\usdLambertWriter.cpp.obj
    [372/537] Building CXX object lib\usd\translators\CMakeFiles\mayaUsd_Translators.dir\strokeWriter.cpp.obj
    [373/537] Building CXX object lib\usd\translators\CMakeFiles\mayaUsd_Translators.dir\particleWriter.cpp.obj
    [374/537] Building CXX object lib\usd\translators\CMakeFiles\mayaUsd_Translators.dir\shading\usdBlinnWriter.cpp.obj
    [375/537] Building CXX object lib\usd\translators\CMakeFiles\mayaUsd_Translators.dir\shading\usdBlinnReader.cpp.obj
    [376/537] Building CXX object lib\usd\schemas\CMakeFiles\mayaUsd_Schemas.dir\tokens.cpp.obj
    [377/537] Building CXX object lib\usd\translators\CMakeFiles\mayaUsd_Translators.dir\shading\usdDisplacementShaderWriter.cpp.obj
    [378/537] Building CXX object lib\usd\translators\CMakeFiles\mayaUsd_Translators.dir\shading\usdLambertReader.cpp.obj
    [379/537] Building CXX object lib\usd\schemas\CMakeFiles\_schemas.dir\module.cpp.obj
    [380/537] Building CXX object lib\usd\translators\CMakeFiles\mayaUsd_Translators.dir\shading\usdPhongEWriter.cpp.obj
    [381/537] Building CXX object lib\usd\translators\CMakeFiles\mayaUsd_Translators.dir\shading\usdMaterialReader.cpp.obj
    [382/537] Building CXX object lib\usd\utils\CMakeFiles\mayaUsdUtils.dir\DebugCodes.cpp.obj
    [383/537] Building CXX object lib\usd\schemas\CMakeFiles\mayaUsd_Schemas.dir\ModuleDeps.cpp.obj
    [384/537] Building CXX object lib\usd\utils\CMakeFiles\mayaUsdUtils.dir\DiffCore.cpp.obj
    [385/537] Copying translatorModelAssembly.h ...
    [386/537] Building CXX object lib\usd\translators\CMakeFiles\mayaUsd_Translators.dir\shading\usdFileTextureWriter.cpp.obj
    [387/537] Copying editUtil.h ...
    [388/537] Copying api.h ...
    [389/537] Copying instancerShapeAdapterWithSceneAssembly.h ...
    [390/537] Building CXX object lib\usd\schemas\CMakeFiles\_schemas.dir\wrapTokens.cpp.obj
    [391/537] Copying exportCommand.h ...
    [392/537] Building CXX object lib\usd\translators\CMakeFiles\mayaUsd_Translators.dir\shading\usdPhongReader.cpp.obj
    [393/537] Copying importCommand.h ...
    [394/537] Generating __init__.pyc
    [395/537] Generating AEpxrUsdReferenceAssemblyTemplate.pyc
    [396/537] Copying importTranslator.h ...
    [397/537] Copying listShadingModesCommand.h ...
    [398/537] Copying proxyShape.h ...
    [399/537] Copying referenceAssembly.h ...
    [400/537] Copying exportTranslator.h ...
    [401/537] Copying readJobWithSceneAssembly.h ...
    [402/537] Building CXX object lib\usd\translators\CMakeFiles\mayaUsd_Translators.dir\shading\usdPhongWriter.cpp.obj
    [403/537] Copying api.h ...
    [404/537] Copying api.h ...
    [405/537] Generating userExportedAttributesUI.pyc
    [406/537] Building CXX object lib\usd\translators\CMakeFiles\mayaUsd_Translators.dir\shading\usdMaterialWriter.cpp.obj
    [407/537] Building CXX object lib\usd\translators\CMakeFiles\mayaUsd_Translators.dir\shading\usdStandardSurfaceWriter.cpp.obj
    [408/537] Building CXX object lib\usd\translators\CMakeFiles\mayaUsd_Translators.dir\shading\usdReflectWriter.cpp.obj
    [409/537] Building CXX object lib\usd\schemas\CMakeFiles\mayaUsd_Schemas.dir\ALMayaReference.cpp.obj
    TBB Warning: tbb/atomic.h is deprecated. For details, please see Deprecated Features appendix in the TBB reference manual.
    TBB Warning: tbb/task.h is deprecated. For details, please see Deprecated Features appendix in the TBB reference manual.
    [410/537] Building CXX object lib\usd\translators\CMakeFiles\mayaUsd_Translators.dir\shading\usdStandardSurfaceReader.cpp.obj
    [411/537] Building CXX object plugin\pxr\maya\lib\usdMaya\CMakeFiles\usdMaya.dir\listShadingModesCommand.cpp.obj
    [412/537] Building CXX object lib\usd\schemas\CMakeFiles\mayaUsd_Schemas.dir\MayaReference.cpp.obj
    TBB Warning: tbb/atomic.h is deprecated. For details, please see Deprecated Features appendix in the TBB reference manual.
    TBB Warning: tbb/task.h is deprecated. For details, please see Deprecated Features appendix in the TBB reference manual.
    [413/537] Linking CXX shared library lib\usd\schemas\mayaUsd_Schemas.dll
       Creating library lib\usd\schemas\mayaUsd_Schemas.lib and object lib\usd\schemas\mayaUsd_Schemas.exp
    ALMayaReference.cpp.obj : warning LNK4217: locally defined symbol ??1MayaUsd_SchemasMayaReference@pxrInternal_v0_20__pxrReserved__@@UEAA@XZ (public: virtual __cdecl pxrInternal_v0_20__pxrReserved__::MayaUsd_SchemasMayaReference::~MayaUsd_SchemasMayaReference(void)) imported in function "public: virtual __cdecl pxrInternal_v0_20__pxrReserved__::MayaUsd_SchemasALMayaReference::~MayaUsd_SchemasALMayaReference(void)" (??1MayaUsd_SchemasALMayaReference@pxrInternal_v0_20__pxrReserved__@@UEAA@XZ)
    ALMayaReference.cpp.obj : warning LNK4217: locally defined symbol ?GetSchemaAttributeNames@MayaUsd_SchemasMayaReference@pxrInternal_v0_20__pxrReserved__@@SAAEBV?$vector@VTfToken@pxrInternal_v0_20__pxrReserved__@@V?$allocator@VTfToken@pxrInternal_v0_20__pxrReserved__@@@std@@@std@@_N@Z (public: static class std::vector<class pxrInternal_v0_20__pxrReserved__::TfToken,class std::allocator<class pxrInternal_v0_20__pxrReserved__::TfToken> > const & __cdecl pxrInternal_v0_20__pxrReserved__::MayaUsd_SchemasMayaReference::GetSchemaAttributeNames(bool)) imported in function "public: static class std::vector<class pxrInternal_v0_20__pxrReserved__::TfToken,class std::allocator<class pxrInternal_v0_20__pxrReserved__::TfToken> > const & __cdecl pxrInternal_v0_20__pxrReserved__::MayaUsd_SchemasALMayaReference::GetSchemaAttributeNames(bool)" (?GetSchemaAttributeNames@MayaUsd_SchemasALMayaReference@pxrInternal_v0_20__pxrReserved__@@SAAEBV?$vector@VTfToken@pxrInternal_v0_20__pxrReserved__@@V?$allocator@VTfToken@pxrInternal_v0_20__pxrReserved__@@@std@@@std@@_N@Z)
    MayaReference.cpp.obj : warning LNK4217: locally defined symbol ??0MayaUsd_SchemasTokensType@pxrInternal_v0_20__pxrReserved__@@QEAA@XZ (public: __cdecl pxrInternal_v0_20__pxrReserved__::MayaUsd_SchemasTokensType::MayaUsd_SchemasTokensType(void)) imported in function "public: struct pxrInternal_v0_20__pxrReserved__::MayaUsd_SchemasTokensType * __cdecl pxrInternal_v0_20__pxrReserved__::TfStaticData<struct pxrInternal_v0_20__pxrReserved__::MayaUsd_SchemasTokensType,struct pxrInternal_v0_20__pxrReserved__::Tf_StaticDataDefaultFactory<struct pxrInternal_v0_20__pxrReserved__::MayaUsd_SchemasTokensType> >::Get(void)const " (?Get@?$TfStaticData@UMayaUsd_SchemasTokensType@pxrInternal_v0_20__pxrReserved__@@U?$Tf_StaticDataDefaultFactory@UMayaUsd_SchemasTokensType@pxrInternal_v0_20__pxrReserved__@@@2@@pxrInternal_v0_20__pxrReserved__@@QEBAPEAUMayaUsd_SchemasTokensType@2@XZ)
    MayaReference.cpp.obj : warning LNK4049: locally defined symbol ?MayaUsd_SchemasTokens@pxrInternal_v0_20__pxrReserved__@@3V?$TfStaticData@UMayaUsd_SchemasTokensType@pxrInternal_v0_20__pxrReserved__@@U?$Tf_StaticDataDefaultFactory@UMayaUsd_SchemasTokensType@pxrInternal_v0_20__pxrReserved__@@@2@@1@A (class pxrInternal_v0_20__pxrReserved__::TfStaticData<struct pxrInternal_v0_20__pxrReserved__::MayaUsd_SchemasTokensType,struct pxrInternal_v0_20__pxrReserved__::Tf_StaticDataDefaultFactory<struct pxrInternal_v0_20__pxrReserved__::MayaUsd_SchemasTokensType> > pxrInternal_v0_20__pxrReserved__::MayaUsd_SchemasTokens) imported
       Creating library lib\usd\schemas\mayaUsd_Schemas.lib and object lib\usd\schemas\mayaUsd_Schemas.exp
    ALMayaReference.cpp.obj : warning LNK4217: locally defined symbol ??1MayaUsd_SchemasMayaReference@pxrInternal_v0_20__pxrReserved__@@UEAA@XZ (public: virtual __cdecl pxrInternal_v0_20__pxrReserved__::MayaUsd_SchemasMayaReference::~MayaUsd_SchemasMayaReference(void)) imported in function "public: virtual __cdecl pxrInternal_v0_20__pxrReserved__::MayaUsd_SchemasALMayaReference::~MayaUsd_SchemasALMayaReference(void)" (??1MayaUsd_SchemasALMayaReference@pxrInternal_v0_20__pxrReserved__@@UEAA@XZ)
    ALMayaReference.cpp.obj : warning LNK4217: locally defined symbol ?GetSchemaAttributeNames@MayaUsd_SchemasMayaReference@pxrInternal_v0_20__pxrReserved__@@SAAEBV?$vector@VTfToken@pxrInternal_v0_20__pxrReserved__@@V?$allocator@VTfToken@pxrInternal_v0_20__pxrReserved__@@@std@@@std@@_N@Z (public: static class std::vector<class pxrInternal_v0_20__pxrReserved__::TfToken,class std::allocator<class pxrInternal_v0_20__pxrReserved__::TfToken> > const & __cdecl pxrInternal_v0_20__pxrReserved__::MayaUsd_SchemasMayaReference::GetSchemaAttributeNames(bool)) imported in function "public: static class std::vector<class pxrInternal_v0_20__pxrReserved__::TfToken,class std::allocator<class pxrInternal_v0_20__pxrReserved__::TfToken> > const & __cdecl pxrInternal_v0_20__pxrReserved__::MayaUsd_SchemasALMayaReference::GetSchemaAttributeNames(bool)" (?GetSchemaAttributeNames@MayaUsd_SchemasALMayaReference@pxrInternal_v0_20__pxrReserved__@@SAAEBV?$vector@VTfToken@pxrInternal_v0_20__pxrReserved__@@V?$allocator@VTfToken@pxrInternal_v0_20__pxrReserved__@@@std@@@std@@_N@Z)
    MayaReference.cpp.obj : warning LNK4217: locally defined symbol ??0MayaUsd_SchemasTokensType@pxrInternal_v0_20__pxrReserved__@@QEAA@XZ (public: __cdecl pxrInternal_v0_20__pxrReserved__::MayaUsd_SchemasTokensType::MayaUsd_SchemasTokensType(void)) imported in function "public: struct pxrInternal_v0_20__pxrReserved__::MayaUsd_SchemasTokensType * __cdecl pxrInternal_v0_20__pxrReserved__::TfStaticData<struct pxrInternal_v0_20__pxrReserved__::MayaUsd_SchemasTokensType,struct pxrInternal_v0_20__pxrReserved__::Tf_StaticDataDefaultFactory<struct pxrInternal_v0_20__pxrReserved__::MayaUsd_SchemasTokensType> >::Get(void)const " (?Get@?$TfStaticData@UMayaUsd_SchemasTokensType@pxrInternal_v0_20__pxrReserved__@@U?$Tf_StaticDataDefaultFactory@UMayaUsd_SchemasTokensType@pxrInternal_v0_20__pxrReserved__@@@2@@pxrInternal_v0_20__pxrReserved__@@QEBAPEAUMayaUsd_SchemasTokensType@2@XZ)
    MayaReference.cpp.obj : warning LNK4049: locally defined symbol ?MayaUsd_SchemasTokens@pxrInternal_v0_20__pxrReserved__@@3V?$TfStaticData@UMayaUsd_SchemasTokensType@pxrInternal_v0_20__pxrReserved__@@U?$Tf_StaticDataDefaultFactory@UMayaUsd_SchemasTokensType@pxrInternal_v0_20__pxrReserved__@@@2@@1@A (class pxrInternal_v0_20__pxrReserved__::TfStaticData<struct pxrInternal_v0_20__pxrReserved__::MayaUsd_SchemasTokensType,struct pxrInternal_v0_20__pxrReserved__::Tf_StaticDataDefaultFactory<struct pxrInternal_v0_20__pxrReserved__::MayaUsd_SchemasTokensType> > pxrInternal_v0_20__pxrReserved__::MayaUsd_SchemasTokens) imported
    [414/537] Building CXX object lib\usd\translators\CMakeFiles\mayaUsd_Translators.dir\shading\usdUVTextureReader.cpp.obj
    [415/537] Building CXX object lib\usd\translators\CMakeFiles\mayaUsd_Translators.dir\shading\rfmShaderTranslation.cpp.obj
    [416/537] Building CXX object plugin\pxr\maya\lib\usdMaya\CMakeFiles\_usdMaya.dir\module.cpp.obj
    [417/537] Building CXX object lib\usd\schemas\CMakeFiles\_schemas.dir\wrapMayaReference.cpp.obj
    TBB Warning: tbb/atomic.h is deprecated. For details, please see Deprecated Features appendix in the TBB reference manual.
    TBB Warning: tbb/task.h is deprecated. For details, please see Deprecated Features appendix in the TBB reference manual.
    [418/537] Building CXX object lib\usd\utils\CMakeFiles\mayaUsdUtils.dir\util.cpp.obj
    TBB Warning: tbb/atomic.h is deprecated. For details, please see Deprecated Features appendix in the TBB reference manual.
    TBB Warning: tbb/task.h is deprecated. For details, please see Deprecated Features appendix in the TBB reference manual.
    [419/537] Linking CXX shared library lib\usd\utils\mayaUsdUtils.dll
       Creating library lib\usd\utils\mayaUsdUtils.lib and object lib\usd\utils\mayaUsdUtils.exp
       Creating library lib\usd\utils\mayaUsdUtils.lib and object lib\usd\utils\mayaUsdUtils.exp
    [420/537] Linking CXX executable test\lib\usd\utils\DiffCore.exe
    [421/537] Building CXX object plugin\pxr\maya\lib\usdMaya\CMakeFiles\usdMaya.dir\readJobWithSceneAssembly.cpp.obj
    [422/537] Building CXX object lib\usd\schemas\CMakeFiles\_schemas.dir\wrapALMayaReference.cpp.obj
    TBB Warning: tbb/atomic.h is deprecated. For details, please see Deprecated Features appendix in the TBB reference manual.
    TBB Warning: tbb/task.h is deprecated. For details, please see Deprecated Features appendix in the TBB reference manual.
    [423/537] Building CXX object plugin\pxr\maya\lib\usdMaya\CMakeFiles\usdMaya.dir\importCommand.cpp.obj
    [424/537] Building CXX object plugin\pxr\maya\lib\usdMaya\CMakeFiles\usdMaya.dir\exportTranslator.cpp.obj
    [425/537] Linking CXX shared library lib\usd\schemas\_schemas.pyd
       Creating library lib\usd\schemas\_schemas.lib and object lib\usd\schemas\_schemas.exp
       Creating library lib\usd\schemas\_schemas.lib and object lib\usd\schemas\_schemas.exp
    [426/537] Building CXX object plugin\pxr\maya\lib\usdMaya\CMakeFiles\usdMaya.dir\readJob_ImportWithProxies.cpp.obj
    [427/537] Building CXX object plugin\pxr\maya\lib\usdMaya\CMakeFiles\usdMaya.dir\editUtil.cpp.obj
    [428/537] Building CXX object plugin\pxr\maya\lib\usdMaya\CMakeFiles\usdMaya.dir\exportCommand.cpp.obj
    [429/537] Building CXX object plugin\pxr\maya\lib\usdMaya\CMakeFiles\usdMaya.dir\translatorModelAssembly.cpp.obj
    [430/537] Building CXX object plugin\al\utils\AL\CMakeFiles\AL_EventSystem.dir\event\EventHandler.cpp.obj
    [431/537] Linking CXX shared library plugin\al\utils\AL\AL_EventSystem.dll
       Creating library plugin\al\utils\AL\AL_EventSystem.lib and object plugin\al\utils\AL\AL_EventSystem.exp
       Creating library plugin\al\utils\AL\AL_EventSystem.lib and object plugin\al\utils\AL\AL_EventSystem.exp
    [432/537] Building CXX object plugin\pxr\maya\lib\usdMaya\CMakeFiles\_usdMaya.dir\wrapAssembly.cpp.obj
    [433/537] Linking CXX shared library lib\mayaUsd\mayaUsd.dll
       Creating library lib\mayaUsd\mayaUsd.lib and object lib\mayaUsd\mayaUsd.exp
       Creating library lib\mayaUsd\mayaUsd.lib and object lib\mayaUsd\mayaUsd.exp
    [434/537] Linking CXX shared library plugin\al\mayautils\AL\maya\AL_MayaUtils.dll
       Creating library plugin\al\mayautils\AL\maya\AL_MayaUtils.lib and object plugin\al\mayautils\AL\maya\AL_MayaUtils.exp
       Creating library plugin\al\mayautils\AL\maya\AL_MayaUtils.lib and object plugin\al\mayautils\AL\maya\AL_MayaUtils.exp
    [435/537] Linking CXX shared library test\lib\usd\plugin\usdTestUsdPlugin.dll
    [436/537] Linking CXX shared library plugin\al\mayautils\AL\maya\tests\mayaplugintest\AL_MayaUtilsTests.mll
       Creating library plugin\al\mayautils\AL\maya\tests\mayaplugintest\AL_MayaUtilsTests.lib and object plugin\al\mayautils\AL\maya\tests\mayaplugintest\AL_MayaUtilsTests.exp
       Creating library plugin\al\mayautils\AL\maya\tests\mayaplugintest\AL_MayaUtilsTests.lib and object plugin\al\mayautils\AL\maya\tests\mayaplugintest\AL_MayaUtilsTests.exp
    [437/537] Building CXX object plugin\pxr\maya\lib\usdMaya\CMakeFiles\usdMaya.dir\instancerShapeAdapterWithSceneAssembly.cpp.obj
    [438/537] Linking CXX shared library test\lib\usd\plugin\usdTestMayaPlugin.mll
       Creating library test\lib\usd\plugin\usdTestMayaPlugin.lib and object test\lib\usd\plugin\usdTestMayaPlugin.exp
       Creating library test\lib\usd\plugin\usdTestMayaPlugin.lib and object test\lib\usd\plugin\usdTestMayaPlugin.exp
    [439/537] Linking CXX shared library plugin\al\usdmayautils\AL\usdmaya\utils\AL_USDMayaUtils.dll
       Creating library plugin\al\usdmayautils\AL\usdmaya\utils\AL_USDMayaUtils.lib and object plugin\al\usdmayautils\AL\usdmaya\utils\AL_USDMayaUtils.exp
       Creating library plugin\al\usdmayautils\AL\usdmaya\utils\AL_USDMayaUtils.lib and object plugin\al\usdmayautils\AL\usdmaya\utils\AL_USDMayaUtils.exp
    [440/537] Building CXX object plugin\pxr\maya\lib\usdMaya\CMakeFiles\usdMaya.dir\importTranslator.cpp.obj
    [441/537] Linking CXX shared library lib\mayaUsd\ufe\_ufe.pyd
       Creating library lib\mayaUsd\ufe\_ufe.lib and object lib\mayaUsd\ufe\_ufe.exp
       Creating library lib\mayaUsd\ufe\_ufe.lib and object lib\mayaUsd\ufe\_ufe.exp
    [442/537] Linking CXX shared library lib\mayaUsd\python\_mayaUsd.pyd
       Creating library lib\mayaUsd\python\_mayaUsd.lib and object lib\mayaUsd\python\_mayaUsd.exp
       Creating library lib\mayaUsd\python\_mayaUsd.lib and object lib\mayaUsd\python\_mayaUsd.exp
    [443/537] Building CXX object plugin\pxr\maya\lib\usdMaya\CMakeFiles\usdMaya.dir\proxyShape.cpp.obj
    [444/537] Linking CXX shared library lib\usd\hdMaya\hdMaya.dll
       Creating library lib\usd\hdMaya\hdMaya.lib and object lib\usd\hdMaya\hdMaya.exp
       Creating library lib\usd\hdMaya\hdMaya.lib and object lib\usd\hdMaya\hdMaya.exp
    [445/537] Linking CXX shared library lib\usd\pxrUsdPreviewSurface\basePxrUsdPreviewSurface.dll
       Creating library lib\usd\pxrUsdPreviewSurface\basePxrUsdPreviewSurface.lib and object lib\usd\pxrUsdPreviewSurface\basePxrUsdPreviewSurface.exp
       Creating library lib\usd\pxrUsdPreviewSurface\basePxrUsdPreviewSurface.lib and object lib\usd\pxrUsdPreviewSurface\basePxrUsdPreviewSurface.exp
    [446/537] Building CXX object plugin\pxr\maya\lib\usdMaya\CMakeFiles\_usdMaya.dir\wrapEditUtil.cpp.obj
    [447/537] Linking CXX shared library plugin\al\lib\AL_USDMaya\AL_USDMaya.dll
       Creating library plugin\al\lib\AL_USDMaya\AL_USDMaya.lib and object plugin\al\lib\AL_USDMaya\AL_USDMaya.exp
       Creating library plugin\al\lib\AL_USDMaya\AL_USDMaya.lib and object plugin\al\lib\AL_USDMaya\AL_USDMaya.exp
    [448/537] Linking CXX shared library lib\mayaUsd\render\mayaToHydra\mtoh.mll
       Creating library lib\mayaUsd\render\mayaToHydra\mtoh.lib and object lib\mayaUsd\render\mayaToHydra\mtoh.exp
       Creating library lib\mayaUsd\render\mayaToHydra\mtoh.lib and object lib\mayaUsd\render\mayaToHydra\mtoh.exp
    [449/537] Linking CXX shared library lib\usd\translators\mayaUsd_Translators.dll
    [450/537] Linking CXX shared library plugin\al\lib\AL_USDMaya\_AL_USDMaya.pyd
       Creating library plugin\al\lib\AL_USDMaya\_AL_USDMaya.lib and object plugin\al\lib\AL_USDMaya\_AL_USDMaya.exp
       Creating library plugin\al\lib\AL_USDMaya\_AL_USDMaya.lib and object plugin\al\lib\AL_USDMaya\_AL_USDMaya.exp
    [451/537] Linking CXX shared library plugin\al\plugin\AL_USDMayaPlugin\AL_USDMayaPlugin.mll
       Creating library plugin\al\plugin\AL_USDMayaPlugin\AL_USDMayaPlugin.lib and object plugin\al\plugin\AL_USDMayaPlugin\AL_USDMayaPlugin.exp
       Creating library plugin\al\plugin\AL_USDMayaPlugin\AL_USDMayaPlugin.lib and object plugin\al\plugin\AL_USDMayaPlugin\AL_USDMayaPlugin.exp
    [452/537] Building CXX object plugin\pxr\maya\plugin\pxrUsd\CMakeFiles\pxrUsd.dir\usdTranslator.cpp.obj
    [453/537] Building CXX object plugin\pxr\maya\lib\usdMaya\CMakeFiles\usdMaya.dir\referenceAssembly.cpp.obj
    [454/537] Building CXX object plugin\pxr\maya\plugin\pxrUsdPreviewSurface\CMakeFiles\pxrUsdPreviewSurface.dir\plugin.cpp.obj
    [455/537] Linking CXX shared library plugin\pxr\maya\plugin\pxrUsdPreviewSurface\pxrUsdPreviewSurface.mll
       Creating library plugin\pxr\maya\plugin\pxrUsdPreviewSurface\pxrUsdPreviewSurface.lib and object plugin\pxr\maya\plugin\pxrUsdPreviewSurface\pxrUsdPreviewSurface.exp
       Creating library plugin\pxr\maya\plugin\pxrUsdPreviewSurface\pxrUsdPreviewSurface.lib and object plugin\pxr\maya\plugin\pxrUsdPreviewSurface\pxrUsdPreviewSurface.exp
    [456/537] Linking CXX shared library plugin\pxr\maya\lib\usdMaya\usdMaya.dll
       Creating library plugin\pxr\maya\lib\usdMaya\usdMaya.lib and object plugin\pxr\maya\lib\usdMaya\usdMaya.exp
       Creating library plugin\pxr\maya\lib\usdMaya\usdMaya.lib and object plugin\pxr\maya\lib\usdMaya\usdMaya.exp
    [457/537] Linking CXX shared library plugin\pxr\maya\lib\usdMaya\_usdMaya.pyd
       Creating library plugin\pxr\maya\lib\usdMaya\_usdMaya.lib and object plugin\pxr\maya\lib\usdMaya\_usdMaya.exp
       Creating library plugin\pxr\maya\lib\usdMaya\_usdMaya.lib and object plugin\pxr\maya\lib\usdMaya\_usdMaya.exp
    [458/537] Building CXX object plugin\al\plugin\AL_USDMayaTestPlugin\CMakeFiles\AL_USDMayaTestPlugin.dir\AL\usdmaya\nodes\test_Transform.cpp.obj
    [459/537] Building CXX object plugin\pxr\maya\plugin\pxrUsd\CMakeFiles\pxrUsd.dir\alembicChaser.cpp.obj
    [460/537] Building CXX object plugin\al\plugin\AL_USDMayaTestPlugin\CMakeFiles\AL_USDMayaTestPlugin.dir\AL\usdmaya\nodes\test_TranslatorContext.cpp.obj
    [461/537] Building CXX object plugin\pxr\maya\plugin\pxrUsd\CMakeFiles\pxrUsd.dir\plugin.cpp.obj
    [462/537] Building CXX object plugin\al\plugin\AL_USDMayaTestPlugin\CMakeFiles\AL_USDMayaTestPlugin.dir\AL\usdmaya\nodes\test_ScopeMatrix.cpp.obj
    [463/537] Linking CXX shared library plugin\pxr\maya\plugin\pxrUsd\pxrUsd.mll
       Creating library plugin\pxr\maya\plugin\pxrUsd\pxrUsd.lib and object plugin\pxr\maya\plugin\pxrUsd\pxrUsd.exp
       Creating library plugin\pxr\maya\plugin\pxrUsd\pxrUsd.lib and object plugin\pxr\maya\plugin\pxrUsd\pxrUsd.exp
    [464/537] Automatic MOC and UIC for target mayaUsdUI
    [465/537] Automatic RCC for images/ui.qrc
    [466/537] Building CXX object plugin\al\plugin\AL_USDMayaTestPlugin\CMakeFiles\AL_USDMayaTestPlugin.dir\AL\usdmaya\test_SelectabilityDB.cpp.obj
    [467/537] Building CXX object plugin\al\plugin\AL_USDMayaTestPlugin\CMakeFiles\AL_USDMayaTestPlugin.dir\test_translators_CameraTranslator.cpp.obj
    [468/537] Building CXX object plugin\al\plugin\AL_USDMayaTestPlugin\CMakeFiles\AL_USDMayaTestPlugin.dir\AL\usdmaya\nodes\test_ProxyUsdGeomCamera.cpp.obj
    [469/537] Building CXX object plugin\al\plugin\AL_USDMayaTestPlugin\CMakeFiles\AL_USDMayaTestPlugin.dir\AL\usdmaya\test_DiffGeom.cpp.obj
    [470/537] Building CXX object lib\usd\ui\CMakeFiles\mayaUsdUI.dir\mayaUsdUI_autogen\4UGIYD6VGQ\qrc_ui.cpp.obj
    [471/537] Building CXX object plugin\al\plugin\AL_USDMayaTestPlugin\CMakeFiles\AL_USDMayaTestPlugin.dir\test_translators_AnimationTranslator.cpp.obj
    [472/537] Building CXX object lib\usd\ui\CMakeFiles\mayaUsdUI.dir\USDQtUtil.cpp.obj
    [473/537] Building CXX object plugin\al\plugin\AL_USDMayaTestPlugin\CMakeFiles\AL_USDMayaTestPlugin.dir\AL\usdmaya\nodes\test_TransformMatrix.cpp.obj
    [474/537] Building CXX object plugin\al\plugin\AL_USDMayaTestPlugin\CMakeFiles\AL_USDMayaTestPlugin.dir\AL\usdmaya\nodes\test_VariantFallbacks.cpp.obj
    [475/537] Building CXX object plugin\al\plugin\AL_USDMayaTestPlugin\CMakeFiles\AL_USDMayaTestPlugin.dir\test_translators_TransformTranslator.cpp.obj
    [476/537] Building CXX object plugin\al\plugin\AL_USDMayaTestPlugin\CMakeFiles\AL_USDMayaTestPlugin.dir\test_translators_MeshTranslator.cpp.obj
    [477/537] Building CXX object plugin\al\plugin\AL_USDMayaTestPlugin\CMakeFiles\AL_USDMayaTestPlugin.dir\AL\usdmaya\test_DiffPrimVar.cpp.obj
    [478/537] Building CXX object plugin\al\plugin\AL_USDMayaTestPlugin\CMakeFiles\AL_USDMayaTestPlugin.dir\test_translators_NurbsCurveTranslator.cpp.obj
    [479/537] Building CXX object plugin\al\plugin\AL_USDMayaTestPlugin\CMakeFiles\AL_USDMayaTestPlugin.dir\test_usdmaya.cpp.obj
    [480/537] Building CXX object plugin\al\schemas\AL\usd\schemas\maya\CMakeFiles\AL_USDMayaSchemas.dir\tokens.cpp.obj
    [481/537] Building CXX object plugin\al\schemas\AL\usd\schemas\maya\CMakeFiles\_AL_USDMayaSchemas.dir\module.cpp.obj
    [482/537] Building CXX object plugin\al\plugin\AL_USDMayaTestPlugin\CMakeFiles\AL_USDMayaTestPlugin.dir\test_translators_Translator.cpp.obj
    [483/537] Building CXX object plugin\al\plugin\AL_USDMayaTestPlugin\CMakeFiles\AL_USDMayaTestPlugin.dir\test_translators_PythonBindings.cpp.obj
    [484/537] Building CXX object lib\usd\ui\CMakeFiles\mayaUsdUI.dir\TreeModel.cpp.obj
    [485/537] Building CXX object lib\usd\ui\CMakeFiles\mayaUsdUI.dir\TreeModelFactory.cpp.obj
    [486/537] Building CXX object lib\usd\ui\CMakeFiles\mayaUsdUI.dir\USDImportDialog.cpp.obj
    [487/537] Building CXX object lib\usd\ui\CMakeFiles\mayaUsdUI.dir\mayaUsdUI_autogen\mocs_compilation.cpp.obj
    [488/537] Building CXX object plugin\al\schemas\AL\usd\schemas\maya\CMakeFiles\AL_USDMayaSchemas.dir\ModuleDeps.cpp.obj
    [489/537] Building CXX object plugin\al\schemas\AL\usd\schemas\mayatest\CMakeFiles\AL_USDMayaSchemasTest.dir\tokens.cpp.obj
    [490/537] Building CXX object plugin\al\schemas\AL\usd\schemas\maya\tests\CMakeFiles\testMayaSchemas.dir\main.cpp.obj
    [491/537] Building CXX object lib\usd\ui\CMakeFiles\mayaUsdUI.dir\USDImportDialogCmd.cpp.obj
    [492/537] Building CXX object plugin\al\schemas\AL\usd\schemas\mayatest\CMakeFiles\_AL_USDMayaSchemasTest.dir\module.cpp.obj
    [493/537] Building CXX object plugin\al\schemas\AL\usd\schemas\maya\CMakeFiles\_AL_USDMayaSchemas.dir\wrapTokens.cpp.obj
    [494/537] Building CXX object lib\usd\ui\CMakeFiles\mayaUsdUI.dir\TreeItem.cpp.obj
    [495/537] Building CXX object lib\usd\ui\CMakeFiles\mayaUsdUI.dir\ItemDelegate.cpp.obj
    [496/537] Building CXX object plugin\al\plugin\AL_USDMayaTestPlugin\CMakeFiles\AL_USDMayaTestPlugin.dir\test_translators_DgTranslator.cpp.obj
    [497/537] Building CXX object plugin\al\translators\CMakeFiles\AL_USDMayaTranslators.dir\CommonTranslatorOptions.cpp.obj
    [498/537] Linking CXX shared library lib\usd\ui\mayaUsdUI.dll
       Creating library lib\usd\ui\mayaUsdUI.lib and object lib\usd\ui\mayaUsdUI.exp
       Creating library lib\usd\ui\mayaUsdUI.lib and object lib\usd\ui\mayaUsdUI.exp
    [499/537] Automatic MOC and UIC for target testMayaUsdUI
    [500/537] Building CXX object plugin\al\schemas\AL\usd\schemas\maya\CMakeFiles\AL_USDMayaSchemas.dir\FrameRange.cpp.obj
    TBB Warning: tbb/atomic.h is deprecated. For details, please see Deprecated Features appendix in the TBB reference manual.
    TBB Warning: tbb/task.h is deprecated. For details, please see Deprecated Features appendix in the TBB reference manual.
    [501/537] Building CXX object lib\usd\ui\demo\CMakeFiles\testMayaUsdUI.dir\testMayaUsdUI_autogen\mocs_compilation.cpp.obj
    [502/537] Building CXX object plugin\al\schemas\AL\usd\schemas\mayatest\CMakeFiles\AL_USDMayaSchemasTest.dir\ModuleDeps.cpp.obj
    [503/537] Building CXX object plugin\al\schemas\AL\usd\schemas\maya\CMakeFiles\AL_USDMayaSchemas.dir\ModelAPI.cpp.obj
    TBB Warning: tbb/atomic.h is deprecated. For details, please see Deprecated Features appendix in the TBB reference manual.
    TBB Warning: tbb/task.h is deprecated. For details, please see Deprecated Features appendix in the TBB reference manual.
    [504/537] Building CXX object plugin\al\schemas\AL\usd\schemas\mayatest\CMakeFiles\_AL_USDMayaSchemasTest.dir\wrapTokens.cpp.obj
    [505/537] Linking CXX shared library plugin\al\schemas\AL\usd\schemas\maya\AL_USDMayaSchemas.dll
       Creating library plugin\al\schemas\AL\usd\schemas\maya\AL_USDMayaSchemas.lib and object plugin\al\schemas\AL\usd\schemas\maya\AL_USDMayaSchemas.exp
       Creating library plugin\al\schemas\AL\usd\schemas\maya\AL_USDMayaSchemas.lib and object plugin\al\schemas\AL\usd\schemas\maya\AL_USDMayaSchemas.exp
    [506/537] Building CXX object plugin\al\schemas\AL\usd\schemas\maya\CMakeFiles\_AL_USDMayaSchemas.dir\wrapModelAPI.cpp.obj
    TBB Warning: tbb/atomic.h is deprecated. For details, please see Deprecated Features appendix in the TBB reference manual.
    TBB Warning: tbb/task.h is deprecated. For details, please see Deprecated Features appendix in the TBB reference manual.
    [507/537] Building CXX object plugin\al\translators\pxrUsdTranslators\CMakeFiles\AL_USDMayaPxrTranslators.dir\plugin.cpp.obj
    [508/537] Building CXX object plugin\al\plugin\AL_USDMayaTestPlugin\CMakeFiles\AL_USDMayaTestPlugin.dir\test_usdmaya_AttributeType.cpp.obj
    [509/537] Building CXX object plugin\al\schemas\AL\usd\schemas\maya\CMakeFiles\_AL_USDMayaSchemas.dir\wrapFrameRange.cpp.obj
    TBB Warning: tbb/atomic.h is deprecated. For details, please see Deprecated Features appendix in the TBB reference manual.
    TBB Warning: tbb/task.h is deprecated. For details, please see Deprecated Features appendix in the TBB reference manual.
    [510/537] Building CXX object plugin\al\schemas\AL\usd\schemas\mayatest\CMakeFiles\AL_USDMayaSchemasTest.dir\ExamplePolyCubeNode.cpp.obj
    TBB Warning: tbb/atomic.h is deprecated. For details, please see Deprecated Features appendix in the TBB reference manual.
    TBB Warning: tbb/task.h is deprecated. For details, please see Deprecated Features appendix in the TBB reference manual.
    [511/537] Building CXX object plugin\al\schemas\AL\usd\schemas\maya\tests\CMakeFiles\testMayaSchemas.dir\testModelAPI.cpp.obj
    TBB Warning: tbb/atomic.h is deprecated. For details, please see Deprecated Features appendix in the TBB reference manual.
    TBB Warning: tbb/task.h is deprecated. For details, please see Deprecated Features appendix in the TBB reference manual.
    [512/537] Linking CXX shared library plugin\al\schemas\AL\usd\schemas\maya\_AL_USDMayaSchemas.pyd
       Creating library plugin\al\schemas\AL\usd\schemas\maya\_AL_USDMayaSchemas.lib and object plugin\al\schemas\AL\usd\schemas\maya\_AL_USDMayaSchemas.exp
       Creating library plugin\al\schemas\AL\usd\schemas\maya\_AL_USDMayaSchemas.lib and object plugin\al\schemas\AL\usd\schemas\maya\_AL_USDMayaSchemas.exp
    [513/537] Linking CXX shared library plugin\al\schemas\AL\usd\schemas\mayatest\AL_USDMayaSchemasTest.dll
       Creating library plugin\al\schemas\AL\usd\schemas\mayatest\AL_USDMayaSchemasTest.lib and object plugin\al\schemas\AL\usd\schemas\mayatest\AL_USDMayaSchemasTest.exp
       Creating library plugin\al\schemas\AL\usd\schemas\mayatest\AL_USDMayaSchemasTest.lib and object plugin\al\schemas\AL\usd\schemas\mayatest\AL_USDMayaSchemasTest.exp
    [514/537] Building CXX object plugin\adsk\plugin\CMakeFiles\mayaUsdPlugin.dir\adskListShadingModesCommand.cpp.obj
    [515/537] Building CXX object plugin\al\schemas\AL\usd\schemas\maya\tests\CMakeFiles\testMayaSchemas.dir\testMayaSchemas.cpp.obj
    TBB Warning: tbb/atomic.h is deprecated. For details, please see Deprecated Features appendix in the TBB reference manual.
    TBB Warning: tbb/task.h is deprecated. For details, please see Deprecated Features appendix in the TBB reference manual.
    [516/537] Linking CXX executable plugin\al\schemas\AL\usd\schemas\maya\tests\testMayaSchemas.exe
    [517/537] Building CXX object plugin\al\translators\CMakeFiles\AL_USDMayaTranslators.dir\FrameRange.cpp.obj
    [518/537] Building CXX object plugin\al\translators\CMakeFiles\AL_USDMayaTranslators.dir\Camera.cpp.obj
    [519/537] Building CXX object plugin\al\translators\CMakeFiles\AL_USDMayaTranslators.dir\MayaReference.cpp.obj
    [520/537] Building CXX object plugin\al\translators\CMakeFiles\AL_USDMayaTranslators.dir\Mesh.cpp.obj
    [521/537] Linking CXX shared library plugin\al\plugin\AL_USDMayaTestPlugin\AL_USDMayaTestPlugin.mll
       Creating library plugin\al\plugin\AL_USDMayaTestPlugin\AL_USDMayaTestPlugin.lib and object plugin\al\plugin\AL_USDMayaTestPlugin\AL_USDMayaTestPlugin.exp
       Creating library plugin\al\plugin\AL_USDMayaTestPlugin\AL_USDMayaTestPlugin.lib and object plugin\al\plugin\AL_USDMayaTestPlugin\AL_USDMayaTestPlugin.exp
    [522/537] Building CXX object lib\usd\ui\demo\CMakeFiles\testMayaUsdUI.dir\testMayaUsdUI.cpp.obj
    [523/537] Building CXX object plugin\al\translators\CMakeFiles\AL_USDMayaTranslators.dir\NurbsCurve.cpp.obj
    [524/537] Building CXX object plugin\al\schemas\AL\usd\schemas\mayatest\CMakeFiles\_AL_USDMayaSchemasTest.dir\wrapExamplePolyCubeNode.cpp.obj
    TBB Warning: tbb/atomic.h is deprecated. For details, please see Deprecated Features appendix in the TBB reference manual.
    TBB Warning: tbb/task.h is deprecated. For details, please see Deprecated Features appendix in the TBB reference manual.
    [525/537] Linking CXX executable lib\usd\ui\demo\testMayaUsdUI.exe
    [526/537] Building CXX object plugin\adsk\plugin\CMakeFiles\mayaUsdPlugin.dir\adskImportCommand.cpp.obj
    [527/537] Linking CXX shared library plugin\al\schemas\AL\usd\schemas\mayatest\_AL_USDMayaSchemasTest.pyd
       Creating library plugin\al\schemas\AL\usd\schemas\mayatest\_AL_USDMayaSchemasTest.lib and object plugin\al\schemas\AL\usd\schemas\mayatest\_AL_USDMayaSchemasTest.exp
       Creating library plugin\al\schemas\AL\usd\schemas\mayatest\_AL_USDMayaSchemasTest.lib and object plugin\al\schemas\AL\usd\schemas\mayatest\_AL_USDMayaSchemasTest.exp
    [528/537] Building CXX object plugin\al\translators\CMakeFiles\AL_USDMayaTranslators.dir\DirectionalLight.cpp.obj
    [529/537] Linking CXX shared library plugin\al\translators\AL_USDMayaTranslators.dll
       Creating library plugin\al\translators\AL_USDMayaTranslators.lib and object plugin\al\translators\AL_USDMayaTranslators.exp
       Creating library plugin\al\translators\AL_USDMayaTranslators.lib and object plugin\al\translators\AL_USDMayaTranslators.exp
    [530/537] Building CXX object plugin\al\translators\pxrUsdTranslators\CMakeFiles\AL_USDMayaPxrTranslators.dir\ProxyShapeTranslator.cpp.obj
    [531/537] Building CXX object plugin\adsk\plugin\CMakeFiles\mayaUsdPlugin.dir\exportTranslator.cpp.obj
    [532/537] Linking CXX shared library plugin\al\translators\pxrUsdTranslators\AL_USDMayaPxrTranslators.mll
       Creating library plugin\al\translators\pxrUsdTranslators\AL_USDMayaPxrTranslators.lib and object plugin\al\translators\pxrUsdTranslators\AL_USDMayaPxrTranslators.exp
       Creating library plugin\al\translators\pxrUsdTranslators\AL_USDMayaPxrTranslators.lib and object plugin\al\translators\pxrUsdTranslators\AL_USDMayaPxrTranslators.exp
    [533/537] Building CXX object plugin\adsk\plugin\CMakeFiles\mayaUsdPlugin.dir\adskExportCommand.cpp.obj
    [534/537] Building CXX object plugin\adsk\plugin\CMakeFiles\mayaUsdPlugin.dir\ProxyShape.cpp.obj
    [535/537] Building CXX object plugin\adsk\plugin\CMakeFiles\mayaUsdPlugin.dir\plugin.cpp.obj
    [536/537] Building CXX object plugin\adsk\plugin\CMakeFiles\mayaUsdPlugin.dir\importTranslator.cpp.obj
    [537/537] Linking CXX shared module plugin\adsk\plugin\mayaUsdPlugin.mll
       Creating library plugin\adsk\plugin\mayaUsdPlugin.lib and object plugin\adsk\plugin\mayaUsdPlugin.exp
       Creating library plugin\adsk\plugin\mayaUsdPlugin.lib and object plugin\adsk\plugin\mayaUsdPlugin.exp
    
        Building with settings:
          Source directory          S:\jenkins\workspace\ecg-mayausd-branch-preflight-2020-windows\ecg-maya-usd\maya-usd
          Workspace directory       W:\
          Build directory           W:\build\RelWithDebInfo
          Install directory         W:\install\RelWithDebInfo\MayaUSD
          Variant                   RelWithDebInfo
          Python Debug              Off
          CMake generator           Ninja
          Build arguments           ['-DCMAKE_MAKE_PROGRAM=P:/shared/Artifactory/Windows/ninja/1.9.0/c68f192/ninja.exe', '-DPYTHON_INCLUDE_DIR=P:/shared/Artifactory/Windows/rundev-2020/202004291615/runtime/df03b16/runTime/include/Python', '-DPython_EXECUTABLE=P:/shared/Artifactory/Windows/rundev-2020/202004291615/runtime/df03b16/runTime/bin/mayapy.exe', '-DPYTHON_LIBRARIES=P:/shared/Artifactory/Windows/rundev-2020/202004291615/runtime/df03b16/runTime/lib/python27.lib', '-DMAYAUSD_TO_USD_RELATIVE_PATH=../USD']
          Stages arguments          ['build']
          CTest arguments           ['-E testUsdReferenceAssemblySelection|testUsdMayaAppDir|testUsdExportAsClip', '-LE interactive', '--parallel 16']
    Success MayaUSD build and install !!!!
    Elapsed time: 00:07:54
Deleting subst P:
Deleting subst W:
[Pipeline] }
[Pipeline] // withEnv
[Pipeline] }
[Pipeline] // stage
[Pipeline] }
[Pipeline] // timestamps
[Pipeline] }
[Pipeline] // timeout
[Pipeline] timeout
Timeout set to expire in 6 hr 0 min
[Pipeline] {
[Pipeline] timestamps
[Pipeline] {
[Pipeline] stage
[Pipeline] { (Install)
[Pipeline] withEnv
[Pipeline] {
[Pipeline] bat
[ecg-mayausd-branch-preflight-2020-windows] Running batch script
Subst W: S:\jenkins\workspace\ecg-mayausd-branch-preflight-2020-windows
Subst P: S:\jenkins\workspace
"C:\Program Files (x86)\Microsoft Visual Studio\2017\Professional\VC\Auxiliary\Build\vcvarsall.bat" x64
**********************************************************************
** Visual Studio 2017 Developer Command Prompt v15.9.15
** Copyright (c) 2017 Microsoft Corporation
**********************************************************************
[vcvarsall.bat] Environment initialized for: 'x64'
python ecg-maya-usd/build.py --stages=install --workspace-dir=W:\ --artifactory-dir=P:\shared\Artifactory --build-dir=W:\build --install-dir=W:\install --signing-dir=W:\signing --package-dir=W:\package --output-dir=W:\output --stash-dir=W:\stash --jenkins-build=442 --git-commit=4cbe6e0f05e962749969b3d33f03db99a83b5c28 --git-branch=master --variants=RelWithDebInfo --python=2 --maya-cut-config=maya-rundev-2020.yaml --stage-banner
Using Maya cut from P:\shared\Artifactory\Windows\rundev-2020\202004291615\runtime\df03b16

================================================================================
                            install (RelWithDebInfo)
================================================================================
running install stage....................
Maya Python RelWithDebInfo Info:
  mayapy executable   = P:\shared\Artifactory\Windows\rundev-2020\202004291615\runtime\df03b16\runTime\bin\mayapy.exe
  Include Folder      = P:\shared\Artifactory\Windows\rundev-2020\202004291615\runtime\df03b16\runTime\include\Python
  Library             = P:\shared\Artifactory\Windows\rundev-2020\202004291615\runtime\df03b16\runTime\lib\python27.lib
  site-package Folder = P:\shared\Artifactory\Windows\rundev-2020\202004291615\runtime\df03b16\runTime\Python\Lib\site-packages
In workdir: S:\jenkins\workspace\ecg-mayausd-branch-preflight-2020-windows\ecg-maya-usd\maya-usd
Executing: 'P:\\shared\\Artifactory\\Windows\\rundev-2020\\202004291615\\runtime\\df03b16\\runTime\\bin\\mayapy.exe' 'S:\\jenkins\\workspace\\ecg-mayausd-branch-preflight-2020-windows\\ecg-maya-usd\\maya-usd\\build.py' --generator Ninja --build-relwithdebug --maya-location 'P:\\shared\\Artifactory\\Windows\\rundev-2020\\202004291615\\runtime\\df03b16\\runTime' --devkit-location 'P:\\shared\\Artifactory\\Windows\\rundev-2020\\202004291615\\runtime\\df03b16\\devkitBase' --pxrusd-location 'P:\\shared\\Artifactory\\Windows\\USD\\330e060' --qt-location 'P:\\shared\\Artifactory\\Windows\\qt\\5.12.5\\4755980' '--build-args=-DCMAKE_MAKE_PROGRAM=P:/shared/Artifactory/Windows/ninja/1.9.0/c68f192/ninja.exe,-DPYTHON_INCLUDE_DIR=P:/shared/Artifactory/Windows/rundev-2020/202004291615/runtime/df03b16/runTime/include/Python,-DPython_EXECUTABLE=P:/shared/Artifactory/Windows/rundev-2020/202004291615/runtime/df03b16/runTime/bin/mayapy.exe,-DPYTHON_LIBRARIES=P:/shared/Artifactory/Windows/rundev-2020/202004291615/runtime/df03b16/runTime/lib/python27.lib,-DMAYAUSD_TO_USD_RELATIVE_PATH=../USD' '--ctest-args=-E testUsdReferenceAssemblySelection|testUsdMayaAppDir|testUsdExportAsClip,-LE interactive,--parallel 16' --stages=install --redirect-outstream-file=False --install-location 'W:\\install\\RelWithDebInfo\\MayaUSD' 'W:\\'
Modified environment variables:
    PATH=P:\shared\Artifactory\Windows\cmake\3.14.4\c5af748\bin;C:\Python27\lib\site-packages\pywin32_system32;C:\Program Files (x86)\Microsoft Visual Studio\2017\Professional\VC\Tools\MSVC\14.16.27023\bin\HostX64\x64;C:\Program Files (x86)\Microsoft Visual Studio\2017\Professional\Common7\IDE\VC\VCPackages;C:\Program Files (x86)\Microsoft Visual Studio\2017\Professional\Common7\IDE\CommonExtensions\Microsoft\TestWindow;C:\Program Files (x86)\Microsoft Visual Studio\2017\Professional\Common7\IDE\CommonExtensions\Microsoft\TeamFoundation\Team Explorer;C:\Program Files (x86)\Microsoft Visual Studio\2017\Professional\MSBuild\15.0\bin\Roslyn;C:\Program Files (x86)\Microsoft Visual Studio\2017\Professional\Team Tools\Performance Tools\x64;C:\Program Files (x86)\Microsoft Visual Studio\2017\Professional\Team Tools\Performance Tools;C:\Program Files (x86)\Microsoft Visual Studio\Shared\Common\VSPerfCollectionTools\\x64;C:\Program Files (x86)\Microsoft Visual Studio\Shared\Common\VSPerfCollectionTools\;C:\Program Files (x86)\Microsoft SDKs\Windows\v10.0A\bin\NETFX 4.6.1 Tools\x64\;C:\Program Files (x86)\HTML Help Workshop;C:\Program Files (x86)\Windows Kits\10\bin\10.0.17763.0\x64;C:\Program Files (x86)\Windows Kits\10\bin\x64;C:\Program Files (x86)\Microsoft Visual Studio\2017\Professional\\MSBuild\15.0\bin;C:\WINDOWS\Microsoft.NET\Framework64\v4.0.30319;C:\Program Files (x86)\Microsoft Visual Studio\2017\Professional\Common7\IDE\;C:\Program Files (x86)\Microsoft Visual Studio\2017\Professional\Common7\Tools\;C:\Python27\;C:\Python27\Scripts;C:\Program Files (x86)\Common Files\Oracle\Java\javapath;C:\WINDOWS\system32;C:\WINDOWS;C:\WINDOWS\System32\Wbem;C:\WINDOWS\System32\WindowsPowerShell\v1.0\;C:\WINDOWS\System32\OpenSSH\;C:\PathVerify;C:\Program Files (x86)\WiX Toolset v3.7\bin;C:\Program Files (x86)\Windows Kits\10\bin\10.0.17763.0\x64;C:\Program Files (x86)\Windows Kits\10\bin\x64;C:\StoreBoxClientWindows;C:\Program Files\Electric Cloud\ElectricCommander\bin;C:\Program Files\WinRAR;C:\Program Files\7-Zip;C:\Program Files\Git\cmd;C:\Program Files\Git\usr\bin;C:\Program Files\Git\mingw64\bin;C:\Program Files\Git\bin;C:\Program Files\WinMerge;C:\Users\Administrator\AppData\Local\Microsoft\WindowsApps;C:\Program Files (x86)\Microsoft Visual Studio\2017\Professional\Common7\IDE\CommonExtensions\Microsoft\CMake\CMake\bin;C:\Program Files (x86)\Microsoft Visual Studio\2017\Professional\Common7\IDE\CommonExtensions\Microsoft\CMake\Ninja
    [1/20] Running utility command for MAYAUSD_UNDO_TEST
    [2/20] Running utility command for MAYAUSD_NODES_TEST
    [3/20] Automatic MOC and UIC for target mayaUsdUI
    [4/17] Running utility command for MAYAUSD_SCHEMA_TEST
    [5/17] Automatic MOC and UIC for target testMayaUsdUI
    [6/15] Linking CXX shared library test\lib\usd\plugin\usdTestUsdPlugin.dll
    [7/15] Running utility command for MAYAUSD_TEST
    [8/15] Linking CXX shared library lib\usd\translators\mayaUsd_Translators.dll
    [9/15] Running utility command for PYTHON_TEST_UTILS
    [10/15] Running utility command for MAYAUSD_PXR_USD_PREVIEW_SURFACE_TEST
    [11/15] Running utility command for UFE_TEST
    [12/15] Running utility command for PYTHON_TEST_SAMPLES
    [13/15] Running utility command for MAYAUSD_RENDER_PXRUSDMAYAGL_TEST
    [14/15] Running utility command for IMPORT_EXPORT_TEST
    [14/15] Install the project...
    -- Install configuration: "RelWithDebInfo"
    
        Building with settings:
          Source directory          S:\jenkins\workspace\ecg-mayausd-branch-preflight-2020-windows\ecg-maya-usd\maya-usd
          Workspace directory       W:\
          Build directory           W:\build\RelWithDebInfo
          Install directory         W:\install\RelWithDebInfo\MayaUSD
          Variant                   RelWithDebInfo
          Python Debug              Off
          CMake generator           Ninja
          Build arguments           ['-DCMAKE_MAKE_PROGRAM=P:/shared/Artifactory/Windows/ninja/1.9.0/c68f192/ninja.exe', '-DPYTHON_INCLUDE_DIR=P:/shared/Artifactory/Windows/rundev-2020/202004291615/runtime/df03b16/runTime/include/Python', '-DPython_EXECUTABLE=P:/shared/Artifactory/Windows/rundev-2020/202004291615/runtime/df03b16/runTime/bin/mayapy.exe', '-DPYTHON_LIBRARIES=P:/shared/Artifactory/Windows/rundev-2020/202004291615/runtime/df03b16/runTime/lib/python27.lib', '-DMAYAUSD_TO_USD_RELATIVE_PATH=../USD']
          Stages arguments          ['install']
          CTest arguments           ['-E testUsdReferenceAssemblySelection|testUsdMayaAppDir|testUsdExportAsClip', '-LE interactive', '--parallel 16']
    Success MayaUSD build and install !!!!
    Elapsed time: 00:00:21
Finding Artifactory servers response times
Deleting subst P:
Deleting subst W:
[Pipeline] }
[Pipeline] // withEnv
[Pipeline] }
[Pipeline] // stage
[Pipeline] }
[Pipeline] // timestamps
[Pipeline] }
[Pipeline] // timeout
[Pipeline] timeout
Timeout set to expire in 6 hr 0 min
[Pipeline] {
[Pipeline] timestamps
[Pipeline] {
[Pipeline] stage
[Pipeline] { (Test)
[Pipeline] withEnv
[Pipeline] {
[Pipeline] bat
[ecg-mayausd-branch-preflight-2020-windows] Running batch script
Subst W: S:\jenkins\workspace\ecg-mayausd-branch-preflight-2020-windows
Subst P: S:\jenkins\workspace
"C:\Program Files (x86)\Microsoft Visual Studio\2017\Professional\VC\Auxiliary\Build\vcvarsall.bat" x64
**********************************************************************
** Visual Studio 2017 Developer Command Prompt v15.9.15
** Copyright (c) 2017 Microsoft Corporation
**********************************************************************
[vcvarsall.bat] Environment initialized for: 'x64'
python ecg-maya-usd/build.py --stages=test --workspace-dir=W:\ --artifactory-dir=P:\shared\Artifactory --build-dir=W:\build --install-dir=W:\install --signing-dir=W:\signing --package-dir=W:\package --output-dir=W:\output --stash-dir=W:\stash --jenkins-build=442 --git-commit=4cbe6e0f05e962749969b3d33f03db99a83b5c28 --git-branch=master --variants=RelWithDebInfo --python=2 --test-jobs=0 --failed-test-retry=3 --maya-cut-config=maya-rundev-2020.yaml --stage-banner --progressive-timeout
Using Maya cut from P:\shared\Artifactory\Windows\rundev-2020\202004291615\runtime\df03b16

================================================================================
                             test (RelWithDebInfo)
================================================================================
running test stage....................
Maya Python RelWithDebInfo Info:
  mayapy executable   = P:\shared\Artifactory\Windows\rundev-2020\202004291615\runtime\df03b16\runTime\bin\mayapy.exe
  Include Folder      = P:\shared\Artifactory\Windows\rundev-2020\202004291615\runtime\df03b16\runTime\include\Python
  Library             = P:\shared\Artifactory\Windows\rundev-2020\202004291615\runtime\df03b16\runTime\lib\python27.lib
  site-package Folder = P:\shared\Artifactory\Windows\rundev-2020\202004291615\runtime\df03b16\runTime\Python\Lib\site-packages
In workdir: S:\jenkins\workspace\ecg-mayausd-branch-preflight-2020-windows\ecg-maya-usd\maya-usd
Executing: 'P:\\shared\\Artifactory\\Windows\\rundev-2020\\202004291615\\runtime\\df03b16\\runTime\\bin\\mayapy.exe' 'S:\\jenkins\\workspace\\ecg-mayausd-branch-preflight-2020-windows\\ecg-maya-usd\\maya-usd\\build.py' --generator Ninja --build-relwithdebug --maya-location 'P:\\shared\\Artifactory\\Windows\\rundev-2020\\202004291615\\runtime\\df03b16\\runTime' --devkit-location 'P:\\shared\\Artifactory\\Windows\\rundev-2020\\202004291615\\runtime\\df03b16\\devkitBase' --pxrusd-location 'P:\\shared\\Artifactory\\Windows\\USD\\330e060' --qt-location 'P:\\shared\\Artifactory\\Windows\\qt\\5.12.5\\4755980' '--build-args=-DCMAKE_MAKE_PROGRAM=P:/shared/Artifactory/Windows/ninja/1.9.0/c68f192/ninja.exe,-DPYTHON_INCLUDE_DIR=P:/shared/Artifactory/Windows/rundev-2020/202004291615/runtime/df03b16/runTime/include/Python,-DPython_EXECUTABLE=P:/shared/Artifactory/Windows/rundev-2020/202004291615/runtime/df03b16/runTime/bin/mayapy.exe,-DPYTHON_LIBRARIES=P:/shared/Artifactory/Windows/rundev-2020/202004291615/runtime/df03b16/runTime/lib/python27.lib,-DMAYAUSD_TO_USD_RELATIVE_PATH=../USD' '--ctest-args=-E testUsdReferenceAssemblySelection|testUsdMayaAppDir|testUsdExportAsClip,-LE interactive,--parallel 16' --stages=test --redirect-outstream-file=False --install-location 'W:\\install\\RelWithDebInfo\\MayaUSD' 'W:\\'
Modified environment variables:
    PATH=P:\shared\Artifactory\Windows\cmake\3.14.4\c5af748\bin;C:\Python27\lib\site-packages\pywin32_system32;C:\Program Files (x86)\Microsoft Visual Studio\2017\Professional\VC\Tools\MSVC\14.16.27023\bin\HostX64\x64;C:\Program Files (x86)\Microsoft Visual Studio\2017\Professional\Common7\IDE\VC\VCPackages;C:\Program Files (x86)\Microsoft Visual Studio\2017\Professional\Common7\IDE\CommonExtensions\Microsoft\TestWindow;C:\Program Files (x86)\Microsoft Visual Studio\2017\Professional\Common7\IDE\CommonExtensions\Microsoft\TeamFoundation\Team Explorer;C:\Program Files (x86)\Microsoft Visual Studio\2017\Professional\MSBuild\15.0\bin\Roslyn;C:\Program Files (x86)\Microsoft Visual Studio\2017\Professional\Team Tools\Performance Tools\x64;C:\Program Files (x86)\Microsoft Visual Studio\2017\Professional\Team Tools\Performance Tools;C:\Program Files (x86)\Microsoft Visual Studio\Shared\Common\VSPerfCollectionTools\\x64;C:\Program Files (x86)\Microsoft Visual Studio\Shared\Common\VSPerfCollectionTools\;C:\Program Files (x86)\Microsoft SDKs\Windows\v10.0A\bin\NETFX 4.6.1 Tools\x64\;C:\Program Files (x86)\HTML Help Workshop;C:\Program Files (x86)\Windows Kits\10\bin\10.0.17763.0\x64;C:\Program Files (x86)\Windows Kits\10\bin\x64;C:\Program Files (x86)\Microsoft Visual Studio\2017\Professional\\MSBuild\15.0\bin;C:\WINDOWS\Microsoft.NET\Framework64\v4.0.30319;C:\Program Files (x86)\Microsoft Visual Studio\2017\Professional\Common7\IDE\;C:\Program Files (x86)\Microsoft Visual Studio\2017\Professional\Common7\Tools\;C:\Python27\;C:\Python27\Scripts;C:\Program Files (x86)\Common Files\Oracle\Java\javapath;C:\WINDOWS\system32;C:\WINDOWS;C:\WINDOWS\System32\Wbem;C:\WINDOWS\System32\WindowsPowerShell\v1.0\;C:\WINDOWS\System32\OpenSSH\;C:\PathVerify;C:\Program Files (x86)\WiX Toolset v3.7\bin;C:\Program Files (x86)\Windows Kits\10\bin\10.0.17763.0\x64;C:\Program Files (x86)\Windows Kits\10\bin\x64;C:\StoreBoxClientWindows;C:\Program Files\Electric Cloud\ElectricCommander\bin;C:\Program Files\WinRAR;C:\Program Files\7-Zip;C:\Program Files\Git\cmd;C:\Program Files\Git\usr\bin;C:\Program Files\Git\mingw64\bin;C:\Program Files\Git\bin;C:\Program Files\WinMerge;C:\Users\Administrator\AppData\Local\Microsoft\WindowsApps;C:\Program Files (x86)\Microsoft Visual Studio\2017\Professional\Common7\IDE\CommonExtensions\Microsoft\CMake\CMake\bin;C:\Program Files (x86)\Microsoft Visual Studio\2017\Professional\Common7\IDE\CommonExtensions\Microsoft\CMake\Ninja
    Test project W:/build/RelWithDebInfo
            Start   1: testMayaUsdConverter
            Start   2: testMayaUsdCreateStageCommands
            Start   3: testMayaUsdPythonImport
            Start   4: testMayaUsdLayerEditorCommands
            Start   5: testMayaUsdCacheId
            Start   6: testPointBasedDeformerNode
            Start  21: testUsdUndoManager
            Start  22: testDeleteCmd
            Start  23: testMatrices
            Start  24: testMayaPickwalk
            Start  25: testSelection
            Start  26: testUfePythonImport
            Start  27: testPxrUsdPreviewSurfaceDraw
            Start  28: testPxrUsdPreviewSurfaceExport
            Start  29: testMayaUsdSchemasPythonImport
            Start  30: testMayaUsdSchemasMayaReference
      1/113 Test  #27: testPxrUsdPreviewSurfaceDraw ....................   Passed   33.39 sec
            Start  31: DiffCore
      2/113 Test  #31: DiffCore ........................................   Passed    0.33 sec
            Start  32: testUsdExportCamera
      3/113 Test  #29: testMayaUsdSchemasPythonImport ..................   Passed   35.38 sec
            Start  33: testUsdExportColorSets
      4/113 Test  #30: testMayaUsdSchemasMayaReference .................   Passed   35.52 sec
            Start  34: testUsdExportConnected
      5/113 Test  #26: testUfePythonImport .............................   Passed   35.75 sec
            Start  35: testUsdExportDisplacement
      6/113 Test   #3: testMayaUsdPythonImport .........................   Passed   35.91 sec
            Start  36: testUsdExportDisplayColor
      7/113 Test  #21: testUsdUndoManager ..............................   Passed   36.33 sec
            Start  37: testUsdExportEulerFilter
      8/113 Test   #4: testMayaUsdLayerEditorCommands ..................   Passed   36.54 sec
            Start  38: testUsdExportFileFormat
      9/113 Test   #2: testMayaUsdCreateStageCommands ..................   Passed   36.58 sec
            Start  39: testUsdExportFilterTypes
     10/113 Test   #6: testPointBasedDeformerNode ......................   Passed   36.56 sec
            Start  40: testUsdExportFrameOffset
     11/113 Test   #1: testMayaUsdConverter ............................   Passed   36.70 sec
            Start  41: testUsdExportGeomSubset
     12/113 Test   #5: testMayaUsdCacheId ..............................   Passed   36.76 sec
            Start  42: testUsdExportInstances
     13/113 Test  #25: testSelection ...................................   Passed   37.12 sec
            Start  43: testUsdExportLayerAttributes
     14/113 Test  #22: testDeleteCmd ...................................   Passed   39.83 sec
            Start  44: testUsdExportLocator
     15/113 Test  #24: testMayaPickwalk ................................   Passed   39.82 sec
            Start  45: testUsdExportMayaInstancer
     16/113 Test  #23: testMatrices ....................................   Passed   39.90 sec
            Start  46: testUsdExportMesh
     17/113 Test  #28: testPxrUsdPreviewSurfaceExport ..................   Passed   40.39 sec
            Start  47: testUsdExportNurbsCurve
     18/113 Test  #32: testUsdExportCamera .............................   Passed   10.48 sec
            Start  48: testUsdExportOpenLayer
     19/113 Test  #38: testUsdExportFileFormat .........................   Passed    9.63 sec
            Start  49: testUsdExportOverImport
     20/113 Test  #35: testUsdExportDisplacement .......................   Passed   10.53 sec
            Start  50: testUsdExportParentScope
     21/113 Test  #37: testUsdExportEulerFilter ........................   Passed   10.39 sec
            Start  51: testUsdExportParticles
     22/113 Test  #34: testUsdExportConnected ..........................   Passed   11.11 sec
            Start  52: testUsdExportPref
     23/113 Test  #33: testUsdExportColorSets ..........................   Passed   11.37 sec
            Start  53: testUsdExportRenderLayerMode
     24/113 Test  #36: testUsdExportDisplayColor .......................   Passed   11.05 sec
            Start  54: testUsdExportSelection
     25/113 Test  #43: testUsdExportLayerAttributes ....................   Passed    9.80 sec
            Start  55: testUsdExportSelectionHierarchy
     26/113 Test  #41: testUsdExportGeomSubset .........................   Passed   10.43 sec
            Start  56: testUsdExportShadingInstanced
     27/113 Test  #42: testUsdExportInstances ..........................   Passed   10.37 sec
            Start  57: testUsdExportShadingModePxrRis
     28/113 Test  #39: testUsdExportFilterTypes ........................   Passed   11.39 sec
            Start  58: testUsdExportSkeleton
     29/113 Test  #40: testUsdExportFrameOffset ........................   Passed   11.44 sec
            Start  59: testUsdExportStripNamespaces
     30/113 Test  #46: testUsdExportMesh ...............................   Passed   11.40 sec
            Start  60: testUsdExportStroke
     31/113 Test  #47: testUsdExportNurbsCurve .........................   Passed   10.95 sec
            Start  61: testUsdExportUVTransforms
     32/113 Test  #44: testUsdExportLocator ............................   Passed   11.69 sec
            Start  62: testUsdExportVisibilityDefault
     33/113 Test  #45: testUsdExportMayaInstancer ......................   Passed   12.83 sec
            Start  63: testUsdImportCamera
     34/113 Test  #48: testUsdExportOpenLayer ..........................   Passed   10.50 sec
            Start  64: testUsdImportColorSets
     35/113 Test  #49: testUsdExportOverImport .........................   Passed    9.44 sec
            Start  65: testUsdImportDisplacement
     36/113 Test  #53: testUsdExportRenderLayerMode ....................   Passed    9.26 sec
            Start  66: testUsdImportExportScope
     37/113 Test  #54: testUsdExportSelection ..........................   Passed   10.21 sec
            Start  67: testUsdImportExportTypelessDefs
     38/113 Test  #52: testUsdExportPref ...............................   Passed   10.55 sec
            Start  68: testUsdImportFrameRange
     39/113 Test  #50: testUsdExportParentScope ........................   Passed   11.43 sec
            Start  69: testUsdImportInstances
     40/113 Test  #56: testUsdExportShadingInstanced ...................   Passed   10.81 sec
            Start  70: testUsdImportMayaReference
     41/113 Test  #51: testUsdExportParticles ..........................   Passed   11.28 sec
            Start  71: testUsdImportMesh
     42/113 Test  #59: testUsdExportStripNamespaces ....................   Passed   10.20 sec
            Start  72: testUsdImportPreviewSurface
     43/113 Test  #57: testUsdExportShadingModePxrRis ..................   Passed   11.31 sec
            Start  73: testUsdImportSessionLayer
     44/113 Test  #55: testUsdExportSelectionHierarchy .................   Passed   11.68 sec
            Start  74: testUsdImportShadingModeDisplayColor
     45/113 Test  #58: testUsdExportSkeleton ...........................   Passed   12.45 sec
            Start  75: testUsdImportShadingModePxrRis
     46/113 Test  #61: testUsdExportUVTransforms .......................***Failed   10.53 sec
    Warning: file: W:/build/RelWithDebInfo/test/lib/usd/translators/UsdExportUVTransforms/UsdExportUVTransforms.ma line 226: Unrecognized node type 'nodeGraphEditorInfo'; preserving node information during this session.
    Warning: Errors have occurred while reading this scene that may result in data loss.
    File read in  1.5 seconds.
    E
    ======================================================================
    ERROR: setUpClass (testUsdExportUVTransforms.testUsdExportUVTransforms)
    ----------------------------------------------------------------------
    Traceback (most recent call last):
      File "testUsdExportUVTransforms.py", line 49, in setUpClass
    RuntimeError: file: W:/build/RelWithDebInfo/test/lib/usd/translators/UsdExportUVTransforms/UsdExportUVTransforms.ma line 7: Plug-in, "mtoa", was not found on MAYA_PLUG_IN_PATH.
    # Traceback (most recent call last):
    #   File "<maya console>", line 1, in <module>
    # RuntimeError: Plug-in, "mtoa", was not found on MAYA_PLUG_IN_PATH.
    file: W:/build/RelWithDebInfo/test/lib/usd/translators/UsdExportUVTransforms/UsdExportUVTransforms.ma line 32: The camera 'perspShape' has no '.ai_translator' attribute.
    file: W:/build/RelWithDebInfo/test/lib/usd/translators/UsdExportUVTransforms/UsdExportUVTransforms.ma line 32: setAttr: No object matches name: .ai_translator
    file: W:/build/RelWithDebInfo/test/lib/usd/translators/UsdExportUVTransforms/UsdExportUVTransforms.ma line 49: The camera 'topShape' has no '.ai_translator' attribute.
    file: W:/build/RelWithDebInfo/test/lib/usd/translators/UsdExportUVTransforms/UsdExportUVTransforms.ma line 49: setAttr: No object matches name: .ai_translator
    file: W:/build/RelWithDebInfo/test/lib/usd/translators/UsdExportUVTransforms/UsdExportUVTransforms.ma line 65: The camera 'frontShape' has no '.ai_translator' attribute.
    file: W:/build/RelWithDebInfo/test/lib/usd/translators/UsdExportUVTransforms/UsdExportUVTransforms.ma line 65: setAttr: No object matches name: .ai_translator
    file: W:/build/RelWithDebInfo/test/lib/usd/translators/UsdExportUVTransforms/UsdExportUVTransforms.ma line 82: The camera 'sideShape' has no '.ai_translator' attribute.
    file: W:/build/RelWithDebInfo/test/lib/usd/translators/UsdExportUVTransforms/UsdExportUVTransforms.ma line 82: setAttr: No object matches name: .ai_translator
    file: W:/build/RelWithDebInfo/test/lib/usd/translators/UsdExportUVTransforms/UsdExportUVTransforms.ma line 99: The mesh 'MaterialPlaneDefaultShape' has no '.ai_translator' attribute.
    file: W:/build/RelWithDebInfo/test/lib/usd/translators/UsdExportUVTransforms/UsdExportUVTransforms.ma line 99: setAttr: No object matches name: .ai_translator
    file: W:/build/RelWithDebInfo/test/lib/usd/translators/UsdExportUVTransforms/UsdExportUVTransforms.ma line 124: The mesh 'MaterialPlaneTransformedShape' has no '.ai_translator' attribute.
    file: W:/build/RelWithDebInfo/test/lib/usd/translators/UsdExportUVTransforms/UsdExportUVTransforms.ma line 124: setAttr: No object matches name: .ai_translator
    Error reading file.
    Error reading file.
    
    
    ----------------------------------------------------------------------
    Ran 0 tests in 1.793s
    
    FAILED (errors=1)
    
            Start  76: testUsdImportUVSetMappings
     47/113 Test  #63: testUsdImportCamera .............................   Passed    9.52 sec
            Start  77: testUsdExportImportRoundtripPreviewSurface
     48/113 Test  #60: testUsdExportStroke .............................   Passed   11.09 sec
            Start  78: testUsdExportImportUDIM
     49/113 Test  #62: testUsdExportVisibilityDefault ..................   Passed   11.16 sec
            Start  79: testUsdImportSkeleton
     50/113 Test  #64: testUsdImportColorSets ..........................   Passed    9.66 sec
            Start  80: testUsdImportXforms
     51/113 Test  #65: testUsdImportDisplacement .......................   Passed    9.75 sec
            Start  81: testUsdMayaAdaptor
     52/113 Test  #66: testUsdImportExportScope ........................   Passed    9.45 sec
            Start  82: testUsdMayaAdaptorGeom
     53/113 Test  #67: testUsdImportExportTypelessDefs .................   Passed    8.92 sec
            Start  83: testUsdMayaAdaptorMetadata
     54/113 Test  #71: testUsdImportMesh ...............................   Passed    8.67 sec
            Start  84: testUsdMayaAdaptorUndoRedo
     55/113 Test  #69: testUsdImportInstances ..........................   Passed    9.02 sec
            Start  85: testUsdExportRfMShaders
     56/113 Test  #68: testUsdImportFrameRange .........................   Passed    9.55 sec
            Start  86: testUsdImportRfMShaders
     57/113 Test  #73: testUsdImportSessionLayer .......................   Passed    8.69 sec
            Start  87: testUsdExportUVSets
     58/113 Test  #72: testUsdImportPreviewSurface .....................   Passed    8.98 sec
            Start  88: testUsdExportUVSetsFloat
     59/113 Test  #74: testUsdImportShadingModeDisplayColor ............   Passed    8.73 sec
            Start  89: testUsdExportUVSetsST
     60/113 Test  #70: testUsdImportMayaReference ......................   Passed   10.20 sec
            Start  90: testUsdExportUVSetMappings
     61/113 Test  #75: testUsdImportShadingModePxrRis ..................   Passed    9.44 sec
            Start  91: testUsdExportUVSetMappingsST
     62/113 Test  #76: testUsdImportUVSetMappings ......................   Passed    9.04 sec
            Start  92: testUsdImportUVSets
     63/113 Test  #79: testUsdImportSkeleton ...........................   Passed    8.61 sec
            Start  93: testUsdImportUVSetsFloat
     64/113 Test  #77: testUsdExportImportRoundtripPreviewSurface ......   Passed    9.18 sec
            Start  94: testUsdImportUVSetsST
     65/113 Test  #78: testUsdExportImportUDIM .........................   Passed   10.24 sec
            Start  95: testUsdExportCustomConverter-Maya
     66/113 Test  #81: testUsdMayaAdaptor ..............................   Passed    8.32 sec
            Start  96: testUsdExportCustomConverter-USD
     67/113 Test  #82: testUsdMayaAdaptorGeom ..........................   Passed    8.21 sec
            Start  97: testUsdImportCustomConverter-Maya
     68/113 Test  #83: testUsdMayaAdaptorMetadata ......................   Passed    8.77 sec
            Start  98: testUsdImportCustomConverter-USD
     69/113 Test  #86: testUsdImportRfMShaders .........................   Passed    7.98 sec
            Start  99: testUsdMayaListShadingModesCommand
     70/113 Test  #84: testUsdMayaAdaptorUndoRedo ......................   Passed    8.23 sec
            Start 100: testUsdExportAssembly
     71/113 Test  #85: testUsdExportRfMShaders .........................   Passed    9.07 sec
            Start 101: testUsdExportAssemblyEdits
     72/113 Test  #87: testUsdExportUVSets .............................   Passed    9.23 sec
            Start 102: testUsdExportPackage
     73/113 Test  #88: testUsdExportUVSetsFloat ........................   Passed    9.28 sec
            Start 103: testUsdExportPointInstancer
     74/113 Test  #89: testUsdExportUVSetsST ...........................   Passed    9.20 sec
            Start 104: testUsdImportAsAssemblies
     75/113 Test  #90: testUsdExportUVSetMappings ......................   Passed    9.24 sec
            Start 105: testUsdImportNestedAssemblyAnimation
     76/113 Test  #91: testUsdExportUVSetMappingsST ....................   Passed    9.33 sec
            Start 106: testUsdMayaBlockSceneModificationContext
     77/113 Test  #94: testUsdImportUVSetsST ...........................   Passed    9.09 sec
            Start 107: testUsdMayaDiagnosticDelegate
     78/113 Test  #92: testUsdImportUVSets .............................   Passed    9.51 sec
            Start 108: testUsdMayaGetVariantSetSelections
     79/113 Test  #93: testUsdImportUVSetsFloat ........................   Passed    9.25 sec
            Start 109: testUsdMayaModelKindProcessor
     80/113 Test  #95: testUsdExportCustomConverter-Maya ...............   Passed    8.62 sec
            Start 110: testUsdMayaProxyShape
     81/113 Test  #96: testUsdExportCustomConverter-USD ................   Passed    8.47 sec
            Start 111: testUsdMayaReadWriteUtils
     82/113 Test  #97: testUsdImportCustomConverter-Maya ...............   Passed    8.91 sec
            Start 112: testUsdMayaReferenceAssemblyEdits
     83/113 Test  #98: testUsdImportCustomConverter-USD ................   Passed    8.50 sec
            Start 113: testUsdMayaUserExportedAttributes
     84/113 Test  #99: testUsdMayaListShadingModesCommand ..............   Passed    8.75 sec
            Start 114: testUsdReferenceAssemblyChangeRepresentations
     85/113 Test #100: testUsdExportAssembly ...........................   Passed   10.54 sec
            Start 115: testUsdMayaXformStack
     86/113 Test #104: testUsdImportAsAssemblies .......................   Passed    9.06 sec
            Start 116: testPxrUsdAlembicChaser
     87/113 Test #101: testUsdExportAssemblyEdits ......................   Passed   10.07 sec
            Start 117: AL_MayaUtilsTests
     88/113 Test #102: testUsdExportPackage ............................   Passed   10.37 sec
            Start 118: GTest:AL_USDTransactionTests
     89/113 Test #118: GTest:AL_USDTransactionTests ....................   Passed    0.37 sec
            Start 119: Python:AL_USDTransactionTests
     90/113 Test #105: testUsdImportNestedAssemblyAnimation ............   Passed    9.81 sec
            Start 120: AL_USDMayaTestPlugin
     91/113 Test #106: testUsdMayaBlockSceneModificationContext ........   Passed    8.72 sec
            Start 121: TestALUSDMayaPython_ProxyShape
     92/113 Test #119: Python:AL_USDTransactionTests ...................   Passed    1.35 sec
            Start 122: TestALUSDMayaPython_Translators
     93/113 Test #107: testUsdMayaDiagnosticDelegate ...................   Passed    8.93 sec
            Start 123: TestALUSDMayaPython_LayerManager
     94/113 Test #108: testUsdMayaGetVariantSetSelections ..............   Passed    8.96 sec
            Start 124: TestALUSDMayaPython_ImportModule
     95/113 Test #111: testUsdMayaReadWriteUtils .......................   Passed    8.37 sec
            Start 125: testMayaSchemas
     96/113 Test #125: testMayaSchemas .................................   Passed    0.36 sec
            Start 126: TestAdditionalTranslators
     97/113 Test #110: testUsdMayaProxyShape ...........................   Passed   10.01 sec
            Start 127: TestPxrUsdTranslators
     98/113 Test #112: testUsdMayaReferenceAssemblyEdits ...............   Passed    8.74 sec
     99/113 Test #109: testUsdMayaModelKindProcessor ...................   Passed   10.98 sec
    100/113 Test #124: TestALUSDMayaPython_ImportModule ................   Passed    3.25 sec
    101/113 Test #117: AL_MayaUtilsTests ...............................   Passed    6.98 sec
    102/113 Test #114: testUsdReferenceAssemblyChangeRepresentations ...   Passed    9.70 sec
    103/113 Test #113: testUsdMayaUserExportedAttributes ...............   Passed    9.98 sec
    104/113 Test #115: testUsdMayaXformStack ...........................   Passed    8.17 sec
    105/113 Test #116: testPxrUsdAlembicChaser .........................   Passed    9.39 sec
    106/113 Test #122: TestALUSDMayaPython_Translators .................   Passed    9.48 sec
    107/113 Test #123: TestALUSDMayaPython_LayerManager ................   Passed    8.79 sec
    108/113 Test #121: TestALUSDMayaPython_ProxyShape ..................   Passed   10.80 sec
    109/113 Test #127: TestPxrUsdTranslators ...........................   Passed    8.73 sec
    110/113 Test #126: TestAdditionalTranslators .......................   Passed   12.38 sec
    111/113 Test  #80: testUsdImportXforms .............................   Passed   58.88 sec
    112/113 Test #120: AL_USDMayaTestPlugin ............................   Passed   52.74 sec
    113/113 Test #103: testUsdExportPointInstancer .....................   Passed   80.43 sec
    
    99% tests passed, 1 tests failed out of 113
    
    Label Time Summary:
    MayaUsd              = 182.49 sec*proc (5 tests)
    nodes                =  36.56 sec*proc (1 test)
    translators          = 721.26 sec*proc (68 tests)
    ufe                  = 192.42 sec*proc (5 tests)
    undo                 =  36.33 sec*proc (1 test)
    usdPreviewSurface    =  73.79 sec*proc (2 tests)
    
    Total Test time (real) = 159.09 sec
    
    The following tests FAILED:
    	 61 - testUsdExportUVTransforms (Failed)
    Errors while running CTest
    
        Building with settings:
          Source directory          S:\jenkins\workspace\ecg-mayausd-branch-preflight-2020-windows\ecg-maya-usd\maya-usd
          Workspace directory       W:\
          Build directory           W:\build\RelWithDebInfo
          Install directory         W:\install\RelWithDebInfo\MayaUSD
          Variant                   RelWithDebInfo
          Python Debug              Off
          CMake generator           Ninja
          Build arguments           ['-DCMAKE_MAKE_PROGRAM=P:/shared/Artifactory/Windows/ninja/1.9.0/c68f192/ninja.exe', '-DPYTHON_INCLUDE_DIR=P:/shared/Artifactory/Windows/rundev-2020/202004291615/runtime/df03b16/runTime/include/Python', '-DPython_EXECUTABLE=P:/shared/Artifactory/Windows/rundev-2020/202004291615/runtime/df03b16/runTime/bin/mayapy.exe', '-DPYTHON_LIBRARIES=P:/shared/Artifactory/Windows/rundev-2020/202004291615/runtime/df03b16/runTime/lib/python27.lib', '-DMAYAUSD_TO_USD_RELATIVE_PATH=../USD']
          Stages arguments          ['test']
          CTest arguments           ['-E testUsdReferenceAssemblySelection|testUsdMayaAppDir|testUsdExportAsClip', '-LE interactive', '--parallel 16']
    #####################################################################################
    log date: 2020-12-01 12:26
    commit sha: 077c4d4ed15590889a76e638f3939b3dc2287206
    commit date: Tue Dec 1 12:13:20 2020 -0800
    #####################################################################################
    
    cmake --build . --config RelWithDebInfo --target install -- -j16
    #####################################################################################
    log date: 2020-12-01 12:31
    commit sha: 077c4d4ed15590889a76e638f3939b3dc2287206
    commit date: Tue Dec 1 12:13:20 2020 -0800
    #####################################################################################
    
    ctest --output-on-failure --timeout 300 -C RelWithDebInfo -E testUsdReferenceAssemblySelection|testUsdMayaAppDir|testUsdExportAsClip -LE interactive --parallel 16
    
    Traceback (most recent call last):
      File "S:\jenkins\workspace\ecg-mayausd-branch-preflight-2020-windows\ecg-maya-usd\maya-usd\build.py", line 607, in <module>
        RunTests(context, context.ctestArgs)
      File "S:\jenkins\workspace\ecg-mayausd-branch-preflight-2020-windows\ecg-maya-usd\maya-usd\build.py", line 390, in RunTests
        RunCTest(context,extraArgs)
      File "S:\jenkins\workspace\ecg-mayausd-branch-preflight-2020-windows\ecg-maya-usd\maya-usd\build.py", line 301, in RunCTest
        extraArgs=(" ".join(extraArgs) if extraArgs else "")))
      File "S:\jenkins\workspace\ecg-mayausd-branch-preflight-2020-windows\ecg-maya-usd\maya-usd\build.py", line 165, in Run
        .format(cmd=cmd, log=os.path.abspath(context.logFileLocation)))
    RuntimeError: Failed to run 'ctest --output-on-failure --timeout 300 -C RelWithDebInfo -E testUsdReferenceAssemblySelection|testUsdMayaAppDir|testUsdExportAsClip -LE interactive --parallel 16 '
    See W:\build\RelWithDebInfo\build_log.txt for more details.
build.py: error: Command failed with error code: 1
Deleting subst P:
[Pipeline] }
[Pipeline] // withEnv
[Pipeline] }
[Pipeline] // stage
[Pipeline] }
[Pipeline] // timestamps
[Pipeline] }
[Pipeline] // timeout
[Pipeline] emailextrecipients
[Pipeline] echo
No recipients to send notification.
[Pipeline] }
[Pipeline] // node
[Pipeline] End of Pipeline
ERROR: script returned exit code 1
Finished: FAILURE
