[2023-11-10T17:32:17.665Z] ================================================================================
[2023-11-10T17:32:17.665Z]                                  setup (Debug)
[2023-11-10T17:32:17.665Z] ================================================================================
[Pipeline] sh
[2023-11-10T17:32:19.835Z] + scl enable gcc-toolset-11 -
[2023-11-10T17:32:19.835Z] + '[' enable = load -o enable = unload ']'
[2023-11-10T17:32:19.835Z] + /usr/bin/scl enable gcc-toolset-11 -
[2023-11-10T17:32:19.835Z] python ecg-maya-hydra/build.py --stages=setup --workspace-dir=/local/S/jenkins/workspace/ECP/ecg-maya-hydra/ecg-maya-hydra-branch-preflight-python3-linux --artifactory-dir=/local/S/jenkins/workspace/shared/Artifactory --build-dir=/local/S/jenkins/workspace/ECP/ecg-maya-hydra/ecg-maya-hydra-branch-preflight-python3-linux/build --install-dir=/local/S/jenkins/workspace/ECP/ecg-maya-hydra/ecg-maya-hydra-branch-preflight-python3-linux/install --signing-dir=/local/S/jenkins/workspace/ECP/ecg-maya-hydra/ecg-maya-hydra-branch-preflight-python3-linux/signing --package-dir=/local/S/jenkins/workspace/ECP/ecg-maya-hydra/ecg-maya-hydra-branch-preflight-python3-linux/package --output-dir=/local/S/jenkins/workspace/ECP/ecg-maya-hydra/ecg-maya-hydra-branch-preflight-python3-linux/output --stash-dir=/local/S/jenkins/workspace/ECP/ecg-maya-hydra/ecg-maya-hydra-branch-preflight-python3-linux/stash --jenkins-build=381 --git-commit=f4e7d2b7882b60458753b9c09444f9526172c500 --git-branch=master --variants=RelWithDebInfo --interactive-tests=true --post-zips=false --osx-binary-architecture-target=ub2 --osx-deployment-target=11.0 --osx-base-sdk=CurrentActiveSDK --extra-license-file=ecg-maya-hydra/jenkins-o03-cot/melicense.lic --prune-versions=3 --prune-revisions=3 --maya-cut-config=maya-rundev-master.yaml --maya-package=rundev-master --stage-banner --prune-artifacts --force-pruning
[2023-11-10T17:32:19.835Z] Getting rundev-master download URL from Maya SHA-1 hash
[2023-11-10T17:32:19.835Z] Finding Artifactory servers response times
[2023-11-10T17:32:23.018Z] [VERBOSE] Start loading URL (CURL): https://art-bear.autodesk.com/artifactory/api/system/ping
[2023-11-10T17:32:23.018Z] [DEBUG] Running: /usr/bin/curl -s -X GET --keepalive-time 10 --connect-timeout 60 --speed-limit 10000 --speed-time 120 --max-time 3600 --retry 5 --retry-max-time 2400 -H Connection:close https://art-bear.autodesk.com/artifactory/api/system/ping
[2023-11-10T17:32:23.018Z] [DEBUG] Output:
[2023-11-10T17:32:23.018Z] OK
[2023-11-10T17:32:23.018Z] [VERBOSE] End loading URL (CURL): https://art-bear.autodesk.com/artifactory/api/system/ping
[2023-11-10T17:32:23.018Z] [VERBOSE] Start loading URL (CURL): https://art-marmotte.autodesk.com/artifactory/api/system/ping
[2023-11-10T17:32:23.018Z] [DEBUG] Running: /usr/bin/curl -s -X GET --keepalive-time 10 --connect-timeout 60 --speed-limit 10000 --speed-time 120 --max-time 3600 --retry 5 --retry-max-time 2400 -H Connection:close https://art-marmotte.autodesk.com/artifactory/api/system/ping
[2023-11-10T17:32:23.018Z] [DEBUG] Output:
[2023-11-10T17:32:23.018Z] OK
[2023-11-10T17:32:23.018Z] [VERBOSE] End loading URL (CURL): https://art-marmotte.autodesk.com/artifactory/api/system/ping
[2023-11-10T17:32:23.018Z] [VERBOSE] Start loading URL (CURL): https://art-bobcat.autodesk.com/artifactory/api/system/ping
[2023-11-10T17:32:23.018Z] [DEBUG] Running: /usr/bin/curl -s -X GET --keepalive-time 10 --connect-timeout 60 --speed-limit 10000 --speed-time 120 --max-time 3600 --retry 5 --retry-max-time 2400 -H Connection:close https://art-bobcat.autodesk.com/artifactory/api/system/ping
[2023-11-10T17:32:23.018Z] [DEBUG] Output:
[2023-11-10T17:32:23.018Z] OK
[2023-11-10T17:32:23.018Z] [VERBOSE] End loading URL (CURL): https://art-bobcat.autodesk.com/artifactory/api/system/ping
[2023-11-10T17:32:23.018Z] [VERBOSE] Start loading URL (CURL): https://art-bear.autodesk.com/artifactory/api/search/checksum?repos=autodesk-3p-generic,adsk-build-tools-generic,team-ecg-generic,team-maya-generic,oss-stg-generic&sha1=33fa670efb8a2e6e0fe7cf43f43781754a0452be
[2023-11-10T17:32:23.018Z] [DEBUG] Running: /usr/bin/curl -s -X GET --keepalive-time 10 --connect-timeout 60 --speed-limit 10000 --speed-time 120 --max-time 3600 --retry 5 --retry-max-time 2400 -H Connection:close -H Authorization:Basic ZWNnYmlmcm9zdDpvcGUqKjAw https://art-bear.autodesk.com/artifactory/api/search/checksum?repos=autodesk-3p-generic,adsk-build-tools-generic,team-ecg-generic,team-maya-generic,oss-stg-generic&sha1=33fa670efb8a2e6e0fe7cf43f43781754a0452be
[2023-11-10T17:32:23.018Z] [DEBUG] Output:
[2023-11-10T17:32:23.018Z] {
[2023-11-10T17:32:23.018Z]   "results" : [ {
[2023-11-10T17:32:23.018Z]     "uri" : "https://art-bear.autodesk.com:443/artifactory/api/storage/team-maya-generic/Maya/master/plnx/2023-11-06-01-40_068e1a5022/202311060140-068e1a5022-RUNDEV.tgz"
[2023-11-10T17:32:23.018Z]   } ]
[2023-11-10T17:32:23.018Z] }
[2023-11-10T17:32:23.018Z] [VERBOSE] End loading URL (CURL): https://art-bear.autodesk.com/artifactory/api/search/checksum?repos=autodesk-3p-generic,adsk-build-tools-generic,team-ecg-generic,team-maya-generic,oss-stg-generic&sha1=33fa670efb8a2e6e0fe7cf43f43781754a0452be
[2023-11-10T17:32:23.018Z] [VERBOSE] Start loading URL (CURL): https://art-bear.autodesk.com:443/artifactory/api/storage/team-maya-generic/Maya/master/plnx/2023-11-06-01-40_068e1a5022/202311060140-068e1a5022-RUNDEV.tgz
[2023-11-10T17:32:23.018Z] [DEBUG] Running: /usr/bin/curl -s -X GET --keepalive-time 10 --connect-timeout 60 --speed-limit 10000 --speed-time 120 --max-time 3600 --retry 5 --retry-max-time 2400 -H Connection:close -H Authorization:Basic ZWNnYmlmcm9zdDpvcGUqKjAw https://art-bear.autodesk.com:443/artifactory/api/storage/team-maya-generic/Maya/master/plnx/2023-11-06-01-40_068e1a5022/202311060140-068e1a5022-RUNDEV.tgz
[2023-11-10T17:32:23.018Z] [DEBUG] Output:
[2023-11-10T17:32:23.018Z] {
[2023-11-10T17:32:23.018Z]   "repo" : "team-maya-generic",
[2023-11-10T17:32:23.018Z]   "path" : "/Maya/master/plnx/2023-11-06-01-40_068e1a5022/202311060140-068e1a5022-RUNDEV.tgz",
[2023-11-10T17:32:23.018Z]   "created" : "2023-11-06T06:08:42.594-05:00",
[2023-11-10T17:32:23.018Z]   "createdBy" : "token:art-bear.autodesk.com",
[2023-11-10T17:32:23.018Z]   "lastModified" : "2023-11-06T06:08:42.586-05:00",
[2023-11-10T17:32:23.018Z]   "modifiedBy" : "token:art-bear.autodesk.com",
[2023-11-10T17:32:23.018Z]   "lastUpdated" : "2023-11-06T06:08:42.595-05:00",
[2023-11-10T17:32:23.018Z]   "downloadUri" : "https://art-bear.autodesk.com:443/artifactory/team-maya-generic/Maya/master/plnx/2023-11-06-01-40_068e1a5022/202311060140-068e1a5022-RUNDEV.tgz",
[2023-11-10T17:32:23.018Z]   "mimeType" : "application/x-gzip",
[2023-11-10T17:32:23.018Z]   "size" : "2638320878",
[2023-11-10T17:32:23.018Z]   "checksums" : {
[2023-11-10T17:32:23.018Z]     "sha1" : "33fa670efb8a2e6e0fe7cf43f43781754a0452be",
[2023-11-10T17:32:23.018Z]     "md5" : "b1b7b29034b5d3c2e8db81b177964673",
[2023-11-10T17:32:23.018Z]     "sha256" : "140f43d5f3a0a154fad2afe7cb7c09843019dfc72124c0e6e13f2e00c6808fd8"
[2023-11-10T17:32:23.018Z]   },
[2023-11-10T17:32:23.018Z]   "originalChecksums" : {
[2023-11-10T17:32:23.018Z]     "sha1" : "33fa670efb8a2e6e0fe7cf43f43781754a0452be",
[2023-11-10T17:32:23.018Z]     "md5" : "b1b7b29034b5d3c2e8db81b177964673",
[2023-11-10T17:32:23.018Z]     "sha256" : "140f43d5f3a0a154fad2afe7cb7c09843019dfc72124c0e6e13f2e00c6808fd8"
[2023-11-10T17:32:23.018Z]   },
[2023-11-10T17:32:23.018Z]   "uri" : "https://art-bear.autodesk.com:443/artifactory/api/storage/team-maya-generic/Maya/master/plnx/2023-11-06-01-40_068e1a5022/202311060140-068e1a5022-RUNDEV.tgz"
[2023-11-10T17:32:23.018Z] }
[2023-11-10T17:32:23.018Z] [VERBOSE] End loading URL (CURL): https://art-bear.autodesk.com:443/artifactory/api/storage/team-maya-generic/Maya/master/plnx/2023-11-06-01-40_068e1a5022/202311060140-068e1a5022-RUNDEV.tgz
[2023-11-10T17:32:23.018Z] Using Maya cut from /local/S/jenkins/workspace/shared/Artifactory/Linux/rundev-master/202311060140/runtime/33fa670
[2023-11-10T17:32:23.018Z] [VERBOSE] Start loading URL (CURL): https://art-bear.autodesk.com:443/artifactory/api/storage/team-maya-generic/Maya/master/plnx/2023-11-06-01-40_068e1a5022/202311060140-068e1a5022-RUNDEV.tgz.multipart
[2023-11-10T17:32:23.018Z] [DEBUG] Running: /usr/bin/curl -s -X GET --keepalive-time 10 --connect-timeout 60 --speed-limit 10000 --speed-time 120 --max-time 3600 --retry 5 --retry-max-time 2400 -H Connection:close -H Authorization:Basic ZWNnYmlmcm9zdDpvcGUqKjAw https://art-bear.autodesk.com:443/artifactory/api/storage/team-maya-generic/Maya/master/plnx/2023-11-06-01-40_068e1a5022/202311060140-068e1a5022-RUNDEV.tgz.multipart
[2023-11-10T17:32:23.018Z] [DEBUG] Output:
[2023-11-10T17:32:23.018Z] {
[2023-11-10T17:32:23.018Z]   "errors" : [ {
[2023-11-10T17:32:23.018Z]     "status" : 404,
[2023-11-10T17:32:23.018Z]     "message" : "Unable to find item"
[2023-11-10T17:32:23.018Z]   } ]
[2023-11-10T17:32:23.018Z] }
[2023-11-10T17:32:23.018Z] [VERBOSE] End loading URL (CURL): https://art-bear.autodesk.com:443/artifactory/api/storage/team-maya-generic/Maya/master/plnx/2023-11-06-01-40_068e1a5022/202311060140-068e1a5022-RUNDEV.tgz.multipart
[2023-11-10T17:32:23.018Z] Downloading https://art-bear.autodesk.com:443/artifactory/team-maya-generic/Maya/master/plnx/2023-11-06-01-40_068e1a5022/202311060140-068e1a5022-RUNDEV.tgz to /local/S/jenkins/workspace/shared/Artifactory/Linux/tmp/tmpszpf52hk
[2023-11-10T17:32:23.018Z] [VERBOSE] Start downloading file (CURL): https://art-bear.autodesk.com:443/artifactory/team-maya-generic/Maya/master/plnx/2023-11-06-01-40_068e1a5022/202311060140-068e1a5022-RUNDEV.tgz
[2023-11-10T17:32:23.018Z] [DEBUG] Running: /usr/bin/curl -sI -X GET --keepalive-time 10 --connect-timeout 60 --speed-limit 10000 --speed-time 120 --max-time 3600 --retry 5 --retry-max-time 2400 -H Connection:close -H Authorization:Basic ZWNnYmlmcm9zdDpvcGUqKjAw https://art-bear.autodesk.com:443/artifactory/team-maya-generic/Maya/master/plnx/2023-11-06-01-40_068e1a5022/202311060140-068e1a5022-RUNDEV.tgz
[2023-11-10T17:32:23.018Z] [DEBUG] Header:
[2023-11-10T17:32:23.018Z] HTTP/1.1 200 
[2023-11-10T17:32:23.018Z] Date: Fri, 10 Nov 2023 17:32:21 GMT
[2023-11-10T17:32:23.018Z] Content-Type: application/x-gzip
[2023-11-10T17:32:23.018Z] Content-Length: 2638320878
[2023-11-10T17:32:23.018Z] Connection: close
[2023-11-10T17:32:23.018Z] X-JFrog-Version: Artifactory/7.55.9 75509900
[2023-11-10T17:32:23.018Z] X-Artifactory-Id: b34d77a078656c59:3eb030b6:18a7ab126d6:-8000
[2023-11-10T17:32:23.018Z] X-Artifactory-Node-Id: uscrlpdrsync006.autodesk.com
[2023-11-10T17:32:23.018Z] Last-Modified: Mon, 06 Nov 2023 11:08:42 GMT
[2023-11-10T17:32:23.018Z] ETag: 33fa670efb8a2e6e0fe7cf43f43781754a0452be
[2023-11-10T17:32:23.018Z] X-Checksum-Sha1: 33fa670efb8a2e6e0fe7cf43f43781754a0452be
[2023-11-10T17:32:23.018Z] X-Checksum-Sha256: 140f43d5f3a0a154fad2afe7cb7c09843019dfc72124c0e6e13f2e00c6808fd8
[2023-11-10T17:32:23.018Z] X-Checksum-Md5: b1b7b29034b5d3c2e8db81b177964673
[2023-11-10T17:32:23.018Z] Accept-Ranges: bytes
[2023-11-10T17:32:23.018Z] X-Artifactory-Filename: 202311060140-068e1a5022-RUNDEV.tgz
[2023-11-10T17:32:23.018Z] Content-Disposition: attachment; filename="202311060140-068e1a5022-RUNDEV.tgz"; filename*=UTF-8''"202311060140-068e1a5022-RUNDEV.tgz"
[2023-11-10T17:32:23.018Z] [DEBUG] Running: /usr/bin/curl --progress-bar -X GET --keepalive-time 10 --connect-timeout 60 --speed-limit 10000 --speed-time 120 --max-time 3600 --retry 5 --retry-max-time 2400 -H Connection:close -H Authorization:Basic ZWNnYmlmcm9zdDpvcGUqKjAw https://art-bear.autodesk.com:443/artifactory/team-maya-generic/Maya/master/plnx/2023-11-06-01-40_068e1a5022/202311060140-068e1a5022-RUNDEV.tgz -o /local/S/jenkins/workspace/shared/Artifactory/Linux/tmp/tmpszpf52hk/202311060140-068e1a5022-RUNDEV.tgz
[2023-11-10T17:32:23.018Z]       0% complete.
[2023-11-10T17:32:23.018Z]       1% complete.
[2023-11-10T17:32:23.018Z]       2% complete.
[2023-11-10T17:32:23.018Z]       3% complete.
[2023-11-10T17:32:23.018Z]       5% complete.
[2023-11-10T17:32:23.018Z]       6% complete.
[2023-11-10T17:32:23.018Z]       7% complete.
[2023-11-10T17:32:23.018Z]       9% complete.
[2023-11-10T17:32:23.018Z]      10% complete.
[2023-11-10T17:32:23.018Z]      12% complete.
[2023-11-10T17:32:23.018Z]      13% complete.
[2023-11-10T17:32:23.018Z]      15% complete.
[2023-11-10T17:32:23.018Z]      17% complete.
[2023-11-10T17:32:23.555Z]      18% complete.
[2023-11-10T17:32:23.556Z]      20% complete.
[2023-11-10T17:32:23.556Z]      21% complete.
[2023-11-10T17:32:23.556Z]      23% complete.
[2023-11-10T17:32:23.556Z]      25% complete.
[2023-11-10T17:32:24.093Z]      26% complete.
[2023-11-10T17:32:24.093Z]      27% complete.
[2023-11-10T17:32:24.093Z]      29% complete.
[2023-11-10T17:32:24.093Z]      30% complete.
[2023-11-10T17:32:24.093Z]      32% complete.
[2023-11-10T17:32:24.093Z]      33% complete.
[2023-11-10T17:32:24.630Z]      35% complete.
[2023-11-10T17:32:24.630Z]      36% complete.
[2023-11-10T17:32:24.630Z]      38% complete.
[2023-11-10T17:32:24.630Z]      39% complete.
[2023-11-10T17:32:24.630Z]      41% complete.
[2023-11-10T17:32:25.171Z]      42% complete.
[2023-11-10T17:32:25.171Z]      43% complete.
[2023-11-10T17:32:25.171Z]      45% complete.
[2023-11-10T17:32:25.171Z]      46% complete.
[2023-11-10T17:32:25.171Z]      47% complete.
[2023-11-10T17:32:25.171Z]      49% complete.
[2023-11-10T17:32:25.716Z]      50% complete.
[2023-11-10T17:32:25.716Z]      52% complete.
[2023-11-10T17:32:25.716Z]      53% complete.
[2023-11-10T17:32:25.716Z]      55% complete.
[2023-11-10T17:32:25.716Z]      57% complete.
[2023-11-10T17:32:26.334Z]      58% complete.
[2023-11-10T17:32:26.334Z]      60% complete.
[2023-11-10T17:32:26.334Z]      61% complete.
[2023-11-10T17:32:26.334Z]      63% complete.
[2023-11-10T17:32:26.334Z]      64% complete.
[2023-11-10T17:32:26.334Z]      65% complete.
[2023-11-10T17:32:26.873Z]      67% complete.
[2023-11-10T17:32:26.873Z]      68% complete.
[2023-11-10T17:32:26.873Z]      70% complete.
[2023-11-10T17:32:26.873Z]      71% complete.
[2023-11-10T17:32:26.873Z]      73% complete.
[2023-11-10T17:32:26.873Z]      74% complete.
[2023-11-10T17:32:27.413Z]      76% complete.
[2023-11-10T17:32:27.413Z]      77% complete.
[2023-11-10T17:32:27.413Z]      79% complete.
[2023-11-10T17:32:27.413Z]      80% complete.
[2023-11-10T17:32:27.413Z]      82% complete.
[2023-11-10T17:32:27.950Z]      83% complete.
[2023-11-10T17:32:27.950Z]      85% complete.
[2023-11-10T17:32:27.950Z]      86% complete.
[2023-11-10T17:32:27.950Z]      88% complete.
[2023-11-10T17:32:27.950Z]      90% complete.
[2023-11-10T17:32:28.487Z]      91% complete.
[2023-11-10T17:32:28.487Z]      93% complete.
[2023-11-10T17:32:28.487Z]      94% complete.
[2023-11-10T17:32:28.487Z]      96% complete.
[2023-11-10T17:32:28.487Z]      97% complete.
[2023-11-10T17:32:28.487Z]      99% complete.
[2023-11-10T17:32:29.025Z]     100% complete.
[2023-11-10T17:32:29.025Z] [VERBOSE] End downloading file (CURL): https://art-bear.autodesk.com:443/artifactory/team-maya-generic/Maya/master/plnx/2023-11-06-01-40_068e1a5022/202311060140-068e1a5022-RUNDEV.tgz
[2023-11-10T17:32:29.025Z] Extracting 202311060140-068e1a5022-RUNDEV.tgz to /local/S/jenkins/workspace/shared/Artifactory/Linux/tmp/tmpc5o07zqf
[2023-11-10T17:33:21.414Z] Installing on /local/S/jenkins/workspace/shared/Artifactory/Linux/rundev-master/202311060140/runtime/33fa670
[2023-11-10T17:33:21.414Z] 
[2023-11-10T17:33:21.414Z] ================================================================================
[2023-11-10T17:33:21.414Z]                              setup (RelWithDebInfo)
[2023-11-10T17:33:21.414Z] ================================================================================
[2023-11-10T17:33:21.414Z] Installing license file 'melicense.lic'.
[Pipeline] }
[Pipeline] // withEnv
[Pipeline] }
[Pipeline] // timeout
[Pipeline] }
[Pipeline] // stage
[Pipeline] }
[Pipeline] // timestamps
[Pipeline] timestamps
[Pipeline] {
[Pipeline] stage
[Pipeline] { (Clean)
[Pipeline] timeout
[2023-11-10T17:33:21.934Z] Timeout set to expire in 6 hr 0 min
[Pipeline] {
[Pipeline] withEnv
[Pipeline] {
[Pipeline] sh
[2023-11-10T17:33:24.389Z] + scl enable gcc-toolset-11 -
[2023-11-10T17:33:24.389Z] + '[' enable = load -o enable = unload ']'
[2023-11-10T17:33:24.389Z] + /usr/bin/scl enable gcc-toolset-11 -
[2023-11-10T17:33:24.389Z] python ecg-maya-hydra/build.py --stages=clean --workspace-dir=/local/S/jenkins/workspace/ECP/ecg-maya-hydra/ecg-maya-hydra-branch-preflight-python3-linux --artifactory-dir=/local/S/jenkins/workspace/shared/Artifactory --build-dir=/local/S/jenkins/workspace/ECP/ecg-maya-hydra/ecg-maya-hydra-branch-preflight-python3-linux/build --install-dir=/local/S/jenkins/workspace/ECP/ecg-maya-hydra/ecg-maya-hydra-branch-preflight-python3-linux/install --signing-dir=/local/S/jenkins/workspace/ECP/ecg-maya-hydra/ecg-maya-hydra-branch-preflight-python3-linux/signing --package-dir=/local/S/jenkins/workspace/ECP/ecg-maya-hydra/ecg-maya-hydra-branch-preflight-python3-linux/package --output-dir=/local/S/jenkins/workspace/ECP/ecg-maya-hydra/ecg-maya-hydra-branch-preflight-python3-linux/output --stash-dir=/local/S/jenkins/workspace/ECP/ecg-maya-hydra/ecg-maya-hydra-branch-preflight-python3-linux/stash --jenkins-build=381 --git-commit=f4e7d2b7882b60458753b9c09444f9526172c500 --git-branch=master --variants=Debug --interactive-tests=true --post-zips=false --osx-binary-architecture-target=ub2 --osx-deployment-target=11.0 --osx-base-sdk=CurrentActiveSDK --maya-cut-config=maya-rundev-master-debug.yaml --maya-package=rundev-master-debug --stage-banner
[2023-11-10T17:33:24.389Z] Using Maya cut from /local/S/jenkins/workspace/shared/Artifactory/Linux/rundev-master-debug/202310260154/runtime/7d60df0
[2023-11-10T17:33:24.389Z] 
[2023-11-10T17:33:24.389Z] ================================================================================
[2023-11-10T17:33:24.389Z]                                  clean (Debug)
[2023-11-10T17:33:24.389Z] ================================================================================
[2023-11-10T17:33:24.389Z] Maya Python Debug Info:
[2023-11-10T17:33:24.389Z]   mayapy executable   = /local/S/jenkins/workspace/shared/Artifactory/Linux/rundev-master-debug/202310260154/runtime/7d60df0/runTime/bin/mayapy
[2023-11-10T17:33:24.389Z]   Include Folder      = /local/S/jenkins/workspace/shared/Artifactory/Linux/rundev-master-debug/202310260154/runtime/7d60df0/runTime/include/Python310/Python
[2023-11-10T17:33:24.389Z]   Library             = /local/S/jenkins/workspace/shared/Artifactory/Linux/rundev-master-debug/202310260154/runtime/7d60df0/runTime/lib/libpython3.10d.so.1.0
[2023-11-10T17:33:24.389Z]   site-package Folder = /local/S/jenkins/workspace/shared/Artifactory/Linux/rundev-master-debug/202310260154/runtime/7d60df0/runTime/lib/python3.10/site-packages
[2023-11-10T17:33:25.516Z] In workdir: /home/S/jenkins/workspace/ECP/ecg-maya-hydra/ecg-maya-hydra-branch-preflight-python3-linux/ecg-maya-hydra/maya-hydra
[2023-11-10T17:33:25.516Z] Executing: /local/S/jenkins/workspace/shared/Artifactory/Linux/rundev-master-debug/202310260154/runtime/7d60df0/runTime/bin/mayapy /home/S/jenkins/workspace/ECP/ecg-maya-hydra/ecg-maya-hydra-branch-preflight-python3-linux/ecg-maya-hydra/maya-hydra/build.py --generator Ninja --build-debug --maya-location /local/S/jenkins/workspace/shared/Artifactory/Linux/rundev-master-debug/202310260154/runtime/7d60df0/runTime --devkit-location /local/S/jenkins/workspace/shared/Artifactory/Linux/rundev-master-debug/202310260154/runtime/7d60df0/devkitBase --pxrusd-location /local/S/jenkins/workspace/shared/Artifactory/Linux/USD/8e4fe45 --build-args=-DCMAKE_MAKE_PROGRAM=/local/S/jenkins/workspace/shared/Artifactory/Linux/ninja/1.10.2/9ab399b/ninja,-DPYTHON_INCLUDE_DIR=/local/S/jenkins/workspace/shared/Artifactory/Linux/rundev-master-debug/202310260154/runtime/7d60df0/runTime/include/Python310/Python,-DPython_EXECUTABLE=/local/S/jenkins/workspace/shared/Artifactory/Linux/rundev-master-debug/202310260154/runtime/7d60df0/runTime/bin/mayapy,-DPYTHON_LIBRARIES=/local/S/jenkins/workspace/shared/Artifactory/Linux/rundev-master-debug/202310260154/runtime/7d60df0/runTime/lib/libpython3.10d.so.1.0,-DBUILD_WITH_PYTHON_3=ON,-DBUILD_WITH_PYTHON_3_VERSION=3.10,-DCMAKE_WANT_MATERIALX_BUILD=ON,-DCMAKE_PREFIX_PATH=/local/S/jenkins/workspace/shared/Artifactory/Linux/USD/8e4fe45 --debug-python '--ctest-args=--parallel 16' --stages=clean --redirect-outstream-file=False --install-location /local/S/jenkins/workspace/ECP/ecg-maya-hydra/ecg-maya-hydra-branch-preflight-python3-linux/install/Debug/MayaHydra /local/S/jenkins/workspace/ECP/ecg-maya-hydra/ecg-maya-hydra-branch-preflight-python3-linux
[2023-11-10T17:33:25.516Z] Modified environment variables:
[2023-11-10T17:33:25.516Z]     LD_LIBRARY_PATH=/opt/rh/gcc-toolset-11/root/usr/lib64:/opt/rh/gcc-toolset-11/root/usr/lib64:/opt/rh/gcc-toolset-11/root/usr/lib:/opt/rh/gcc-toolset-11/root/usr/lib64/dyninst:/opt/rh/gcc-toolset-11/root/usr/lib/dyninst
[2023-11-10T17:33:25.516Z]     PATH=/local/S/jenkins/workspace/shared/Artifactory/Linux/cmake/3.20.3/ab685d7/bin:/opt/rh/gcc-toolset-11/root/usr/bin:/home/administrator/.local/bin:/home/administrator/bin:/usr/share/Modules/bin:/usr/local/bin:/usr/local/sbin:/usr/bin:/usr/sbin
[2023-11-10T17:33:25.516Z]     
[2023-11-10T17:33:25.516Z]         Building with settings:
[2023-11-10T17:33:25.516Z]           Source directory          /home/S/jenkins/workspace/ECP/ecg-maya-hydra/ecg-maya-hydra-branch-preflight-python3-linux/ecg-maya-hydra/maya-hydra
[2023-11-10T17:33:25.516Z]           Workspace directory       /local/S/jenkins/workspace/ECP/ecg-maya-hydra/ecg-maya-hydra-branch-preflight-python3-linux
[2023-11-10T17:33:25.516Z]           Build directory           /local/S/jenkins/workspace/ECP/ecg-maya-hydra/ecg-maya-hydra-branch-preflight-python3-linux/build/Debug
[2023-11-10T17:33:25.516Z]           Install directory         /local/S/jenkins/workspace/ECP/ecg-maya-hydra/ecg-maya-hydra-branch-preflight-python3-linux/install/Debug/MayaHydra
[2023-11-10T17:33:25.516Z]           Variant                   Debug
[2023-11-10T17:33:25.516Z]           Python Debug              On
[2023-11-10T17:33:25.516Z]           CMake generator           Ninja
[2023-11-10T17:33:25.516Z]           Build arguments           ['-DCMAKE_MAKE_PROGRAM=/local/S/jenkins/workspace/shared/Artifactory/Linux/ninja/1.10.2/9ab399b/ninja', '-DPYTHON_INCLUDE_DIR=/local/S/jenkins/workspace/shared/Artifactory/Linux/rundev-master-debug/202310260154/runtime/7d60df0/runTime/include/Python310/Python', '-DPython_EXECUTABLE=/local/S/jenkins/workspace/shared/Artifactory/Linux/rundev-master-debug/202310260154/runtime/7d60df0/runTime/bin/mayapy', '-DPYTHON_LIBRARIES=/local/S/jenkins/workspace/shared/Artifactory/Linux/rundev-master-debug/202310260154/runtime/7d60df0/runTime/lib/libpython3.10d.so.1.0', '-DBUILD_WITH_PYTHON_3=ON', '-DBUILD_WITH_PYTHON_3_VERSION=3.10', '-DCMAKE_WANT_MATERIALX_BUILD=ON', '-DCMAKE_PREFIX_PATH=/local/S/jenkins/workspace/shared/Artifactory/Linux/USD/8e4fe45']
[2023-11-10T17:33:25.516Z]           Stages arguments          ['clean']
[2023-11-10T17:33:25.516Z]           CTest arguments           ['--parallel 16']
[2023-11-10T17:33:25.516Z]     Success MayaHydra build and install !!!!
[2023-11-10T17:33:25.516Z]     Elapsed time: 00:00:00
[Pipeline] sh
[2023-11-10T17:33:27.191Z] + scl enable gcc-toolset-11 -
[2023-11-10T17:33:27.191Z] + '[' enable = load -o enable = unload ']'
[2023-11-10T17:33:27.191Z] + /usr/bin/scl enable gcc-toolset-11 -
[2023-11-10T17:33:27.191Z] python ecg-maya-hydra/build.py --stages=clean --workspace-dir=/local/S/jenkins/workspace/ECP/ecg-maya-hydra/ecg-maya-hydra-branch-preflight-python3-linux --artifactory-dir=/local/S/jenkins/workspace/shared/Artifactory --build-dir=/local/S/jenkins/workspace/ECP/ecg-maya-hydra/ecg-maya-hydra-branch-preflight-python3-linux/build --install-dir=/local/S/jenkins/workspace/ECP/ecg-maya-hydra/ecg-maya-hydra-branch-preflight-python3-linux/install --signing-dir=/local/S/jenkins/workspace/ECP/ecg-maya-hydra/ecg-maya-hydra-branch-preflight-python3-linux/signing --package-dir=/local/S/jenkins/workspace/ECP/ecg-maya-hydra/ecg-maya-hydra-branch-preflight-python3-linux/package --output-dir=/local/S/jenkins/workspace/ECP/ecg-maya-hydra/ecg-maya-hydra-branch-preflight-python3-linux/output --stash-dir=/local/S/jenkins/workspace/ECP/ecg-maya-hydra/ecg-maya-hydra-branch-preflight-python3-linux/stash --jenkins-build=381 --git-commit=f4e7d2b7882b60458753b9c09444f9526172c500 --git-branch=master --variants=RelWithDebInfo --interactive-tests=true --post-zips=false --osx-binary-architecture-target=ub2 --osx-deployment-target=11.0 --osx-base-sdk=CurrentActiveSDK --maya-cut-config=maya-rundev-master.yaml --maya-package=rundev-master --stage-banner
[2023-11-10T17:33:27.191Z] Using Maya cut from /local/S/jenkins/workspace/shared/Artifactory/Linux/rundev-master/202311060140/runtime/33fa670
[2023-11-10T17:33:27.191Z] 
[2023-11-10T17:33:27.191Z] ================================================================================
[2023-11-10T17:33:27.191Z]                              clean (RelWithDebInfo)
[2023-11-10T17:33:27.191Z] ================================================================================
[2023-11-10T17:33:27.191Z] Maya Python RelWithDebInfo Info:
[2023-11-10T17:33:27.191Z]   mayapy executable   = /local/S/jenkins/workspace/shared/Artifactory/Linux/rundev-master/202311060140/runtime/33fa670/runTime/bin/mayapy
[2023-11-10T17:33:27.191Z]   Include Folder      = /local/S/jenkins/workspace/shared/Artifactory/Linux/rundev-master/202311060140/runtime/33fa670/runTime/include/Python310/Python
[2023-11-10T17:33:27.191Z]   Library             = /local/S/jenkins/workspace/shared/Artifactory/Linux/rundev-master/202311060140/runtime/33fa670/runTime/lib/libpython3.10.so.1.0
[2023-11-10T17:33:27.191Z]   site-package Folder = /local/S/jenkins/workspace/shared/Artifactory/Linux/rundev-master/202311060140/runtime/33fa670/runTime/lib/python3.10/site-packages
[2023-11-10T17:33:28.970Z] Adding Python package requirements: ['/local/S/jenkins/workspace/shared/Artifactory/Linux/rundev-master/202311060140/runtime/33fa670/runTime/bin/mayapy', '-m', 'pip', 'install', '-t', '/local/S/jenkins/workspace/shared/Artifactory/Linux/rundev-master/202311060140/runtime/33fa670/runTime/lib/python3.10/site-packages', '-r', 'python_requirements.txt']
[2023-11-10T17:33:32.279Z] In workdir: /home/S/jenkins/workspace/ECP/ecg-maya-hydra/ecg-maya-hydra-branch-preflight-python3-linux/ecg-maya-hydra/maya-hydra
[2023-11-10T17:33:32.279Z] Executing: /local/S/jenkins/workspace/shared/Artifactory/Linux/rundev-master/202311060140/runtime/33fa670/runTime/bin/mayapy /home/S/jenkins/workspace/ECP/ecg-maya-hydra/ecg-maya-hydra-branch-preflight-python3-linux/ecg-maya-hydra/maya-hydra/build.py --generator Ninja --build-relwithdebug --maya-location /local/S/jenkins/workspace/shared/Artifactory/Linux/rundev-master/202311060140/runtime/33fa670/runTime --devkit-location /local/S/jenkins/workspace/shared/Artifactory/Linux/rundev-master/202311060140/runtime/33fa670/devkitBase --pxrusd-location /local/S/jenkins/workspace/shared/Artifactory/Linux/USD/13e6029 --build-args=-DCMAKE_MAKE_PROGRAM=/local/S/jenkins/workspace/shared/Artifactory/Linux/ninja/1.10.2/9ab399b/ninja,-DPYTHON_INCLUDE_DIR=/local/S/jenkins/workspace/shared/Artifactory/Linux/rundev-master/202311060140/runtime/33fa670/runTime/include/Python310/Python,-DPython_EXECUTABLE=/local/S/jenkins/workspace/shared/Artifactory/Linux/rundev-master/202311060140/runtime/33fa670/runTime/bin/mayapy,-DPYTHON_LIBRARIES=/local/S/jenkins/workspace/shared/Artifactory/Linux/rundev-master/202311060140/runtime/33fa670/runTime/lib/libpython3.10.so.1.0,-DBUILD_WITH_PYTHON_3=ON,-DBUILD_WITH_PYTHON_3_VERSION=3.10,-DCMAKE_WANT_MATERIALX_BUILD=ON,-DCMAKE_PREFIX_PATH=/local/S/jenkins/workspace/shared/Artifactory/Linux/USD/13e6029 '--ctest-args=--parallel 16' --stages=clean --redirect-outstream-file=False --install-location /local/S/jenkins/workspace/ECP/ecg-maya-hydra/ecg-maya-hydra-branch-preflight-python3-linux/install/RelWithDebInfo/MayaHydra /local/S/jenkins/workspace/ECP/ecg-maya-hydra/ecg-maya-hydra-branch-preflight-python3-linux
[2023-11-10T17:33:32.279Z] Modified environment variables:
[2023-11-10T17:33:32.279Z]     LD_LIBRARY_PATH=/opt/rh/gcc-toolset-11/root/usr/lib64:/opt/rh/gcc-toolset-11/root/usr/lib64:/opt/rh/gcc-toolset-11/root/usr/lib:/opt/rh/gcc-toolset-11/root/usr/lib64/dyninst:/opt/rh/gcc-toolset-11/root/usr/lib/dyninst
[2023-11-10T17:33:32.279Z]     PATH=/local/S/jenkins/workspace/shared/Artifactory/Linux/cmake/3.20.3/ab685d7/bin:/opt/rh/gcc-toolset-11/root/usr/bin:/home/administrator/.local/bin:/home/administrator/bin:/usr/share/Modules/bin:/usr/local/bin:/usr/local/sbin:/usr/bin:/usr/sbin
[2023-11-10T17:33:32.279Z]     
[2023-11-10T17:33:32.279Z]         Building with settings:
[2023-11-10T17:33:32.279Z]           Source directory          /home/S/jenkins/workspace/ECP/ecg-maya-hydra/ecg-maya-hydra-branch-preflight-python3-linux/ecg-maya-hydra/maya-hydra
[2023-11-10T17:33:32.279Z]           Workspace directory       /local/S/jenkins/workspace/ECP/ecg-maya-hydra/ecg-maya-hydra-branch-preflight-python3-linux
[2023-11-10T17:33:32.279Z]           Build directory           /local/S/jenkins/workspace/ECP/ecg-maya-hydra/ecg-maya-hydra-branch-preflight-python3-linux/build/RelWithDebInfo
[2023-11-10T17:33:32.279Z]           Install directory         /local/S/jenkins/workspace/ECP/ecg-maya-hydra/ecg-maya-hydra-branch-preflight-python3-linux/install/RelWithDebInfo/MayaHydra
[2023-11-10T17:33:32.279Z]           Variant                   RelWithDebInfo
[2023-11-10T17:33:32.279Z]           Python Debug              Off
[2023-11-10T17:33:32.279Z]           CMake generator           Ninja
[2023-11-10T17:33:32.279Z]           Build arguments           ['-DCMAKE_MAKE_PROGRAM=/local/S/jenkins/workspace/shared/Artifactory/Linux/ninja/1.10.2/9ab399b/ninja', '-DPYTHON_INCLUDE_DIR=/local/S/jenkins/workspace/shared/Artifactory/Linux/rundev-master/202311060140/runtime/33fa670/runTime/include/Python310/Python', '-DPython_EXECUTABLE=/local/S/jenkins/workspace/shared/Artifactory/Linux/rundev-master/202311060140/runtime/33fa670/runTime/bin/mayapy', '-DPYTHON_LIBRARIES=/local/S/jenkins/workspace/shared/Artifactory/Linux/rundev-master/202311060140/runtime/33fa670/runTime/lib/libpython3.10.so.1.0', '-DBUILD_WITH_PYTHON_3=ON', '-DBUILD_WITH_PYTHON_3_VERSION=3.10', '-DCMAKE_WANT_MATERIALX_BUILD=ON', '-DCMAKE_PREFIX_PATH=/local/S/jenkins/workspace/shared/Artifactory/Linux/USD/13e6029']
[2023-11-10T17:33:32.279Z]           Stages arguments          ['clean']
[2023-11-10T17:33:32.279Z]           CTest arguments           ['--parallel 16']
[2023-11-10T17:33:32.279Z]     Success MayaHydra build and install !!!!
[2023-11-10T17:33:32.279Z]     Elapsed time: 00:00:00
[Pipeline] }
[Pipeline] // withEnv
[Pipeline] }
[Pipeline] // timeout
[Pipeline] }
[Pipeline] // stage
[Pipeline] }
[Pipeline] // timestamps
[Pipeline] timestamps
[Pipeline] {
[Pipeline] stage
[Pipeline] { (Configure)
[Pipeline] timeout
[2023-11-10T17:33:32.630Z] Timeout set to expire in 6 hr 0 min
[Pipeline] {
[Pipeline] withEnv
[Pipeline] {
[Pipeline] sh
[2023-11-10T17:33:34.136Z] + scl enable gcc-toolset-11 -
[2023-11-10T17:33:34.136Z] + '[' enable = load -o enable = unload ']'
[2023-11-10T17:33:34.137Z] + /usr/bin/scl enable gcc-toolset-11 -
[2023-11-10T17:33:34.137Z] python ecg-maya-hydra/build.py --stages=configure --workspace-dir=/local/S/jenkins/workspace/ECP/ecg-maya-hydra/ecg-maya-hydra-branch-preflight-python3-linux --artifactory-dir=/local/S/jenkins/workspace/shared/Artifactory --build-dir=/local/S/jenkins/workspace/ECP/ecg-maya-hydra/ecg-maya-hydra-branch-preflight-python3-linux/build --install-dir=/local/S/jenkins/workspace/ECP/ecg-maya-hydra/ecg-maya-hydra-branch-preflight-python3-linux/install --signing-dir=/local/S/jenkins/workspace/ECP/ecg-maya-hydra/ecg-maya-hydra-branch-preflight-python3-linux/signing --package-dir=/local/S/jenkins/workspace/ECP/ecg-maya-hydra/ecg-maya-hydra-branch-preflight-python3-linux/package --output-dir=/local/S/jenkins/workspace/ECP/ecg-maya-hydra/ecg-maya-hydra-branch-preflight-python3-linux/output --stash-dir=/local/S/jenkins/workspace/ECP/ecg-maya-hydra/ecg-maya-hydra-branch-preflight-python3-linux/stash --jenkins-build=381 --git-commit=f4e7d2b7882b60458753b9c09444f9526172c500 --git-branch=master --variants=Debug --interactive-tests=true --post-zips=false --osx-binary-architecture-target=ub2 --osx-deployment-target=11.0 --osx-base-sdk=CurrentActiveSDK --maya-cut-config=maya-rundev-master-debug.yaml --maya-package=rundev-master-debug --stage-banner
[2023-11-10T17:33:34.137Z] Using Maya cut from /local/S/jenkins/workspace/shared/Artifactory/Linux/rundev-master-debug/202310260154/runtime/7d60df0
[2023-11-10T17:33:34.137Z] 
[2023-11-10T17:33:34.137Z] ================================================================================
[2023-11-10T17:33:34.137Z]                                configure (Debug)
[2023-11-10T17:33:34.137Z] ================================================================================
[2023-11-10T17:33:34.137Z] Maya Python Debug Info:
[2023-11-10T17:33:34.137Z]   mayapy executable   = /local/S/jenkins/workspace/shared/Artifactory/Linux/rundev-master-debug/202310260154/runtime/7d60df0/runTime/bin/mayapy
[2023-11-10T17:33:34.137Z]   Include Folder      = /local/S/jenkins/workspace/shared/Artifactory/Linux/rundev-master-debug/202310260154/runtime/7d60df0/runTime/include/Python310/Python
[2023-11-10T17:33:34.137Z]   Library             = /local/S/jenkins/workspace/shared/Artifactory/Linux/rundev-master-debug/202310260154/runtime/7d60df0/runTime/lib/libpython3.10d.so.1.0
[2023-11-10T17:33:34.137Z]   site-package Folder = /local/S/jenkins/workspace/shared/Artifactory/Linux/rundev-master-debug/202310260154/runtime/7d60df0/runTime/lib/python3.10/site-packages
[2023-11-10T17:33:35.261Z] In workdir: /home/S/jenkins/workspace/ECP/ecg-maya-hydra/ecg-maya-hydra-branch-preflight-python3-linux/ecg-maya-hydra/maya-hydra
[2023-11-10T17:33:35.261Z] Executing: /local/S/jenkins/workspace/shared/Artifactory/Linux/rundev-master-debug/202310260154/runtime/7d60df0/runTime/bin/mayapy /home/S/jenkins/workspace/ECP/ecg-maya-hydra/ecg-maya-hydra-branch-preflight-python3-linux/ecg-maya-hydra/maya-hydra/build.py --generator Ninja --build-debug --maya-location /local/S/jenkins/workspace/shared/Artifactory/Linux/rundev-master-debug/202310260154/runtime/7d60df0/runTime --devkit-location /local/S/jenkins/workspace/shared/Artifactory/Linux/rundev-master-debug/202310260154/runtime/7d60df0/devkitBase --pxrusd-location /local/S/jenkins/workspace/shared/Artifactory/Linux/USD/8e4fe45 --build-args=-DCMAKE_MAKE_PROGRAM=/local/S/jenkins/workspace/shared/Artifactory/Linux/ninja/1.10.2/9ab399b/ninja,-DPYTHON_INCLUDE_DIR=/local/S/jenkins/workspace/shared/Artifactory/Linux/rundev-master-debug/202310260154/runtime/7d60df0/runTime/include/Python310/Python,-DPython_EXECUTABLE=/local/S/jenkins/workspace/shared/Artifactory/Linux/rundev-master-debug/202310260154/runtime/7d60df0/runTime/bin/mayapy,-DPYTHON_LIBRARIES=/local/S/jenkins/workspace/shared/Artifactory/Linux/rundev-master-debug/202310260154/runtime/7d60df0/runTime/lib/libpython3.10d.so.1.0,-DBUILD_WITH_PYTHON_3=ON,-DBUILD_WITH_PYTHON_3_VERSION=3.10,-DCMAKE_WANT_MATERIALX_BUILD=ON,-DCMAKE_PREFIX_PATH=/local/S/jenkins/workspace/shared/Artifactory/Linux/USD/8e4fe45 --debug-python '--ctest-args=--parallel 16' --stages=configure --redirect-outstream-file=False --install-location /local/S/jenkins/workspace/ECP/ecg-maya-hydra/ecg-maya-hydra-branch-preflight-python3-linux/install/Debug/MayaHydra /local/S/jenkins/workspace/ECP/ecg-maya-hydra/ecg-maya-hydra-branch-preflight-python3-linux
[2023-11-10T17:33:35.261Z] Modified environment variables:
[2023-11-10T17:33:35.261Z]     LD_LIBRARY_PATH=/opt/rh/gcc-toolset-11/root/usr/lib64:/opt/rh/gcc-toolset-11/root/usr/lib64:/opt/rh/gcc-toolset-11/root/usr/lib:/opt/rh/gcc-toolset-11/root/usr/lib64/dyninst:/opt/rh/gcc-toolset-11/root/usr/lib/dyninst
[2023-11-10T17:33:35.261Z]     PATH=/local/S/jenkins/workspace/shared/Artifactory/Linux/cmake/3.20.3/ab685d7/bin:/opt/rh/gcc-toolset-11/root/usr/bin:/home/administrator/.local/bin:/home/administrator/bin:/usr/share/Modules/bin:/usr/local/bin:/usr/local/sbin:/usr/bin:/usr/sbin
[2023-11-10T17:33:35.261Z]     -- The C compiler identification is GNU 11.2.1
[2023-11-10T17:33:35.261Z]     -- The CXX compiler identification is GNU 11.2.1
[2023-11-10T17:33:35.261Z]     -- Detecting C compiler ABI info
[2023-11-10T17:33:35.261Z]     -- Detecting C compiler ABI info - done
[2023-11-10T17:33:35.261Z]     -- Check for working C compiler: /opt/rh/gcc-toolset-11/root/usr/bin/cc - skipped
[2023-11-10T17:33:35.261Z]     -- Detecting C compile features
[2023-11-10T17:33:35.261Z]     -- Detecting C compile features - done
[2023-11-10T17:33:35.261Z]     -- Detecting CXX compiler ABI info
[2023-11-10T17:33:36.000Z]     -- Detecting CXX compiler ABI info - done
[2023-11-10T17:33:36.000Z]     -- Check for working CXX compiler: /opt/rh/gcc-toolset-11/root/usr/bin/c++ - skipped
[2023-11-10T17:33:36.000Z]     -- Detecting CXX compile features
[2023-11-10T17:33:36.000Z]     -- Detecting CXX compile features - done
[2023-11-10T17:33:36.538Z]     -- Using Maya Light API Version 3
[2023-11-10T17:33:36.538Z]     -- Maya has setDefaultMaterialHandling API
[2023-11-10T17:33:36.538Z]     -- Maya has new point snapping API
[2023-11-10T17:33:36.538Z]     -- Maya has isInCrashHandler API
[2023-11-10T17:33:36.538Z]     -- Maya has getDisplayStyleOfAllViewports API
[2023-11-10T17:33:36.538Z]     -- Maya array iterator has difference_type trait
[2023-11-10T17:33:36.538Z]     -- MFnSet has getMemberPaths function
[2023-11-10T17:33:36.538Z]     -- MFnDisplayLayer exists
[2023-11-10T17:33:36.538Z]     -- MDisplayLayerMessage has MDisplayLayerMemberChangedFunction
[2023-11-10T17:33:36.538Z]     -- MRenderItem has HideOnPlayback API
[2023-11-10T17:33:36.538Z]     -- Linux: Maya was built with new cxx11 ABI
[2023-11-10T17:33:36.538Z]     -- Found Maya: /local/S/jenkins/workspace/shared/Artifactory/Linux/rundev-master-debug/202310260154/runtime/7d60df0/runTime/bin/maya (found suitable version "2025", minimum required is "2024")
[2023-11-10T17:33:37.076Z]     -- Found Python: /local/S/jenkins/workspace/shared/Artifactory/Linux/rundev-master-debug/202310260154/runtime/7d60df0/runTime/bin/mayapy (found suitable exact version "3.10.8") found components: Interpreter
[2023-11-10T17:33:37.076Z]     -- Build mayaHydra with Python3 = ON
[2023-11-10T17:33:37.076Z]     --    PYTHON_INCLUDE_DIRS = /local/S/jenkins/workspace/shared/Artifactory/Linux/rundev-master-debug/202310260154/runtime/7d60df0/runTime/include/Python310/Python
[2023-11-10T17:33:37.076Z]     --    PYTHON_LIBRARIES    = /local/S/jenkins/workspace/shared/Artifactory/Linux/rundev-master-debug/202310260154/runtime/7d60df0/runTime/lib/libpython3.10d.so.1.0
[2023-11-10T17:33:37.076Z]     --    Python_EXECUTABLE   = /local/S/jenkins/workspace/shared/Artifactory/Linux/rundev-master-debug/202310260154/runtime/7d60df0/runTime/bin/mayapy
[2023-11-10T17:33:37.757Z]     -- Found Python3: /local/S/jenkins/workspace/shared/Artifactory/Linux/rundev-master-debug/202310260154/runtime/7d60df0/runTime/include/Python310/Python (found suitable exact version "3.10.8") found components: Development Development.Module Development.Embed
[2023-11-10T17:33:37.757Z]     -- USD has new Sdr.PropertyTypes.Color4
[2023-11-10T17:33:37.757Z]     -- USD has MaterialX metadata support
[2023-11-10T17:33:37.757Z]     -- USD include dir: /local/S/jenkins/workspace/shared/Artifactory/Linux/USD/8e4fe45/include
[2023-11-10T17:33:37.757Z]     -- USD library dir: /local/S/jenkins/workspace/shared/Artifactory/Linux/USD/8e4fe45/lib
[2023-11-10T17:33:37.757Z]     -- USD version: 0.23.8
[2023-11-10T17:33:37.757Z]     -- Found USD: /local/S/jenkins/workspace/shared/Artifactory/Linux/USD/8e4fe45 (found suitable version "0.23.8", minimum required is "0.22.11")
[2023-11-10T17:33:37.757Z]     Updated PYTHONPATH: /local/S/jenkins/workspace/shared/Artifactory/Linux/USD/8e4fe45/lib/python
[2023-11-10T17:33:37.757Z]     -- Found UFE: /local/S/jenkins/workspace/shared/Artifactory/Linux/rundev-master-debug/202310260154/runtime/7d60df0/devkitBase/devkit/ufe/include (found version "0.5.11")
[2023-11-10T17:33:37.757Z]     -- UFE include dir: /local/S/jenkins/workspace/shared/Artifactory/Linux/rundev-master-debug/202310260154/runtime/7d60df0/devkitBase/devkit/ufe/include
[2023-11-10T17:33:37.757Z]     -- UFE library: /local/S/jenkins/workspace/shared/Artifactory/Linux/rundev-master-debug/202310260154/runtime/7d60df0/devkitBase/devkit/ufe/lib/libufe_0.so
[2023-11-10T17:33:37.757Z]     -- UFE version: 0.5.11
[2023-11-10T17:33:37.757Z]     -- Maya has UFE lights API
[2023-11-10T17:33:37.757Z]     -- Maya has UFE scene segment API
[2023-11-10T17:33:37.757Z]     -- Maya has UFE TrieNode childrenComponents accessor
[2023-11-10T17:33:37.757Z]     -- Building with UFE 0.5.11.
[2023-11-10T17:33:37.757Z]     -- Found MaterialX
[2023-11-10T17:33:37.757Z]     -- Check if compiler accepts -pthread
[2023-11-10T17:33:38.297Z]     -- Check if compiler accepts -pthread - yes
[2023-11-10T17:33:38.297Z]     -- Performing Test HAVE_STDATOMIC
[2023-11-10T17:33:38.297Z]     -- Performing Test HAVE_STDATOMIC - Success
[2023-11-10T17:33:38.297Z]     -- Found OpenGL: /usr/lib64/libOpenGL.so
[2023-11-10T17:33:38.297Z]     -- Check if linker can resolve circular dependencies - FALSE
[2023-11-10T17:33:38.297Z]     -- Found Qt 6.5.2 in Maya devkit. Hydra Scene Browser will be built.
[2023-11-10T17:33:38.297Z]     -- **** Building Gulrak From Github Repository.
[2023-11-10T17:33:38.297Z]     -- Populating gulrak
[2023-11-10T17:33:38.297Z]     -- Configuring done
[2023-11-10T17:33:38.297Z]     -- Generating done
[2023-11-10T17:33:38.297Z]     -- Build files have been written to: /home/S/jenkins/workspace/ECP/ecg-maya-hydra/ecg-maya-hydra-branch-preflight-python3-linux/build/Debug/_deps/gulrak-subbuild
[2023-11-10T17:33:38.297Z]     [1/9] Creating directories for 'gulrak-populate'
[2023-11-10T17:33:38.297Z]     [1/9] Performing download step (git clone) for 'gulrak-populate'
[2023-11-10T17:33:38.297Z]     Cloning into 'gulrak-src'...
[2023-11-10T17:33:38.834Z]     HEAD is now at 4e21ab3 Version bump and updated readme.
[2023-11-10T17:33:38.834Z]     [2/9] Performing update step for 'gulrak-populate'
[2023-11-10T17:33:38.834Z]     [4/9] No patch step for 'gulrak-populate'
[2023-11-10T17:33:38.834Z]     [5/9] No configure step for 'gulrak-populate'
[2023-11-10T17:33:38.834Z]     [6/9] No build step for 'gulrak-populate'
[2023-11-10T17:33:38.834Z]     [7/9] No install step for 'gulrak-populate'
[2023-11-10T17:33:38.834Z]     [8/9] No test step for 'gulrak-populate'
[2023-11-10T17:33:38.834Z]     [9/9] Completed 'gulrak-populate'
[2023-11-10T17:33:38.834Z]     -- ========== Installing GoogleTest... ==========
[2023-11-10T17:33:39.371Z]     -- Configuring done
[2023-11-10T17:33:39.371Z]     -- Generating done
[2023-11-10T17:33:39.371Z]     -- Build files have been written to: /home/S/jenkins/workspace/ECP/ecg-maya-hydra/ecg-maya-hydra-branch-preflight-python3-linux/build/Debug/googletest-config
[2023-11-10T17:33:39.371Z]     [1/8] Creating directories for 'googletest'
[2023-11-10T17:33:40.495Z]     [2/8] Performing download step (git clone) for 'googletest'
[2023-11-10T17:33:40.495Z]     Cloning into 'googletest-src'...
[2023-11-10T17:33:40.495Z]     HEAD is now at 703bd9ca Googletest export
[2023-11-10T17:33:40.495Z]     [3/8] Performing update step for 'googletest'
[2023-11-10T17:33:40.495Z]     [4/8] No patch step for 'googletest'
[2023-11-10T17:33:41.033Z]     [5/8] Performing configure step for 'googletest'
[2023-11-10T17:33:41.033Z]     Not searching for unused variables given on the command line.
[2023-11-10T17:33:41.033Z]     CMake Deprecation Warning at CMakeLists.txt:4 (cmake_minimum_required):
[2023-11-10T17:33:41.033Z]       Compatibility with CMake < 2.8.12 will be removed from a future version of
[2023-11-10T17:33:41.033Z]       CMake.
[2023-11-10T17:33:41.033Z]     
[2023-11-10T17:33:41.033Z]       Update the VERSION argument <min> value or use a ...<max> suffix to tell
[2023-11-10T17:33:41.033Z]       CMake that the project does not need compatibility with older versions.
[2023-11-10T17:33:41.033Z]     
[2023-11-10T17:33:41.033Z]     
[2023-11-10T17:33:41.033Z]     -- The C compiler identification is GNU 11.2.1
[2023-11-10T17:33:41.033Z]     -- The CXX compiler identification is GNU 11.2.1
[2023-11-10T17:33:41.033Z]     -- Detecting C compiler ABI info
[2023-11-10T17:33:41.033Z]     -- Detecting C compiler ABI info - done
[2023-11-10T17:33:41.033Z]     -- Check for working C compiler: /opt/rh/gcc-toolset-11/root/usr/bin/cc - skipped
[2023-11-10T17:33:41.033Z]     -- Detecting C compile features
[2023-11-10T17:33:41.033Z]     -- Detecting C compile features - done
[2023-11-10T17:33:41.033Z]     -- Detecting CXX compiler ABI info
[2023-11-10T17:33:41.033Z]     -- Detecting CXX compiler ABI info - done
[2023-11-10T17:33:41.033Z]     -- Check for working CXX compiler: /opt/rh/gcc-toolset-11/root/usr/bin/c++ - skipped
[2023-11-10T17:33:41.033Z]     -- Detecting CXX compile features
[2023-11-10T17:33:41.033Z]     -- Detecting CXX compile features - done
[2023-11-10T17:33:41.033Z]     CMake Deprecation Warning at googletest/CMakeLists.txt:56 (cmake_minimum_required):
[2023-11-10T17:33:41.034Z]       Compatibility with CMake < 2.8.12 will be removed from a future version of
[2023-11-10T17:33:41.034Z]       CMake.
[2023-11-10T17:33:41.034Z]     
[2023-11-10T17:33:41.034Z]       Update the VERSION argument <min> value or use a ...<max> suffix to tell
[2023-11-10T17:33:41.034Z]       CMake that the project does not need compatibility with older versions.
[2023-11-10T17:33:41.034Z]     
[2023-11-10T17:33:41.034Z]     
[2023-11-10T17:33:41.034Z]     -- Found PythonInterp: /usr/local/bin/python (found version "3.9.7")
[2023-11-10T17:33:41.034Z]     -- Looking for pthread.h
[2023-11-10T17:33:41.034Z]     -- Looking for pthread.h - found
[2023-11-10T17:33:41.034Z]     -- Performing Test CMAKE_HAVE_LIBC_PTHREAD
[2023-11-10T17:33:41.034Z]     -- Performing Test CMAKE_HAVE_LIBC_PTHREAD - Failed
[2023-11-10T17:33:41.034Z]     -- Looking for pthread_create in pthreads
[2023-11-10T17:33:41.034Z]     -- Looking for pthread_create in pthreads - not found
[2023-11-10T17:33:41.034Z]     -- Looking for pthread_create in pthread
[2023-11-10T17:33:41.034Z]     -- Looking for pthread_create in pthread - found
[2023-11-10T17:33:41.034Z]     -- Found Threads: TRUE
[2023-11-10T17:33:41.034Z]     -- Configuring done
[2023-11-10T17:33:41.034Z]     -- Generating done
[2023-11-10T17:33:41.034Z]     -- Build files have been written to: /home/S/jenkins/workspace/ECP/ecg-maya-hydra/ecg-maya-hydra-branch-preflight-python3-linux/build/Debug/googletest-build
[2023-11-10T17:33:44.405Z]     [6/8] Performing build step for 'googletest'
[2023-11-10T17:33:44.405Z]     [1/4] Building CXX object googletest/CMakeFiles/gtest_main.dir/src/gtest_main.cc.o
[2023-11-10T17:33:44.405Z]     [2/4] Building CXX object googletest/CMakeFiles/gtest.dir/src/gtest-all.cc.o
[2023-11-10T17:33:44.405Z]     [3/4] Linking CXX shared library lib/libgtestd.so
[2023-11-10T17:33:44.405Z]     [4/4] Linking CXX shared library lib/libgtest_maind.so
[2023-11-10T17:33:44.405Z]     [7/8] Performing install step for 'googletest'
[2023-11-10T17:33:44.405Z]     [0/1] Install the project...
[2023-11-10T17:33:44.405Z]     -- Install configuration: "Debug"
[2023-11-10T17:33:44.405Z]     -- Set runtime path of "/home/S/jenkins/workspace/ECP/ecg-maya-hydra/ecg-maya-hydra-branch-preflight-python3-linux/build/Debug/googletest-install/lib64/libgtest_maind.so" to ""
[2023-11-10T17:33:44.405Z]     [8/8] Completed 'googletest'
[2023-11-10T17:33:44.405Z]     -- ========== ...  GoogleTest installed. ==========
[2023-11-10T17:33:44.405Z]     -- Found GTest: /home/S/jenkins/workspace/ECP/ecg-maya-hydra/ecg-maya-hydra-branch-preflight-python3-linux/build/Debug/googletest-install/lib64/libgtestd.so
[2023-11-10T17:33:44.405Z]     -- promoting: /home/S/jenkins/workspace/ECP/ecg-maya-hydra/ecg-maya-hydra-branch-preflight-python3-linux/ecg-maya-hydra/maya-hydra/lib/mayaHydra/mayaPlugin/pluginUtils.h
[2023-11-10T17:33:44.405Z]     -- promoting: /home/S/jenkins/workspace/ECP/ecg-maya-hydra/ecg-maya-hydra-branch-preflight-python3-linux/ecg-maya-hydra/maya-hydra/lib/mayaHydra/hydraExtensions/api.h
[2023-11-10T17:33:44.405Z]     -- promoting: /home/S/jenkins/workspace/ECP/ecg-maya-hydra/ecg-maya-hydra-branch-preflight-python3-linux/ecg-maya-hydra/maya-hydra/lib/mayaHydra/hydraExtensions/debugCodes.h
[2023-11-10T17:33:44.405Z]     -- promoting: /home/S/jenkins/workspace/ECP/ecg-maya-hydra/ecg-maya-hydra-branch-preflight-python3-linux/ecg-maya-hydra/maya-hydra/lib/mayaHydra/hydraExtensions/hydraUtils.h
[2023-11-10T17:33:44.405Z]     -- promoting: /home/S/jenkins/workspace/ECP/ecg-maya-hydra/ecg-maya-hydra-branch-preflight-python3-linux/ecg-maya-hydra/maya-hydra/lib/mayaHydra/hydraExtensions/interface.h
[2023-11-10T17:33:44.405Z]     -- promoting: /home/S/jenkins/workspace/ECP/ecg-maya-hydra/ecg-maya-hydra-branch-preflight-python3-linux/ecg-maya-hydra/maya-hydra/lib/mayaHydra/hydraExtensions/interfaceImp.h
[2023-11-10T17:33:44.405Z]     -- promoting: /home/S/jenkins/workspace/ECP/ecg-maya-hydra/ecg-maya-hydra-branch-preflight-python3-linux/ecg-maya-hydra/maya-hydra/lib/mayaHydra/hydraExtensions/mayaUtils.h
[2023-11-10T17:33:44.405Z]     -- promoting: /home/S/jenkins/workspace/ECP/ecg-maya-hydra/ecg-maya-hydra-branch-preflight-python3-linux/ecg-maya-hydra/maya-hydra/lib/mayaHydra/hydraExtensions/mixedUtils.h
[2023-11-10T17:33:44.405Z]     -- promoting: /home/S/jenkins/workspace/ECP/ecg-maya-hydra/ecg-maya-hydra-branch-preflight-python3-linux/ecg-maya-hydra/maya-hydra/lib/mayaHydra/hydraExtensions/mayaHydraSceneProducer.h
[2023-11-10T17:33:44.405Z]     -- promoting: /home/S/jenkins/workspace/ECP/ecg-maya-hydra/ecg-maya-hydra-branch-preflight-python3-linux/ecg-maya-hydra/maya-hydra/lib/mayaHydra/hydraExtensions/adapters/adapter.h
[2023-11-10T17:33:44.405Z]     -- promoting: /home/S/jenkins/workspace/ECP/ecg-maya-hydra/ecg-maya-hydra-branch-preflight-python3-linux/ecg-maya-hydra/maya-hydra/lib/mayaHydra/hydraExtensions/adapters/adapterDebugCodes.h
[2023-11-10T17:33:44.405Z]     -- promoting: /home/S/jenkins/workspace/ECP/ecg-maya-hydra/ecg-maya-hydra-branch-preflight-python3-linux/ecg-maya-hydra/maya-hydra/lib/mayaHydra/hydraExtensions/adapters/adapterRegistry.h
[2023-11-10T17:33:44.405Z]     -- promoting: /home/S/jenkins/workspace/ECP/ecg-maya-hydra/ecg-maya-hydra-branch-preflight-python3-linux/ecg-maya-hydra/maya-hydra/lib/mayaHydra/hydraExtensions/adapters/cameraAdapter.h
[2023-11-10T17:33:44.405Z]     -- promoting: /home/S/jenkins/workspace/ECP/ecg-maya-hydra/ecg-maya-hydra-branch-preflight-python3-linux/ecg-maya-hydra/maya-hydra/lib/mayaHydra/hydraExtensions/adapters/constantShadowMatrix.h
[2023-11-10T17:33:44.405Z]     -- promoting: /home/S/jenkins/workspace/ECP/ecg-maya-hydra/ecg-maya-hydra-branch-preflight-python3-linux/ecg-maya-hydra/maya-hydra/lib/mayaHydra/hydraExtensions/adapters/dagAdapter.h
[2023-11-10T17:33:44.405Z]     -- promoting: /home/S/jenkins/workspace/ECP/ecg-maya-hydra/ecg-maya-hydra-branch-preflight-python3-linux/ecg-maya-hydra/maya-hydra/lib/mayaHydra/hydraExtensions/adapters/renderItemAdapter.h
[2023-11-10T17:33:44.405Z]     -- promoting: /home/S/jenkins/workspace/ECP/ecg-maya-hydra/ecg-maya-hydra-branch-preflight-python3-linux/ecg-maya-hydra/maya-hydra/lib/mayaHydra/hydraExtensions/adapters/lightAdapter.h
[2023-11-10T17:33:44.405Z]     -- promoting: /home/S/jenkins/workspace/ECP/ecg-maya-hydra/ecg-maya-hydra-branch-preflight-python3-linux/ecg-maya-hydra/maya-hydra/lib/mayaHydra/hydraExtensions/adapters/materialAdapter.h
[2023-11-10T17:33:44.405Z]     -- promoting: /home/S/jenkins/workspace/ECP/ecg-maya-hydra/ecg-maya-hydra-branch-preflight-python3-linux/ecg-maya-hydra/maya-hydra/lib/mayaHydra/hydraExtensions/adapters/materialNetworkConverter.h
[2023-11-10T17:33:44.405Z]     -- promoting: /home/S/jenkins/workspace/ECP/ecg-maya-hydra/ecg-maya-hydra-branch-preflight-python3-linux/ecg-maya-hydra/maya-hydra/lib/mayaHydra/hydraExtensions/adapters/mayaAttrs.h
[2023-11-10T17:33:44.405Z]     -- promoting: /home/S/jenkins/workspace/ECP/ecg-maya-hydra/ecg-maya-hydra-branch-preflight-python3-linux/ecg-maya-hydra/maya-hydra/lib/mayaHydra/hydraExtensions/adapters/shapeAdapter.h
[2023-11-10T17:33:44.405Z]     -- promoting: /home/S/jenkins/workspace/ECP/ecg-maya-hydra/ecg-maya-hydra-branch-preflight-python3-linux/ecg-maya-hydra/maya-hydra/lib/mayaHydra/hydraExtensions/adapters/tokens.h
[2023-11-10T17:33:44.405Z]     -- promoting: /home/S/jenkins/workspace/ECP/ecg-maya-hydra/ecg-maya-hydra-branch-preflight-python3-linux/ecg-maya-hydra/maya-hydra/lib/mayaHydra/hydraExtensions/delegates/delegate.h
[2023-11-10T17:33:44.405Z]     -- promoting: /home/S/jenkins/workspace/ECP/ecg-maya-hydra/ecg-maya-hydra-branch-preflight-python3-linux/ecg-maya-hydra/maya-hydra/lib/mayaHydra/hydraExtensions/delegates/delegateCtx.h
[2023-11-10T17:33:44.405Z]     -- promoting: /home/S/jenkins/workspace/ECP/ecg-maya-hydra/ecg-maya-hydra-branch-preflight-python3-linux/ecg-maya-hydra/maya-hydra/lib/mayaHydra/hydraExtensions/delegates/delegateDebugCodes.h
[2023-11-10T17:33:44.405Z]     -- promoting: /home/S/jenkins/workspace/ECP/ecg-maya-hydra/ecg-maya-hydra-branch-preflight-python3-linux/ecg-maya-hydra/maya-hydra/lib/mayaHydra/hydraExtensions/delegates/delegateRegistry.h
[2023-11-10T17:33:44.405Z]     -- promoting: /home/S/jenkins/workspace/ECP/ecg-maya-hydra/ecg-maya-hydra-branch-preflight-python3-linux/ecg-maya-hydra/maya-hydra/lib/mayaHydra/hydraExtensions/delegates/params.h
[2023-11-10T17:33:44.405Z]     -- promoting: /home/S/jenkins/workspace/ECP/ecg-maya-hydra/ecg-maya-hydra-branch-preflight-python3-linux/ecg-maya-hydra/maya-hydra/lib/mayaHydra/hydraExtensions/delegates/sceneDelegate.h
[2023-11-10T17:33:44.405Z]     -- promoting: /home/S/jenkins/workspace/ECP/ecg-maya-hydra/ecg-maya-hydra-branch-preflight-python3-linux/ecg-maya-hydra/maya-hydra/lib/mayaHydra/hydraExtensions/delegates/defaultLightDelegate.h
[2023-11-10T17:33:44.405Z]     -- promoting: /home/S/jenkins/workspace/ECP/ecg-maya-hydra/ecg-maya-hydra-branch-preflight-python3-linux/ecg-maya-hydra/maya-hydra/lib/mayaHydra/hydraExtensions/delegates/testDelegate.h
[2023-11-10T17:33:44.405Z]     -- promoting: /home/S/jenkins/workspace/ECP/ecg-maya-hydra/ecg-maya-hydra-branch-preflight-python3-linux/ecg-maya-hydra/maya-hydra/lib/mayaHydra/hydraExtensions/sceneIndex/registration.h
[2023-11-10T17:33:44.405Z]     -- promoting: /home/S/jenkins/workspace/ECP/ecg-maya-hydra/ecg-maya-hydra-branch-preflight-python3-linux/ecg-maya-hydra/maya-hydra/lib/mayaHydra/hydraExtensions/sceneIndex/mayaHydraSceneIndex.h
[2023-11-10T17:33:44.405Z]     -- promoting: /home/S/jenkins/workspace/ECP/ecg-maya-hydra/ecg-maya-hydra-branch-preflight-python3-linux/ecg-maya-hydra/maya-hydra/lib/mayaHydra/hydraExtensions/sceneIndex/mayaHydraDataSource.h
[2023-11-10T17:33:44.405Z]     -- promoting: /home/S/jenkins/workspace/ECP/ecg-maya-hydra/ecg-maya-hydra-branch-preflight-python3-linux/ecg-maya-hydra/maya-hydra/lib/mayaHydra/hydraExtensions/sceneIndex/mayaHydraPrimvarDataSource.h
[2023-11-10T17:33:44.405Z]     -- promoting: /home/S/jenkins/workspace/ECP/ecg-maya-hydra/ecg-maya-hydra-branch-preflight-python3-linux/ecg-maya-hydra/maya-hydra/lib/mayaHydra/hydraExtensions/sceneIndex/mayaHydraDisplayStyleDataSource.h
[2023-11-10T17:33:44.405Z]     -- promoting: /home/S/jenkins/workspace/ECP/ecg-maya-hydra/ecg-maya-hydra-branch-preflight-python3-linux/ecg-maya-hydra/maya-hydra/lib/mayaHydra/hydraExtensions/sceneIndex/mayaHydraCameraDataSource.h
[2023-11-10T17:33:44.405Z]     -- promoting: /home/S/jenkins/workspace/ECP/ecg-maya-hydra/ecg-maya-hydra-branch-preflight-python3-linux/ecg-maya-hydra/maya-hydra/lib/mayaHydra/hydraExtensions/sceneIndex/mayaHydraLightDataSource.h
[2023-11-10T17:33:44.405Z]     -- promoting: /home/S/jenkins/workspace/ECP/ecg-maya-hydra/ecg-maya-hydra-branch-preflight-python3-linux/ecg-maya-hydra/maya-hydra/lib/mayaHydra/hydraExtensions/sceneIndex/mayaHydraDefaultLightDataSource.h
[2023-11-10T17:33:44.405Z]     -- promoting: /home/S/jenkins/workspace/ECP/ecg-maya-hydra/ecg-maya-hydra-branch-preflight-python3-linux/ecg-maya-hydra/maya-hydra/lib/mayaHydra/ufeExtensions/api.h
[2023-11-10T17:33:44.405Z]     -- promoting: /home/S/jenkins/workspace/ECP/ecg-maya-hydra/ecg-maya-hydra-branch-preflight-python3-linux/ecg-maya-hydra/maya-hydra/lib/mayaHydra/ufeExtensions/Global.h
[2023-11-10T17:33:44.405Z]     -- promoting: /home/S/jenkins/workspace/ECP/ecg-maya-hydra/ecg-maya-hydra-branch-preflight-python3-linux/ecg-maya-hydra/maya-hydra/lib/flowViewport/api.h
[2023-11-10T17:33:44.405Z]     -- promoting: /home/S/jenkins/workspace/ECP/ecg-maya-hydra/ecg-maya-hydra-branch-preflight-python3-linux/ecg-maya-hydra/maya-hydra/lib/flowViewport/debugCodes.h
[2023-11-10T17:33:44.405Z]     -- promoting: /home/S/jenkins/workspace/ECP/ecg-maya-hydra/ecg-maya-hydra-branch-preflight-python3-linux/ecg-maya-hydra/maya-hydra/lib/flowViewport/global.h
[2023-11-10T17:33:44.405Z]     -- promoting: /home/S/jenkins/workspace/ECP/ecg-maya-hydra/ecg-maya-hydra-branch-preflight-python3-linux/ecg-maya-hydra/maya-hydra/lib/flowViewport/tokens.h
[2023-11-10T17:33:44.405Z]     -- promoting: /home/S/jenkins/workspace/ECP/ecg-maya-hydra/ecg-maya-hydra-branch-preflight-python3-linux/ecg-maya-hydra/maya-hydra/lib/flowViewport/colorPreferences/fvpColorChanged.h
[2023-11-10T17:33:44.405Z]     -- promoting: /home/S/jenkins/workspace/ECP/ecg-maya-hydra/ecg-maya-hydra-branch-preflight-python3-linux/ecg-maya-hydra/maya-hydra/lib/flowViewport/colorPreferences/fvpColorPreferences.h
[2023-11-10T17:33:44.405Z]     -- promoting: /home/S/jenkins/workspace/ECP/ecg-maya-hydra/ecg-maya-hydra-branch-preflight-python3-linux/ecg-maya-hydra/maya-hydra/lib/flowViewport/colorPreferences/fvpColorPreferencesTokens.h
[2023-11-10T17:33:44.405Z]     -- promoting: /home/S/jenkins/workspace/ECP/ecg-maya-hydra/ecg-maya-hydra-branch-preflight-python3-linux/ecg-maya-hydra/maya-hydra/lib/flowViewport/colorPreferences/fvpColorPreferencesTranslator.h
[2023-11-10T17:33:44.405Z]     -- promoting: /home/S/jenkins/workspace/ECP/ecg-maya-hydra/ecg-maya-hydra-branch-preflight-python3-linux/ecg-maya-hydra/maya-hydra/lib/flowViewport/sceneIndex/fvpMergingSceneIndex.h
[2023-11-10T17:33:44.405Z]     -- promoting: /home/S/jenkins/workspace/ECP/ecg-maya-hydra/ecg-maya-hydra-branch-preflight-python3-linux/ecg-maya-hydra/maya-hydra/lib/flowViewport/sceneIndex/fvpPassThroughSelectionInterfaceSceneIndex.h
[2023-11-10T17:33:44.405Z]     -- promoting: /home/S/jenkins/workspace/ECP/ecg-maya-hydra/ecg-maya-hydra-branch-preflight-python3-linux/ecg-maya-hydra/maya-hydra/lib/flowViewport/sceneIndex/fvpPathInterface.h
[2023-11-10T17:33:44.405Z]     -- promoting: /home/S/jenkins/workspace/ECP/ecg-maya-hydra/ecg-maya-hydra-branch-preflight-python3-linux/ecg-maya-hydra/maya-hydra/lib/flowViewport/sceneIndex/fvpPathInterfaceSceneIndex.h
[2023-11-10T17:33:44.405Z]     -- promoting: /home/S/jenkins/workspace/ECP/ecg-maya-hydra/ecg-maya-hydra-branch-preflight-python3-linux/ecg-maya-hydra/maya-hydra/lib/flowViewport/sceneIndex/fvpRenderIndexProxy.h
[2023-11-10T17:33:44.405Z]     -- promoting: /home/S/jenkins/workspace/ECP/ecg-maya-hydra/ecg-maya-hydra-branch-preflight-python3-linux/ecg-maya-hydra/maya-hydra/lib/flowViewport/sceneIndex/fvpSelectionInterface.h
[2023-11-10T17:33:44.405Z]     -- promoting: /home/S/jenkins/workspace/ECP/ecg-maya-hydra/ecg-maya-hydra-branch-preflight-python3-linux/ecg-maya-hydra/maya-hydra/lib/flowViewport/sceneIndex/fvpSelectionSceneIndex.h
[2023-11-10T17:33:44.405Z]     -- promoting: /home/S/jenkins/workspace/ECP/ecg-maya-hydra/ecg-maya-hydra-branch-preflight-python3-linux/ecg-maya-hydra/maya-hydra/lib/flowViewport/sceneIndex/fvpWireframeSelectionHighlightSceneIndex.h
[2023-11-10T17:33:44.405Z]     -- promoting: /home/S/jenkins/workspace/ECP/ecg-maya-hydra/ecg-maya-hydra-branch-preflight-python3-linux/ecg-maya-hydra/maya-hydra/lib/flowViewport/API/fvpSelectionClient.h
[2023-11-10T17:33:44.405Z]     -- promoting: /home/S/jenkins/workspace/ECP/ecg-maya-hydra/ecg-maya-hydra-branch-preflight-python3-linux/ecg-maya-hydra/maya-hydra/lib/flowViewport/API/fvpFlowSelectionInterface.h
[2023-11-10T17:33:44.405Z]     -- promoting: /home/S/jenkins/workspace/ECP/ecg-maya-hydra/ecg-maya-hydra-branch-preflight-python3-linux/ecg-maya-hydra/maya-hydra/lib/flowViewport/API/fvpVersionInterface.h
[2023-11-10T17:33:44.405Z]     -- promoting: /home/S/jenkins/workspace/ECP/ecg-maya-hydra/ecg-maya-hydra-branch-preflight-python3-linux/ecg-maya-hydra/maya-hydra/lib/flowViewport/API/interfacesImp/fvpSelectionInterfaceImp.h
[2023-11-10T17:33:44.406Z]     -- promoting: /home/S/jenkins/workspace/ECP/ecg-maya-hydra/ecg-maya-hydra-branch-preflight-python3-linux/ecg-maya-hydra/maya-hydra/lib/flowViewport/API/interfacesImp/fvpVersionInterfaceImp.h
[2023-11-10T17:33:44.406Z]     -- promoting: /home/S/jenkins/workspace/ECP/ecg-maya-hydra/ecg-maya-hydra-branch-preflight-python3-linux/ecg-maya-hydra/maya-hydra/lib/flowViewport/API/samples/fvpSelectionClientExample.h
[2023-11-10T17:33:44.406Z]     -- promoting: /home/S/jenkins/workspace/ECP/ecg-maya-hydra/ecg-maya-hydra-branch-preflight-python3-linux/ecg-maya-hydra/maya-hydra/lib/flowViewport/selection/fvpSelectionTracker.h
[2023-11-10T17:33:44.406Z]     -- promoting: /home/S/jenkins/workspace/ECP/ecg-maya-hydra/ecg-maya-hydra-branch-preflight-python3-linux/ecg-maya-hydra/maya-hydra/lib/flowViewport/selection/fvpSelectionTask.h
[2023-11-10T17:33:44.943Z]     -- Configuring done
[2023-11-10T17:33:44.943Z]     -- Generating done
[2023-11-10T17:33:44.943Z]     -- Build files have been written to: /home/S/jenkins/workspace/ECP/ecg-maya-hydra/ecg-maya-hydra-branch-preflight-python3-linux/build/Debug
[2023-11-10T17:33:44.943Z]     
[2023-11-10T17:33:44.943Z]         Building with settings:
[2023-11-10T17:33:44.943Z]           Source directory          /home/S/jenkins/workspace/ECP/ecg-maya-hydra/ecg-maya-hydra-branch-preflight-python3-linux/ecg-maya-hydra/maya-hydra
[2023-11-10T17:33:44.943Z]           Workspace directory       /local/S/jenkins/workspace/ECP/ecg-maya-hydra/ecg-maya-hydra-branch-preflight-python3-linux
[2023-11-10T17:33:44.943Z]           Build directory           /local/S/jenkins/workspace/ECP/ecg-maya-hydra/ecg-maya-hydra-branch-preflight-python3-linux/build/Debug
[2023-11-10T17:33:44.943Z]           Install directory         /local/S/jenkins/workspace/ECP/ecg-maya-hydra/ecg-maya-hydra-branch-preflight-python3-linux/install/Debug/MayaHydra
[2023-11-10T17:33:44.943Z]           Variant                   Debug
[2023-11-10T17:33:44.943Z]           Python Debug              On
[2023-11-10T17:33:44.943Z]           CMake generator           Ninja
[2023-11-10T17:33:44.943Z]           Build arguments           ['-DCMAKE_MAKE_PROGRAM=/local/S/jenkins/workspace/shared/Artifactory/Linux/ninja/1.10.2/9ab399b/ninja', '-DPYTHON_INCLUDE_DIR=/local/S/jenkins/workspace/shared/Artifactory/Linux/rundev-master-debug/202310260154/runtime/7d60df0/runTime/include/Python310/Python', '-DPython_EXECUTABLE=/local/S/jenkins/workspace/shared/Artifactory/Linux/rundev-master-debug/202310260154/runtime/7d60df0/runTime/bin/mayapy', '-DPYTHON_LIBRARIES=/local/S/jenkins/workspace/shared/Artifactory/Linux/rundev-master-debug/202310260154/runtime/7d60df0/runTime/lib/libpython3.10d.so.1.0', '-DBUILD_WITH_PYTHON_3=ON', '-DBUILD_WITH_PYTHON_3_VERSION=3.10', '-DCMAKE_WANT_MATERIALX_BUILD=ON', '-DCMAKE_PREFIX_PATH=/local/S/jenkins/workspace/shared/Artifactory/Linux/USD/8e4fe45']
[2023-11-10T17:33:44.943Z]           Stages arguments          ['configure']
[2023-11-10T17:33:44.943Z]           CTest arguments           ['--parallel 16']
[2023-11-10T17:33:44.943Z]     STATUS: Found Maya Qt headers in: /local/S/jenkins/workspace/shared/Artifactory/Linux/rundev-master-debug/202310260154/runtime/7d60df0/devkitBase
[2023-11-10T17:33:44.943Z]     Success MayaHydra build and install !!!!
[2023-11-10T17:33:44.943Z]     Elapsed time: 00:00:09
[Pipeline] sh
[2023-11-10T17:33:46.527Z] + scl enable gcc-toolset-11 -
[2023-11-10T17:33:46.527Z] + '[' enable = load -o enable = unload ']'
[2023-11-10T17:33:46.527Z] + /usr/bin/scl enable gcc-toolset-11 -
[2023-11-10T17:33:46.527Z] python ecg-maya-hydra/build.py --stages=configure --workspace-dir=/local/S/jenkins/workspace/ECP/ecg-maya-hydra/ecg-maya-hydra-branch-preflight-python3-linux --artifactory-dir=/local/S/jenkins/workspace/shared/Artifactory --build-dir=/local/S/jenkins/workspace/ECP/ecg-maya-hydra/ecg-maya-hydra-branch-preflight-python3-linux/build --install-dir=/local/S/jenkins/workspace/ECP/ecg-maya-hydra/ecg-maya-hydra-branch-preflight-python3-linux/install --signing-dir=/local/S/jenkins/workspace/ECP/ecg-maya-hydra/ecg-maya-hydra-branch-preflight-python3-linux/signing --package-dir=/local/S/jenkins/workspace/ECP/ecg-maya-hydra/ecg-maya-hydra-branch-preflight-python3-linux/package --output-dir=/local/S/jenkins/workspace/ECP/ecg-maya-hydra/ecg-maya-hydra-branch-preflight-python3-linux/output --stash-dir=/local/S/jenkins/workspace/ECP/ecg-maya-hydra/ecg-maya-hydra-branch-preflight-python3-linux/stash --jenkins-build=381 --git-commit=f4e7d2b7882b60458753b9c09444f9526172c500 --git-branch=master --variants=RelWithDebInfo --interactive-tests=true --post-zips=false --osx-binary-architecture-target=ub2 --osx-deployment-target=11.0 --osx-base-sdk=CurrentActiveSDK --maya-cut-config=maya-rundev-master.yaml --maya-package=rundev-master --stage-banner
[2023-11-10T17:33:46.527Z] Using Maya cut from /local/S/jenkins/workspace/shared/Artifactory/Linux/rundev-master/202311060140/runtime/33fa670
[2023-11-10T17:33:46.527Z] 
[2023-11-10T17:33:46.527Z] ================================================================================
[2023-11-10T17:33:46.527Z]                            configure (RelWithDebInfo)
[2023-11-10T17:33:46.527Z] ================================================================================
[2023-11-10T17:33:46.527Z] Maya Python RelWithDebInfo Info:
[2023-11-10T17:33:46.527Z]   mayapy executable   = /local/S/jenkins/workspace/shared/Artifactory/Linux/rundev-master/202311060140/runtime/33fa670/runTime/bin/mayapy
[2023-11-10T17:33:46.527Z]   Include Folder      = /local/S/jenkins/workspace/shared/Artifactory/Linux/rundev-master/202311060140/runtime/33fa670/runTime/include/Python310/Python
[2023-11-10T17:33:46.527Z]   Library             = /local/S/jenkins/workspace/shared/Artifactory/Linux/rundev-master/202311060140/runtime/33fa670/runTime/lib/libpython3.10.so.1.0
[2023-11-10T17:33:46.527Z]   site-package Folder = /local/S/jenkins/workspace/shared/Artifactory/Linux/rundev-master/202311060140/runtime/33fa670/runTime/lib/python3.10/site-packages
[2023-11-10T17:33:47.065Z] In workdir: /home/S/jenkins/workspace/ECP/ecg-maya-hydra/ecg-maya-hydra-branch-preflight-python3-linux/ecg-maya-hydra/maya-hydra
[2023-11-10T17:33:47.065Z] Executing: /local/S/jenkins/workspace/shared/Artifactory/Linux/rundev-master/202311060140/runtime/33fa670/runTime/bin/mayapy /home/S/jenkins/workspace/ECP/ecg-maya-hydra/ecg-maya-hydra-branch-preflight-python3-linux/ecg-maya-hydra/maya-hydra/build.py --generator Ninja --build-relwithdebug --maya-location /local/S/jenkins/workspace/shared/Artifactory/Linux/rundev-master/202311060140/runtime/33fa670/runTime --devkit-location /local/S/jenkins/workspace/shared/Artifactory/Linux/rundev-master/202311060140/runtime/33fa670/devkitBase --pxrusd-location /local/S/jenkins/workspace/shared/Artifactory/Linux/USD/13e6029 --build-args=-DCMAKE_MAKE_PROGRAM=/local/S/jenkins/workspace/shared/Artifactory/Linux/ninja/1.10.2/9ab399b/ninja,-DPYTHON_INCLUDE_DIR=/local/S/jenkins/workspace/shared/Artifactory/Linux/rundev-master/202311060140/runtime/33fa670/runTime/include/Python310/Python,-DPython_EXECUTABLE=/local/S/jenkins/workspace/shared/Artifactory/Linux/rundev-master/202311060140/runtime/33fa670/runTime/bin/mayapy,-DPYTHON_LIBRARIES=/local/S/jenkins/workspace/shared/Artifactory/Linux/rundev-master/202311060140/runtime/33fa670/runTime/lib/libpython3.10.so.1.0,-DBUILD_WITH_PYTHON_3=ON,-DBUILD_WITH_PYTHON_3_VERSION=3.10,-DCMAKE_WANT_MATERIALX_BUILD=ON,-DCMAKE_PREFIX_PATH=/local/S/jenkins/workspace/shared/Artifactory/Linux/USD/13e6029 '--ctest-args=--parallel 16' --stages=configure --redirect-outstream-file=False --install-location /local/S/jenkins/workspace/ECP/ecg-maya-hydra/ecg-maya-hydra-branch-preflight-python3-linux/install/RelWithDebInfo/MayaHydra /local/S/jenkins/workspace/ECP/ecg-maya-hydra/ecg-maya-hydra-branch-preflight-python3-linux
[2023-11-10T17:33:47.065Z] Modified environment variables:
[2023-11-10T17:33:47.065Z]     LD_LIBRARY_PATH=/opt/rh/gcc-toolset-11/root/usr/lib64:/opt/rh/gcc-toolset-11/root/usr/lib64:/opt/rh/gcc-toolset-11/root/usr/lib:/opt/rh/gcc-toolset-11/root/usr/lib64/dyninst:/opt/rh/gcc-toolset-11/root/usr/lib/dyninst
[2023-11-10T17:33:47.065Z]     PATH=/local/S/jenkins/workspace/shared/Artifactory/Linux/cmake/3.20.3/ab685d7/bin:/opt/rh/gcc-toolset-11/root/usr/bin:/home/administrator/.local/bin:/home/administrator/bin:/usr/share/Modules/bin:/usr/local/bin:/usr/local/sbin:/usr/bin:/usr/sbin
[2023-11-10T17:34:00.390Z]     -- The C compiler identification is GNU 11.2.1
[2023-11-10T17:34:00.390Z]     -- The CXX compiler identification is GNU 11.2.1
[2023-11-10T17:34:00.390Z]     -- Detecting C compiler ABI info
[2023-11-10T17:34:00.390Z]     -- Detecting C compiler ABI info - done
[2023-11-10T17:34:00.390Z]     -- Check for working C compiler: /opt/rh/gcc-toolset-11/root/usr/bin/cc - skipped
[2023-11-10T17:34:00.390Z]     -- Detecting C compile features
[2023-11-10T17:34:00.390Z]     -- Detecting C compile features - done
[2023-11-10T17:34:00.390Z]     -- Detecting CXX compiler ABI info
[2023-11-10T17:34:00.390Z]     -- Detecting CXX compiler ABI info - done
[2023-11-10T17:34:00.390Z]     -- Check for working CXX compiler: /opt/rh/gcc-toolset-11/root/usr/bin/c++ - skipped
[2023-11-10T17:34:00.390Z]     -- Detecting CXX compile features
[2023-11-10T17:34:00.390Z]     -- Detecting CXX compile features - done
[2023-11-10T17:34:00.390Z]     -- Using Maya Light API Version 3
[2023-11-10T17:34:00.390Z]     -- Maya has setDefaultMaterialHandling API
[2023-11-10T17:34:00.390Z]     -- Maya has new point snapping API
[2023-11-10T17:34:00.390Z]     -- Maya has isInCrashHandler API
[2023-11-10T17:34:00.390Z]     -- Maya has getDisplayStyleOfAllViewports API
[2023-11-10T17:34:00.390Z]     -- Maya array iterator has difference_type trait
[2023-11-10T17:34:00.390Z]     -- MFnSet has getMemberPaths function
[2023-11-10T17:34:00.390Z]     -- MFnDisplayLayer exists
[2023-11-10T17:34:00.391Z]     -- MDisplayLayerMessage has MDisplayLayerMemberChangedFunction
[2023-11-10T17:34:00.391Z]     -- MRenderItem has HideOnPlayback API
[2023-11-10T17:34:00.391Z]     -- Linux: Maya was built with new cxx11 ABI
[2023-11-10T17:34:00.391Z]     -- Found Maya: /local/S/jenkins/workspace/shared/Artifactory/Linux/rundev-master/202311060140/runtime/33fa670/runTime/bin/maya (found suitable version "2025", minimum required is "2024")
[2023-11-10T17:34:00.927Z]     -- Found Python: /local/S/jenkins/workspace/shared/Artifactory/Linux/rundev-master/202311060140/runtime/33fa670/runTime/bin/mayapy (found suitable exact version "3.10.8") found components: Interpreter
[2023-11-10T17:34:00.927Z]     -- Build mayaHydra with Python3 = ON
[2023-11-10T17:34:00.927Z]     --    PYTHON_INCLUDE_DIRS = /local/S/jenkins/workspace/shared/Artifactory/Linux/rundev-master/202311060140/runtime/33fa670/runTime/include/Python310/Python
[2023-11-10T17:34:00.927Z]     --    PYTHON_LIBRARIES    = /local/S/jenkins/workspace/shared/Artifactory/Linux/rundev-master/202311060140/runtime/33fa670/runTime/lib/libpython3.10.so.1.0
[2023-11-10T17:34:00.927Z]     --    Python_EXECUTABLE   = /local/S/jenkins/workspace/shared/Artifactory/Linux/rundev-master/202311060140/runtime/33fa670/runTime/bin/mayapy
[2023-11-10T17:34:00.927Z]     -- Found Python3: /local/S/jenkins/workspace/shared/Artifactory/Linux/rundev-master/202311060140/runtime/33fa670/runTime/include/Python310/Python (found suitable exact version "3.10.8") found components: Development Development.Module Development.Embed
[2023-11-10T17:34:00.927Z]     -- USD has new Sdr.PropertyTypes.Color4
[2023-11-10T17:34:01.464Z]     -- USD has MaterialX metadata support
[2023-11-10T17:34:01.464Z]     -- USD include dir: /local/S/jenkins/workspace/shared/Artifactory/Linux/USD/13e6029/include
[2023-11-10T17:34:01.464Z]     -- USD library dir: /local/S/jenkins/workspace/shared/Artifactory/Linux/USD/13e6029/lib
[2023-11-10T17:34:01.464Z]     -- USD version: 0.23.8
[2023-11-10T17:34:01.464Z]     -- Found USD: /local/S/jenkins/workspace/shared/Artifactory/Linux/USD/13e6029 (found suitable version "0.23.8", minimum required is "0.22.11")
[2023-11-10T17:34:01.464Z]     Updated PYTHONPATH: /local/S/jenkins/workspace/shared/Artifactory/Linux/USD/13e6029/lib/python
[2023-11-10T17:34:01.464Z]     -- Found UFE: /local/S/jenkins/workspace/shared/Artifactory/Linux/rundev-master/202311060140/runtime/33fa670/devkitBase/devkit/ufe/include (found version "0.5.11")
[2023-11-10T17:34:01.464Z]     -- UFE include dir: /local/S/jenkins/workspace/shared/Artifactory/Linux/rundev-master/202311060140/runtime/33fa670/devkitBase/devkit/ufe/include
[2023-11-10T17:34:01.464Z]     -- UFE library: /local/S/jenkins/workspace/shared/Artifactory/Linux/rundev-master/202311060140/runtime/33fa670/devkitBase/devkit/ufe/lib/libufe_0.so
[2023-11-10T17:34:01.464Z]     -- UFE version: 0.5.11
[2023-11-10T17:34:01.464Z]     -- Maya has UFE lights API
[2023-11-10T17:34:01.464Z]     -- Maya has UFE scene segment API
[2023-11-10T17:34:01.464Z]     -- Maya has UFE TrieNode childrenComponents accessor
[2023-11-10T17:34:01.464Z]     -- Building with UFE 0.5.11.
[2023-11-10T17:34:01.464Z]     -- Found MaterialX
[2023-11-10T17:34:02.002Z]     -- Check if compiler accepts -pthread
[2023-11-10T17:34:02.002Z]     -- Check if compiler accepts -pthread - yes
[2023-11-10T17:34:02.002Z]     -- Performing Test HAVE_STDATOMIC
[2023-11-10T17:34:02.002Z]     -- Performing Test HAVE_STDATOMIC - Success
[2023-11-10T17:34:02.002Z]     -- Found OpenGL: /usr/lib64/libOpenGL.so
[2023-11-10T17:34:02.550Z]     -- Check if linker can resolve circular dependencies - FALSE
[2023-11-10T17:34:02.550Z]     -- Found Qt 6.5.2 in Maya devkit. Hydra Scene Browser will be built.
[2023-11-10T17:34:02.550Z]     -- **** Building Gulrak From Github Repository.
[2023-11-10T17:34:02.550Z]     -- Populating gulrak
[2023-11-10T17:34:02.550Z]     -- Configuring done
[2023-11-10T17:34:02.550Z]     -- Generating done
[2023-11-10T17:34:02.550Z]     -- Build files have been written to: /home/S/jenkins/workspace/ECP/ecg-maya-hydra/ecg-maya-hydra-branch-preflight-python3-linux/build/RelWithDebInfo/_deps/gulrak-subbuild
[2023-11-10T17:34:02.550Z]     [1/9] Creating directories for 'gulrak-populate'
[2023-11-10T17:34:02.550Z]     [1/9] Performing download step (git clone) for 'gulrak-populate'
[2023-11-10T17:34:02.550Z]     Cloning into 'gulrak-src'...
[2023-11-10T17:34:03.096Z]     HEAD is now at 4e21ab3 Version bump and updated readme.
[2023-11-10T17:34:03.096Z]     [2/9] Performing update step for 'gulrak-populate'
[2023-11-10T17:34:03.634Z]     [4/9] No patch step for 'gulrak-populate'
[2023-11-10T17:34:03.634Z]     [5/9] No configure step for 'gulrak-populate'
[2023-11-10T17:34:03.634Z]     [6/9] No build step for 'gulrak-populate'
[2023-11-10T17:34:03.634Z]     [7/9] No install step for 'gulrak-populate'
[2023-11-10T17:34:03.634Z]     [8/9] No test step for 'gulrak-populate'
[2023-11-10T17:34:03.634Z]     [9/9] Completed 'gulrak-populate'
[2023-11-10T17:34:03.634Z]     -- ========== Installing GoogleTest... ==========
[2023-11-10T17:34:03.634Z]     -- Configuring done
[2023-11-10T17:34:03.634Z]     -- Generating done
[2023-11-10T17:34:03.634Z]     -- Build files have been written to: /home/S/jenkins/workspace/ECP/ecg-maya-hydra/ecg-maya-hydra-branch-preflight-python3-linux/build/RelWithDebInfo/googletest-config
[2023-11-10T17:34:03.634Z]     [1/8] Creating directories for 'googletest'
[2023-11-10T17:34:04.759Z]     [2/8] Performing download step (git clone) for 'googletest'
[2023-11-10T17:34:04.759Z]     Cloning into 'googletest-src'...
[2023-11-10T17:34:04.759Z]     HEAD is now at 703bd9ca Googletest export
[2023-11-10T17:34:04.759Z]     [3/8] Performing update step for 'googletest'
[2023-11-10T17:34:04.759Z]     [4/8] No patch step for 'googletest'
[2023-11-10T17:34:05.927Z]     [5/8] Performing configure step for 'googletest'
[2023-11-10T17:34:05.927Z]     Not searching for unused variables given on the command line.
[2023-11-10T17:34:05.927Z]     CMake Deprecation Warning at CMakeLists.txt:4 (cmake_minimum_required):
[2023-11-10T17:34:05.927Z]       Compatibility with CMake < 2.8.12 will be removed from a future version of
[2023-11-10T17:34:05.927Z]       CMake.
[2023-11-10T17:34:05.927Z]     
[2023-11-10T17:34:05.927Z]       Update the VERSION argument <min> value or use a ...<max> suffix to tell
[2023-11-10T17:34:05.927Z]       CMake that the project does not need compatibility with older versions.
[2023-11-10T17:34:05.927Z]     
[2023-11-10T17:34:05.927Z]     
[2023-11-10T17:34:05.927Z]     -- The C compiler identification is GNU 11.2.1
[2023-11-10T17:34:05.927Z]     -- The CXX compiler identification is GNU 11.2.1
[2023-11-10T17:34:05.927Z]     -- Detecting C compiler ABI info
[2023-11-10T17:34:05.927Z]     -- Detecting C compiler ABI info - done
[2023-11-10T17:34:05.927Z]     -- Check for working C compiler: /opt/rh/gcc-toolset-11/root/usr/bin/cc - skipped
[2023-11-10T17:34:05.927Z]     -- Detecting C compile features
[2023-11-10T17:34:05.927Z]     -- Detecting C compile features - done
[2023-11-10T17:34:05.927Z]     -- Detecting CXX compiler ABI info
[2023-11-10T17:34:05.927Z]     -- Detecting CXX compiler ABI info - done
[2023-11-10T17:34:05.927Z]     -- Check for working CXX compiler: /opt/rh/gcc-toolset-11/root/usr/bin/c++ - skipped
[2023-11-10T17:34:05.927Z]     -- Detecting CXX compile features
[2023-11-10T17:34:05.927Z]     -- Detecting CXX compile features - done
[2023-11-10T17:34:05.927Z]     CMake Deprecation Warning at googletest/CMakeLists.txt:56 (cmake_minimum_required):
[2023-11-10T17:34:05.927Z]       Compatibility with CMake < 2.8.12 will be removed from a future version of
[2023-11-10T17:34:05.927Z]       CMake.
[2023-11-10T17:34:05.927Z]     
[2023-11-10T17:34:05.927Z]       Update the VERSION argument <min> value or use a ...<max> suffix to tell
[2023-11-10T17:34:05.927Z]       CMake that the project does not need compatibility with older versions.
[2023-11-10T17:34:05.927Z]     
[2023-11-10T17:34:05.927Z]     
[2023-11-10T17:34:05.927Z]     -- Found PythonInterp: /usr/local/bin/python (found version "3.9.7")
[2023-11-10T17:34:05.927Z]     -- Looking for pthread.h
[2023-11-10T17:34:05.927Z]     -- Looking for pthread.h - found
[2023-11-10T17:34:05.927Z]     -- Performing Test CMAKE_HAVE_LIBC_PTHREAD
[2023-11-10T17:34:05.927Z]     -- Performing Test CMAKE_HAVE_LIBC_PTHREAD - Failed
[2023-11-10T17:34:05.927Z]     -- Looking for pthread_create in pthreads
[2023-11-10T17:34:05.927Z]     -- Looking for pthread_create in pthreads - not found
[2023-11-10T17:34:05.927Z]     -- Looking for pthread_create in pthread
[2023-11-10T17:34:05.927Z]     -- Looking for pthread_create in pthread - found
[2023-11-10T17:34:05.927Z]     -- Found Threads: TRUE
[2023-11-10T17:34:05.927Z]     -- Configuring done
[2023-11-10T17:34:05.927Z]     -- Generating done
[2023-11-10T17:34:05.927Z]     -- Build files have been written to: /home/S/jenkins/workspace/ECP/ecg-maya-hydra/ecg-maya-hydra-branch-preflight-python3-linux/build/RelWithDebInfo/googletest-build
[2023-11-10T17:34:16.234Z]     [6/8] Performing build step for 'googletest'
[2023-11-10T17:34:16.234Z]     [1/4] Building CXX object googletest/CMakeFiles/gtest_main.dir/src/gtest_main.cc.o
[2023-11-10T17:34:16.235Z]     [2/4] Building CXX object googletest/CMakeFiles/gtest.dir/src/gtest-all.cc.o
[2023-11-10T17:34:16.235Z]     [3/4] Linking CXX shared library lib/libgtest.so
[2023-11-10T17:34:16.235Z]     [4/4] Linking CXX shared library lib/libgtest_main.so
[2023-11-10T17:34:16.235Z]     [7/8] Performing install step for 'googletest'
[2023-11-10T17:34:16.235Z]     [0/1] Install the project...
[2023-11-10T17:34:16.235Z]     -- Install configuration: "RelWithDebInfo"
[2023-11-10T17:34:16.235Z]     -- Set runtime path of "/home/S/jenkins/workspace/ECP/ecg-maya-hydra/ecg-maya-hydra-branch-preflight-python3-linux/build/RelWithDebInfo/googletest-install/lib64/libgtest_main.so" to ""
[2023-11-10T17:34:16.235Z]     [8/8] Completed 'googletest'
[2023-11-10T17:34:16.235Z]     -- ========== ...  GoogleTest installed. ==========
[2023-11-10T17:34:16.235Z]     -- Found GTest: /home/S/jenkins/workspace/ECP/ecg-maya-hydra/ecg-maya-hydra-branch-preflight-python3-linux/build/RelWithDebInfo/googletest-install/lib64/libgtest.so
[2023-11-10T17:34:16.235Z]     -- promoting: /home/S/jenkins/workspace/ECP/ecg-maya-hydra/ecg-maya-hydra-branch-preflight-python3-linux/ecg-maya-hydra/maya-hydra/lib/mayaHydra/mayaPlugin/pluginUtils.h
[2023-11-10T17:34:16.235Z]     -- promoting: /home/S/jenkins/workspace/ECP/ecg-maya-hydra/ecg-maya-hydra-branch-preflight-python3-linux/ecg-maya-hydra/maya-hydra/lib/mayaHydra/hydraExtensions/api.h
[2023-11-10T17:34:16.235Z]     -- promoting: /home/S/jenkins/workspace/ECP/ecg-maya-hydra/ecg-maya-hydra-branch-preflight-python3-linux/ecg-maya-hydra/maya-hydra/lib/mayaHydra/hydraExtensions/debugCodes.h
[2023-11-10T17:34:16.235Z]     -- promoting: /home/S/jenkins/workspace/ECP/ecg-maya-hydra/ecg-maya-hydra-branch-preflight-python3-linux/ecg-maya-hydra/maya-hydra/lib/mayaHydra/hydraExtensions/hydraUtils.h
[2023-11-10T17:34:16.235Z]     -- promoting: /home/S/jenkins/workspace/ECP/ecg-maya-hydra/ecg-maya-hydra-branch-preflight-python3-linux/ecg-maya-hydra/maya-hydra/lib/mayaHydra/hydraExtensions/interface.h
[2023-11-10T17:34:16.235Z]     -- promoting: /home/S/jenkins/workspace/ECP/ecg-maya-hydra/ecg-maya-hydra-branch-preflight-python3-linux/ecg-maya-hydra/maya-hydra/lib/mayaHydra/hydraExtensions/interfaceImp.h
[2023-11-10T17:34:16.235Z]     -- promoting: /home/S/jenkins/workspace/ECP/ecg-maya-hydra/ecg-maya-hydra-branch-preflight-python3-linux/ecg-maya-hydra/maya-hydra/lib/mayaHydra/hydraExtensions/mayaUtils.h
[2023-11-10T17:34:16.235Z]     -- promoting: /home/S/jenkins/workspace/ECP/ecg-maya-hydra/ecg-maya-hydra-branch-preflight-python3-linux/ecg-maya-hydra/maya-hydra/lib/mayaHydra/hydraExtensions/mixedUtils.h
[2023-11-10T17:34:16.235Z]     -- promoting: /home/S/jenkins/workspace/ECP/ecg-maya-hydra/ecg-maya-hydra-branch-preflight-python3-linux/ecg-maya-hydra/maya-hydra/lib/mayaHydra/hydraExtensions/mayaHydraSceneProducer.h
[2023-11-10T17:34:16.235Z]     -- promoting: /home/S/jenkins/workspace/ECP/ecg-maya-hydra/ecg-maya-hydra-branch-preflight-python3-linux/ecg-maya-hydra/maya-hydra/lib/mayaHydra/hydraExtensions/adapters/adapter.h
[2023-11-10T17:34:16.235Z]     -- promoting: /home/S/jenkins/workspace/ECP/ecg-maya-hydra/ecg-maya-hydra-branch-preflight-python3-linux/ecg-maya-hydra/maya-hydra/lib/mayaHydra/hydraExtensions/adapters/adapterDebugCodes.h
[2023-11-10T17:34:16.235Z]     -- promoting: /home/S/jenkins/workspace/ECP/ecg-maya-hydra/ecg-maya-hydra-branch-preflight-python3-linux/ecg-maya-hydra/maya-hydra/lib/mayaHydra/hydraExtensions/adapters/adapterRegistry.h
[2023-11-10T17:34:16.235Z]     -- promoting: /home/S/jenkins/workspace/ECP/ecg-maya-hydra/ecg-maya-hydra-branch-preflight-python3-linux/ecg-maya-hydra/maya-hydra/lib/mayaHydra/hydraExtensions/adapters/cameraAdapter.h
[2023-11-10T17:34:16.235Z]     -- promoting: /home/S/jenkins/workspace/ECP/ecg-maya-hydra/ecg-maya-hydra-branch-preflight-python3-linux/ecg-maya-hydra/maya-hydra/lib/mayaHydra/hydraExtensions/adapters/constantShadowMatrix.h
[2023-11-10T17:34:16.235Z]     -- promoting: /home/S/jenkins/workspace/ECP/ecg-maya-hydra/ecg-maya-hydra-branch-preflight-python3-linux/ecg-maya-hydra/maya-hydra/lib/mayaHydra/hydraExtensions/adapters/dagAdapter.h
[2023-11-10T17:34:16.235Z]     -- promoting: /home/S/jenkins/workspace/ECP/ecg-maya-hydra/ecg-maya-hydra-branch-preflight-python3-linux/ecg-maya-hydra/maya-hydra/lib/mayaHydra/hydraExtensions/adapters/renderItemAdapter.h
[2023-11-10T17:34:16.235Z]     -- promoting: /home/S/jenkins/workspace/ECP/ecg-maya-hydra/ecg-maya-hydra-branch-preflight-python3-linux/ecg-maya-hydra/maya-hydra/lib/mayaHydra/hydraExtensions/adapters/lightAdapter.h
[2023-11-10T17:34:16.235Z]     -- promoting: /home/S/jenkins/workspace/ECP/ecg-maya-hydra/ecg-maya-hydra-branch-preflight-python3-linux/ecg-maya-hydra/maya-hydra/lib/mayaHydra/hydraExtensions/adapters/materialAdapter.h
[2023-11-10T17:34:16.235Z]     -- promoting: /home/S/jenkins/workspace/ECP/ecg-maya-hydra/ecg-maya-hydra-branch-preflight-python3-linux/ecg-maya-hydra/maya-hydra/lib/mayaHydra/hydraExtensions/adapters/materialNetworkConverter.h
[2023-11-10T17:34:16.235Z]     -- promoting: /home/S/jenkins/workspace/ECP/ecg-maya-hydra/ecg-maya-hydra-branch-preflight-python3-linux/ecg-maya-hydra/maya-hydra/lib/mayaHydra/hydraExtensions/adapters/mayaAttrs.h
[2023-11-10T17:34:16.235Z]     -- promoting: /home/S/jenkins/workspace/ECP/ecg-maya-hydra/ecg-maya-hydra-branch-preflight-python3-linux/ecg-maya-hydra/maya-hydra/lib/mayaHydra/hydraExtensions/adapters/shapeAdapter.h
[2023-11-10T17:34:16.235Z]     -- promoting: /home/S/jenkins/workspace/ECP/ecg-maya-hydra/ecg-maya-hydra-branch-preflight-python3-linux/ecg-maya-hydra/maya-hydra/lib/mayaHydra/hydraExtensions/adapters/tokens.h
[2023-11-10T17:34:16.235Z]     -- promoting: /home/S/jenkins/workspace/ECP/ecg-maya-hydra/ecg-maya-hydra-branch-preflight-python3-linux/ecg-maya-hydra/maya-hydra/lib/mayaHydra/hydraExtensions/delegates/delegate.h
[2023-11-10T17:34:16.235Z]     -- promoting: /home/S/jenkins/workspace/ECP/ecg-maya-hydra/ecg-maya-hydra-branch-preflight-python3-linux/ecg-maya-hydra/maya-hydra/lib/mayaHydra/hydraExtensions/delegates/delegateCtx.h
[2023-11-10T17:34:16.235Z]     -- promoting: /home/S/jenkins/workspace/ECP/ecg-maya-hydra/ecg-maya-hydra-branch-preflight-python3-linux/ecg-maya-hydra/maya-hydra/lib/mayaHydra/hydraExtensions/delegates/delegateDebugCodes.h
[2023-11-10T17:34:16.235Z]     -- promoting: /home/S/jenkins/workspace/ECP/ecg-maya-hydra/ecg-maya-hydra-branch-preflight-python3-linux/ecg-maya-hydra/maya-hydra/lib/mayaHydra/hydraExtensions/delegates/delegateRegistry.h
[2023-11-10T17:34:16.235Z]     -- promoting: /home/S/jenkins/workspace/ECP/ecg-maya-hydra/ecg-maya-hydra-branch-preflight-python3-linux/ecg-maya-hydra/maya-hydra/lib/mayaHydra/hydraExtensions/delegates/params.h
[2023-11-10T17:34:16.235Z]     -- promoting: /home/S/jenkins/workspace/ECP/ecg-maya-hydra/ecg-maya-hydra-branch-preflight-python3-linux/ecg-maya-hydra/maya-hydra/lib/mayaHydra/hydraExtensions/delegates/sceneDelegate.h
[2023-11-10T17:34:16.235Z]     -- promoting: /home/S/jenkins/workspace/ECP/ecg-maya-hydra/ecg-maya-hydra-branch-preflight-python3-linux/ecg-maya-hydra/maya-hydra/lib/mayaHydra/hydraExtensions/delegates/defaultLightDelegate.h
[2023-11-10T17:34:16.235Z]     -- promoting: /home/S/jenkins/workspace/ECP/ecg-maya-hydra/ecg-maya-hydra-branch-preflight-python3-linux/ecg-maya-hydra/maya-hydra/lib/mayaHydra/hydraExtensions/delegates/testDelegate.h
[2023-11-10T17:34:16.235Z]     -- promoting: /home/S/jenkins/workspace/ECP/ecg-maya-hydra/ecg-maya-hydra-branch-preflight-python3-linux/ecg-maya-hydra/maya-hydra/lib/mayaHydra/hydraExtensions/sceneIndex/registration.h
[2023-11-10T17:34:16.235Z]     -- promoting: /home/S/jenkins/workspace/ECP/ecg-maya-hydra/ecg-maya-hydra-branch-preflight-python3-linux/ecg-maya-hydra/maya-hydra/lib/mayaHydra/hydraExtensions/sceneIndex/mayaHydraSceneIndex.h
[2023-11-10T17:34:16.235Z]     -- promoting: /home/S/jenkins/workspace/ECP/ecg-maya-hydra/ecg-maya-hydra-branch-preflight-python3-linux/ecg-maya-hydra/maya-hydra/lib/mayaHydra/hydraExtensions/sceneIndex/mayaHydraDataSource.h
[2023-11-10T17:34:16.235Z]     -- promoting: /home/S/jenkins/workspace/ECP/ecg-maya-hydra/ecg-maya-hydra-branch-preflight-python3-linux/ecg-maya-hydra/maya-hydra/lib/mayaHydra/hydraExtensions/sceneIndex/mayaHydraPrimvarDataSource.h
[2023-11-10T17:34:16.235Z]     -- promoting: /home/S/jenkins/workspace/ECP/ecg-maya-hydra/ecg-maya-hydra-branch-preflight-python3-linux/ecg-maya-hydra/maya-hydra/lib/mayaHydra/hydraExtensions/sceneIndex/mayaHydraDisplayStyleDataSource.h
[2023-11-10T17:34:16.235Z]     -- promoting: /home/S/jenkins/workspace/ECP/ecg-maya-hydra/ecg-maya-hydra-branch-preflight-python3-linux/ecg-maya-hydra/maya-hydra/lib/mayaHydra/hydraExtensions/sceneIndex/mayaHydraCameraDataSource.h
[2023-11-10T17:34:16.235Z]     -- promoting: /home/S/jenkins/workspace/ECP/ecg-maya-hydra/ecg-maya-hydra-branch-preflight-python3-linux/ecg-maya-hydra/maya-hydra/lib/mayaHydra/hydraExtensions/sceneIndex/mayaHydraLightDataSource.h
[2023-11-10T17:34:16.235Z]     -- promoting: /home/S/jenkins/workspace/ECP/ecg-maya-hydra/ecg-maya-hydra-branch-preflight-python3-linux/ecg-maya-hydra/maya-hydra/lib/mayaHydra/hydraExtensions/sceneIndex/mayaHydraDefaultLightDataSource.h
[2023-11-10T17:34:16.235Z]     -- promoting: /home/S/jenkins/workspace/ECP/ecg-maya-hydra/ecg-maya-hydra-branch-preflight-python3-linux/ecg-maya-hydra/maya-hydra/lib/mayaHydra/ufeExtensions/api.h
[2023-11-10T17:34:16.235Z]     -- promoting: /home/S/jenkins/workspace/ECP/ecg-maya-hydra/ecg-maya-hydra-branch-preflight-python3-linux/ecg-maya-hydra/maya-hydra/lib/mayaHydra/ufeExtensions/Global.h
[2023-11-10T17:34:16.235Z]     -- promoting: /home/S/jenkins/workspace/ECP/ecg-maya-hydra/ecg-maya-hydra-branch-preflight-python3-linux/ecg-maya-hydra/maya-hydra/lib/flowViewport/api.h
[2023-11-10T17:34:16.235Z]     -- promoting: /home/S/jenkins/workspace/ECP/ecg-maya-hydra/ecg-maya-hydra-branch-preflight-python3-linux/ecg-maya-hydra/maya-hydra/lib/flowViewport/debugCodes.h
[2023-11-10T17:34:16.235Z]     -- promoting: /home/S/jenkins/workspace/ECP/ecg-maya-hydra/ecg-maya-hydra-branch-preflight-python3-linux/ecg-maya-hydra/maya-hydra/lib/flowViewport/global.h
[2023-11-10T17:34:16.235Z]     -- promoting: /home/S/jenkins/workspace/ECP/ecg-maya-hydra/ecg-maya-hydra-branch-preflight-python3-linux/ecg-maya-hydra/maya-hydra/lib/flowViewport/tokens.h
[2023-11-10T17:34:16.235Z]     -- promoting: /home/S/jenkins/workspace/ECP/ecg-maya-hydra/ecg-maya-hydra-branch-preflight-python3-linux/ecg-maya-hydra/maya-hydra/lib/flowViewport/colorPreferences/fvpColorChanged.h
[2023-11-10T17:34:16.235Z]     -- promoting: /home/S/jenkins/workspace/ECP/ecg-maya-hydra/ecg-maya-hydra-branch-preflight-python3-linux/ecg-maya-hydra/maya-hydra/lib/flowViewport/colorPreferences/fvpColorPreferences.h
[2023-11-10T17:34:16.235Z]     -- promoting: /home/S/jenkins/workspace/ECP/ecg-maya-hydra/ecg-maya-hydra-branch-preflight-python3-linux/ecg-maya-hydra/maya-hydra/lib/flowViewport/colorPreferences/fvpColorPreferencesTokens.h
[2023-11-10T17:34:16.235Z]     -- promoting: /home/S/jenkins/workspace/ECP/ecg-maya-hydra/ecg-maya-hydra-branch-preflight-python3-linux/ecg-maya-hydra/maya-hydra/lib/flowViewport/colorPreferences/fvpColorPreferencesTranslator.h
[2023-11-10T17:34:16.235Z]     -- promoting: /home/S/jenkins/workspace/ECP/ecg-maya-hydra/ecg-maya-hydra-branch-preflight-python3-linux/ecg-maya-hydra/maya-hydra/lib/flowViewport/sceneIndex/fvpMergingSceneIndex.h
[2023-11-10T17:34:16.235Z]     -- promoting: /home/S/jenkins/workspace/ECP/ecg-maya-hydra/ecg-maya-hydra-branch-preflight-python3-linux/ecg-maya-hydra/maya-hydra/lib/flowViewport/sceneIndex/fvpPassThroughSelectionInterfaceSceneIndex.h
[2023-11-10T17:34:16.235Z]     -- promoting: /home/S/jenkins/workspace/ECP/ecg-maya-hydra/ecg-maya-hydra-branch-preflight-python3-linux/ecg-maya-hydra/maya-hydra/lib/flowViewport/sceneIndex/fvpPathInterface.h
[2023-11-10T17:34:16.235Z]     -- promoting: /home/S/jenkins/workspace/ECP/ecg-maya-hydra/ecg-maya-hydra-branch-preflight-python3-linux/ecg-maya-hydra/maya-hydra/lib/flowViewport/sceneIndex/fvpPathInterfaceSceneIndex.h
[2023-11-10T17:34:16.235Z]     -- promoting: /home/S/jenkins/workspace/ECP/ecg-maya-hydra/ecg-maya-hydra-branch-preflight-python3-linux/ecg-maya-hydra/maya-hydra/lib/flowViewport/sceneIndex/fvpRenderIndexProxy.h
[2023-11-10T17:34:16.235Z]     -- promoting: /home/S/jenkins/workspace/ECP/ecg-maya-hydra/ecg-maya-hydra-branch-preflight-python3-linux/ecg-maya-hydra/maya-hydra/lib/flowViewport/sceneIndex/fvpSelectionInterface.h
[2023-11-10T17:34:16.235Z]     -- promoting: /home/S/jenkins/workspace/ECP/ecg-maya-hydra/ecg-maya-hydra-branch-preflight-python3-linux/ecg-maya-hydra/maya-hydra/lib/flowViewport/sceneIndex/fvpSelectionSceneIndex.h
[2023-11-10T17:34:16.235Z]     -- promoting: /home/S/jenkins/workspace/ECP/ecg-maya-hydra/ecg-maya-hydra-branch-preflight-python3-linux/ecg-maya-hydra/maya-hydra/lib/flowViewport/sceneIndex/fvpWireframeSelectionHighlightSceneIndex.h
[2023-11-10T17:34:16.235Z]     -- promoting: /home/S/jenkins/workspace/ECP/ecg-maya-hydra/ecg-maya-hydra-branch-preflight-python3-linux/ecg-maya-hydra/maya-hydra/lib/flowViewport/API/fvpSelectionClient.h
[2023-11-10T17:34:16.235Z]     -- promoting: /home/S/jenkins/workspace/ECP/ecg-maya-hydra/ecg-maya-hydra-branch-preflight-python3-linux/ecg-maya-hydra/maya-hydra/lib/flowViewport/API/fvpFlowSelectionInterface.h
[2023-11-10T17:34:16.235Z]     -- promoting: /home/S/jenkins/workspace/ECP/ecg-maya-hydra/ecg-maya-hydra-branch-preflight-python3-linux/ecg-maya-hydra/maya-hydra/lib/flowViewport/API/fvpVersionInterface.h
[2023-11-10T17:34:16.235Z]     -- promoting: /home/S/jenkins/workspace/ECP/ecg-maya-hydra/ecg-maya-hydra-branch-preflight-python3-linux/ecg-maya-hydra/maya-hydra/lib/flowViewport/API/interfacesImp/fvpSelectionInterfaceImp.h
[2023-11-10T17:34:16.235Z]     -- promoting: /home/S/jenkins/workspace/ECP/ecg-maya-hydra/ecg-maya-hydra-branch-preflight-python3-linux/ecg-maya-hydra/maya-hydra/lib/flowViewport/API/interfacesImp/fvpVersionInterfaceImp.h
[2023-11-10T17:34:16.235Z]     -- promoting: /home/S/jenkins/workspace/ECP/ecg-maya-hydra/ecg-maya-hydra-branch-preflight-python3-linux/ecg-maya-hydra/maya-hydra/lib/flowViewport/API/samples/fvpSelectionClientExample.h
[2023-11-10T17:34:16.235Z]     -- promoting: /home/S/jenkins/workspace/ECP/ecg-maya-hydra/ecg-maya-hydra-branch-preflight-python3-linux/ecg-maya-hydra/maya-hydra/lib/flowViewport/selection/fvpSelectionTracker.h
[2023-11-10T17:34:16.235Z]     -- promoting: /home/S/jenkins/workspace/ECP/ecg-maya-hydra/ecg-maya-hydra-branch-preflight-python3-linux/ecg-maya-hydra/maya-hydra/lib/flowViewport/selection/fvpSelectionTask.h
[2023-11-10T17:34:16.775Z]     -- Configuring done
[2023-11-10T17:34:16.775Z]     -- Generating done
[2023-11-10T17:34:16.775Z]     -- Build files have been written to: /home/S/jenkins/workspace/ECP/ecg-maya-hydra/ecg-maya-hydra-branch-preflight-python3-linux/build/RelWithDebInfo
[2023-11-10T17:34:16.775Z]     
[2023-11-10T17:34:16.775Z]         Building with settings:
[2023-11-10T17:34:16.775Z]           Source directory          /home/S/jenkins/workspace/ECP/ecg-maya-hydra/ecg-maya-hydra-branch-preflight-python3-linux/ecg-maya-hydra/maya-hydra
[2023-11-10T17:34:16.775Z]           Workspace directory       /local/S/jenkins/workspace/ECP/ecg-maya-hydra/ecg-maya-hydra-branch-preflight-python3-linux
[2023-11-10T17:34:16.775Z]           Build directory           /local/S/jenkins/workspace/ECP/ecg-maya-hydra/ecg-maya-hydra-branch-preflight-python3-linux/build/RelWithDebInfo
[2023-11-10T17:34:16.775Z]           Install directory         /local/S/jenkins/workspace/ECP/ecg-maya-hydra/ecg-maya-hydra-branch-preflight-python3-linux/install/RelWithDebInfo/MayaHydra
[2023-11-10T17:34:16.775Z]           Variant                   RelWithDebInfo
[2023-11-10T17:34:16.775Z]           Python Debug              Off
[2023-11-10T17:34:16.775Z]           CMake generator           Ninja
[2023-11-10T17:34:16.775Z]           Build arguments           ['-DCMAKE_MAKE_PROGRAM=/local/S/jenkins/workspace/shared/Artifactory/Linux/ninja/1.10.2/9ab399b/ninja', '-DPYTHON_INCLUDE_DIR=/local/S/jenkins/workspace/shared/Artifactory/Linux/rundev-master/202311060140/runtime/33fa670/runTime/include/Python310/Python', '-DPython_EXECUTABLE=/local/S/jenkins/workspace/shared/Artifactory/Linux/rundev-master/202311060140/runtime/33fa670/runTime/bin/mayapy', '-DPYTHON_LIBRARIES=/local/S/jenkins/workspace/shared/Artifactory/Linux/rundev-master/202311060140/runtime/33fa670/runTime/lib/libpython3.10.so.1.0', '-DBUILD_WITH_PYTHON_3=ON', '-DBUILD_WITH_PYTHON_3_VERSION=3.10', '-DCMAKE_WANT_MATERIALX_BUILD=ON', '-DCMAKE_PREFIX_PATH=/local/S/jenkins/workspace/shared/Artifactory/Linux/USD/13e6029']
[2023-11-10T17:34:16.775Z]           Stages arguments          ['configure']
[2023-11-10T17:34:16.775Z]           CTest arguments           ['--parallel 16']
[2023-11-10T17:34:16.775Z]     STATUS: Could not find Maya Qt6.
[2023-11-10T17:34:16.775Z]     STATUS:   Extracting '/local/S/jenkins/workspace/shared/Artifactory/Linux/rundev-master/202311060140/runtime/33fa670/devkitBase/Qt.tgz' to '/local/S/jenkins/workspace/shared/Artifactory/Linux/rundev-master/202311060140/runtime/33fa670/devkitBase'
[2023-11-10T17:34:16.775Z]     Success MayaHydra build and install !!!!
[2023-11-10T17:34:16.775Z]     Elapsed time: 00:00:17
[Pipeline] }
[Pipeline] // withEnv
[Pipeline] }
[Pipeline] // timeout
[Pipeline] }
[Pipeline] // stage
[Pipeline] }
[Pipeline] // timestamps
[Pipeline] timestamps
[Pipeline] {
[Pipeline] stage
[Pipeline] { (Build)
[Pipeline] timeout
[2023-11-10T17:34:17.193Z] Timeout set to expire in 6 hr 0 min
[Pipeline] {
[Pipeline] withEnv
[Pipeline] {
[Pipeline] sh
[2023-11-10T17:34:18.924Z] + scl enable gcc-toolset-11 -
[2023-11-10T17:34:18.924Z] + '[' enable = load -o enable = unload ']'
[2023-11-10T17:34:18.924Z] + /usr/bin/scl enable gcc-toolset-11 -
[2023-11-10T17:34:18.924Z] python ecg-maya-hydra/build.py --stages=build --workspace-dir=/local/S/jenkins/workspace/ECP/ecg-maya-hydra/ecg-maya-hydra-branch-preflight-python3-linux --artifactory-dir=/local/S/jenkins/workspace/shared/Artifactory --build-dir=/local/S/jenkins/workspace/ECP/ecg-maya-hydra/ecg-maya-hydra-branch-preflight-python3-linux/build --install-dir=/local/S/jenkins/workspace/ECP/ecg-maya-hydra/ecg-maya-hydra-branch-preflight-python3-linux/install --signing-dir=/local/S/jenkins/workspace/ECP/ecg-maya-hydra/ecg-maya-hydra-branch-preflight-python3-linux/signing --package-dir=/local/S/jenkins/workspace/ECP/ecg-maya-hydra/ecg-maya-hydra-branch-preflight-python3-linux/package --output-dir=/local/S/jenkins/workspace/ECP/ecg-maya-hydra/ecg-maya-hydra-branch-preflight-python3-linux/output --stash-dir=/local/S/jenkins/workspace/ECP/ecg-maya-hydra/ecg-maya-hydra-branch-preflight-python3-linux/stash --jenkins-build=381 --git-commit=f4e7d2b7882b60458753b9c09444f9526172c500 --git-branch=master --variants=Debug --interactive-tests=true --post-zips=false --osx-binary-architecture-target=ub2 --osx-deployment-target=11.0 --osx-base-sdk=CurrentActiveSDK --build-retry=3 --maya-cut-config=maya-rundev-master-debug.yaml --maya-package=rundev-master-debug --stage-banner
[2023-11-10T17:34:18.924Z] Using Maya cut from /local/S/jenkins/workspace/shared/Artifactory/Linux/rundev-master-debug/202310260154/runtime/7d60df0
[2023-11-10T17:34:18.924Z] 
[2023-11-10T17:34:18.924Z] ================================================================================
[2023-11-10T17:34:18.924Z]                                  build (Debug)
[2023-11-10T17:34:18.924Z] ================================================================================
[2023-11-10T17:34:18.924Z] Maya Python Debug Info:
[2023-11-10T17:34:18.924Z]   mayapy executable   = /local/S/jenkins/workspace/shared/Artifactory/Linux/rundev-master-debug/202310260154/runtime/7d60df0/runTime/bin/mayapy
[2023-11-10T17:34:18.924Z]   Include Folder      = /local/S/jenkins/workspace/shared/Artifactory/Linux/rundev-master-debug/202310260154/runtime/7d60df0/runTime/include/Python310/Python
[2023-11-10T17:34:18.924Z]   Library             = /local/S/jenkins/workspace/shared/Artifactory/Linux/rundev-master-debug/202310260154/runtime/7d60df0/runTime/lib/libpython3.10d.so.1.0
[2023-11-10T17:34:18.924Z]   site-package Folder = /local/S/jenkins/workspace/shared/Artifactory/Linux/rundev-master-debug/202310260154/runtime/7d60df0/runTime/lib/python3.10/site-packages
[2023-11-10T17:34:20.199Z] In workdir: /home/S/jenkins/workspace/ECP/ecg-maya-hydra/ecg-maya-hydra-branch-preflight-python3-linux/ecg-maya-hydra/maya-hydra
[2023-11-10T17:34:20.199Z] Executing: /local/S/jenkins/workspace/shared/Artifactory/Linux/rundev-master-debug/202310260154/runtime/7d60df0/runTime/bin/mayapy /home/S/jenkins/workspace/ECP/ecg-maya-hydra/ecg-maya-hydra-branch-preflight-python3-linux/ecg-maya-hydra/maya-hydra/build.py --generator Ninja --build-debug --maya-location /local/S/jenkins/workspace/shared/Artifactory/Linux/rundev-master-debug/202310260154/runtime/7d60df0/runTime --devkit-location /local/S/jenkins/workspace/shared/Artifactory/Linux/rundev-master-debug/202310260154/runtime/7d60df0/devkitBase --pxrusd-location /local/S/jenkins/workspace/shared/Artifactory/Linux/USD/8e4fe45 --build-args=-DCMAKE_MAKE_PROGRAM=/local/S/jenkins/workspace/shared/Artifactory/Linux/ninja/1.10.2/9ab399b/ninja,-DPYTHON_INCLUDE_DIR=/local/S/jenkins/workspace/shared/Artifactory/Linux/rundev-master-debug/202310260154/runtime/7d60df0/runTime/include/Python310/Python,-DPython_EXECUTABLE=/local/S/jenkins/workspace/shared/Artifactory/Linux/rundev-master-debug/202310260154/runtime/7d60df0/runTime/bin/mayapy,-DPYTHON_LIBRARIES=/local/S/jenkins/workspace/shared/Artifactory/Linux/rundev-master-debug/202310260154/runtime/7d60df0/runTime/lib/libpython3.10d.so.1.0,-DBUILD_WITH_PYTHON_3=ON,-DBUILD_WITH_PYTHON_3_VERSION=3.10,-DCMAKE_WANT_MATERIALX_BUILD=ON,-DCMAKE_PREFIX_PATH=/local/S/jenkins/workspace/shared/Artifactory/Linux/USD/8e4fe45 --debug-python '--ctest-args=--parallel 16' --stages=build --redirect-outstream-file=False --install-location /local/S/jenkins/workspace/ECP/ecg-maya-hydra/ecg-maya-hydra-branch-preflight-python3-linux/install/Debug/MayaHydra /local/S/jenkins/workspace/ECP/ecg-maya-hydra/ecg-maya-hydra-branch-preflight-python3-linux
[2023-11-10T17:34:20.199Z] Modified environment variables:
[2023-11-10T17:34:20.199Z]     LD_LIBRARY_PATH=/opt/rh/gcc-toolset-11/root/usr/lib64:/opt/rh/gcc-toolset-11/root/usr/lib64:/opt/rh/gcc-toolset-11/root/usr/lib:/opt/rh/gcc-toolset-11/root/usr/lib64/dyninst:/opt/rh/gcc-toolset-11/root/usr/lib/dyninst
[2023-11-10T17:34:20.199Z]     PATH=/local/S/jenkins/workspace/shared/Artifactory/Linux/cmake/3.20.3/ab685d7/bin:/opt/rh/gcc-toolset-11/root/usr/bin:/home/administrator/.local/bin:/home/administrator/bin:/usr/share/Modules/bin:/usr/local/bin:/usr/local/sbin:/usr/bin:/usr/sbin
[2023-11-10T17:34:20.828Z]     [1/100] Building CXX object lib/mayaHydra/mayaPlugin/CMakeFiles/mayaHydra.dir/colorNotFoundException.cpp.o
[2023-11-10T17:34:20.828Z]     [2/100] Building CXX object lib/mayaHydra/mayaPlugin/CMakeFiles/mayaHydra.dir/tokens.cpp.o
[2023-11-10T17:34:20.828Z]     [3/100] Building CXX object test/lib/mayaUsd/render/mayaToHydra/cpp/CMakeFiles/mayaHydraCppTests.dir/testCppFramework.cpp.o
[2023-11-10T17:34:21.405Z]     [4/100] Building CXX object lib/mayaHydra/mayaPlugin/CMakeFiles/mayaHydra.dir/pluginDebugCodes.cpp.o
[2023-11-10T17:34:21.405Z]     [5/100] Building CXX object test/lib/mayaUsd/render/mayaToHydra/cpp/CMakeFiles/mayaHydraCppTests.dir/mayaHydraCppTestsCmd.cpp.o
[2023-11-10T17:34:21.405Z]     [6/100] Building CXX object lib/mayaHydra/mayaPlugin/CMakeFiles/mayaHydra.dir/mayaColorPreferencesTranslator.cpp.o
[2023-11-10T17:34:21.999Z]     [7/100] Building CXX object test/lib/mayaUsd/render/mayaToHydra/cpp/CMakeFiles/mayaHydraCppTests.dir/testColorPreferences.cpp.o
[2023-11-10T17:34:21.999Z]     [8/100] Building CXX object lib/mayaHydra/hydraExtensions/CMakeFiles/mayaHydraLib.dir/adapters/adapterDebugCodes.cpp.o
[2023-11-10T17:34:22.543Z]     [9/100] Building CXX object lib/mayaHydra/hydraExtensions/CMakeFiles/mayaHydraLib.dir/debugCodes.cpp.o
[2023-11-10T17:34:22.543Z]     [10/100] Building CXX object lib/mayaHydra/hydraExtensions/CMakeFiles/mayaHydraLib.dir/mayaUtils.cpp.o
[2023-11-10T17:34:24.107Z]     [11/100] Building CXX object test/lib/mayaUsd/render/mayaToHydra/cpp/CMakeFiles/mayaHydraCppTests.dir/testUtils.cpp.o
[2023-11-10T17:34:24.691Z]     [12/100] Building CXX object test/lib/mayaUsd/render/mayaToHydra/cpp/CMakeFiles/mayaHydraCppTests.dir/testMayaSceneFlattening.cpp.o
[2023-11-10T17:34:24.691Z]     [13/100] Building CXX object test/lib/mayaUsd/render/mayaToHydra/cpp/CMakeFiles/mayaHydraCppTests.dir/testSelectionSceneIndex.cpp.o
[2023-11-10T17:34:24.691Z]     [14/100] Building CXX object test/lib/mayaUsd/render/mayaToHydra/cpp/CMakeFiles/mayaHydraCppTests.dir/testMayaUsdUfeItems.cpp.o
[2023-11-10T17:34:25.310Z]     [15/100] Building CXX object test/lib/mayaUsd/render/mayaToHydra/cpp/CMakeFiles/mayaHydraCppTests.dir/testWireframeSelectionHighlightSceneIndex.cpp.o
[2023-11-10T17:34:25.310Z]     [16/100] Building CXX object lib/mayaHydra/hydraExtensions/CMakeFiles/mayaHydraLib.dir/interfaceImp.cpp.o
[2023-11-10T17:34:25.862Z]     [17/100] Building CXX object lib/mayaHydra/hydraExtensions/CMakeFiles/mayaHydraLib.dir/hydraUtils.cpp.o
[2023-11-10T17:34:25.862Z]     [18/100] Building CXX object lib/mayaHydra/hydraExtensions/CMakeFiles/mayaHydraLib.dir/mixedUtils.cpp.o
[2023-11-10T17:34:26.433Z]     [19/100] Building CXX object lib/mayaHydra/mayaPlugin/CMakeFiles/mayaHydra.dir/pluginUtils.cpp.o
[2023-11-10T17:34:26.994Z]     [20/100] Building CXX object lib/mayaHydra/mayaPlugin/CMakeFiles/mayaHydra.dir/plugin.cpp.o
[2023-11-10T17:34:26.994Z]     [21/100] Building CXX object test/lib/mayaUsd/render/mayaToHydra/cpp/CMakeFiles/mayaHydraCppTests.dir/testMergingSceneIndex.cpp.o
[2023-11-10T17:34:27.548Z]     [22/100] Building CXX object lib/mayaHydra/mayaPlugin/CMakeFiles/mayaHydra.dir/viewCommand.cpp.o
[2023-11-10T17:34:27.548Z]     /home/S/jenkins/workspace/ECP/ecg-maya-hydra/ecg-maya-hydra-branch-preflight-python3-linux/ecg-maya-hydra/maya-hydra/lib/mayaHydra/mayaPlugin/viewCommand.cpp:33:50: note: ‘#pragma message: MAYAHYDRA_CUT_ID is not defined’
[2023-11-10T17:34:27.548Z]        33 | #pragma message("MAYAHYDRA_CUT_ID is not defined")
[2023-11-10T17:34:27.548Z]           |                                                  ^
[2023-11-10T17:34:27.548Z]     [23/100] Building CXX object lib/mayaHydra/hydraExtensions/CMakeFiles/mayaHydraLib.dir/adapters/mayaAttrs.cpp.o
[2023-11-10T17:34:28.101Z]     [24/100] Building CXX object lib/mayaHydra/hydraExtensions/CMakeFiles/mayaHydraLib.dir/adapters/adapterRegistry.cpp.o
[2023-11-10T17:34:30.624Z]     [25/100] Building CXX object lib/mayaHydra/hydraExtensions/CMakeFiles/mayaHydraLib.dir/adapters/adapter.cpp.o
[2023-11-10T17:34:30.624Z]     [26/100] Building CXX object lib/mayaHydra/mayaPlugin/CMakeFiles/mayaHydra.dir/renderOverride.cpp.o
[2023-11-10T17:34:30.624Z]     [27/100] Building CXX object lib/mayaHydra/mayaPlugin/CMakeFiles/mayaHydra.dir/renderGlobals.cpp.o
[2023-11-10T17:34:31.163Z]     [28/100] Building CXX object lib/mayaHydra/hydraExtensions/CMakeFiles/mayaHydraLib.dir/adapters/areaLightAdapter.cpp.o
[2023-11-10T17:34:31.164Z]     [29/100] Building CXX object lib/mayaHydra/hydraExtensions/CMakeFiles/mayaHydraLib.dir/adapters/cameraAdapter.cpp.o
[2023-11-10T17:34:31.705Z]     [30/100] Building CXX object lib/mayaHydra/hydraExtensions/CMakeFiles/mayaHydraLib.dir/adapters/aiSkydomeLightAdapter.cpp.o
[2023-11-10T17:34:31.705Z]     [31/100] Building CXX object lib/mayaHydra/hydraExtensions/CMakeFiles/mayaHydraLib.dir/adapters/tokens.cpp.o
[2023-11-10T17:34:32.253Z]     [32/100] Building CXX object lib/mayaHydra/hydraExtensions/CMakeFiles/mayaHydraLib.dir/adapters/dagAdapter.cpp.o
[2023-11-10T17:34:32.254Z]     [33/100] Building CXX object lib/mayaHydra/hydraExtensions/CMakeFiles/mayaHydraLib.dir/delegates/delegateDebugCodes.cpp.o
[2023-11-10T17:34:32.254Z]     [34/100] Building CXX object lib/mayaHydra/hydraExtensions/CMakeFiles/mayaHydraLib.dir/adapters/renderItemAdapter.cpp.o
[2023-11-10T17:34:32.794Z]     [35/100] Building CXX object lib/mayaHydra/hydraExtensions/CMakeFiles/mayaHydraLib.dir/adapters/directionalLightAdapter.cpp.o
[2023-11-10T17:34:32.794Z]     [36/100] Building CXX object lib/mayaHydra/hydraExtensions/CMakeFiles/mayaHydraLib.dir/mayaHydraSceneProducer.cpp.o
[2023-11-10T17:34:32.794Z]     [37/100] Building CXX object lib/mayaHydra/hydraExtensions/CMakeFiles/mayaHydraLib.dir/adapters/lightAdapter.cpp.o
[2023-11-10T17:34:33.935Z]     [38/100] Building CXX object lib/mayaHydra/hydraExtensions/CMakeFiles/mayaHydraLib.dir/adapters/materialAdapter.cpp.o
[2023-11-10T17:34:34.484Z]     [39/100] Building CXX object lib/mayaHydra/hydraExtensions/CMakeFiles/mayaHydraLib.dir/adapters/nurbsCurveAdapter.cpp.o
[2023-11-10T17:34:35.036Z]     [40/100] Building CXX object lib/mayaHydra/hydraExtensions/CMakeFiles/mayaHydraLib.dir/adapters/meshAdapter.cpp.o
[2023-11-10T17:34:35.036Z]     [41/100] Building CXX object lib/mayaHydra/hydraExtensions/CMakeFiles/mayaHydraLib.dir/adapters/pointLightAdapter.cpp.o
[2023-11-10T17:34:36.173Z]     [42/100] Building CXX object lib/mayaHydra/hydraExtensions/CMakeFiles/mayaHydraLib.dir/adapters/shapeAdapter.cpp.o
[2023-11-10T17:34:36.173Z]     [43/100] Building CXX object lib/mayaHydra/hydraExtensions/CMakeFiles/mayaHydraLib.dir/adapters/materialNetworkConverter.cpp.o
[2023-11-10T17:34:36.726Z]     [44/100] Building CXX object lib/mayaHydra/hydraExtensions/CMakeFiles/mayaHydraLib.dir/delegates/delegate.cpp.o
[2023-11-10T17:34:37.276Z]     [45/100] Building CXX object lib/mayaHydra/hydraExtensions/CMakeFiles/mayaHydraLib.dir/adapters/spotLightAdapter.cpp.o
[2023-11-10T17:34:37.276Z]     [46/100] Building CXX object lib/mayaHydra/hydraExtensions/CMakeFiles/mayaHydraLib.dir/delegates/delegateCtx.cpp.o
[2023-11-10T17:34:37.816Z]     [47/100] Building CXX object lib/flowViewport/CMakeFiles/flowViewport.dir/debugCodes.cpp.o
[2023-11-10T17:34:37.816Z]     [48/100] Building CXX object lib/mayaHydra/ufeExtensions/CMakeFiles/ufeExtensions.dir/Global.cpp.o
[2023-11-10T17:34:37.816Z]     [49/100] Building CXX object lib/flowViewport/CMakeFiles/flowViewport.dir/tokens.cpp.o
[2023-11-10T17:34:37.816Z]     [50/100] Building CXX object lib/flowViewport/CMakeFiles/flowViewport.dir/global.cpp.o
[2023-11-10T17:34:37.816Z]     [51/100] Building CXX object lib/mayaHydra/hydraExtensions/CMakeFiles/mayaHydraLib.dir/sceneIndex/registration.cpp.o
[2023-11-10T17:34:38.359Z]     [52/100] Building CXX object lib/mayaHydra/hydraExtensions/CMakeFiles/mayaHydraLib.dir/delegates/delegateRegistry.cpp.o
[2023-11-10T17:34:38.359Z]     [53/100] Building CXX object lib/flowViewport/CMakeFiles/flowViewport.dir/colorPreferences/fvpColorChanged.cpp.o
[2023-11-10T17:34:38.359Z]     [54/100] Linking CXX shared library lib/mayaHydra/ufeExtensions/libufeExtensions.so
[2023-11-10T17:34:38.359Z]     [55/100] Building CXX object lib/flowViewport/CMakeFiles/flowViewport.dir/sceneIndex/fvpPathInterface.cpp.o
[2023-11-10T17:34:38.359Z]     [56/100] Building CXX object lib/flowViewport/CMakeFiles/flowViewport.dir/colorPreferences/fvpColorPreferencesTokens.cpp.o
[2023-11-10T17:34:38.923Z]     [57/100] Building CXX object lib/flowViewport/CMakeFiles/flowViewport.dir/sceneIndex/fvpSelectionInterface.cpp.o
[2023-11-10T17:34:38.923Z]     [58/100] Building CXX object lib/flowViewport/CMakeFiles/flowViewport.dir/colorPreferences/fvpColorPreferences.cpp.o
[2023-11-10T17:34:40.742Z]     [59/100] Building CXX object lib/mayaHydra/hydraExtensions/CMakeFiles/mayaHydraLib.dir/sceneIndex/mayaHydraPrimvarDataSource.cpp.o
[2023-11-10T17:34:40.742Z]     [60/100] Building CXX object lib/flowViewport/CMakeFiles/flowViewport.dir/sceneIndex/fvpPathInterfaceSceneIndex.cpp.o
[2023-11-10T17:34:40.742Z]     [61/100] Building CXX object lib/flowViewport/CMakeFiles/flowViewport.dir/API/interfacesImp/fvpVersionInterfaceImp.cpp.o
[2023-11-10T17:34:40.742Z]     [62/100] Building CXX object lib/mayaHydra/hydraExtensions/CMakeFiles/mayaHydraLib.dir/sceneIndex/mayaHydraLightDataSource.cpp.o
[2023-11-10T17:34:41.299Z]     [63/100] Building CXX object lib/flowViewport/CMakeFiles/flowViewport.dir/sceneIndex/fvpMergingSceneIndex.cpp.o
[2023-11-10T17:34:41.299Z]     [64/100] Building CXX object lib/flowViewport/CMakeFiles/flowViewport.dir/sceneIndex/fvpPassThroughSelectionInterfaceSceneIndex.cpp.o
[2023-11-10T17:34:41.299Z]     [65/100] Building CXX object lib/flowViewport/CMakeFiles/flowViewport.dir/sceneIndex/fvpRenderIndexProxy.cpp.o
[2023-11-10T17:34:41.299Z]     [66/100] Building CXX object lib/mayaHydra/hydraExtensions/CMakeFiles/mayaHydraLib.dir/sceneIndex/mayaHydraDataSource.cpp.o
[2023-11-10T17:34:41.299Z]     [67/100] Building CXX object lib/flowViewport/CMakeFiles/flowViewport.dir/API/interfacesImp/fvpSelectionInterfaceImp.cpp.o
[2023-11-10T17:34:41.299Z]     [68/100] Building CXX object lib/mayaHydra/hydraExtensions/CMakeFiles/mayaHydraLib.dir/sceneIndex/mayaHydraDisplayStyleDataSource.cpp.o
[2023-11-10T17:34:41.299Z]     [69/100] Building CXX object lib/mayaHydra/hydraExtensions/CMakeFiles/mayaHydraLib.dir/sceneIndex/mayaHydraCameraDataSource.cpp.o
[2023-11-10T17:34:41.840Z]     [70/100] Building CXX object lib/flowViewport/CMakeFiles/flowViewport.dir/API/samples/fvpSelectionClientExample.cpp.o
[2023-11-10T17:34:41.840Z]     [71/100] Building CXX object lib/mayaHydra/hydraExtensions/CMakeFiles/mayaHydraLib.dir/delegates/sceneDelegate.cpp.o
[2023-11-10T17:34:43.043Z]     [72/100] Building CXX object lib/flowViewport/CMakeFiles/flowViewport.dir/sceneIndex/fvpSelectionSceneIndex.cpp.o
[2023-11-10T17:34:43.043Z]     [73/100] Building CXX object lib/mayaHydra/hydraExtensions/CMakeFiles/mayaHydraLib.dir/delegates/testDelegate.cpp.o
[2023-11-10T17:34:43.043Z]     [74/100] Building CXX object lib/mayaHydra/hydraExtensions/CMakeFiles/mayaHydraLib.dir/sceneIndex/mayaHydraDefaultLightDataSource.cpp.o
[2023-11-10T17:34:43.043Z]     [75/100] Building CXX object lib/mayaHydra/hydraExtensions/CMakeFiles/mayaHydraLib.dir/sceneIndex/mayaHydraSceneIndex.cpp.o
[2023-11-10T17:34:43.043Z]     [76/100] Building CXX object lib/flowViewport/CMakeFiles/flowViewport.dir/sceneIndex/fvpWireframeSelectionHighlightSceneIndex.cpp.o
[2023-11-10T17:34:43.043Z]     [77/100] Automatic MOC for target adskHydraSceneBrowser
[2023-11-10T17:34:43.593Z]     [78/100] Building CXX object lib/mayaHydra/hydraExtensions/CMakeFiles/mayaHydraLib.dir/delegates/defaultLightDelegate.cpp.o
[2023-11-10T17:34:45.368Z]     [79/100] Building CXX object lib/flowViewport/CMakeFiles/flowViewport.dir/selection/fvpSelectionTracker.cpp.o
[2023-11-10T17:34:45.368Z]     [80/100] Building CXX object lib/flowViewport/CMakeFiles/flowViewport.dir/selection/fvpSelectionTask.cpp.o
[2023-11-10T17:34:46.495Z]     [81/100] Building CXX object plugin/mayaHydraSceneBrowserTest/CMakeFiles/mayaHydraSceneBrowserTest.dir/mayaHydraSceneBrowserTestCmd.cpp.o
[2023-11-10T17:34:46.495Z]     [82/100] Linking CXX shared library lib/flowViewport/libflowViewport.so
[2023-11-10T17:34:47.195Z]     [83/100] Building CXX object lib/adskHydraSceneBrowser/lib/CMakeFiles/adskHydraSceneBrowser.dir/src/patch/registeredSceneIndexChooser.cpp.o
[2023-11-10T17:34:47.732Z]     [84/100] Building CXX object lib/adskHydraSceneBrowser/lib/CMakeFiles/adskHydraSceneBrowser.dir/src/patch/sceneIndexObserverLoggingWidget.cpp.o
[2023-11-10T17:34:47.732Z]     [85/100] Building CXX object plugin/mayaHydraSceneBrowser/CMakeFiles/mayaHydraSceneBrowser.dir/mayaHydraSceneBrowser.cpp.o
[2023-11-10T17:34:47.732Z]     [86/100] Building CXX object lib/adskHydraSceneBrowser/lib/CMakeFiles/adskHydraSceneBrowser.dir/src/patch/dataSourceValueTreeView.cpp.o
[2023-11-10T17:34:48.273Z]     [87/100] Building CXX object lib/adskHydraSceneBrowser/lib/CMakeFiles/adskHydraSceneBrowser.dir/src/patch/sceneIndexDebuggerWidget.cpp.o
[2023-11-10T17:34:48.273Z]     [88/100] Building CXX object lib/adskHydraSceneBrowser/lib/CMakeFiles/adskHydraSceneBrowser.dir/src/patch/sceneIndexObserverLoggingTreeView.cpp.o
[2023-11-10T17:34:48.273Z]     [89/100] Building CXX object lib/adskHydraSceneBrowser/lib/CMakeFiles/adskHydraSceneBrowser.dir/adskHydraSceneBrowser_autogen/mocs_compilation.cpp.o
[2023-11-10T17:34:48.273Z]     [90/100] Building CXX object lib/adskHydraSceneBrowser/lib/CMakeFiles/adskHydraSceneBrowser.dir/src/patch/sceneIndexTreeWidget.cpp.o
[2023-11-10T17:34:48.814Z]     [91/100] Building CXX object lib/adskHydraSceneBrowser/test/CMakeFiles/adskHydraSceneBrowserTesting.dir/adskHydraSceneBrowserTesting.cpp.o
[2023-11-10T17:34:48.814Z]     [92/100] Linking CXX shared library lib/mayaHydra/hydraExtensions/libmayaHydraLib.so
[2023-11-10T17:34:48.814Z]     [93/100] Building CXX object lib/adskHydraSceneBrowser/lib/CMakeFiles/adskHydraSceneBrowser.dir/src/patch/dataSourceTreeWidget.cpp.o
[2023-11-10T17:34:50.394Z]     [94/100] Linking CXX shared library lib/adskHydraSceneBrowser/lib/libadskHydraSceneBrowser.so
[2023-11-10T17:34:50.394Z]     [95/100] Linking CXX shared library test/lib/mayaUsd/render/mayaToHydra/cpp/mayaHydraCppTests.so
[2023-11-10T17:34:50.394Z]     [96/100] Linking CXX shared library lib/mayaHydra/mayaPlugin/mayaHydra.so
[2023-11-10T17:34:51.519Z]     [97/100] Linking CXX shared library plugin/mayaHydraSceneBrowser/mayaHydraSceneBrowser.so
[2023-11-10T17:34:51.519Z]     [98/100] Building CXX object lib/adskHydraSceneBrowser/test/CMakeFiles/adskHydraSceneBrowserTesting.dir/adskHydraSceneBrowserTestFixture.cpp.o
[2023-11-10T17:34:52.059Z]     [99/100] Linking CXX shared library lib/adskHydraSceneBrowser/test/libadskHydraSceneBrowserTesting.so
[2023-11-10T17:34:53.186Z]     [100/100] Linking CXX shared library plugin/mayaHydraSceneBrowserTest/mayaHydraSceneBrowserTest.so
[2023-11-10T17:34:53.186Z]     
[2023-11-10T17:34:53.186Z]         Building with settings:
[2023-11-10T17:34:53.186Z]           Source directory          /home/S/jenkins/workspace/ECP/ecg-maya-hydra/ecg-maya-hydra-branch-preflight-python3-linux/ecg-maya-hydra/maya-hydra
[2023-11-10T17:34:53.186Z]           Workspace directory       /local/S/jenkins/workspace/ECP/ecg-maya-hydra/ecg-maya-hydra-branch-preflight-python3-linux
[2023-11-10T17:34:53.186Z]           Build directory           /local/S/jenkins/workspace/ECP/ecg-maya-hydra/ecg-maya-hydra-branch-preflight-python3-linux/build/Debug
[2023-11-10T17:34:53.186Z]           Install directory         /local/S/jenkins/workspace/ECP/ecg-maya-hydra/ecg-maya-hydra-branch-preflight-python3-linux/install/Debug/MayaHydra
[2023-11-10T17:34:53.186Z]           Variant                   Debug
[2023-11-10T17:34:53.186Z]           Python Debug              On
[2023-11-10T17:34:53.186Z]           CMake generator           Ninja
[2023-11-10T17:34:53.186Z]           Build arguments           ['-DCMAKE_MAKE_PROGRAM=/local/S/jenkins/workspace/shared/Artifactory/Linux/ninja/1.10.2/9ab399b/ninja', '-DPYTHON_INCLUDE_DIR=/local/S/jenkins/workspace/shared/Artifactory/Linux/rundev-master-debug/202310260154/runtime/7d60df0/runTime/include/Python310/Python', '-DPython_EXECUTABLE=/local/S/jenkins/workspace/shared/Artifactory/Linux/rundev-master-debug/202310260154/runtime/7d60df0/runTime/bin/mayapy', '-DPYTHON_LIBRARIES=/local/S/jenkins/workspace/shared/Artifactory/Linux/rundev-master-debug/202310260154/runtime/7d60df0/runTime/lib/libpython3.10d.so.1.0', '-DBUILD_WITH_PYTHON_3=ON', '-DBUILD_WITH_PYTHON_3_VERSION=3.10', '-DCMAKE_WANT_MATERIALX_BUILD=ON', '-DCMAKE_PREFIX_PATH=/local/S/jenkins/workspace/shared/Artifactory/Linux/USD/8e4fe45']
[2023-11-10T17:34:53.186Z]           Stages arguments          ['build']
[2023-11-10T17:34:53.186Z]           CTest arguments           ['--parallel 16']
[2023-11-10T17:34:53.186Z]     Success MayaHydra build and install !!!!
[2023-11-10T17:34:53.186Z]     Elapsed time: 00:00:33
[Pipeline] sh
[2023-11-10T17:34:54.763Z] + scl enable gcc-toolset-11 -
[2023-11-10T17:34:54.763Z] + '[' enable = load -o enable = unload ']'
[2023-11-10T17:34:54.763Z] + /usr/bin/scl enable gcc-toolset-11 -
[2023-11-10T17:34:54.763Z] python ecg-maya-hydra/build.py --stages=build --workspace-dir=/local/S/jenkins/workspace/ECP/ecg-maya-hydra/ecg-maya-hydra-branch-preflight-python3-linux --artifactory-dir=/local/S/jenkins/workspace/shared/Artifactory --build-dir=/local/S/jenkins/workspace/ECP/ecg-maya-hydra/ecg-maya-hydra-branch-preflight-python3-linux/build --install-dir=/local/S/jenkins/workspace/ECP/ecg-maya-hydra/ecg-maya-hydra-branch-preflight-python3-linux/install --signing-dir=/local/S/jenkins/workspace/ECP/ecg-maya-hydra/ecg-maya-hydra-branch-preflight-python3-linux/signing --package-dir=/local/S/jenkins/workspace/ECP/ecg-maya-hydra/ecg-maya-hydra-branch-preflight-python3-linux/package --output-dir=/local/S/jenkins/workspace/ECP/ecg-maya-hydra/ecg-maya-hydra-branch-preflight-python3-linux/output --stash-dir=/local/S/jenkins/workspace/ECP/ecg-maya-hydra/ecg-maya-hydra-branch-preflight-python3-linux/stash --jenkins-build=381 --git-commit=f4e7d2b7882b60458753b9c09444f9526172c500 --git-branch=master --variants=RelWithDebInfo --interactive-tests=true --post-zips=false --osx-binary-architecture-target=ub2 --osx-deployment-target=11.0 --osx-base-sdk=CurrentActiveSDK --build-retry=3 --maya-cut-config=maya-rundev-master.yaml --maya-package=rundev-master --stage-banner
[2023-11-10T17:34:54.763Z] Using Maya cut from /local/S/jenkins/workspace/shared/Artifactory/Linux/rundev-master/202311060140/runtime/33fa670
[2023-11-10T17:34:54.763Z] 
[2023-11-10T17:34:54.763Z] ================================================================================
[2023-11-10T17:34:54.763Z]                              build (RelWithDebInfo)
[2023-11-10T17:34:54.763Z] ================================================================================
[2023-11-10T17:34:54.763Z] Maya Python RelWithDebInfo Info:
[2023-11-10T17:34:54.763Z]   mayapy executable   = /local/S/jenkins/workspace/shared/Artifactory/Linux/rundev-master/202311060140/runtime/33fa670/runTime/bin/mayapy
[2023-11-10T17:34:54.763Z]   Include Folder      = /local/S/jenkins/workspace/shared/Artifactory/Linux/rundev-master/202311060140/runtime/33fa670/runTime/include/Python310/Python
[2023-11-10T17:34:54.763Z]   Library             = /local/S/jenkins/workspace/shared/Artifactory/Linux/rundev-master/202311060140/runtime/33fa670/runTime/lib/libpython3.10.so.1.0
[2023-11-10T17:34:54.763Z]   site-package Folder = /local/S/jenkins/workspace/shared/Artifactory/Linux/rundev-master/202311060140/runtime/33fa670/runTime/lib/python3.10/site-packages
[2023-11-10T17:34:55.318Z] In workdir: /home/S/jenkins/workspace/ECP/ecg-maya-hydra/ecg-maya-hydra-branch-preflight-python3-linux/ecg-maya-hydra/maya-hydra
[2023-11-10T17:34:55.318Z] Executing: /local/S/jenkins/workspace/shared/Artifactory/Linux/rundev-master/202311060140/runtime/33fa670/runTime/bin/mayapy /home/S/jenkins/workspace/ECP/ecg-maya-hydra/ecg-maya-hydra-branch-preflight-python3-linux/ecg-maya-hydra/maya-hydra/build.py --generator Ninja --build-relwithdebug --maya-location /local/S/jenkins/workspace/shared/Artifactory/Linux/rundev-master/202311060140/runtime/33fa670/runTime --devkit-location /local/S/jenkins/workspace/shared/Artifactory/Linux/rundev-master/202311060140/runtime/33fa670/devkitBase --pxrusd-location /local/S/jenkins/workspace/shared/Artifactory/Linux/USD/13e6029 --build-args=-DCMAKE_MAKE_PROGRAM=/local/S/jenkins/workspace/shared/Artifactory/Linux/ninja/1.10.2/9ab399b/ninja,-DPYTHON_INCLUDE_DIR=/local/S/jenkins/workspace/shared/Artifactory/Linux/rundev-master/202311060140/runtime/33fa670/runTime/include/Python310/Python,-DPython_EXECUTABLE=/local/S/jenkins/workspace/shared/Artifactory/Linux/rundev-master/202311060140/runtime/33fa670/runTime/bin/mayapy,-DPYTHON_LIBRARIES=/local/S/jenkins/workspace/shared/Artifactory/Linux/rundev-master/202311060140/runtime/33fa670/runTime/lib/libpython3.10.so.1.0,-DBUILD_WITH_PYTHON_3=ON,-DBUILD_WITH_PYTHON_3_VERSION=3.10,-DCMAKE_WANT_MATERIALX_BUILD=ON,-DCMAKE_PREFIX_PATH=/local/S/jenkins/workspace/shared/Artifactory/Linux/USD/13e6029 '--ctest-args=--parallel 16' --stages=build --redirect-outstream-file=False --install-location /local/S/jenkins/workspace/ECP/ecg-maya-hydra/ecg-maya-hydra-branch-preflight-python3-linux/install/RelWithDebInfo/MayaHydra /local/S/jenkins/workspace/ECP/ecg-maya-hydra/ecg-maya-hydra-branch-preflight-python3-linux
[2023-11-10T17:34:55.318Z] Modified environment variables:
[2023-11-10T17:34:55.318Z]     LD_LIBRARY_PATH=/opt/rh/gcc-toolset-11/root/usr/lib64:/opt/rh/gcc-toolset-11/root/usr/lib64:/opt/rh/gcc-toolset-11/root/usr/lib:/opt/rh/gcc-toolset-11/root/usr/lib64/dyninst:/opt/rh/gcc-toolset-11/root/usr/lib/dyninst
[2023-11-10T17:34:55.318Z]     PATH=/local/S/jenkins/workspace/shared/Artifactory/Linux/cmake/3.20.3/ab685d7/bin:/opt/rh/gcc-toolset-11/root/usr/bin:/home/administrator/.local/bin:/home/administrator/bin:/usr/share/Modules/bin:/usr/local/bin:/usr/local/sbin:/usr/bin:/usr/sbin
[2023-11-10T17:34:55.871Z]     [1/100] Building CXX object lib/mayaHydra/mayaPlugin/CMakeFiles/mayaHydra.dir/colorNotFoundException.cpp.o
[2023-11-10T17:34:56.414Z]     [2/100] Building CXX object lib/mayaHydra/mayaPlugin/CMakeFiles/mayaHydra.dir/tokens.cpp.o
[2023-11-10T17:34:56.414Z]     [3/100] Building CXX object lib/mayaHydra/mayaPlugin/CMakeFiles/mayaHydra.dir/pluginDebugCodes.cpp.o
[2023-11-10T17:34:56.414Z]     [4/100] Building CXX object test/lib/mayaUsd/render/mayaToHydra/cpp/CMakeFiles/mayaHydraCppTests.dir/testCppFramework.cpp.o
[2023-11-10T17:34:56.414Z]     [5/100] Building CXX object test/lib/mayaUsd/render/mayaToHydra/cpp/CMakeFiles/mayaHydraCppTests.dir/mayaHydraCppTestsCmd.cpp.o
[2023-11-10T17:34:56.966Z]     [6/100] Building CXX object lib/mayaHydra/mayaPlugin/CMakeFiles/mayaHydra.dir/mayaColorPreferencesTranslator.cpp.o
[2023-11-10T17:34:57.512Z]     [7/100] Building CXX object lib/mayaHydra/hydraExtensions/CMakeFiles/mayaHydraLib.dir/debugCodes.cpp.o
[2023-11-10T17:34:58.664Z]     [8/100] Building CXX object test/lib/mayaUsd/render/mayaToHydra/cpp/CMakeFiles/mayaHydraCppTests.dir/testColorPreferences.cpp.o
[2023-11-10T17:34:59.222Z]     [9/100] Building CXX object lib/mayaHydra/hydraExtensions/CMakeFiles/mayaHydraLib.dir/mayaUtils.cpp.o
[2023-11-10T17:34:59.222Z]     [10/100] Building CXX object test/lib/mayaUsd/render/mayaToHydra/cpp/CMakeFiles/mayaHydraCppTests.dir/testUtils.cpp.o
[2023-11-10T17:34:59.771Z]     [11/100] Building CXX object test/lib/mayaUsd/render/mayaToHydra/cpp/CMakeFiles/mayaHydraCppTests.dir/testMayaUsdUfeItems.cpp.o
[2023-11-10T17:35:00.478Z]     [12/100] Building CXX object test/lib/mayaUsd/render/mayaToHydra/cpp/CMakeFiles/mayaHydraCppTests.dir/testMayaSceneFlattening.cpp.o
[2023-11-10T17:35:00.478Z]     [13/100] Building CXX object lib/mayaHydra/hydraExtensions/CMakeFiles/mayaHydraLib.dir/interfaceImp.cpp.o
[2023-11-10T17:35:01.046Z]     [14/100] Building CXX object lib/mayaHydra/hydraExtensions/CMakeFiles/mayaHydraLib.dir/adapters/adapterDebugCodes.cpp.o
[2023-11-10T17:35:01.046Z]     [15/100] Building CXX object lib/mayaHydra/mayaPlugin/CMakeFiles/mayaHydra.dir/pluginUtils.cpp.o
[2023-11-10T17:35:01.608Z]     [16/100] Building CXX object test/lib/mayaUsd/render/mayaToHydra/cpp/CMakeFiles/mayaHydraCppTests.dir/testSelectionSceneIndex.cpp.o
[2023-11-10T17:35:01.608Z]     [17/100] Building CXX object lib/mayaHydra/hydraExtensions/CMakeFiles/mayaHydraLib.dir/hydraUtils.cpp.o
[2023-11-10T17:35:02.174Z]     [18/100] Building CXX object test/lib/mayaUsd/render/mayaToHydra/cpp/CMakeFiles/mayaHydraCppTests.dir/testWireframeSelectionHighlightSceneIndex.cpp.o
[2023-11-10T17:35:02.174Z]     [19/100] Building CXX object lib/mayaHydra/hydraExtensions/CMakeFiles/mayaHydraLib.dir/mixedUtils.cpp.o
[2023-11-10T17:35:02.717Z]     [20/100] Building CXX object lib/mayaHydra/mayaPlugin/CMakeFiles/mayaHydra.dir/plugin.cpp.o
[2023-11-10T17:35:02.717Z]     [21/100] Building CXX object lib/mayaHydra/mayaPlugin/CMakeFiles/mayaHydra.dir/viewCommand.cpp.o
[2023-11-10T17:35:02.717Z]     /home/S/jenkins/workspace/ECP/ecg-maya-hydra/ecg-maya-hydra-branch-preflight-python3-linux/ecg-maya-hydra/maya-hydra/lib/mayaHydra/mayaPlugin/viewCommand.cpp:33:50: note: ‘#pragma message: MAYAHYDRA_CUT_ID is not defined’
[2023-11-10T17:35:02.717Z]        33 | #pragma message("MAYAHYDRA_CUT_ID is not defined")
[2023-11-10T17:35:02.717Z]           |                                                  ^
[2023-11-10T17:35:03.281Z]     [22/100] Building CXX object lib/mayaHydra/hydraExtensions/CMakeFiles/mayaHydraLib.dir/adapters/mayaAttrs.cpp.o
[2023-11-10T17:35:03.822Z]     [23/100] Building CXX object lib/mayaHydra/hydraExtensions/CMakeFiles/mayaHydraLib.dir/adapters/adapterRegistry.cpp.o
[2023-11-10T17:35:04.974Z]     [24/100] Building CXX object test/lib/mayaUsd/render/mayaToHydra/cpp/CMakeFiles/mayaHydraCppTests.dir/testMergingSceneIndex.cpp.o
[2023-11-10T17:35:06.122Z]     [25/100] Building CXX object lib/mayaHydra/hydraExtensions/CMakeFiles/mayaHydraLib.dir/adapters/adapter.cpp.o
[2023-11-10T17:35:07.278Z]     [26/100] Building CXX object lib/mayaHydra/mayaPlugin/CMakeFiles/mayaHydra.dir/renderOverride.cpp.o
[2023-11-10T17:35:07.278Z]     [27/100] Building CXX object lib/mayaHydra/hydraExtensions/CMakeFiles/mayaHydraLib.dir/adapters/areaLightAdapter.cpp.o
[2023-11-10T17:35:07.819Z]     [28/100] Building CXX object lib/mayaHydra/hydraExtensions/CMakeFiles/mayaHydraLib.dir/adapters/cameraAdapter.cpp.o
[2023-11-10T17:35:07.819Z]     [29/100] Building CXX object lib/mayaHydra/mayaPlugin/CMakeFiles/mayaHydra.dir/renderGlobals.cpp.o
[2023-11-10T17:35:08.364Z]     [30/100] Building CXX object lib/mayaHydra/hydraExtensions/CMakeFiles/mayaHydraLib.dir/adapters/aiSkydomeLightAdapter.cpp.o
[2023-11-10T17:35:08.364Z]     [31/100] Building CXX object lib/mayaHydra/hydraExtensions/CMakeFiles/mayaHydraLib.dir/adapters/dagAdapter.cpp.o
[2023-11-10T17:35:08.364Z]     [32/100] Building CXX object lib/mayaHydra/hydraExtensions/CMakeFiles/mayaHydraLib.dir/adapters/directionalLightAdapter.cpp.o
[2023-11-10T17:35:08.364Z]     [33/100] Building CXX object lib/mayaHydra/hydraExtensions/CMakeFiles/mayaHydraLib.dir/mayaHydraSceneProducer.cpp.o
[2023-11-10T17:35:08.911Z]     [34/100] Building CXX object lib/mayaHydra/hydraExtensions/CMakeFiles/mayaHydraLib.dir/adapters/tokens.cpp.o
[2023-11-10T17:35:09.464Z]     [35/100] Building CXX object lib/mayaHydra/hydraExtensions/CMakeFiles/mayaHydraLib.dir/delegates/delegateDebugCodes.cpp.o
[2023-11-10T17:35:10.012Z]     [36/100] Building CXX object lib/mayaHydra/hydraExtensions/CMakeFiles/mayaHydraLib.dir/adapters/lightAdapter.cpp.o
[2023-11-10T17:35:10.573Z]     [37/100] Building CXX object lib/mayaHydra/hydraExtensions/CMakeFiles/mayaHydraLib.dir/adapters/renderItemAdapter.cpp.o
[2023-11-10T17:35:11.708Z]     [38/100] Building CXX object lib/mayaHydra/hydraExtensions/CMakeFiles/mayaHydraLib.dir/adapters/materialAdapter.cpp.o
[2023-11-10T17:35:11.708Z]     [39/100] Building CXX object lib/mayaHydra/hydraExtensions/CMakeFiles/mayaHydraLib.dir/adapters/pointLightAdapter.cpp.o
[2023-11-10T17:35:11.709Z]     [40/100] Building CXX object lib/mayaHydra/hydraExtensions/CMakeFiles/mayaHydraLib.dir/adapters/nurbsCurveAdapter.cpp.o
[2023-11-10T17:35:11.709Z]     [41/100] Building CXX object lib/mayaHydra/hydraExtensions/CMakeFiles/mayaHydraLib.dir/adapters/shapeAdapter.cpp.o
[2023-11-10T17:35:12.280Z]     [42/100] Building CXX object lib/mayaHydra/hydraExtensions/CMakeFiles/mayaHydraLib.dir/adapters/meshAdapter.cpp.o
[2023-11-10T17:35:13.426Z]     [43/100] Building CXX object lib/mayaHydra/hydraExtensions/CMakeFiles/mayaHydraLib.dir/delegates/delegate.cpp.o
[2023-11-10T17:35:13.971Z]     [44/100] Building CXX object lib/mayaHydra/hydraExtensions/CMakeFiles/mayaHydraLib.dir/adapters/materialNetworkConverter.cpp.o
[2023-11-10T17:35:13.971Z]     [45/100] Building CXX object lib/mayaHydra/hydraExtensions/CMakeFiles/mayaHydraLib.dir/delegates/delegateCtx.cpp.o
[2023-11-10T17:35:14.525Z]     [46/100] Building CXX object lib/mayaHydra/hydraExtensions/CMakeFiles/mayaHydraLib.dir/delegates/delegateRegistry.cpp.o
[2023-11-10T17:35:14.525Z]     [47/100] Building CXX object lib/mayaHydra/hydraExtensions/CMakeFiles/mayaHydraLib.dir/adapters/spotLightAdapter.cpp.o
[2023-11-10T17:35:15.081Z]     [48/100] Building CXX object lib/mayaHydra/ufeExtensions/CMakeFiles/ufeExtensions.dir/Global.cpp.o
[2023-11-10T17:35:15.081Z]     [49/100] Building CXX object lib/flowViewport/CMakeFiles/flowViewport.dir/global.cpp.o
[2023-11-10T17:35:15.081Z]     [50/100] Linking CXX shared library lib/mayaHydra/ufeExtensions/libufeExtensions.so
[2023-11-10T17:35:15.081Z]     [51/100] Building CXX object lib/flowViewport/CMakeFiles/flowViewport.dir/debugCodes.cpp.o
[2023-11-10T17:35:15.081Z]     [52/100] Building CXX object lib/flowViewport/CMakeFiles/flowViewport.dir/tokens.cpp.o
[2023-11-10T17:35:15.622Z]     [53/100] Building CXX object lib/flowViewport/CMakeFiles/flowViewport.dir/colorPreferences/fvpColorChanged.cpp.o
[2023-11-10T17:35:15.622Z]     [54/100] Building CXX object lib/mayaHydra/hydraExtensions/CMakeFiles/mayaHydraLib.dir/sceneIndex/registration.cpp.o
[2023-11-10T17:35:15.622Z]     [55/100] Building CXX object lib/flowViewport/CMakeFiles/flowViewport.dir/sceneIndex/fvpPathInterface.cpp.o
[2023-11-10T17:35:15.623Z]     [56/100] Building CXX object lib/flowViewport/CMakeFiles/flowViewport.dir/colorPreferences/fvpColorPreferences.cpp.o
[2023-11-10T17:35:15.623Z]     [57/100] Building CXX object lib/flowViewport/CMakeFiles/flowViewport.dir/sceneIndex/fvpSelectionInterface.cpp.o
[2023-11-10T17:35:15.623Z]     [58/100] Building CXX object lib/flowViewport/CMakeFiles/flowViewport.dir/colorPreferences/fvpColorPreferencesTokens.cpp.o
[2023-11-10T17:35:18.186Z]     [59/100] Building CXX object lib/flowViewport/CMakeFiles/flowViewport.dir/sceneIndex/fvpPathInterfaceSceneIndex.cpp.o
[2023-11-10T17:35:18.186Z]     [60/100] Building CXX object lib/mayaHydra/hydraExtensions/CMakeFiles/mayaHydraLib.dir/sceneIndex/mayaHydraLightDataSource.cpp.o
[2023-11-10T17:35:18.186Z]     [61/100] Building CXX object lib/mayaHydra/hydraExtensions/CMakeFiles/mayaHydraLib.dir/sceneIndex/mayaHydraPrimvarDataSource.cpp.o
[2023-11-10T17:35:18.186Z]     [62/100] Building CXX object lib/flowViewport/CMakeFiles/flowViewport.dir/API/interfacesImp/fvpVersionInterfaceImp.cpp.o
[2023-11-10T17:35:18.186Z]     [63/100] Building CXX object lib/flowViewport/CMakeFiles/flowViewport.dir/sceneIndex/fvpPassThroughSelectionInterfaceSceneIndex.cpp.o
[2023-11-10T17:35:18.772Z]     [64/100] Building CXX object lib/flowViewport/CMakeFiles/flowViewport.dir/sceneIndex/fvpRenderIndexProxy.cpp.o
[2023-11-10T17:35:18.772Z]     [65/100] Building CXX object lib/flowViewport/CMakeFiles/flowViewport.dir/sceneIndex/fvpMergingSceneIndex.cpp.o
[2023-11-10T17:35:18.772Z]     [66/100] Building CXX object lib/flowViewport/CMakeFiles/flowViewport.dir/API/interfacesImp/fvpSelectionInterfaceImp.cpp.o
[2023-11-10T17:35:19.335Z]     [67/100] Building CXX object lib/mayaHydra/hydraExtensions/CMakeFiles/mayaHydraLib.dir/sceneIndex/mayaHydraCameraDataSource.cpp.o
[2023-11-10T17:35:19.335Z]     [68/100] Building CXX object lib/flowViewport/CMakeFiles/flowViewport.dir/API/samples/fvpSelectionClientExample.cpp.o
[2023-11-10T17:35:19.888Z]     [69/100] Building CXX object lib/mayaHydra/hydraExtensions/CMakeFiles/mayaHydraLib.dir/sceneIndex/mayaHydraDisplayStyleDataSource.cpp.o
[2023-11-10T17:35:19.888Z]     [70/100] Building CXX object lib/mayaHydra/hydraExtensions/CMakeFiles/mayaHydraLib.dir/delegates/testDelegate.cpp.o
[2023-11-10T17:35:20.427Z]     [71/100] Building CXX object lib/mayaHydra/hydraExtensions/CMakeFiles/mayaHydraLib.dir/sceneIndex/mayaHydraDefaultLightDataSource.cpp.o
[2023-11-10T17:35:20.427Z]     [72/100] Building CXX object lib/mayaHydra/hydraExtensions/CMakeFiles/mayaHydraLib.dir/delegates/sceneDelegate.cpp.o
[2023-11-10T17:35:20.981Z]     [73/100] Building CXX object lib/mayaHydra/hydraExtensions/CMakeFiles/mayaHydraLib.dir/delegates/defaultLightDelegate.cpp.o
[2023-11-10T17:35:20.981Z]     [74/100] Automatic MOC for target adskHydraSceneBrowser
[2023-11-10T17:35:20.981Z]     [75/100] Building CXX object lib/flowViewport/CMakeFiles/flowViewport.dir/sceneIndex/fvpSelectionSceneIndex.cpp.o
[2023-11-10T17:35:21.525Z]     [76/100] Building CXX object lib/flowViewport/CMakeFiles/flowViewport.dir/sceneIndex/fvpWireframeSelectionHighlightSceneIndex.cpp.o
[2023-11-10T17:35:21.525Z]     [77/100] Building CXX object lib/mayaHydra/hydraExtensions/CMakeFiles/mayaHydraLib.dir/sceneIndex/mayaHydraDataSource.cpp.o
[2023-11-10T17:35:22.675Z]     [78/100] Building CXX object lib/mayaHydra/hydraExtensions/CMakeFiles/mayaHydraLib.dir/sceneIndex/mayaHydraSceneIndex.cpp.o
[2023-11-10T17:35:23.223Z]     [79/100] Building CXX object lib/flowViewport/CMakeFiles/flowViewport.dir/selection/fvpSelectionTracker.cpp.o
[2023-11-10T17:35:23.223Z]     [80/100] Building CXX object lib/flowViewport/CMakeFiles/flowViewport.dir/selection/fvpSelectionTask.cpp.o
[2023-11-10T17:35:23.763Z]     [81/100] Linking CXX shared library lib/flowViewport/libflowViewport.so
[2023-11-10T17:35:24.303Z]     [82/100] Building CXX object plugin/mayaHydraSceneBrowserTest/CMakeFiles/mayaHydraSceneBrowserTest.dir/mayaHydraSceneBrowserTestCmd.cpp.o
[2023-11-10T17:35:24.840Z]     [83/100] Linking CXX shared library lib/mayaHydra/hydraExtensions/libmayaHydraLib.so
[2023-11-10T17:35:24.840Z]     [84/100] Building CXX object lib/adskHydraSceneBrowser/lib/CMakeFiles/adskHydraSceneBrowser.dir/src/patch/registeredSceneIndexChooser.cpp.o
[2023-11-10T17:35:25.377Z]     [85/100] Linking CXX shared library test/lib/mayaUsd/render/mayaToHydra/cpp/mayaHydraCppTests.so
[2023-11-10T17:35:25.377Z]     [86/100] Linking CXX shared library lib/mayaHydra/mayaPlugin/mayaHydra.so
[2023-11-10T17:35:25.377Z]     [87/100] Building CXX object lib/adskHydraSceneBrowser/lib/CMakeFiles/adskHydraSceneBrowser.dir/src/patch/sceneIndexObserverLoggingWidget.cpp.o
[2023-11-10T17:35:25.916Z]     [88/100] Building CXX object plugin/mayaHydraSceneBrowser/CMakeFiles/mayaHydraSceneBrowser.dir/mayaHydraSceneBrowser.cpp.o
[2023-11-10T17:35:26.633Z]     [89/100] Building CXX object lib/adskHydraSceneBrowser/lib/CMakeFiles/adskHydraSceneBrowser.dir/src/patch/sceneIndexDebuggerWidget.cpp.o
[2023-11-10T17:35:26.633Z]     [90/100] Building CXX object lib/adskHydraSceneBrowser/lib/CMakeFiles/adskHydraSceneBrowser.dir/src/patch/sceneIndexObserverLoggingTreeView.cpp.o
[2023-11-10T17:35:26.633Z]     [91/100] Building CXX object lib/adskHydraSceneBrowser/test/CMakeFiles/adskHydraSceneBrowserTesting.dir/adskHydraSceneBrowserTesting.cpp.o
[2023-11-10T17:35:26.633Z]     [92/100] Building CXX object lib/adskHydraSceneBrowser/lib/CMakeFiles/adskHydraSceneBrowser.dir/adskHydraSceneBrowser_autogen/mocs_compilation.cpp.o
[2023-11-10T17:35:27.170Z]     [93/100] Building CXX object lib/adskHydraSceneBrowser/lib/CMakeFiles/adskHydraSceneBrowser.dir/src/patch/sceneIndexTreeWidget.cpp.o
[2023-11-10T17:35:27.170Z]     [94/100] Building CXX object lib/adskHydraSceneBrowser/lib/CMakeFiles/adskHydraSceneBrowser.dir/src/patch/dataSourceValueTreeView.cpp.o
[2023-11-10T17:35:27.706Z]     [95/100] Building CXX object lib/adskHydraSceneBrowser/lib/CMakeFiles/adskHydraSceneBrowser.dir/src/patch/dataSourceTreeWidget.cpp.o
[2023-11-10T17:35:28.244Z]     [96/100] Linking CXX shared library lib/adskHydraSceneBrowser/lib/libadskHydraSceneBrowser.so
[2023-11-10T17:35:28.781Z]     [97/100] Linking CXX shared library plugin/mayaHydraSceneBrowser/mayaHydraSceneBrowser.so
[2023-11-10T17:35:32.993Z]     [98/100] Building CXX object lib/adskHydraSceneBrowser/test/CMakeFiles/adskHydraSceneBrowserTesting.dir/adskHydraSceneBrowserTestFixture.cpp.o
[2023-11-10T17:35:32.993Z]     [99/100] Linking CXX shared library lib/adskHydraSceneBrowser/test/libadskHydraSceneBrowserTesting.so
[2023-11-10T17:35:33.530Z]     [100/100] Linking CXX shared library plugin/mayaHydraSceneBrowserTest/mayaHydraSceneBrowserTest.so
[2023-11-10T17:35:33.530Z]     
[2023-11-10T17:35:33.530Z]         Building with settings:
[2023-11-10T17:35:33.530Z]           Source directory          /home/S/jenkins/workspace/ECP/ecg-maya-hydra/ecg-maya-hydra-branch-preflight-python3-linux/ecg-maya-hydra/maya-hydra
[2023-11-10T17:35:33.530Z]           Workspace directory       /local/S/jenkins/workspace/ECP/ecg-maya-hydra/ecg-maya-hydra-branch-preflight-python3-linux
[2023-11-10T17:35:33.530Z]           Build directory           /local/S/jenkins/workspace/ECP/ecg-maya-hydra/ecg-maya-hydra-branch-preflight-python3-linux/build/RelWithDebInfo
[2023-11-10T17:35:33.530Z]           Install directory         /local/S/jenkins/workspace/ECP/ecg-maya-hydra/ecg-maya-hydra-branch-preflight-python3-linux/install/RelWithDebInfo/MayaHydra
[2023-11-10T17:35:33.530Z]           Variant                   RelWithDebInfo
[2023-11-10T17:35:33.530Z]           Python Debug              Off
[2023-11-10T17:35:33.530Z]           CMake generator           Ninja
[2023-11-10T17:35:33.530Z]           Build arguments           ['-DCMAKE_MAKE_PROGRAM=/local/S/jenkins/workspace/shared/Artifactory/Linux/ninja/1.10.2/9ab399b/ninja', '-DPYTHON_INCLUDE_DIR=/local/S/jenkins/workspace/shared/Artifactory/Linux/rundev-master/202311060140/runtime/33fa670/runTime/include/Python310/Python', '-DPython_EXECUTABLE=/local/S/jenkins/workspace/shared/Artifactory/Linux/rundev-master/202311060140/runtime/33fa670/runTime/bin/mayapy', '-DPYTHON_LIBRARIES=/local/S/jenkins/workspace/shared/Artifactory/Linux/rundev-master/202311060140/runtime/33fa670/runTime/lib/libpython3.10.so.1.0', '-DBUILD_WITH_PYTHON_3=ON', '-DBUILD_WITH_PYTHON_3_VERSION=3.10', '-DCMAKE_WANT_MATERIALX_BUILD=ON', '-DCMAKE_PREFIX_PATH=/local/S/jenkins/workspace/shared/Artifactory/Linux/USD/13e6029']
[2023-11-10T17:35:33.530Z]           Stages arguments          ['build']
[2023-11-10T17:35:33.530Z]           CTest arguments           ['--parallel 16']
[2023-11-10T17:35:33.530Z]     Success MayaHydra build and install !!!!
[2023-11-10T17:35:33.530Z]     Elapsed time: 00:00:37
[Pipeline] }
[Pipeline] // withEnv
[Pipeline] }
[Pipeline] // timeout
[Pipeline] }
[Pipeline] // stage
[Pipeline] }
[Pipeline] // timestamps
[Pipeline] timestamps
[Pipeline] {
[Pipeline] stage
[Pipeline] { (Install)
[Pipeline] timeout
[2023-11-10T17:35:33.886Z] Timeout set to expire in 6 hr 0 min
[Pipeline] {
[Pipeline] withEnv
[Pipeline] {
[Pipeline] sh
[2023-11-10T17:35:35.239Z] + scl enable gcc-toolset-11 -
[2023-11-10T17:35:35.239Z] + '[' enable = load -o enable = unload ']'
[2023-11-10T17:35:35.239Z] + /usr/bin/scl enable gcc-toolset-11 -
[2023-11-10T17:35:35.239Z] python ecg-maya-hydra/build.py --stages=install --workspace-dir=/local/S/jenkins/workspace/ECP/ecg-maya-hydra/ecg-maya-hydra-branch-preflight-python3-linux --artifactory-dir=/local/S/jenkins/workspace/shared/Artifactory --build-dir=/local/S/jenkins/workspace/ECP/ecg-maya-hydra/ecg-maya-hydra-branch-preflight-python3-linux/build --install-dir=/local/S/jenkins/workspace/ECP/ecg-maya-hydra/ecg-maya-hydra-branch-preflight-python3-linux/install --signing-dir=/local/S/jenkins/workspace/ECP/ecg-maya-hydra/ecg-maya-hydra-branch-preflight-python3-linux/signing --package-dir=/local/S/jenkins/workspace/ECP/ecg-maya-hydra/ecg-maya-hydra-branch-preflight-python3-linux/package --output-dir=/local/S/jenkins/workspace/ECP/ecg-maya-hydra/ecg-maya-hydra-branch-preflight-python3-linux/output --stash-dir=/local/S/jenkins/workspace/ECP/ecg-maya-hydra/ecg-maya-hydra-branch-preflight-python3-linux/stash --jenkins-build=381 --git-commit=f4e7d2b7882b60458753b9c09444f9526172c500 --git-branch=master --variants=Debug --interactive-tests=true --post-zips=false --osx-binary-architecture-target=ub2 --osx-deployment-target=11.0 --osx-base-sdk=CurrentActiveSDK --maya-cut-config=maya-rundev-master-debug.yaml --maya-package=rundev-master-debug --stage-banner
[2023-11-10T17:35:35.239Z] Using Maya cut from /local/S/jenkins/workspace/shared/Artifactory/Linux/rundev-master-debug/202310260154/runtime/7d60df0
[2023-11-10T17:35:35.239Z] 
[2023-11-10T17:35:35.240Z] ================================================================================
[2023-11-10T17:35:35.240Z]                                 install (Debug)
[2023-11-10T17:35:35.240Z] ================================================================================
[2023-11-10T17:35:35.240Z] Maya Python Debug Info:
[2023-11-10T17:35:35.240Z]   mayapy executable   = /local/S/jenkins/workspace/shared/Artifactory/Linux/rundev-master-debug/202310260154/runtime/7d60df0/runTime/bin/mayapy
[2023-11-10T17:35:35.240Z]   Include Folder      = /local/S/jenkins/workspace/shared/Artifactory/Linux/rundev-master-debug/202310260154/runtime/7d60df0/runTime/include/Python310/Python
[2023-11-10T17:35:35.240Z]   Library             = /local/S/jenkins/workspace/shared/Artifactory/Linux/rundev-master-debug/202310260154/runtime/7d60df0/runTime/lib/libpython3.10d.so.1.0
[2023-11-10T17:35:35.240Z]   site-package Folder = /local/S/jenkins/workspace/shared/Artifactory/Linux/rundev-master-debug/202310260154/runtime/7d60df0/runTime/lib/python3.10/site-packages
[2023-11-10T17:35:36.366Z] In workdir: /home/S/jenkins/workspace/ECP/ecg-maya-hydra/ecg-maya-hydra-branch-preflight-python3-linux/ecg-maya-hydra/maya-hydra
[2023-11-10T17:35:36.366Z] Executing: /local/S/jenkins/workspace/shared/Artifactory/Linux/rundev-master-debug/202310260154/runtime/7d60df0/runTime/bin/mayapy /home/S/jenkins/workspace/ECP/ecg-maya-hydra/ecg-maya-hydra-branch-preflight-python3-linux/ecg-maya-hydra/maya-hydra/build.py --generator Ninja --build-debug --maya-location /local/S/jenkins/workspace/shared/Artifactory/Linux/rundev-master-debug/202310260154/runtime/7d60df0/runTime --devkit-location /local/S/jenkins/workspace/shared/Artifactory/Linux/rundev-master-debug/202310260154/runtime/7d60df0/devkitBase --pxrusd-location /local/S/jenkins/workspace/shared/Artifactory/Linux/USD/8e4fe45 --build-args=-DCMAKE_MAKE_PROGRAM=/local/S/jenkins/workspace/shared/Artifactory/Linux/ninja/1.10.2/9ab399b/ninja,-DPYTHON_INCLUDE_DIR=/local/S/jenkins/workspace/shared/Artifactory/Linux/rundev-master-debug/202310260154/runtime/7d60df0/runTime/include/Python310/Python,-DPython_EXECUTABLE=/local/S/jenkins/workspace/shared/Artifactory/Linux/rundev-master-debug/202310260154/runtime/7d60df0/runTime/bin/mayapy,-DPYTHON_LIBRARIES=/local/S/jenkins/workspace/shared/Artifactory/Linux/rundev-master-debug/202310260154/runtime/7d60df0/runTime/lib/libpython3.10d.so.1.0,-DBUILD_WITH_PYTHON_3=ON,-DBUILD_WITH_PYTHON_3_VERSION=3.10,-DCMAKE_WANT_MATERIALX_BUILD=ON,-DCMAKE_PREFIX_PATH=/local/S/jenkins/workspace/shared/Artifactory/Linux/USD/8e4fe45 --debug-python '--ctest-args=--parallel 16' --stages=install --redirect-outstream-file=False --install-location /local/S/jenkins/workspace/ECP/ecg-maya-hydra/ecg-maya-hydra-branch-preflight-python3-linux/install/Debug/MayaHydra /local/S/jenkins/workspace/ECP/ecg-maya-hydra/ecg-maya-hydra-branch-preflight-python3-linux
[2023-11-10T17:35:36.366Z] Modified environment variables:
[2023-11-10T17:35:36.366Z]     LD_LIBRARY_PATH=/opt/rh/gcc-toolset-11/root/usr/lib64:/opt/rh/gcc-toolset-11/root/usr/lib64:/opt/rh/gcc-toolset-11/root/usr/lib:/opt/rh/gcc-toolset-11/root/usr/lib64/dyninst:/opt/rh/gcc-toolset-11/root/usr/lib/dyninst
[2023-11-10T17:35:36.366Z]     PATH=/local/S/jenkins/workspace/shared/Artifactory/Linux/cmake/3.20.3/ab685d7/bin:/opt/rh/gcc-toolset-11/root/usr/bin:/home/administrator/.local/bin:/home/administrator/bin:/usr/share/Modules/bin:/usr/local/bin:/usr/local/sbin:/usr/bin:/usr/sbin
[2023-11-10T17:35:36.366Z]     [0/1] Install the project...
[2023-11-10T17:35:36.366Z]     -- Install configuration: "Debug"
[2023-11-10T17:35:36.366Z]     -- Set runtime path of "/local/S/jenkins/workspace/ECP/ecg-maya-hydra/ecg-maya-hydra-branch-preflight-python3-linux/install/Debug/MayaHydra/lib/maya/mayaHydraCppTests.so" to "$ORIGIN/../gtest:/local/S/jenkins/workspace/shared/Artifactory/Linux/USD/8e4fe45/lib:/local/S/jenkins/workspace/shared/Artifactory/Linux/rundev-master-debug/202310260154/runtime/7d60df0/devkitBase/devkit/ufe/lib:/local/S/jenkins/workspace/shared/Artifactory/Linux/rundev-master-debug/202310260154/runtime/7d60df0/runTime/lib"
[2023-11-10T17:35:36.366Z]     -- Set runtime path of "/local/S/jenkins/workspace/ECP/ecg-maya-hydra/ecg-maya-hydra-branch-preflight-python3-linux/install/Debug/MayaHydra/lib/maya/mayaHydra.so" to "$ORIGIN/../../../../../../../../../../../../home/S/jenkins/workspace/shared/Artifactory/Linux/USD/8e4fe45/lib:$ORIGIN/..:/local/S/jenkins/workspace/shared/Artifactory/Linux/rundev-master-debug/202310260154/runtime/7d60df0/devkitBase/devkit/ufe/lib:/local/S/jenkins/workspace/shared/Artifactory/Linux/USD/8e4fe45/lib:/local/S/jenkins/workspace/shared/Artifactory/Linux/rundev-master-debug/202310260154/runtime/7d60df0/runTime/lib"
[2023-11-10T17:35:36.366Z]     -- Set runtime path of "/local/S/jenkins/workspace/ECP/ecg-maya-hydra/ecg-maya-hydra-branch-preflight-python3-linux/install/Debug/MayaHydra/lib/libmayaHydraLib.so" to ""
[2023-11-10T17:35:36.366Z]     -- Set runtime path of "/local/S/jenkins/workspace/ECP/ecg-maya-hydra/ecg-maya-hydra-branch-preflight-python3-linux/install/Debug/MayaHydra/lib/libufeExtensions.so" to ""
[2023-11-10T17:35:36.366Z]     -- Set runtime path of "/local/S/jenkins/workspace/ECP/ecg-maya-hydra/ecg-maya-hydra-branch-preflight-python3-linux/install/Debug/MayaHydra/lib/libflowViewport.so" to ""
[2023-11-10T17:35:36.366Z]     -- Set runtime path of "/local/S/jenkins/workspace/ECP/ecg-maya-hydra/ecg-maya-hydra-branch-preflight-python3-linux/install/Debug/MayaHydra/lib/libadskHydraSceneBrowser.so" to ""
[2023-11-10T17:35:36.366Z]     -- Set runtime path of "/local/S/jenkins/workspace/ECP/ecg-maya-hydra/ecg-maya-hydra-branch-preflight-python3-linux/install/Debug/MayaHydra/lib/libadskHydraSceneBrowserTesting.so" to "$ORIGIN/gtest:/local/S/jenkins/workspace/shared/Artifactory/Linux/USD/8e4fe45/lib:/local/S/jenkins/workspace/shared/Artifactory/Linux/rundev-master-debug/202310260154/runtime/7d60df0/devkitBase/Qt/lib"
[2023-11-10T17:35:36.366Z]     -- Set runtime path of "/local/S/jenkins/workspace/ECP/ecg-maya-hydra/ecg-maya-hydra-branch-preflight-python3-linux/install/Debug/MayaHydra/lib/maya/mayaHydraSceneBrowser.so" to "$ORIGIN/..:/local/S/jenkins/workspace/shared/Artifactory/Linux/USD/8e4fe45/lib:/local/S/jenkins/workspace/shared/Artifactory/Linux/rundev-master-debug/202310260154/runtime/7d60df0/devkitBase/devkit/ufe/lib:/local/S/jenkins/workspace/shared/Artifactory/Linux/rundev-master-debug/202310260154/runtime/7d60df0/devkitBase/Qt/lib:/local/S/jenkins/workspace/shared/Artifactory/Linux/rundev-master-debug/202310260154/runtime/7d60df0/runTime/lib"
[2023-11-10T17:35:36.366Z]     -- Set runtime path of "/local/S/jenkins/workspace/ECP/ecg-maya-hydra/ecg-maya-hydra-branch-preflight-python3-linux/install/Debug/MayaHydra/lib/maya/mayaHydraSceneBrowserTest.so" to "$ORIGIN/..:$ORIGIN/../gtest:/local/S/jenkins/workspace/shared/Artifactory/Linux/USD/8e4fe45/lib:/local/S/jenkins/workspace/shared/Artifactory/Linux/rundev-master-debug/202310260154/runtime/7d60df0/devkitBase/Qt/lib:/local/S/jenkins/workspace/shared/Artifactory/Linux/rundev-master-debug/202310260154/runtime/7d60df0/devkitBase/devkit/ufe/lib:/local/S/jenkins/workspace/shared/Artifactory/Linux/rundev-master-debug/202310260154/runtime/7d60df0/runTime/lib"
[2023-11-10T17:35:36.366Z]     
[2023-11-10T17:35:36.366Z]         Building with settings:
[2023-11-10T17:35:36.366Z]           Source directory          /home/S/jenkins/workspace/ECP/ecg-maya-hydra/ecg-maya-hydra-branch-preflight-python3-linux/ecg-maya-hydra/maya-hydra
[2023-11-10T17:35:36.366Z]           Workspace directory       /local/S/jenkins/workspace/ECP/ecg-maya-hydra/ecg-maya-hydra-branch-preflight-python3-linux
[2023-11-10T17:35:36.366Z]           Build directory           /local/S/jenkins/workspace/ECP/ecg-maya-hydra/ecg-maya-hydra-branch-preflight-python3-linux/build/Debug
[2023-11-10T17:35:36.367Z]           Install directory         /local/S/jenkins/workspace/ECP/ecg-maya-hydra/ecg-maya-hydra-branch-preflight-python3-linux/install/Debug/MayaHydra
[2023-11-10T17:35:36.367Z]           Variant                   Debug
[2023-11-10T17:35:36.367Z]           Python Debug              On
[2023-11-10T17:35:36.367Z]           CMake generator           Ninja
[2023-11-10T17:35:36.367Z]           Build arguments           ['-DCMAKE_MAKE_PROGRAM=/local/S/jenkins/workspace/shared/Artifactory/Linux/ninja/1.10.2/9ab399b/ninja', '-DPYTHON_INCLUDE_DIR=/local/S/jenkins/workspace/shared/Artifactory/Linux/rundev-master-debug/202310260154/runtime/7d60df0/runTime/include/Python310/Python', '-DPython_EXECUTABLE=/local/S/jenkins/workspace/shared/Artifactory/Linux/rundev-master-debug/202310260154/runtime/7d60df0/runTime/bin/mayapy', '-DPYTHON_LIBRARIES=/local/S/jenkins/workspace/shared/Artifactory/Linux/rundev-master-debug/202310260154/runtime/7d60df0/runTime/lib/libpython3.10d.so.1.0', '-DBUILD_WITH_PYTHON_3=ON', '-DBUILD_WITH_PYTHON_3_VERSION=3.10', '-DCMAKE_WANT_MATERIALX_BUILD=ON', '-DCMAKE_PREFIX_PATH=/local/S/jenkins/workspace/shared/Artifactory/Linux/USD/8e4fe45']
[2023-11-10T17:35:36.367Z]           Stages arguments          ['install']
[2023-11-10T17:35:36.367Z]           CTest arguments           ['--parallel 16']
[2023-11-10T17:35:36.367Z]     Success MayaHydra build and install !!!!
[2023-11-10T17:35:36.367Z]     Elapsed time: 00:00:00
[Pipeline] sh
[2023-11-10T17:35:38.141Z] + scl enable gcc-toolset-11 -
[2023-11-10T17:35:38.141Z] + '[' enable = load -o enable = unload ']'
[2023-11-10T17:35:38.141Z] + /usr/bin/scl enable gcc-toolset-11 -
[2023-11-10T17:35:38.141Z] python ecg-maya-hydra/build.py --stages=install --workspace-dir=/local/S/jenkins/workspace/ECP/ecg-maya-hydra/ecg-maya-hydra-branch-preflight-python3-linux --artifactory-dir=/local/S/jenkins/workspace/shared/Artifactory --build-dir=/local/S/jenkins/workspace/ECP/ecg-maya-hydra/ecg-maya-hydra-branch-preflight-python3-linux/build --install-dir=/local/S/jenkins/workspace/ECP/ecg-maya-hydra/ecg-maya-hydra-branch-preflight-python3-linux/install --signing-dir=/local/S/jenkins/workspace/ECP/ecg-maya-hydra/ecg-maya-hydra-branch-preflight-python3-linux/signing --package-dir=/local/S/jenkins/workspace/ECP/ecg-maya-hydra/ecg-maya-hydra-branch-preflight-python3-linux/package --output-dir=/local/S/jenkins/workspace/ECP/ecg-maya-hydra/ecg-maya-hydra-branch-preflight-python3-linux/output --stash-dir=/local/S/jenkins/workspace/ECP/ecg-maya-hydra/ecg-maya-hydra-branch-preflight-python3-linux/stash --jenkins-build=381 --git-commit=f4e7d2b7882b60458753b9c09444f9526172c500 --git-branch=master --variants=RelWithDebInfo --interactive-tests=true --post-zips=false --osx-binary-architecture-target=ub2 --osx-deployment-target=11.0 --osx-base-sdk=CurrentActiveSDK --maya-cut-config=maya-rundev-master.yaml --maya-package=rundev-master --stage-banner
[2023-11-10T17:35:38.141Z] Using Maya cut from /local/S/jenkins/workspace/shared/Artifactory/Linux/rundev-master/202311060140/runtime/33fa670
[2023-11-10T17:35:38.141Z] 
[2023-11-10T17:35:38.141Z] ================================================================================
[2023-11-10T17:35:38.141Z]                             install (RelWithDebInfo)
[2023-11-10T17:35:38.141Z] ================================================================================
[2023-11-10T17:35:38.141Z] Maya Python RelWithDebInfo Info:
[2023-11-10T17:35:38.141Z]   mayapy executable   = /local/S/jenkins/workspace/shared/Artifactory/Linux/rundev-master/202311060140/runtime/33fa670/runTime/bin/mayapy
[2023-11-10T17:35:38.141Z]   Include Folder      = /local/S/jenkins/workspace/shared/Artifactory/Linux/rundev-master/202311060140/runtime/33fa670/runTime/include/Python310/Python
[2023-11-10T17:35:38.141Z]   Library             = /local/S/jenkins/workspace/shared/Artifactory/Linux/rundev-master/202311060140/runtime/33fa670/runTime/lib/libpython3.10.so.1.0
[2023-11-10T17:35:38.141Z]   site-package Folder = /local/S/jenkins/workspace/shared/Artifactory/Linux/rundev-master/202311060140/runtime/33fa670/runTime/lib/python3.10/site-packages
[2023-11-10T17:35:38.679Z] In workdir: /home/S/jenkins/workspace/ECP/ecg-maya-hydra/ecg-maya-hydra-branch-preflight-python3-linux/ecg-maya-hydra/maya-hydra
[2023-11-10T17:35:38.679Z] Executing: /local/S/jenkins/workspace/shared/Artifactory/Linux/rundev-master/202311060140/runtime/33fa670/runTime/bin/mayapy /home/S/jenkins/workspace/ECP/ecg-maya-hydra/ecg-maya-hydra-branch-preflight-python3-linux/ecg-maya-hydra/maya-hydra/build.py --generator Ninja --build-relwithdebug --maya-location /local/S/jenkins/workspace/shared/Artifactory/Linux/rundev-master/202311060140/runtime/33fa670/runTime --devkit-location /local/S/jenkins/workspace/shared/Artifactory/Linux/rundev-master/202311060140/runtime/33fa670/devkitBase --pxrusd-location /local/S/jenkins/workspace/shared/Artifactory/Linux/USD/13e6029 --build-args=-DCMAKE_MAKE_PROGRAM=/local/S/jenkins/workspace/shared/Artifactory/Linux/ninja/1.10.2/9ab399b/ninja,-DPYTHON_INCLUDE_DIR=/local/S/jenkins/workspace/shared/Artifactory/Linux/rundev-master/202311060140/runtime/33fa670/runTime/include/Python310/Python,-DPython_EXECUTABLE=/local/S/jenkins/workspace/shared/Artifactory/Linux/rundev-master/202311060140/runtime/33fa670/runTime/bin/mayapy,-DPYTHON_LIBRARIES=/local/S/jenkins/workspace/shared/Artifactory/Linux/rundev-master/202311060140/runtime/33fa670/runTime/lib/libpython3.10.so.1.0,-DBUILD_WITH_PYTHON_3=ON,-DBUILD_WITH_PYTHON_3_VERSION=3.10,-DCMAKE_WANT_MATERIALX_BUILD=ON,-DCMAKE_PREFIX_PATH=/local/S/jenkins/workspace/shared/Artifactory/Linux/USD/13e6029 '--ctest-args=--parallel 16' --stages=install --redirect-outstream-file=False --install-location /local/S/jenkins/workspace/ECP/ecg-maya-hydra/ecg-maya-hydra-branch-preflight-python3-linux/install/RelWithDebInfo/MayaHydra /local/S/jenkins/workspace/ECP/ecg-maya-hydra/ecg-maya-hydra-branch-preflight-python3-linux
[2023-11-10T17:35:38.679Z] Modified environment variables:
[2023-11-10T17:35:38.679Z]     LD_LIBRARY_PATH=/opt/rh/gcc-toolset-11/root/usr/lib64:/opt/rh/gcc-toolset-11/root/usr/lib64:/opt/rh/gcc-toolset-11/root/usr/lib:/opt/rh/gcc-toolset-11/root/usr/lib64/dyninst:/opt/rh/gcc-toolset-11/root/usr/lib/dyninst
[2023-11-10T17:35:38.679Z]     PATH=/local/S/jenkins/workspace/shared/Artifactory/Linux/cmake/3.20.3/ab685d7/bin:/opt/rh/gcc-toolset-11/root/usr/bin:/home/administrator/.local/bin:/home/administrator/bin:/usr/share/Modules/bin:/usr/local/bin:/usr/local/sbin:/usr/bin:/usr/sbin
[2023-11-10T17:35:38.679Z]     [0/1] Install the project...
[2023-11-10T17:35:38.679Z]     -- Install configuration: "RelWithDebInfo"
[2023-11-10T17:35:38.679Z]     -- Set runtime path of "/local/S/jenkins/workspace/ECP/ecg-maya-hydra/ecg-maya-hydra-branch-preflight-python3-linux/install/RelWithDebInfo/MayaHydra/lib/maya/mayaHydraCppTests.so" to "$ORIGIN/../gtest:/local/S/jenkins/workspace/shared/Artifactory/Linux/USD/13e6029/lib:/local/S/jenkins/workspace/shared/Artifactory/Linux/rundev-master/202311060140/runtime/33fa670/devkitBase/devkit/ufe/lib:/local/S/jenkins/workspace/shared/Artifactory/Linux/rundev-master/202311060140/runtime/33fa670/runTime/lib"
[2023-11-10T17:35:38.679Z]     -- Set runtime path of "/local/S/jenkins/workspace/ECP/ecg-maya-hydra/ecg-maya-hydra-branch-preflight-python3-linux/install/RelWithDebInfo/MayaHydra/lib/maya/mayaHydra.so" to "$ORIGIN/../../../../../../../../../../../../home/S/jenkins/workspace/shared/Artifactory/Linux/USD/13e6029/lib:$ORIGIN/..:/local/S/jenkins/workspace/shared/Artifactory/Linux/rundev-master/202311060140/runtime/33fa670/devkitBase/devkit/ufe/lib:/local/S/jenkins/workspace/shared/Artifactory/Linux/USD/13e6029/lib:/local/S/jenkins/workspace/shared/Artifactory/Linux/rundev-master/202311060140/runtime/33fa670/runTime/lib"
[2023-11-10T17:35:39.217Z]     -- Set runtime path of "/local/S/jenkins/workspace/ECP/ecg-maya-hydra/ecg-maya-hydra-branch-preflight-python3-linux/install/RelWithDebInfo/MayaHydra/lib/libmayaHydraLib.so" to ""
[2023-11-10T17:35:39.217Z]     -- Set runtime path of "/local/S/jenkins/workspace/ECP/ecg-maya-hydra/ecg-maya-hydra-branch-preflight-python3-linux/install/RelWithDebInfo/MayaHydra/lib/libufeExtensions.so" to ""
[2023-11-10T17:35:39.217Z]     -- Set runtime path of "/local/S/jenkins/workspace/ECP/ecg-maya-hydra/ecg-maya-hydra-branch-preflight-python3-linux/install/RelWithDebInfo/MayaHydra/lib/libflowViewport.so" to ""
[2023-11-10T17:35:39.217Z]     -- Set runtime path of "/local/S/jenkins/workspace/ECP/ecg-maya-hydra/ecg-maya-hydra-branch-preflight-python3-linux/install/RelWithDebInfo/MayaHydra/lib/libadskHydraSceneBrowser.so" to ""
[2023-11-10T17:35:39.217Z]     -- Set runtime path of "/local/S/jenkins/workspace/ECP/ecg-maya-hydra/ecg-maya-hydra-branch-preflight-python3-linux/install/RelWithDebInfo/MayaHydra/lib/libadskHydraSceneBrowserTesting.so" to "$ORIGIN/gtest:/local/S/jenkins/workspace/shared/Artifactory/Linux/USD/13e6029/lib:/local/S/jenkins/workspace/shared/Artifactory/Linux/rundev-master/202311060140/runtime/33fa670/devkitBase/Qt/lib"
[2023-11-10T17:35:39.217Z]     -- Set runtime path of "/local/S/jenkins/workspace/ECP/ecg-maya-hydra/ecg-maya-hydra-branch-preflight-python3-linux/install/RelWithDebInfo/MayaHydra/lib/maya/mayaHydraSceneBrowser.so" to "$ORIGIN/..:/local/S/jenkins/workspace/shared/Artifactory/Linux/USD/13e6029/lib:/local/S/jenkins/workspace/shared/Artifactory/Linux/rundev-master/202311060140/runtime/33fa670/devkitBase/devkit/ufe/lib:/local/S/jenkins/workspace/shared/Artifactory/Linux/rundev-master/202311060140/runtime/33fa670/devkitBase/Qt/lib:/local/S/jenkins/workspace/shared/Artifactory/Linux/rundev-master/202311060140/runtime/33fa670/runTime/lib"
[2023-11-10T17:35:39.217Z]     -- Set runtime path of "/local/S/jenkins/workspace/ECP/ecg-maya-hydra/ecg-maya-hydra-branch-preflight-python3-linux/install/RelWithDebInfo/MayaHydra/lib/maya/mayaHydraSceneBrowserTest.so" to "$ORIGIN/..:$ORIGIN/../gtest:/local/S/jenkins/workspace/shared/Artifactory/Linux/USD/13e6029/lib:/local/S/jenkins/workspace/shared/Artifactory/Linux/rundev-master/202311060140/runtime/33fa670/devkitBase/Qt/lib:/local/S/jenkins/workspace/shared/Artifactory/Linux/rundev-master/202311060140/runtime/33fa670/devkitBase/devkit/ufe/lib:/local/S/jenkins/workspace/shared/Artifactory/Linux/rundev-master/202311060140/runtime/33fa670/runTime/lib"
[2023-11-10T17:35:39.217Z]     
[2023-11-10T17:35:39.217Z]         Building with settings:
[2023-11-10T17:35:39.217Z]           Source directory          /home/S/jenkins/workspace/ECP/ecg-maya-hydra/ecg-maya-hydra-branch-preflight-python3-linux/ecg-maya-hydra/maya-hydra
[2023-11-10T17:35:39.217Z]           Workspace directory       /local/S/jenkins/workspace/ECP/ecg-maya-hydra/ecg-maya-hydra-branch-preflight-python3-linux
[2023-11-10T17:35:39.217Z]           Build directory           /local/S/jenkins/workspace/ECP/ecg-maya-hydra/ecg-maya-hydra-branch-preflight-python3-linux/build/RelWithDebInfo
[2023-11-10T17:35:39.217Z]           Install directory         /local/S/jenkins/workspace/ECP/ecg-maya-hydra/ecg-maya-hydra-branch-preflight-python3-linux/install/RelWithDebInfo/MayaHydra
[2023-11-10T17:35:39.217Z]           Variant                   RelWithDebInfo
[2023-11-10T17:35:39.217Z]           Python Debug              Off
[2023-11-10T17:35:39.217Z]           CMake generator           Ninja
[2023-11-10T17:35:39.217Z]           Build arguments           ['-DCMAKE_MAKE_PROGRAM=/local/S/jenkins/workspace/shared/Artifactory/Linux/ninja/1.10.2/9ab399b/ninja', '-DPYTHON_INCLUDE_DIR=/local/S/jenkins/workspace/shared/Artifactory/Linux/rundev-master/202311060140/runtime/33fa670/runTime/include/Python310/Python', '-DPython_EXECUTABLE=/local/S/jenkins/workspace/shared/Artifactory/Linux/rundev-master/202311060140/runtime/33fa670/runTime/bin/mayapy', '-DPYTHON_LIBRARIES=/local/S/jenkins/workspace/shared/Artifactory/Linux/rundev-master/202311060140/runtime/33fa670/runTime/lib/libpython3.10.so.1.0', '-DBUILD_WITH_PYTHON_3=ON', '-DBUILD_WITH_PYTHON_3_VERSION=3.10', '-DCMAKE_WANT_MATERIALX_BUILD=ON', '-DCMAKE_PREFIX_PATH=/local/S/jenkins/workspace/shared/Artifactory/Linux/USD/13e6029']
[2023-11-10T17:35:39.217Z]           Stages arguments          ['install']
[2023-11-10T17:35:39.217Z]           CTest arguments           ['--parallel 16']
[2023-11-10T17:35:39.217Z]     Success MayaHydra build and install !!!!
[2023-11-10T17:35:39.217Z]     Elapsed time: 00:00:00
[Pipeline] }
[Pipeline] // withEnv
[Pipeline] }
[Pipeline] // timeout
[Pipeline] }
[Pipeline] // stage
[Pipeline] }
[Pipeline] // timestamps
[Pipeline] timestamps
[Pipeline] {
[Pipeline] stage
[Pipeline] { (Test)
[Pipeline] timeout
[2023-11-10T17:35:39.581Z] Timeout set to expire in 6 hr 0 min
[Pipeline] {
[Pipeline] withEnv
[Pipeline] {
[Pipeline] sh
[2023-11-10T17:35:40.953Z] + scl enable gcc-toolset-11 -
[2023-11-10T17:35:40.953Z] + '[' enable = load -o enable = unload ']'
[2023-11-10T17:35:40.953Z] + /usr/bin/scl enable gcc-toolset-11 -
[2023-11-10T17:35:40.953Z] python ecg-maya-hydra/build.py --stages=test --workspace-dir=/local/S/jenkins/workspace/ECP/ecg-maya-hydra/ecg-maya-hydra-branch-preflight-python3-linux --artifactory-dir=/local/S/jenkins/workspace/shared/Artifactory --build-dir=/local/S/jenkins/workspace/ECP/ecg-maya-hydra/ecg-maya-hydra-branch-preflight-python3-linux/build --install-dir=/local/S/jenkins/workspace/ECP/ecg-maya-hydra/ecg-maya-hydra-branch-preflight-python3-linux/install --signing-dir=/local/S/jenkins/workspace/ECP/ecg-maya-hydra/ecg-maya-hydra-branch-preflight-python3-linux/signing --package-dir=/local/S/jenkins/workspace/ECP/ecg-maya-hydra/ecg-maya-hydra-branch-preflight-python3-linux/package --output-dir=/local/S/jenkins/workspace/ECP/ecg-maya-hydra/ecg-maya-hydra-branch-preflight-python3-linux/output --stash-dir=/local/S/jenkins/workspace/ECP/ecg-maya-hydra/ecg-maya-hydra-branch-preflight-python3-linux/stash --jenkins-build=381 --git-commit=f4e7d2b7882b60458753b9c09444f9526172c500 --git-branch=master --variants=RelWithDebInfo --interactive-tests=true --post-zips=false --osx-binary-architecture-target=ub2 --osx-deployment-target=11.0 --osx-base-sdk=CurrentActiveSDK --test-jobs=0 --failed-test-retry=3 --maya-cut-config=maya-rundev-master.yaml --maya-package=rundev-master --stage-banner --progressive-timeout
[2023-11-10T17:35:40.953Z] Using Maya cut from /local/S/jenkins/workspace/shared/Artifactory/Linux/rundev-master/202311060140/runtime/33fa670
[2023-11-10T17:35:40.953Z] 
[2023-11-10T17:35:40.953Z] ================================================================================
[2023-11-10T17:35:40.953Z]                              test (RelWithDebInfo)
[2023-11-10T17:35:40.953Z] ================================================================================
[2023-11-10T17:35:40.953Z] Maya Python RelWithDebInfo Info:
[2023-11-10T17:35:40.953Z]   mayapy executable   = /local/S/jenkins/workspace/shared/Artifactory/Linux/rundev-master/202311060140/runtime/33fa670/runTime/bin/mayapy
[2023-11-10T17:35:40.953Z]   Include Folder      = /local/S/jenkins/workspace/shared/Artifactory/Linux/rundev-master/202311060140/runtime/33fa670/runTime/include/Python310/Python
[2023-11-10T17:35:40.953Z]   Library             = /local/S/jenkins/workspace/shared/Artifactory/Linux/rundev-master/202311060140/runtime/33fa670/runTime/lib/libpython3.10.so.1.0
[2023-11-10T17:35:40.953Z]   site-package Folder = /local/S/jenkins/workspace/shared/Artifactory/Linux/rundev-master/202311060140/runtime/33fa670/runTime/lib/python3.10/site-packages
[2023-11-10T17:35:41.502Z] In workdir: /home/S/jenkins/workspace/ECP/ecg-maya-hydra/ecg-maya-hydra-branch-preflight-python3-linux/ecg-maya-hydra/maya-hydra
[2023-11-10T17:35:41.502Z] Executing: /local/S/jenkins/workspace/shared/Artifactory/Linux/rundev-master/202311060140/runtime/33fa670/runTime/bin/mayapy /home/S/jenkins/workspace/ECP/ecg-maya-hydra/ecg-maya-hydra-branch-preflight-python3-linux/ecg-maya-hydra/maya-hydra/build.py --generator Ninja --build-relwithdebug --maya-location /local/S/jenkins/workspace/shared/Artifactory/Linux/rundev-master/202311060140/runtime/33fa670/runTime --devkit-location /local/S/jenkins/workspace/shared/Artifactory/Linux/rundev-master/202311060140/runtime/33fa670/devkitBase --pxrusd-location /local/S/jenkins/workspace/shared/Artifactory/Linux/USD/13e6029 --build-args=-DCMAKE_MAKE_PROGRAM=/local/S/jenkins/workspace/shared/Artifactory/Linux/ninja/1.10.2/9ab399b/ninja,-DPYTHON_INCLUDE_DIR=/local/S/jenkins/workspace/shared/Artifactory/Linux/rundev-master/202311060140/runtime/33fa670/runTime/include/Python310/Python,-DPython_EXECUTABLE=/local/S/jenkins/workspace/shared/Artifactory/Linux/rundev-master/202311060140/runtime/33fa670/runTime/bin/mayapy,-DPYTHON_LIBRARIES=/local/S/jenkins/workspace/shared/Artifactory/Linux/rundev-master/202311060140/runtime/33fa670/runTime/lib/libpython3.10.so.1.0,-DBUILD_WITH_PYTHON_3=ON,-DBUILD_WITH_PYTHON_3_VERSION=3.10,-DCMAKE_WANT_MATERIALX_BUILD=ON,-DCMAKE_PREFIX_PATH=/local/S/jenkins/workspace/shared/Artifactory/Linux/USD/13e6029 '--ctest-args=--parallel 16' --stages=test --redirect-outstream-file=False --install-location /local/S/jenkins/workspace/ECP/ecg-maya-hydra/ecg-maya-hydra-branch-preflight-python3-linux/install/RelWithDebInfo/MayaHydra /local/S/jenkins/workspace/ECP/ecg-maya-hydra/ecg-maya-hydra-branch-preflight-python3-linux
[2023-11-10T17:35:41.502Z] Modified environment variables:
[2023-11-10T17:35:41.502Z]     LD_LIBRARY_PATH=/opt/rh/gcc-toolset-11/root/usr/lib64:/opt/rh/gcc-toolset-11/root/usr/lib64:/opt/rh/gcc-toolset-11/root/usr/lib:/opt/rh/gcc-toolset-11/root/usr/lib64/dyninst:/opt/rh/gcc-toolset-11/root/usr/lib/dyninst
[2023-11-10T17:35:41.502Z]     PATH=/local/S/jenkins/workspace/shared/Artifactory/Linux/cmake/3.20.3/ab685d7/bin:/opt/rh/gcc-toolset-11/root/usr/bin:/home/administrator/.local/bin:/home/administrator/bin:/usr/share/Modules/bin:/usr/local/bin:/usr/local/sbin:/usr/bin:/usr/sbin
[2023-11-10T17:35:41.502Z]     Test project /home/S/jenkins/workspace/ECP/ecg-maya-hydra/ecg-maya-hydra-branch-preflight-python3-linux/build/RelWithDebInfo
[2023-11-10T17:35:41.502Z]           Start  1: _Interactive_Maya
[2023-11-10T17:35:41.502Z]      1/19 Test  #1: _Interactive_Maya ...........................***Not Run (Disabled)   0.00 sec
[2023-11-10T17:35:41.502Z]           Start  2: testImageDiffing
[2023-11-10T17:35:41.502Z]           Start  3: testMtohCommand
[2023-11-10T17:35:41.502Z]           Start  4: testMeshes
[2023-11-10T17:35:41.502Z]           Start  5: testNamespaces
[2023-11-10T17:35:41.502Z]           Start  6: testVisibility
[2023-11-10T17:35:41.502Z]           Start  7: testRendererSwitching
[2023-11-10T17:35:41.502Z]           Start  8: testSceneBrowser
[2023-11-10T17:35:41.502Z]           Start  9: testStageAddPrim
[2023-11-10T17:35:41.502Z]           Start 10: testNewSceneWithStage
[2023-11-10T17:35:41.502Z]           Start 11: testDirectionalLights
[2023-11-10T17:35:41.502Z]           Start 12: testColorPreferences
[2023-11-10T17:35:41.502Z]           Start 13: testCppFramework
[2023-11-10T17:35:41.502Z]           Start 14: testMayaSceneFlattening
[2023-11-10T17:35:41.502Z]           Start 15: testMayaUsdUfeItems
[2023-11-10T17:35:41.502Z]           Start 16: testMergingSceneIndex
[2023-11-10T17:35:41.502Z]           Start 17: testSelectionSceneIndex
[2023-11-10T17:35:51.140Z]      2/19 Test #15: testMayaUsdUfeItems .........................   Passed    9.47 sec
[2023-11-10T17:35:51.140Z]           Start 18: testWireframeSelectionHighlightSceneIndex
[2023-11-10T17:35:51.140Z]      3/19 Test  #8: testSceneBrowser ............................   Passed    9.54 sec
[2023-11-10T17:35:51.140Z]           Start 19: testMeshes_meshAdapter
[2023-11-10T17:35:51.677Z]      4/19 Test #10: testNewSceneWithStage .......................   Passed    9.78 sec
[2023-11-10T17:35:51.677Z]      5/19 Test  #9: testStageAddPrim ............................   Passed    9.84 sec
[2023-11-10T17:35:51.677Z]      6/19 Test #17: testSelectionSceneIndex .....................   Passed    9.88 sec
[2023-11-10T17:35:51.677Z]      7/19 Test  #4: testMeshes ..................................   Passed   10.13 sec
[2023-11-10T17:35:51.677Z]      8/19 Test  #3: testMtohCommand .............................   Passed   10.20 sec
[2023-11-10T17:35:52.214Z]      9/19 Test  #7: testRendererSwitching .......................   Passed   10.27 sec
[2023-11-10T17:35:52.214Z]     10/19 Test  #5: testNamespaces ..............................   Passed   10.31 sec
[2023-11-10T17:35:52.214Z]     11/19 Test #14: testMayaSceneFlattening .....................   Passed   10.47 sec
[2023-11-10T17:35:52.214Z]     12/19 Test #16: testMergingSceneIndex .......................   Passed   10.65 sec
[2023-11-10T17:35:52.214Z]     13/19 Test #12: testColorPreferences ........................   Passed   10.71 sec
[2023-11-10T17:35:52.214Z]     14/19 Test #13: testCppFramework ............................   Passed   10.75 sec
[2023-11-10T17:35:52.753Z]     15/19 Test #11: testDirectionalLights .......................***Failed   10.96 sec
[2023-11-10T17:35:52.753Z]     MAYA_DEBUG_NO_SAVE_ON_CRASH is set.
[2023-11-10T17:35:52.753Z]     Warning: Setting a new default format with a different version or profile after the global shared context is created may cause issues with context sharing.
[2023-11-10T17:35:52.753Z]     Initialized VP2.0 renderer {
[2023-11-10T17:35:52.753Z]       Version : 2016.11.62.12. Feature Level 5.
[2023-11-10T17:35:52.753Z]       Adapter : NVIDIA A40-8Q/PCI/SSE2
[2023-11-10T17:35:52.753Z]       Vendor ID: 4318. Device ID :
[2023-11-10T17:35:52.753Z]       Driver : 4.6.0 NVIDIA 470.129.06.
[2023-11-10T17:35:52.753Z]       API : OpenGL V.4.6.
[2023-11-10T17:35:52.753Z]       Max texture size : 16384 * 16384.
[2023-11-10T17:35:52.753Z]       Max texture coords : 32
[2023-11-10T17:35:52.753Z]       Shader versions supported (Vertex: 5, Geometry: 5, Pixel 5).
[2023-11-10T17:35:52.753Z]       Shader compiler profile : (Best card profile)
[2023-11-10T17:35:52.753Z]       Active stereo support available : 0
[2023-11-10T17:35:52.753Z]       GPU Memory Limit : 8192 MB.
[2023-11-10T17:35:52.753Z]       CPU Memory Limit : 30332.1 MB.
[2023-11-10T17:35:52.753Z]       MultiDraw consolidation : enabled
[2023-11-10T17:35:52.753Z]     }
[2023-11-10T17:35:52.753Z]     OpenCL evaluator is attempting to initialize OpenCL.
[2023-11-10T17:35:52.753Z]     Detected 1 OpenCL Platforms:
[2023-11-10T17:35:52.753Z]      0: NVIDIA Corporation. NVIDIA CUDA. OpenCL 3.0 CUDA 11.4.231.
[2023-11-10T17:35:52.753Z]      Supported extensions: cl_khr_global_int32_base_atomics cl_khr_global_int32_extended_atomics cl_khr_local_int32_base_atomics cl_khr_local_int32_extended_atomics cl_khr_fp64 cl_khr_3d_image_writes cl_khr_byte_addressable_store cl_khr_icd cl_khr_gl_sharing cl_nv_compiler_options cl_nv_device_attribute_query cl_nv_pragma_unroll cl_nv_copy_opts cl_khr_gl_event cl_nv_create_buffer cl_khr_int64_base_atomics cl_khr_int64_extended_atomics cl_nv_kernel_attribute cl_khr_device_uuid cl_khr_pci_bus_info
[2023-11-10T17:35:52.753Z]      Selected matching OpenCL Platform: NVIDIA Corporation NVIDIA CUDA OpenCL 3.0 CUDA 11.4.231.
[2023-11-10T17:35:52.753Z]     OpenCL evaluator choosing OpenCL platform NVIDIA Corporation.
[2023-11-10T17:35:52.753Z]     Choosing OpenCL Device NVIDIA A40-8Q.  Device Type: GPU  Device is available.
[2023-11-10T17:35:52.753Z]     
[2023-11-10T17:35:52.753Z]     Coding Error: in Define at line 149 of /home/S/jenkins/workspace/ECP/ecg-usd-build/ecg-usd-full-python3.10-linux/ecg-usd-build/usd/pxr/base/tf/envSetting.cpp -- Multiple definitions of TfEnvSetting variable detected.  This is usually due to software misconfiguration.  Contact the build team for assistance.  (duplicate 'MAYA_HYDRA_USE_MESH_ADAPTER')
[2023-11-10T17:35:52.753Z]     qt.qpa.clipboard: QXcbClipboard::setMimeData: Cannot set X11 selection owner
[2023-11-10T17:35:52.753Z]     Checksum for file '/home/S/jenkins/workspace/shared/Artifactory/Linux/rundev-master/202311060140/runtime/33fa670/runTime/plug-ins/MASH/scripts/userSetup.py' has not been found. It will be saved.
[2023-11-10T17:35:52.753Z]     Error: Missing OpenColorIO configuration file: <MAYA_RESOURCES>/OCIO-configs/Maya2022-default/config.ocio
[2023-11-10T17:35:52.753Z]     Warning: Missing OpenColorIO configuration file: <MAYA_RESOURCES>/OCIO-configs/Maya2022-default/config.ocio
[2023-11-10T17:35:52.753Z]     Warning: Internal error: failed to initialize template.
[2023-11-10T17:35:52.753Z]     Error: Missing OpenColorIO configuration file: <MAYA_RESOURCES>/OCIO-configs/Maya2022-default/config.ocio
[2023-11-10T17:35:52.753Z]     Error: Missing OpenColorIO configuration file: <MAYA_RESOURCES>/OCIO-configs/Maya2022-default/config.ocio
[2023-11-10T17:35:52.753Z]     Error: Missing OpenColorIO configuration file: <MAYA_RESOURCES>/OCIO-configs/Maya2022-default/config.ocio
[2023-11-10T17:35:52.753Z]     E
[2023-11-10T17:35:52.753Z]     ======================================================================
[2023-11-10T17:35:52.753Z]     ERROR: test_DirectionalLights (__main__.TestDirectionalLights)
[2023-11-10T17:35:52.753Z]     ----------------------------------------------------------------------
[2023-11-10T17:35:52.753Z]     Traceback (most recent call last):
[2023-11-10T17:35:52.753Z]       File "/home/S/jenkins/workspace/ECP/ecg-maya-hydra/ecg-maya-hydra-branch-preflight-python3-linux/ecg-maya-hydra/maya-hydra/test/lib/mayaUsd/render/mayaToHydra/testDirectionalLights.py", line 42, in test_DirectionalLights
[2023-11-10T17:35:52.753Z]         testFile = mayaUtils.openTestScene(
[2023-11-10T17:35:52.753Z]       File "/home/S/jenkins/workspace/ECP/ecg-maya-hydra/ecg-maya-hydra-branch-preflight-python3-linux/ecg-maya-hydra/maya-hydra/test/testUtils/mayaUtils.py", line 132, in openTestScene
[2023-11-10T17:35:52.753Z]         cmds.file(filePath, force=True, open=True)
[2023-11-10T17:35:52.753Z]     RuntimeError: file: /home/S/jenkins/workspace/ECP/ecg-maya-hydra/ecg-maya-hydra-branch-preflight-python3-linux/ecg-maya-hydra/maya-hydra/test/testSamples/testDirectionalLights/UsdStageWithSphereMatXStdSurf.ma line 6: RuntimeError: file <maya console> line 1: Plug-in, "mtoa", was not found on MAYA_PLUG_IN_PATH.
[2023-11-10T17:35:52.753Z]     file: /home/S/jenkins/workspace/ECP/ecg-maya-hydra/ecg-maya-hydra-branch-preflight-python3-linux/ecg-maya-hydra/maya-hydra/test/testSamples/testDirectionalLights/UsdStageWithSphereMatXStdSurf.ma line 8: RuntimeError: file <maya console> line 1: Plug-in, "mayaUsdPlugin", was not found on MAYA_PLUG_IN_PATH.
[2023-11-10T17:35:52.753Z]     file: /home/S/jenkins/workspace/ECP/ecg-maya-hydra/ecg-maya-hydra-branch-preflight-python3-linux/ecg-maya-hydra/maya-hydra/test/testSamples/testDirectionalLights/UsdStageWithSphereMatXStdSurf.ma line 46: The camera 'topShape' has no '.ai_translator' attribute.
[2023-11-10T17:35:52.753Z]     file: /home/S/jenkins/workspace/ECP/ecg-maya-hydra/ecg-maya-hydra-branch-preflight-python3-linux/ecg-maya-hydra/maya-hydra/test/testSamples/testDirectionalLights/UsdStageWithSphereMatXStdSurf.ma line 46: setAttr: No object matches name: .ai_translator
[2023-11-10T17:35:52.753Z]     file: /home/S/jenkins/workspace/ECP/ecg-maya-hydra/ecg-maya-hydra-branch-preflight-python3-linux/ecg-maya-hydra/maya-hydra/test/testSamples/testDirectionalLights/UsdStageWithSphereMatXStdSurf.ma line 62: The camera 'frontShape' has no '.ai_translator' attribute.
[2023-11-10T17:35:52.753Z]     file: /home/S/jenkins/workspace/ECP/ecg-maya-hydra/ecg-maya-hydra-branch-preflight-python3-linux/ecg-maya-hydra/maya-hydra/test/testSamples/testDirectionalLights/UsdStageWithSphereMatXStdSurf.ma line 62: setAttr: No object matches name: .ai_translator
[2023-11-10T17:35:52.753Z]     file: /home/S/jenkins/workspace/ECP/ecg-maya-hydra/ecg-maya-hydra-branch-preflight-python3-linux/ecg-maya-hydra/maya-hydra/test/testSamples/testDirectionalLights/UsdStageWithSphereMatXStdSurf.ma line 79: The camera 'sideShape' has no '.ai_translator' attribute.
[2023-11-10T17:35:52.753Z]     file: /home/S/jenkins/workspace/ECP/ecg-maya-hydra/ecg-maya-hydra-branch-preflight-python3-linux/ecg-maya-hydra/maya-hydra/test/testSamples/testDirectionalLights/UsdStageWithSphereMatXStdSurf.ma line 79: setAttr: No object matches name: .ai_translator
[2023-11-10T17:35:52.753Z]     file: /home/S/jenkins/workspace/ECP/ecg-maya-hydra/ecg-maya-hydra-branch-preflight-python3-linux/ecg-maya-hydra/maya-hydra/test/testSamples/testDirectionalLights/UsdStageWithSphereMatXStdSurf.ma line 89: setAttr: Too much data was provided. The last 1 elements were not used.
[2023-11-10T17:35:52.753Z]     file: /home/S/jenkins/workspace/ECP/ecg-maya-hydra/ecg-maya-hydra-branch-preflight-python3-linux/ecg-maya-hydra/maya-hydra/test/testSamples/testDirectionalLights/UsdStageWithSphereMatXStdSurf.ma line 90: setAttr: Too much data was provided. The last 1 elements were not used.
[2023-11-10T17:35:52.753Z]     Missing OpenColorIO configuration file: <MAYA_RESOURCES>/OCIO-configs/Maya2022-default/config.ocio
[2023-11-10T17:35:52.753Z]     Missing OpenColorIO configuration file: <MAYA_RESOURCES>/OCIO-configs/Maya2022-default/config.ocio
[2023-11-10T17:35:52.753Z]     Missing OpenColorIO configuration file: <MAYA_RESOURCES>/OCIO-configs/Maya2022-default/config.ocio
[2023-11-10T17:35:52.753Z]     Error reading file.
[2023-11-10T17:35:52.753Z]     Error reading file.
[2023-11-10T17:35:52.753Z]     Missing OpenColorIO configuration file: <MAYA_RESOURCES>/OCIO-configs/Maya2022-default/config.ocio
[2023-11-10T17:35:52.753Z]     
[2023-11-10T17:35:52.753Z]     
[2023-11-10T17:35:52.753Z]     ----------------------------------------------------------------------
[2023-11-10T17:35:52.753Z]     Ran 1 test in 1.405s
[2023-11-10T17:35:52.753Z]     
[2023-11-10T17:35:52.753Z]     FAILED (errors=1)
[2023-11-10T17:35:52.753Z]     
[2023-11-10T17:35:52.753Z]     16/19 Test  #2: testImageDiffing ............................   Passed   11.11 sec
[2023-11-10T17:35:53.883Z]     17/19 Test  #6: testVisibility ..............................   Passed   12.42 sec
[2023-11-10T17:35:58.094Z]     18/19 Test #18: testWireframeSelectionHighlightSceneIndex ...   Passed    6.89 sec
[2023-11-10T17:35:58.631Z]     19/19 Test #19: testMeshes_meshAdapter ......................   Passed    7.18 sec
[2023-11-10T17:35:58.631Z]     
[2023-11-10T17:35:58.631Z]     94% tests passed, 1 tests failed out of 18
[2023-11-10T17:35:58.631Z]     
[2023-11-10T17:35:58.631Z]     Label Time Summary:
[2023-11-10T17:35:58.631Z]     Debugging      =   0.00 sec*proc (1 test)
[2023-11-10T17:35:58.631Z]     interactive    = 180.58 sec*proc (18 tests)
[2023-11-10T17:35:58.631Z]     mayaHydra      = 180.58 sec*proc (18 tests)
[2023-11-10T17:35:58.631Z]     
[2023-11-10T17:35:58.631Z]     Total Test time (real) =  16.74 sec
[2023-11-10T17:35:58.631Z]     
[2023-11-10T17:35:58.631Z]     The following tests did not run:
[2023-11-10T17:35:58.631Z]     	  1 - _Interactive_Maya (Disabled)
[2023-11-10T17:35:58.631Z]     
[2023-11-10T17:35:58.631Z]     The following tests FAILED:
[2023-11-10T17:35:58.631Z]     	 11 - testDirectionalLights (Failed)
[2023-11-10T17:35:58.631Z]     Errors while running CTest
[2023-11-10T17:35:58.631Z]     
[2023-11-10T17:35:58.631Z]         Building with settings:
[2023-11-10T17:35:58.632Z]           Source directory          /home/S/jenkins/workspace/ECP/ecg-maya-hydra/ecg-maya-hydra-branch-preflight-python3-linux/ecg-maya-hydra/maya-hydra
[2023-11-10T17:35:58.632Z]           Workspace directory       /local/S/jenkins/workspace/ECP/ecg-maya-hydra/ecg-maya-hydra-branch-preflight-python3-linux
[2023-11-10T17:35:58.632Z]           Build directory           /local/S/jenkins/workspace/ECP/ecg-maya-hydra/ecg-maya-hydra-branch-preflight-python3-linux/build/RelWithDebInfo
[2023-11-10T17:35:58.632Z]           Install directory         /local/S/jenkins/workspace/ECP/ecg-maya-hydra/ecg-maya-hydra-branch-preflight-python3-linux/install/RelWithDebInfo/MayaHydra
[2023-11-10T17:35:58.632Z]           Variant                   RelWithDebInfo
[2023-11-10T17:35:58.632Z]           Python Debug              Off
[2023-11-10T17:35:58.632Z]           CMake generator           Ninja
[2023-11-10T17:35:58.632Z]           Build arguments           ['-DCMAKE_MAKE_PROGRAM=/local/S/jenkins/workspace/shared/Artifactory/Linux/ninja/1.10.2/9ab399b/ninja', '-DPYTHON_INCLUDE_DIR=/local/S/jenkins/workspace/shared/Artifactory/Linux/rundev-master/202311060140/runtime/33fa670/runTime/include/Python310/Python', '-DPython_EXECUTABLE=/local/S/jenkins/workspace/shared/Artifactory/Linux/rundev-master/202311060140/runtime/33fa670/runTime/bin/mayapy', '-DPYTHON_LIBRARIES=/local/S/jenkins/workspace/shared/Artifactory/Linux/rundev-master/202311060140/runtime/33fa670/runTime/lib/libpython3.10.so.1.0', '-DBUILD_WITH_PYTHON_3=ON', '-DBUILD_WITH_PYTHON_3_VERSION=3.10', '-DCMAKE_WANT_MATERIALX_BUILD=ON', '-DCMAKE_PREFIX_PATH=/local/S/jenkins/workspace/shared/Artifactory/Linux/USD/13e6029']
[2023-11-10T17:35:58.632Z]           Stages arguments          ['test']
[2023-11-10T17:35:58.632Z]           CTest arguments           ['--parallel 16']
[2023-11-10T17:35:58.632Z]     #####################################################################################
[2023-11-10T17:35:58.632Z]     log date: 2023-11-10 09:35
[2023-11-10T17:35:58.632Z]     commit sha: 4bd41fffa709498478271bc1506d70daacbf09fa
[2023-11-10T17:35:58.632Z]     commit date: Fri Nov 10 17:21:19 2023 +0100
[2023-11-10T17:35:58.632Z]     #####################################################################################
[2023-11-10T17:35:58.632Z]     
[2023-11-10T17:35:58.632Z]     cmake --build . --config RelWithDebInfo --target install -- -j16
[2023-11-10T17:35:58.632Z]     #####################################################################################
[2023-11-10T17:35:58.632Z]     log date: 2023-11-10 09:35
[2023-11-10T17:35:58.632Z]     commit sha: 4bd41fffa709498478271bc1506d70daacbf09fa
[2023-11-10T17:35:58.632Z]     commit date: Fri Nov 10 17:21:19 2023 +0100
[2023-11-10T17:35:58.632Z]     #####################################################################################
[2023-11-10T17:35:58.632Z]     
[2023-11-10T17:35:58.632Z]     ctest --output-on-failure --timeout 500 -C RelWithDebInfo --parallel 16
[2023-11-10T17:35:58.632Z]     
[2023-11-10T17:35:58.632Z]     Traceback (most recent call last):
[2023-11-10T17:35:58.632Z]       File "/home/S/jenkins/workspace/ECP/ecg-maya-hydra/ecg-maya-hydra-branch-preflight-python3-linux/ecg-maya-hydra/maya-hydra/build.py", line 750, in <module>
[2023-11-10T17:35:58.632Z]         RunTests(context, context.ctestArgs)
[2023-11-10T17:35:58.632Z]       File "/home/S/jenkins/workspace/ECP/ecg-maya-hydra/ecg-maya-hydra-branch-preflight-python3-linux/ecg-maya-hydra/maya-hydra/build.py", line 521, in RunTests
[2023-11-10T17:35:58.632Z]         RunCTest(context,extraArgs)
[2023-11-10T17:35:58.632Z]       File "/home/S/jenkins/workspace/ECP/ecg-maya-hydra/ecg-maya-hydra-branch-preflight-python3-linux/ecg-maya-hydra/maya-hydra/build.py", line 334, in RunCTest
[2023-11-10T17:35:58.632Z]         Run(context,
[2023-11-10T17:35:58.632Z]       File "/home/S/jenkins/workspace/ECP/ecg-maya-hydra/ecg-maya-hydra-branch-preflight-python3-linux/ecg-maya-hydra/maya-hydra/build.py", line 197, in Run
[2023-11-10T17:35:58.632Z]         raise RuntimeError("Failed to run '{cmd}'\nSee {log} for more details."
[2023-11-10T17:35:58.632Z]     RuntimeError: Failed to run 'ctest --output-on-failure --timeout 500 -C RelWithDebInfo --parallel 16 '
[2023-11-10T17:35:58.632Z]     See /local/S/jenkins/workspace/ECP/ecg-maya-hydra/ecg-maya-hydra-branch-preflight-python3-linux/build/RelWithDebInfo/build_log.txt for more details.
[2023-11-10T17:35:58.632Z] build.py: error: Command failed with error code: 1
[Pipeline] }
[Pipeline] // withEnv
[Pipeline] }
[Pipeline] // timeout
[Pipeline] }
[Pipeline] // stage
[Pipeline] }
[Pipeline] // timestamps
[Pipeline] emailextrecipients
Not sending mail to unregistered user ecg.jenkins@autodesk.com because your SCM claimed this was associated with a user ID ‘ecg.jenkins' which your security realm does not recognize; you may need changes in your SCM plugin
Not sending mail to unregistered user ecg.jenkins@autodesk.com because your SCM claimed this was associated with a user ID ‘ecg.jenkins' which your security realm does not recognize; you may need changes in your SCM plugin
[Pipeline] echo
No recipients to send notification.
[Pipeline] }
[Pipeline] // node
[Pipeline] End of Pipeline
ERROR: script returned exit code 1
[Checks API] No suitable checks publisher found.
Finished: FAILURE
