[2023-11-10T17:32:21.853Z] ================================================================================
[2023-11-10T17:32:21.853Z]                                  setup (Debug)
[2023-11-10T17:32:21.853Z] ================================================================================
[Pipeline] sh
[2023-11-10T17:32:23.479Z] + python ecg-maya-hydra/build.py --stages=setup --workspace-dir=/local/S/jenkins/workspace/ECP/ecg-maya-hydra/ecg-maya-hydra-branch-preflight-python3-osx --artifactory-dir=/local/S/jenkins/workspace/shared/Artifactory --build-dir=/local/S/jenkins/workspace/ECP/ecg-maya-hydra/ecg-maya-hydra-branch-preflight-python3-osx/build --install-dir=/local/S/jenkins/workspace/ECP/ecg-maya-hydra/ecg-maya-hydra-branch-preflight-python3-osx/install --signing-dir=/local/S/jenkins/workspace/ECP/ecg-maya-hydra/ecg-maya-hydra-branch-preflight-python3-osx/signing --package-dir=/local/S/jenkins/workspace/ECP/ecg-maya-hydra/ecg-maya-hydra-branch-preflight-python3-osx/package --output-dir=/local/S/jenkins/workspace/ECP/ecg-maya-hydra/ecg-maya-hydra-branch-preflight-python3-osx/output --stash-dir=/local/S/jenkins/workspace/ECP/ecg-maya-hydra/ecg-maya-hydra-branch-preflight-python3-osx/stash --jenkins-build=382 --git-commit=f4e7d2b7882b60458753b9c09444f9526172c500 --git-branch=master --variants=RelWithDebInfo --interactive-tests=true --post-zips=false --osx-binary-architecture-target=ub2 --osx-deployment-target=11.0 --osx-base-sdk=CurrentActiveSDK --extra-license-file=ecg-maya-hydra/jenkins-o03-cot/melicense.lic --prune-versions=3 --prune-revisions=3 --maya-cut-config=maya-rundev-master.yaml --maya-package=rundev-master --stage-banner --prune-artifacts --force-pruning
[2023-11-10T17:32:23.479Z] Getting rundev-master download URL from Maya SHA-1 hash
[2023-11-10T17:32:23.479Z] Finding Artifactory servers response times
[2023-11-10T17:32:26.916Z] [VERBOSE] Start loading URL (CURL): https://art-bobcat.autodesk.com/artifactory/api/search/checksum?repos=autodesk-3p-generic,adsk-build-tools-generic,team-ecg-generic,team-maya-generic,oss-stg-generic&sha1=e9a5ae1f0dc869d1ce266337cce0bfcafc9f93bd
[2023-11-10T17:32:26.916Z] [DEBUG] Running: /usr/bin/curl -s -X GET --keepalive-time 10 --connect-timeout 60 --speed-limit 10000 --speed-time 120 --max-time 3600 --retry 5 --retry-max-time 2400 -H Connection:close -H Authorization:Basic ZWNnYmlmcm9zdDpvcGUqKjAw https://art-bobcat.autodesk.com/artifactory/api/search/checksum?repos=autodesk-3p-generic,adsk-build-tools-generic,team-ecg-generic,team-maya-generic,oss-stg-generic&sha1=e9a5ae1f0dc869d1ce266337cce0bfcafc9f93bd
[2023-11-10T17:32:26.916Z] [DEBUG] Output:
[2023-11-10T17:32:26.916Z] {
[2023-11-10T17:32:26.916Z]   "results" : [ {
[2023-11-10T17:32:26.916Z]     "uri" : "https://art-bobcat.autodesk.com:443/artifactory/api/storage/team-maya-generic/Maya/master/pmac/2023-11-06-01-40_068e1a5022/202311060140-068e1a5022-RUNDEV.dmg"
[2023-11-10T17:32:26.916Z]   } ]
[2023-11-10T17:32:26.916Z] }
[2023-11-10T17:32:26.916Z] [VERBOSE] End loading URL (CURL): https://art-bobcat.autodesk.com/artifactory/api/search/checksum?repos=autodesk-3p-generic,adsk-build-tools-generic,team-ecg-generic,team-maya-generic,oss-stg-generic&sha1=e9a5ae1f0dc869d1ce266337cce0bfcafc9f93bd
[2023-11-10T17:32:26.916Z] [VERBOSE] Start loading URL (CURL): https://art-bobcat.autodesk.com:443/artifactory/api/storage/team-maya-generic/Maya/master/pmac/2023-11-06-01-40_068e1a5022/202311060140-068e1a5022-RUNDEV.dmg
[2023-11-10T17:32:26.916Z] [DEBUG] Running: /usr/bin/curl -s -X GET --keepalive-time 10 --connect-timeout 60 --speed-limit 10000 --speed-time 120 --max-time 3600 --retry 5 --retry-max-time 2400 -H Connection:close -H Authorization:Basic ZWNnYmlmcm9zdDpvcGUqKjAw https://art-bobcat.autodesk.com:443/artifactory/api/storage/team-maya-generic/Maya/master/pmac/2023-11-06-01-40_068e1a5022/202311060140-068e1a5022-RUNDEV.dmg
[2023-11-10T17:32:26.916Z] [DEBUG] Output:
[2023-11-10T17:32:26.916Z] {
[2023-11-10T17:32:26.916Z]   "repo" : "team-maya-generic",
[2023-11-10T17:32:26.916Z]   "path" : "/Maya/master/pmac/2023-11-06-01-40_068e1a5022/202311060140-068e1a5022-RUNDEV.dmg",
[2023-11-10T17:32:26.916Z]   "created" : "2023-11-06T02:58:12.280-08:00",
[2023-11-10T17:32:26.916Z]   "createdBy" : "svc_p_mescm",
[2023-11-10T17:32:26.916Z]   "lastModified" : "2023-11-06T02:53:16.851-08:00",
[2023-11-10T17:32:26.916Z]   "modifiedBy" : "svc_p_mescm",
[2023-11-10T17:32:26.916Z]   "lastUpdated" : "2023-11-06T02:58:12.281-08:00",
[2023-11-10T17:32:26.916Z]   "downloadUri" : "https://art-bobcat.autodesk.com:443/artifactory/team-maya-generic/Maya/master/pmac/2023-11-06-01-40_068e1a5022/202311060140-068e1a5022-RUNDEV.dmg",
[2023-11-10T17:32:26.916Z]   "mimeType" : "application/octet-stream",
[2023-11-10T17:32:26.916Z]   "size" : "2830276139",
[2023-11-10T17:32:26.916Z]   "checksums" : {
[2023-11-10T17:32:26.916Z]     "sha1" : "e9a5ae1f0dc869d1ce266337cce0bfcafc9f93bd",
[2023-11-10T17:32:26.916Z]     "md5" : "4f6452550f423ef50a9a210d0e260173",
[2023-11-10T17:32:26.916Z]     "sha256" : "c874ff1ba95f9b674422bbe75abe72228217a6a938f93062d0b641b2609332cc"
[2023-11-10T17:32:26.916Z]   },
[2023-11-10T17:32:26.916Z]   "originalChecksums" : {
[2023-11-10T17:32:26.916Z]     "sha1" : "e9a5ae1f0dc869d1ce266337cce0bfcafc9f93bd",
[2023-11-10T17:32:26.916Z]     "md5" : "4f6452550f423ef50a9a210d0e260173",
[2023-11-10T17:32:26.916Z]     "sha256" : "c874ff1ba95f9b674422bbe75abe72228217a6a938f93062d0b641b2609332cc"
[2023-11-10T17:32:26.916Z]   },
[2023-11-10T17:32:26.916Z]   "uri" : "https://art-bobcat.autodesk.com:443/artifactory/api/storage/team-maya-generic/Maya/master/pmac/2023-11-06-01-40_068e1a5022/202311060140-068e1a5022-RUNDEV.dmg"
[2023-11-10T17:32:26.916Z] }
[2023-11-10T17:32:26.916Z] [VERBOSE] End loading URL (CURL): https://art-bobcat.autodesk.com:443/artifactory/api/storage/team-maya-generic/Maya/master/pmac/2023-11-06-01-40_068e1a5022/202311060140-068e1a5022-RUNDEV.dmg
[2023-11-10T17:32:26.916Z] Using Maya cut from /local/S/jenkins/workspace/shared/Artifactory/OSX/rundev-master/202311060140/runtime/e9a5ae1
[2023-11-10T17:32:26.916Z] Using Maya ADSK Signatures from /local/S/jenkins/workspace/shared/Artifactory/OSX/adsk-plugin-signatures-maya/2023/3ae1ae7
[2023-11-10T17:32:26.916Z] Using Maya Security Library from /local/S/jenkins/workspace/shared/Artifactory/OSX/maya-security-library/3.4.0/5e08f3e
[2023-11-10T17:32:26.916Z] 
[2023-11-10T17:32:26.916Z] ================================================================================
[2023-11-10T17:32:26.916Z]                              setup (RelWithDebInfo)
[2023-11-10T17:32:26.916Z] ================================================================================
[Pipeline] }
[Pipeline] // withEnv
[Pipeline] }
[Pipeline] // timeout
[Pipeline] }
[Pipeline] // stage
[Pipeline] }
[Pipeline] // timestamps
[Pipeline] timestamps
[Pipeline] {
[Pipeline] stage
[Pipeline] { (Clean)
[Pipeline] timeout
[2023-11-10T17:32:27.302Z] Timeout set to expire in 6 hr 0 min
[Pipeline] {
[Pipeline] withEnv
[Pipeline] {
[Pipeline] sh
[2023-11-10T17:32:29.032Z] + python ecg-maya-hydra/build.py --stages=clean --workspace-dir=/local/S/jenkins/workspace/ECP/ecg-maya-hydra/ecg-maya-hydra-branch-preflight-python3-osx --artifactory-dir=/local/S/jenkins/workspace/shared/Artifactory --build-dir=/local/S/jenkins/workspace/ECP/ecg-maya-hydra/ecg-maya-hydra-branch-preflight-python3-osx/build --install-dir=/local/S/jenkins/workspace/ECP/ecg-maya-hydra/ecg-maya-hydra-branch-preflight-python3-osx/install --signing-dir=/local/S/jenkins/workspace/ECP/ecg-maya-hydra/ecg-maya-hydra-branch-preflight-python3-osx/signing --package-dir=/local/S/jenkins/workspace/ECP/ecg-maya-hydra/ecg-maya-hydra-branch-preflight-python3-osx/package --output-dir=/local/S/jenkins/workspace/ECP/ecg-maya-hydra/ecg-maya-hydra-branch-preflight-python3-osx/output --stash-dir=/local/S/jenkins/workspace/ECP/ecg-maya-hydra/ecg-maya-hydra-branch-preflight-python3-osx/stash --jenkins-build=382 --git-commit=f4e7d2b7882b60458753b9c09444f9526172c500 --git-branch=master --variants=Debug --interactive-tests=true --post-zips=false --osx-binary-architecture-target=ub2 --osx-deployment-target=11.0 --osx-base-sdk=CurrentActiveSDK --maya-cut-config=maya-rundev-master-debug.yaml --maya-package=rundev-master-debug --stage-banner
[2023-11-10T17:32:29.032Z] Using Maya cut from /local/S/jenkins/workspace/shared/Artifactory/OSX/rundev-master-debug/202310260154/runtime/3fe4f1c
[2023-11-10T17:32:29.032Z] Using Maya ADSK Signatures from /local/S/jenkins/workspace/shared/Artifactory/OSX/adsk-plugin-signatures-maya/2023/3ae1ae7
[2023-11-10T17:32:29.032Z] Using Maya Security Library from /local/S/jenkins/workspace/shared/Artifactory/OSX/maya-security-library/3.4.0/5e08f3e
[2023-11-10T17:32:29.032Z] 
[2023-11-10T17:32:29.032Z] ================================================================================
[2023-11-10T17:32:29.032Z]                                  clean (Debug)
[2023-11-10T17:32:29.032Z] ================================================================================
[2023-11-10T17:32:29.032Z] Maya Python Debug Info:
[2023-11-10T17:32:29.032Z]   mayapy executable   = /local/S/jenkins/workspace/shared/Artifactory/OSX/rundev-master-debug/202310260154/runtime/3fe4f1c/runTime/Maya.app/Contents/bin/mayapy
[2023-11-10T17:32:29.032Z]   Include Folder      = /local/S/jenkins/workspace/shared/Artifactory/OSX/rundev-master-debug/202310260154/runtime/3fe4f1c/runTime/Maya.app/Contents/Frameworks/Python.framework/Versions/Current/include/python3.10
[2023-11-10T17:32:29.032Z]   Library             = /local/S/jenkins/workspace/shared/Artifactory/OSX/rundev-master-debug/202310260154/runtime/3fe4f1c/runTime/Maya.app/Contents/Frameworks/Python.framework/Versions/Current/lib/libpython3.10.dylib
[2023-11-10T17:32:29.032Z]   site-package Folder = /local/S/jenkins/workspace/shared/Artifactory/OSX/rundev-master-debug/202310260154/runtime/3fe4f1c/runTime/Maya.app/Contents/Frameworks/Python.framework/Versions/Current/lib/python3.10/site-packages
[2023-11-10T17:32:29.032Z] In workdir: /Volumes/DATA/local/S/jenkins/workspace/ECP/ecg-maya-hydra/ecg-maya-hydra-branch-preflight-python3-osx/ecg-maya-hydra/maya-hydra
[2023-11-10T17:32:29.032Z] Executing: arch -arch arm64 /local/S/jenkins/workspace/shared/Artifactory/OSX/rundev-master-debug/202310260154/runtime/3fe4f1c/runTime/Maya.app/Contents/bin/mayapy /Volumes/DATA/local/S/jenkins/workspace/ECP/ecg-maya-hydra/ecg-maya-hydra-branch-preflight-python3-osx/ecg-maya-hydra/maya-hydra/build.py --generator Ninja --build-debug --maya-location /local/S/jenkins/workspace/shared/Artifactory/OSX/rundev-master-debug/202310260154/runtime/3fe4f1c/runTime --devkit-location /local/S/jenkins/workspace/shared/Artifactory/OSX/rundev-master-debug/202310260154/runtime/3fe4f1c/devkitBase --pxrusd-location /local/S/jenkins/workspace/shared/Artifactory/OSX/USD/a9d0dd1 --build-args=-DCMAKE_MAKE_PROGRAM=/local/S/jenkins/workspace/shared/Artifactory/OSX/ninja/1.10.2/95d0ca5/ninja,-DPYTHON_INCLUDE_DIR=/local/S/jenkins/workspace/shared/Artifactory/OSX/rundev-master-debug/202310260154/runtime/3fe4f1c/runTime/Maya.app/Contents/Frameworks/Python.framework/Versions/Current/include/python3.10,-DPython_EXECUTABLE=/local/S/jenkins/workspace/shared/Artifactory/OSX/rundev-master-debug/202310260154/runtime/3fe4f1c/runTime/Maya.app/Contents/bin/mayapy,-DPYTHON_LIBRARIES=/local/S/jenkins/workspace/shared/Artifactory/OSX/rundev-master-debug/202310260154/runtime/3fe4f1c/runTime/Maya.app/Contents/Frameworks/Python.framework/Versions/Current/lib/libpython3.10.dylib,-DBUILD_WITH_PYTHON_3=ON,-DBUILD_WITH_PYTHON_3_VERSION=3.10,-DBUILD_UB2=ON,-DCMAKE_WANT_MATERIALX_BUILD=ON,-DCMAKE_PREFIX_PATH=/local/S/jenkins/workspace/shared/Artifactory/OSX/USD/a9d0dd1 '--ctest-args=--parallel 8' --stages=clean --redirect-outstream-file=False --install-location /local/S/jenkins/workspace/ECP/ecg-maya-hydra/ecg-maya-hydra-branch-preflight-python3-osx/install/Debug/MayaHydra /local/S/jenkins/workspace/ECP/ecg-maya-hydra/ecg-maya-hydra-branch-preflight-python3-osx
[2023-11-10T17:32:29.032Z] Modified environment variables:
[2023-11-10T17:32:29.032Z]     PATH=/local/S/jenkins/workspace/shared/Artifactory/OSX/cmake/3.20.3/2594509/bin:/opt/homebrew/bin:/usr/local/bin:/bin:/usr/sbin:/sbin:/usr/bin:/usr/bin:/bin:/usr/sbin:/sbin
[2023-11-10T17:32:29.032Z]     
[2023-11-10T17:32:29.032Z]         Building with settings:
[2023-11-10T17:32:29.032Z]           Source directory          /Volumes/DATA/local/S/jenkins/workspace/ECP/ecg-maya-hydra/ecg-maya-hydra-branch-preflight-python3-osx/ecg-maya-hydra/maya-hydra
[2023-11-10T17:32:29.032Z]           Workspace directory       /local/S/jenkins/workspace/ECP/ecg-maya-hydra/ecg-maya-hydra-branch-preflight-python3-osx
[2023-11-10T17:32:29.032Z]           Build directory           /local/S/jenkins/workspace/ECP/ecg-maya-hydra/ecg-maya-hydra-branch-preflight-python3-osx/build/Debug
[2023-11-10T17:32:29.032Z]           Install directory         /local/S/jenkins/workspace/ECP/ecg-maya-hydra/ecg-maya-hydra-branch-preflight-python3-osx/install/Debug/MayaHydra
[2023-11-10T17:32:29.032Z]           Variant                   Debug
[2023-11-10T17:32:29.032Z]           Python Debug              Off
[2023-11-10T17:32:29.032Z]           CMake generator           Ninja
[2023-11-10T17:32:29.032Z]           Build arguments           ['-DCMAKE_MAKE_PROGRAM=/local/S/jenkins/workspace/shared/Artifactory/OSX/ninja/1.10.2/95d0ca5/ninja', '-DPYTHON_INCLUDE_DIR=/local/S/jenkins/workspace/shared/Artifactory/OSX/rundev-master-debug/202310260154/runtime/3fe4f1c/runTime/Maya.app/Contents/Frameworks/Python.framework/Versions/Current/include/python3.10', '-DPython_EXECUTABLE=/local/S/jenkins/workspace/shared/Artifactory/OSX/rundev-master-debug/202310260154/runtime/3fe4f1c/runTime/Maya.app/Contents/bin/mayapy', '-DPYTHON_LIBRARIES=/local/S/jenkins/workspace/shared/Artifactory/OSX/rundev-master-debug/202310260154/runtime/3fe4f1c/runTime/Maya.app/Contents/Frameworks/Python.framework/Versions/Current/lib/libpython3.10.dylib', '-DBUILD_WITH_PYTHON_3=ON', '-DBUILD_WITH_PYTHON_3_VERSION=3.10', '-DBUILD_UB2=ON', '-DCMAKE_WANT_MATERIALX_BUILD=ON', '-DCMAKE_PREFIX_PATH=/local/S/jenkins/workspace/shared/Artifactory/OSX/USD/a9d0dd1']
[2023-11-10T17:32:29.032Z]           Stages arguments          ['clean']
[2023-11-10T17:32:29.032Z]           CTest arguments           ['--parallel 8']
[2023-11-10T17:32:29.032Z]     Success MayaHydra build and install !!!!
[2023-11-10T17:32:29.032Z]     Elapsed time: 00:00:00
[Pipeline] sh
[2023-11-10T17:32:30.616Z] + python ecg-maya-hydra/build.py --stages=clean --workspace-dir=/local/S/jenkins/workspace/ECP/ecg-maya-hydra/ecg-maya-hydra-branch-preflight-python3-osx --artifactory-dir=/local/S/jenkins/workspace/shared/Artifactory --build-dir=/local/S/jenkins/workspace/ECP/ecg-maya-hydra/ecg-maya-hydra-branch-preflight-python3-osx/build --install-dir=/local/S/jenkins/workspace/ECP/ecg-maya-hydra/ecg-maya-hydra-branch-preflight-python3-osx/install --signing-dir=/local/S/jenkins/workspace/ECP/ecg-maya-hydra/ecg-maya-hydra-branch-preflight-python3-osx/signing --package-dir=/local/S/jenkins/workspace/ECP/ecg-maya-hydra/ecg-maya-hydra-branch-preflight-python3-osx/package --output-dir=/local/S/jenkins/workspace/ECP/ecg-maya-hydra/ecg-maya-hydra-branch-preflight-python3-osx/output --stash-dir=/local/S/jenkins/workspace/ECP/ecg-maya-hydra/ecg-maya-hydra-branch-preflight-python3-osx/stash --jenkins-build=382 --git-commit=f4e7d2b7882b60458753b9c09444f9526172c500 --git-branch=master --variants=RelWithDebInfo --interactive-tests=true --post-zips=false --osx-binary-architecture-target=ub2 --osx-deployment-target=11.0 --osx-base-sdk=CurrentActiveSDK --maya-cut-config=maya-rundev-master.yaml --maya-package=rundev-master --stage-banner
[2023-11-10T17:32:30.616Z] Using Maya cut from /local/S/jenkins/workspace/shared/Artifactory/OSX/rundev-master/202311060140/runtime/e9a5ae1
[2023-11-10T17:32:30.616Z] Using Maya ADSK Signatures from /local/S/jenkins/workspace/shared/Artifactory/OSX/adsk-plugin-signatures-maya/2023/3ae1ae7
[2023-11-10T17:32:30.616Z] Using Maya Security Library from /local/S/jenkins/workspace/shared/Artifactory/OSX/maya-security-library/3.4.0/5e08f3e
[2023-11-10T17:32:30.616Z] 
[2023-11-10T17:32:30.616Z] ================================================================================
[2023-11-10T17:32:30.616Z]                              clean (RelWithDebInfo)
[2023-11-10T17:32:30.616Z] ================================================================================
[2023-11-10T17:32:30.616Z] Maya Python RelWithDebInfo Info:
[2023-11-10T17:32:30.616Z]   mayapy executable   = /local/S/jenkins/workspace/shared/Artifactory/OSX/rundev-master/202311060140/runtime/e9a5ae1/runTime/Maya.app/Contents/bin/mayapy
[2023-11-10T17:32:30.616Z]   Include Folder      = /local/S/jenkins/workspace/shared/Artifactory/OSX/rundev-master/202311060140/runtime/e9a5ae1/runTime/Maya.app/Contents/Frameworks/Python.framework/Versions/Current/include/python3.10
[2023-11-10T17:32:30.616Z]   Library             = /local/S/jenkins/workspace/shared/Artifactory/OSX/rundev-master/202311060140/runtime/e9a5ae1/runTime/Maya.app/Contents/Frameworks/Python.framework/Versions/Current/lib/libpython3.10.dylib
[2023-11-10T17:32:30.616Z]   site-package Folder = /local/S/jenkins/workspace/shared/Artifactory/OSX/rundev-master/202311060140/runtime/e9a5ae1/runTime/Maya.app/Contents/Frameworks/Python.framework/Versions/Current/lib/python3.10/site-packages
[2023-11-10T17:32:30.616Z] In workdir: /Volumes/DATA/local/S/jenkins/workspace/ECP/ecg-maya-hydra/ecg-maya-hydra-branch-preflight-python3-osx/ecg-maya-hydra/maya-hydra
[2023-11-10T17:32:30.616Z] Executing: arch -arch arm64 /local/S/jenkins/workspace/shared/Artifactory/OSX/rundev-master/202311060140/runtime/e9a5ae1/runTime/Maya.app/Contents/bin/mayapy /Volumes/DATA/local/S/jenkins/workspace/ECP/ecg-maya-hydra/ecg-maya-hydra-branch-preflight-python3-osx/ecg-maya-hydra/maya-hydra/build.py --generator Ninja --build-relwithdebug --maya-location /local/S/jenkins/workspace/shared/Artifactory/OSX/rundev-master/202311060140/runtime/e9a5ae1/runTime --devkit-location /local/S/jenkins/workspace/shared/Artifactory/OSX/rundev-master/202311060140/runtime/e9a5ae1/devkitBase --pxrusd-location /local/S/jenkins/workspace/shared/Artifactory/OSX/USD/b595ab2 --build-args=-DCMAKE_MAKE_PROGRAM=/local/S/jenkins/workspace/shared/Artifactory/OSX/ninja/1.10.2/95d0ca5/ninja,-DPYTHON_INCLUDE_DIR=/local/S/jenkins/workspace/shared/Artifactory/OSX/rundev-master/202311060140/runtime/e9a5ae1/runTime/Maya.app/Contents/Frameworks/Python.framework/Versions/Current/include/python3.10,-DPython_EXECUTABLE=/local/S/jenkins/workspace/shared/Artifactory/OSX/rundev-master/202311060140/runtime/e9a5ae1/runTime/Maya.app/Contents/bin/mayapy,-DPYTHON_LIBRARIES=/local/S/jenkins/workspace/shared/Artifactory/OSX/rundev-master/202311060140/runtime/e9a5ae1/runTime/Maya.app/Contents/Frameworks/Python.framework/Versions/Current/lib/libpython3.10.dylib,-DBUILD_WITH_PYTHON_3=ON,-DBUILD_WITH_PYTHON_3_VERSION=3.10,-DBUILD_UB2=ON,-DCMAKE_WANT_MATERIALX_BUILD=ON,-DCMAKE_PREFIX_PATH=/local/S/jenkins/workspace/shared/Artifactory/OSX/USD/b595ab2 '--ctest-args=--parallel 8' --stages=clean --redirect-outstream-file=False --install-location /local/S/jenkins/workspace/ECP/ecg-maya-hydra/ecg-maya-hydra-branch-preflight-python3-osx/install/RelWithDebInfo/MayaHydra /local/S/jenkins/workspace/ECP/ecg-maya-hydra/ecg-maya-hydra-branch-preflight-python3-osx
[2023-11-10T17:32:30.616Z] Modified environment variables:
[2023-11-10T17:32:30.616Z]     PATH=/local/S/jenkins/workspace/shared/Artifactory/OSX/cmake/3.20.3/2594509/bin:/opt/homebrew/bin:/usr/local/bin:/bin:/usr/sbin:/sbin:/usr/bin:/usr/bin:/bin:/usr/sbin:/sbin
[2023-11-10T17:32:31.161Z]     
[2023-11-10T17:32:31.161Z]         Building with settings:
[2023-11-10T17:32:31.161Z]           Source directory          /Volumes/DATA/local/S/jenkins/workspace/ECP/ecg-maya-hydra/ecg-maya-hydra-branch-preflight-python3-osx/ecg-maya-hydra/maya-hydra
[2023-11-10T17:32:31.161Z]           Workspace directory       /local/S/jenkins/workspace/ECP/ecg-maya-hydra/ecg-maya-hydra-branch-preflight-python3-osx
[2023-11-10T17:32:31.161Z]           Build directory           /local/S/jenkins/workspace/ECP/ecg-maya-hydra/ecg-maya-hydra-branch-preflight-python3-osx/build/RelWithDebInfo
[2023-11-10T17:32:31.161Z]           Install directory         /local/S/jenkins/workspace/ECP/ecg-maya-hydra/ecg-maya-hydra-branch-preflight-python3-osx/install/RelWithDebInfo/MayaHydra
[2023-11-10T17:32:31.161Z]           Variant                   RelWithDebInfo
[2023-11-10T17:32:31.161Z]           Python Debug              Off
[2023-11-10T17:32:31.161Z]           CMake generator           Ninja
[2023-11-10T17:32:31.161Z]           Build arguments           ['-DCMAKE_MAKE_PROGRAM=/local/S/jenkins/workspace/shared/Artifactory/OSX/ninja/1.10.2/95d0ca5/ninja', '-DPYTHON_INCLUDE_DIR=/local/S/jenkins/workspace/shared/Artifactory/OSX/rundev-master/202311060140/runtime/e9a5ae1/runTime/Maya.app/Contents/Frameworks/Python.framework/Versions/Current/include/python3.10', '-DPython_EXECUTABLE=/local/S/jenkins/workspace/shared/Artifactory/OSX/rundev-master/202311060140/runtime/e9a5ae1/runTime/Maya.app/Contents/bin/mayapy', '-DPYTHON_LIBRARIES=/local/S/jenkins/workspace/shared/Artifactory/OSX/rundev-master/202311060140/runtime/e9a5ae1/runTime/Maya.app/Contents/Frameworks/Python.framework/Versions/Current/lib/libpython3.10.dylib', '-DBUILD_WITH_PYTHON_3=ON', '-DBUILD_WITH_PYTHON_3_VERSION=3.10', '-DBUILD_UB2=ON', '-DCMAKE_WANT_MATERIALX_BUILD=ON', '-DCMAKE_PREFIX_PATH=/local/S/jenkins/workspace/shared/Artifactory/OSX/USD/b595ab2']
[2023-11-10T17:32:31.161Z]           Stages arguments          ['clean']
[2023-11-10T17:32:31.161Z]           CTest arguments           ['--parallel 8']
[2023-11-10T17:32:31.161Z]     Success MayaHydra build and install !!!!
[2023-11-10T17:32:31.161Z]     Elapsed time: 00:00:00
[Pipeline] }
[Pipeline] // withEnv
[Pipeline] }
[Pipeline] // timeout
[Pipeline] }
[Pipeline] // stage
[Pipeline] }
[Pipeline] // timestamps
[Pipeline] timestamps
[Pipeline] {
[Pipeline] stage
[Pipeline] { (Configure)
[Pipeline] timeout
[2023-11-10T17:32:31.545Z] Timeout set to expire in 6 hr 0 min
[Pipeline] {
[Pipeline] withEnv
[Pipeline] {
[Pipeline] sh
[2023-11-10T17:32:32.981Z] + python ecg-maya-hydra/build.py --stages=configure --workspace-dir=/local/S/jenkins/workspace/ECP/ecg-maya-hydra/ecg-maya-hydra-branch-preflight-python3-osx --artifactory-dir=/local/S/jenkins/workspace/shared/Artifactory --build-dir=/local/S/jenkins/workspace/ECP/ecg-maya-hydra/ecg-maya-hydra-branch-preflight-python3-osx/build --install-dir=/local/S/jenkins/workspace/ECP/ecg-maya-hydra/ecg-maya-hydra-branch-preflight-python3-osx/install --signing-dir=/local/S/jenkins/workspace/ECP/ecg-maya-hydra/ecg-maya-hydra-branch-preflight-python3-osx/signing --package-dir=/local/S/jenkins/workspace/ECP/ecg-maya-hydra/ecg-maya-hydra-branch-preflight-python3-osx/package --output-dir=/local/S/jenkins/workspace/ECP/ecg-maya-hydra/ecg-maya-hydra-branch-preflight-python3-osx/output --stash-dir=/local/S/jenkins/workspace/ECP/ecg-maya-hydra/ecg-maya-hydra-branch-preflight-python3-osx/stash --jenkins-build=382 --git-commit=f4e7d2b7882b60458753b9c09444f9526172c500 --git-branch=master --variants=Debug --interactive-tests=true --post-zips=false --osx-binary-architecture-target=ub2 --osx-deployment-target=11.0 --osx-base-sdk=CurrentActiveSDK --maya-cut-config=maya-rundev-master-debug.yaml --maya-package=rundev-master-debug --stage-banner
[2023-11-10T17:32:32.981Z] Using Maya cut from /local/S/jenkins/workspace/shared/Artifactory/OSX/rundev-master-debug/202310260154/runtime/3fe4f1c
[2023-11-10T17:32:32.981Z] Using Maya ADSK Signatures from /local/S/jenkins/workspace/shared/Artifactory/OSX/adsk-plugin-signatures-maya/2023/3ae1ae7
[2023-11-10T17:32:32.981Z] Using Maya Security Library from /local/S/jenkins/workspace/shared/Artifactory/OSX/maya-security-library/3.4.0/5e08f3e
[2023-11-10T17:32:32.981Z] 
[2023-11-10T17:32:32.981Z] ================================================================================
[2023-11-10T17:32:32.981Z]                                configure (Debug)
[2023-11-10T17:32:32.981Z] ================================================================================
[2023-11-10T17:32:32.981Z] Maya Python Debug Info:
[2023-11-10T17:32:32.981Z]   mayapy executable   = /local/S/jenkins/workspace/shared/Artifactory/OSX/rundev-master-debug/202310260154/runtime/3fe4f1c/runTime/Maya.app/Contents/bin/mayapy
[2023-11-10T17:32:32.981Z]   Include Folder      = /local/S/jenkins/workspace/shared/Artifactory/OSX/rundev-master-debug/202310260154/runtime/3fe4f1c/runTime/Maya.app/Contents/Frameworks/Python.framework/Versions/Current/include/python3.10
[2023-11-10T17:32:32.981Z]   Library             = /local/S/jenkins/workspace/shared/Artifactory/OSX/rundev-master-debug/202310260154/runtime/3fe4f1c/runTime/Maya.app/Contents/Frameworks/Python.framework/Versions/Current/lib/libpython3.10.dylib
[2023-11-10T17:32:32.981Z]   site-package Folder = /local/S/jenkins/workspace/shared/Artifactory/OSX/rundev-master-debug/202310260154/runtime/3fe4f1c/runTime/Maya.app/Contents/Frameworks/Python.framework/Versions/Current/lib/python3.10/site-packages
[2023-11-10T17:32:32.981Z] In workdir: /Volumes/DATA/local/S/jenkins/workspace/ECP/ecg-maya-hydra/ecg-maya-hydra-branch-preflight-python3-osx/ecg-maya-hydra/maya-hydra
[2023-11-10T17:32:32.981Z] Executing: arch -arch arm64 /local/S/jenkins/workspace/shared/Artifactory/OSX/rundev-master-debug/202310260154/runtime/3fe4f1c/runTime/Maya.app/Contents/bin/mayapy /Volumes/DATA/local/S/jenkins/workspace/ECP/ecg-maya-hydra/ecg-maya-hydra-branch-preflight-python3-osx/ecg-maya-hydra/maya-hydra/build.py --generator Ninja --build-debug --maya-location /local/S/jenkins/workspace/shared/Artifactory/OSX/rundev-master-debug/202310260154/runtime/3fe4f1c/runTime --devkit-location /local/S/jenkins/workspace/shared/Artifactory/OSX/rundev-master-debug/202310260154/runtime/3fe4f1c/devkitBase --pxrusd-location /local/S/jenkins/workspace/shared/Artifactory/OSX/USD/a9d0dd1 --build-args=-DCMAKE_MAKE_PROGRAM=/local/S/jenkins/workspace/shared/Artifactory/OSX/ninja/1.10.2/95d0ca5/ninja,-DPYTHON_INCLUDE_DIR=/local/S/jenkins/workspace/shared/Artifactory/OSX/rundev-master-debug/202310260154/runtime/3fe4f1c/runTime/Maya.app/Contents/Frameworks/Python.framework/Versions/Current/include/python3.10,-DPython_EXECUTABLE=/local/S/jenkins/workspace/shared/Artifactory/OSX/rundev-master-debug/202310260154/runtime/3fe4f1c/runTime/Maya.app/Contents/bin/mayapy,-DPYTHON_LIBRARIES=/local/S/jenkins/workspace/shared/Artifactory/OSX/rundev-master-debug/202310260154/runtime/3fe4f1c/runTime/Maya.app/Contents/Frameworks/Python.framework/Versions/Current/lib/libpython3.10.dylib,-DBUILD_WITH_PYTHON_3=ON,-DBUILD_WITH_PYTHON_3_VERSION=3.10,-DBUILD_UB2=ON,-DCMAKE_WANT_MATERIALX_BUILD=ON,-DCMAKE_PREFIX_PATH=/local/S/jenkins/workspace/shared/Artifactory/OSX/USD/a9d0dd1 '--ctest-args=--parallel 8' --stages=configure --redirect-outstream-file=False --install-location /local/S/jenkins/workspace/ECP/ecg-maya-hydra/ecg-maya-hydra-branch-preflight-python3-osx/install/Debug/MayaHydra /local/S/jenkins/workspace/ECP/ecg-maya-hydra/ecg-maya-hydra-branch-preflight-python3-osx
[2023-11-10T17:32:32.981Z] Modified environment variables:
[2023-11-10T17:32:32.981Z]     PATH=/local/S/jenkins/workspace/shared/Artifactory/OSX/cmake/3.20.3/2594509/bin:/opt/homebrew/bin:/usr/local/bin:/bin:/usr/sbin:/sbin:/usr/bin:/usr/bin:/bin:/usr/sbin:/sbin
[2023-11-10T17:32:44.227Z]     -- The C compiler identification is AppleClang 13.1.6.13160021
[2023-11-10T17:32:44.227Z]     -- The CXX compiler identification is AppleClang 13.1.6.13160021
[2023-11-10T17:32:44.227Z]     -- Detecting C compiler ABI info
[2023-11-10T17:32:44.227Z]     -- Detecting C compiler ABI info - done
[2023-11-10T17:32:44.227Z]     -- Check for working C compiler: /Applications/Xcode.app/Contents/Developer/Toolchains/XcodeDefault.xctoolchain/usr/bin/cc - skipped
[2023-11-10T17:32:44.227Z]     -- Detecting C compile features
[2023-11-10T17:32:44.227Z]     -- Detecting C compile features - done
[2023-11-10T17:32:44.227Z]     -- Detecting CXX compiler ABI info
[2023-11-10T17:32:44.227Z]     -- Detecting CXX compiler ABI info - done
[2023-11-10T17:32:44.228Z]     -- Check for working CXX compiler: /Applications/Xcode.app/Contents/Developer/Toolchains/XcodeDefault.xctoolchain/usr/bin/c++ - skipped
[2023-11-10T17:32:44.228Z]     -- Detecting CXX compile features
[2023-11-10T17:32:44.228Z]     -- Detecting CXX compile features - done
[2023-11-10T17:32:44.228Z]     -- Building with Universal Binary 2
[2023-11-10T17:32:45.429Z]     -- Using Maya Light API Version 3
[2023-11-10T17:32:45.429Z]     -- Maya has setDefaultMaterialHandling API
[2023-11-10T17:32:45.429Z]     -- Maya has new point snapping API
[2023-11-10T17:32:45.429Z]     -- Maya has isInCrashHandler API
[2023-11-10T17:32:45.429Z]     -- Maya has getDisplayStyleOfAllViewports API
[2023-11-10T17:32:45.429Z]     -- Maya array iterator has difference_type trait
[2023-11-10T17:32:45.429Z]     -- MFnSet has getMemberPaths function
[2023-11-10T17:32:45.429Z]     -- MFnDisplayLayer exists
[2023-11-10T17:32:45.429Z]     -- MDisplayLayerMessage has MDisplayLayerMemberChangedFunction
[2023-11-10T17:32:45.429Z]     -- MRenderItem has HideOnPlayback API
[2023-11-10T17:32:45.429Z]     -- MacOSX: Maya was built with Universal Binary 2 (x86_64/arm64)
[2023-11-10T17:32:45.429Z]     -- Found Maya: /local/S/jenkins/workspace/shared/Artifactory/OSX/rundev-master-debug/202310260154/runtime/3fe4f1c/runTime/maya.app/Contents/MacOS/Maya (found suitable version "2025", minimum required is "2024")
[2023-11-10T17:32:45.429Z]     -- Found Python: /local/S/jenkins/workspace/shared/Artifactory/OSX/rundev-master-debug/202310260154/runtime/3fe4f1c/runTime/Maya.app/Contents/bin/mayapy (found suitable exact version "3.10.8") found components: Interpreter
[2023-11-10T17:32:45.429Z]     -- Build mayaHydra with Python3 = ON
[2023-11-10T17:32:45.429Z]     --    PYTHON_INCLUDE_DIRS = /local/S/jenkins/workspace/shared/Artifactory/OSX/rundev-master-debug/202310260154/runtime/3fe4f1c/runTime/Maya.app/Contents/Frameworks/Python.framework/Versions/Current/include/python3.10
[2023-11-10T17:32:45.429Z]     --    PYTHON_LIBRARIES    = /local/S/jenkins/workspace/shared/Artifactory/OSX/rundev-master-debug/202310260154/runtime/3fe4f1c/runTime/Maya.app/Contents/Frameworks/Python.framework/Versions/Current/lib/libpython3.10.dylib
[2023-11-10T17:32:45.429Z]     --    Python_EXECUTABLE   = /local/S/jenkins/workspace/shared/Artifactory/OSX/rundev-master-debug/202310260154/runtime/3fe4f1c/runTime/Maya.app/Contents/bin/mayapy
[2023-11-10T17:32:45.429Z]     -- Found Python3: /local/S/jenkins/workspace/shared/Artifactory/OSX/rundev-master-debug/202310260154/runtime/3fe4f1c/runTime/Maya.app/Contents/Frameworks/Python.framework/Versions/Current/include/python3.10 (found suitable exact version "3.10.8") found components: Development Development.Module Development.Embed
[2023-11-10T17:32:45.429Z]     -- USD has new Sdr.PropertyTypes.Color4
[2023-11-10T17:32:45.972Z]     -- USD has MaterialX metadata support
[2023-11-10T17:32:45.972Z]     -- USD include dir: /local/S/jenkins/workspace/shared/Artifactory/OSX/USD/a9d0dd1/include
[2023-11-10T17:32:45.972Z]     -- USD library dir: /local/S/jenkins/workspace/shared/Artifactory/OSX/USD/a9d0dd1/lib
[2023-11-10T17:32:45.972Z]     -- USD version: 0.23.8
[2023-11-10T17:32:45.972Z]     -- Found USD: /local/S/jenkins/workspace/shared/Artifactory/OSX/USD/a9d0dd1 (found suitable version "0.23.8", minimum required is "0.22.11")
[2023-11-10T17:32:45.972Z]     Updated PYTHONPATH: /local/S/jenkins/workspace/shared/Artifactory/OSX/USD/a9d0dd1/lib/python
[2023-11-10T17:32:45.972Z]     -- Found UFE: /local/S/jenkins/workspace/shared/Artifactory/OSX/rundev-master-debug/202310260154/runtime/3fe4f1c/devkitBase/devkit/ufe/include (found version "0.5.11")
[2023-11-10T17:32:45.972Z]     -- UFE include dir: /local/S/jenkins/workspace/shared/Artifactory/OSX/rundev-master-debug/202310260154/runtime/3fe4f1c/devkitBase/devkit/ufe/include
[2023-11-10T17:32:45.972Z]     -- UFE library: /local/S/jenkins/workspace/shared/Artifactory/OSX/rundev-master-debug/202310260154/runtime/3fe4f1c/devkitBase/devkit/ufe/lib/libufe_0.dylib
[2023-11-10T17:32:45.972Z]     -- UFE version: 0.5.11
[2023-11-10T17:32:45.972Z]     -- Maya has UFE lights API
[2023-11-10T17:32:45.972Z]     -- Maya has UFE scene segment API
[2023-11-10T17:32:45.972Z]     -- Maya has UFE TrieNode childrenComponents accessor
[2023-11-10T17:32:45.972Z]     -- Building with UFE 0.5.11.
[2023-11-10T17:32:45.972Z]     -- Found MaterialX
[2023-11-10T17:32:45.972Z]     -- Performing Test HAVE_STDATOMIC
[2023-11-10T17:32:46.514Z]     -- Performing Test HAVE_STDATOMIC - Success
[2023-11-10T17:32:46.514Z]     -- Found OpenGL: /Applications/Xcode.app/Contents/Developer/Platforms/MacOSX.platform/Developer/SDKs/MacOSX12.3.sdk/System/Library/Frameworks/OpenGL.framework
[2023-11-10T17:32:46.514Z]     -- Check if linker can resolve circular dependencies - TRUE
[2023-11-10T17:32:46.514Z]     -- Found Qt 6.5.2 in Maya devkit. Hydra Scene Browser will be built.
[2023-11-10T17:32:46.514Z]     -- **** Building Gulrak From Github Repository.
[2023-11-10T17:32:46.514Z]     -- Populating gulrak
[2023-11-10T17:32:46.514Z]     -- Configuring done
[2023-11-10T17:32:46.514Z]     -- Generating done
[2023-11-10T17:32:46.514Z]     -- Build files have been written to: /Volumes/DATA/local/S/jenkins/workspace/ECP/ecg-maya-hydra/ecg-maya-hydra-branch-preflight-python3-osx/build/Debug/_deps/gulrak-subbuild
[2023-11-10T17:32:46.514Z]     [1/9] Creating directories for 'gulrak-populate'
[2023-11-10T17:32:46.514Z]     [1/9] Performing download step (git clone) for 'gulrak-populate'
[2023-11-10T17:32:46.514Z]     Cloning into 'gulrak-src'...
[2023-11-10T17:32:47.056Z]     HEAD is now at 4e21ab3 Version bump and updated readme.
[2023-11-10T17:32:47.056Z]     [2/9] Performing update step for 'gulrak-populate'
[2023-11-10T17:32:47.056Z]     [4/9] No patch step for 'gulrak-populate'
[2023-11-10T17:32:47.056Z]     [5/9] No configure step for 'gulrak-populate'
[2023-11-10T17:32:47.056Z]     [6/9] No build step for 'gulrak-populate'
[2023-11-10T17:32:47.056Z]     [7/9] No install step for 'gulrak-populate'
[2023-11-10T17:32:47.056Z]     [8/9] No test step for 'gulrak-populate'
[2023-11-10T17:32:47.056Z]     [9/9] Completed 'gulrak-populate'
[2023-11-10T17:32:47.056Z]     -- ========== Installing GoogleTest... ==========
[2023-11-10T17:32:47.056Z]     -- Configuring done
[2023-11-10T17:32:47.056Z]     -- Generating done
[2023-11-10T17:32:47.056Z]     -- Build files have been written to: /Volumes/DATA/local/S/jenkins/workspace/ECP/ecg-maya-hydra/ecg-maya-hydra-branch-preflight-python3-osx/build/Debug/googletest-config
[2023-11-10T17:32:47.056Z]     [1/8] Creating directories for 'googletest'
[2023-11-10T17:32:48.190Z]     [2/8] Performing download step (git clone) for 'googletest'
[2023-11-10T17:32:48.190Z]     Cloning into 'googletest-src'...
[2023-11-10T17:32:48.190Z]     HEAD is now at 703bd9ca Googletest export
[2023-11-10T17:32:48.190Z]     [3/8] Performing update step for 'googletest'
[2023-11-10T17:32:48.190Z]     [4/8] No patch step for 'googletest'
[2023-11-10T17:32:48.732Z]     [5/8] Performing configure step for 'googletest'
[2023-11-10T17:32:48.732Z]     Not searching for unused variables given on the command line.
[2023-11-10T17:32:48.732Z]     CMake Deprecation Warning at CMakeLists.txt:4 (cmake_minimum_required):
[2023-11-10T17:32:48.732Z]       Compatibility with CMake < 2.8.12 will be removed from a future version of
[2023-11-10T17:32:48.732Z]       CMake.
[2023-11-10T17:32:48.732Z]     
[2023-11-10T17:32:48.732Z]       Update the VERSION argument <min> value or use a ...<max> suffix to tell
[2023-11-10T17:32:48.732Z]       CMake that the project does not need compatibility with older versions.
[2023-11-10T17:32:48.732Z]     
[2023-11-10T17:32:48.732Z]     
[2023-11-10T17:32:48.732Z]     -- The C compiler identification is AppleClang 13.1.6.13160021
[2023-11-10T17:32:48.732Z]     -- The CXX compiler identification is AppleClang 13.1.6.13160021
[2023-11-10T17:32:48.732Z]     -- Detecting C compiler ABI info
[2023-11-10T17:32:48.732Z]     -- Detecting C compiler ABI info - done
[2023-11-10T17:32:48.732Z]     -- Check for working C compiler: /Applications/Xcode.app/Contents/Developer/Toolchains/XcodeDefault.xctoolchain/usr/bin/cc - skipped
[2023-11-10T17:32:48.732Z]     -- Detecting C compile features
[2023-11-10T17:32:48.732Z]     -- Detecting C compile features - done
[2023-11-10T17:32:48.732Z]     -- Detecting CXX compiler ABI info
[2023-11-10T17:32:48.732Z]     -- Detecting CXX compiler ABI info - done
[2023-11-10T17:32:48.732Z]     -- Check for working CXX compiler: /Applications/Xcode.app/Contents/Developer/Toolchains/XcodeDefault.xctoolchain/usr/bin/c++ - skipped
[2023-11-10T17:32:48.732Z]     -- Detecting CXX compile features
[2023-11-10T17:32:48.732Z]     -- Detecting CXX compile features - done
[2023-11-10T17:32:48.732Z]     CMake Deprecation Warning at googletest/CMakeLists.txt:56 (cmake_minimum_required):
[2023-11-10T17:32:48.732Z]       Compatibility with CMake < 2.8.12 will be removed from a future version of
[2023-11-10T17:32:48.732Z]       CMake.
[2023-11-10T17:32:48.732Z]     
[2023-11-10T17:32:48.732Z]       Update the VERSION argument <min> value or use a ...<max> suffix to tell
[2023-11-10T17:32:48.732Z]       CMake that the project does not need compatibility with older versions.
[2023-11-10T17:32:48.732Z]     
[2023-11-10T17:32:48.732Z]     
[2023-11-10T17:32:48.732Z]     -- Found PythonInterp: /usr/local/bin/python (found version "3.10.6")
[2023-11-10T17:32:48.732Z]     -- Looking for pthread.h
[2023-11-10T17:32:48.732Z]     -- Looking for pthread.h - found
[2023-11-10T17:32:48.732Z]     -- Performing Test CMAKE_HAVE_LIBC_PTHREAD
[2023-11-10T17:32:48.732Z]     -- Performing Test CMAKE_HAVE_LIBC_PTHREAD - Success
[2023-11-10T17:32:48.732Z]     -- Found Threads: TRUE
[2023-11-10T17:32:48.732Z]     -- Configuring done
[2023-11-10T17:32:48.732Z]     -- Generating done
[2023-11-10T17:32:48.732Z]     -- Build files have been written to: /Volumes/DATA/local/S/jenkins/workspace/ECP/ecg-maya-hydra/ecg-maya-hydra-branch-preflight-python3-osx/build/Debug/googletest-build
[2023-11-10T17:32:51.246Z]     [6/8] Performing build step for 'googletest'
[2023-11-10T17:32:51.246Z]     [1/4] Building CXX object googletest/CMakeFiles/gtest_main.dir/src/gtest_main.cc.o
[2023-11-10T17:32:51.246Z]     [2/4] Building CXX object googletest/CMakeFiles/gtest.dir/src/gtest-all.cc.o
[2023-11-10T17:32:51.246Z]     [3/4] Linking CXX shared library lib/libgtestd.dylib
[2023-11-10T17:32:51.246Z]     [4/4] Linking CXX shared library lib/libgtest_maind.dylib
[2023-11-10T17:32:51.246Z]     [7/8] Performing install step for 'googletest'
[2023-11-10T17:32:51.246Z]     [0/1] Install the project...
[2023-11-10T17:32:51.246Z]     -- Install configuration: "Debug"
[2023-11-10T17:32:51.246Z]     [8/8] Completed 'googletest'
[2023-11-10T17:32:51.246Z]     -- ========== ...  GoogleTest installed. ==========
[2023-11-10T17:32:51.246Z]     -- Found GTest: /Volumes/DATA/local/S/jenkins/workspace/ECP/ecg-maya-hydra/ecg-maya-hydra-branch-preflight-python3-osx/build/Debug/googletest-install/lib/libgtestd.dylib
[2023-11-10T17:32:51.246Z]     -- promoting: /Volumes/DATA/local/S/jenkins/workspace/ECP/ecg-maya-hydra/ecg-maya-hydra-branch-preflight-python3-osx/ecg-maya-hydra/maya-hydra/lib/mayaHydra/mayaPlugin/pluginUtils.h
[2023-11-10T17:32:51.246Z]     -- promoting: /Volumes/DATA/local/S/jenkins/workspace/ECP/ecg-maya-hydra/ecg-maya-hydra-branch-preflight-python3-osx/ecg-maya-hydra/maya-hydra/lib/mayaHydra/hydraExtensions/api.h
[2023-11-10T17:32:51.246Z]     -- promoting: /Volumes/DATA/local/S/jenkins/workspace/ECP/ecg-maya-hydra/ecg-maya-hydra-branch-preflight-python3-osx/ecg-maya-hydra/maya-hydra/lib/mayaHydra/hydraExtensions/debugCodes.h
[2023-11-10T17:32:51.246Z]     -- promoting: /Volumes/DATA/local/S/jenkins/workspace/ECP/ecg-maya-hydra/ecg-maya-hydra-branch-preflight-python3-osx/ecg-maya-hydra/maya-hydra/lib/mayaHydra/hydraExtensions/hydraUtils.h
[2023-11-10T17:32:51.246Z]     -- promoting: /Volumes/DATA/local/S/jenkins/workspace/ECP/ecg-maya-hydra/ecg-maya-hydra-branch-preflight-python3-osx/ecg-maya-hydra/maya-hydra/lib/mayaHydra/hydraExtensions/interface.h
[2023-11-10T17:32:51.246Z]     -- promoting: /Volumes/DATA/local/S/jenkins/workspace/ECP/ecg-maya-hydra/ecg-maya-hydra-branch-preflight-python3-osx/ecg-maya-hydra/maya-hydra/lib/mayaHydra/hydraExtensions/interfaceImp.h
[2023-11-10T17:32:51.246Z]     -- promoting: /Volumes/DATA/local/S/jenkins/workspace/ECP/ecg-maya-hydra/ecg-maya-hydra-branch-preflight-python3-osx/ecg-maya-hydra/maya-hydra/lib/mayaHydra/hydraExtensions/mayaUtils.h
[2023-11-10T17:32:51.246Z]     -- promoting: /Volumes/DATA/local/S/jenkins/workspace/ECP/ecg-maya-hydra/ecg-maya-hydra-branch-preflight-python3-osx/ecg-maya-hydra/maya-hydra/lib/mayaHydra/hydraExtensions/mixedUtils.h
[2023-11-10T17:32:51.246Z]     -- promoting: /Volumes/DATA/local/S/jenkins/workspace/ECP/ecg-maya-hydra/ecg-maya-hydra-branch-preflight-python3-osx/ecg-maya-hydra/maya-hydra/lib/mayaHydra/hydraExtensions/mayaHydraSceneProducer.h
[2023-11-10T17:32:51.246Z]     -- promoting: /Volumes/DATA/local/S/jenkins/workspace/ECP/ecg-maya-hydra/ecg-maya-hydra-branch-preflight-python3-osx/ecg-maya-hydra/maya-hydra/lib/mayaHydra/hydraExtensions/adapters/adapter.h
[2023-11-10T17:32:51.246Z]     -- promoting: /Volumes/DATA/local/S/jenkins/workspace/ECP/ecg-maya-hydra/ecg-maya-hydra-branch-preflight-python3-osx/ecg-maya-hydra/maya-hydra/lib/mayaHydra/hydraExtensions/adapters/adapterDebugCodes.h
[2023-11-10T17:32:51.246Z]     -- promoting: /Volumes/DATA/local/S/jenkins/workspace/ECP/ecg-maya-hydra/ecg-maya-hydra-branch-preflight-python3-osx/ecg-maya-hydra/maya-hydra/lib/mayaHydra/hydraExtensions/adapters/adapterRegistry.h
[2023-11-10T17:32:51.246Z]     -- promoting: /Volumes/DATA/local/S/jenkins/workspace/ECP/ecg-maya-hydra/ecg-maya-hydra-branch-preflight-python3-osx/ecg-maya-hydra/maya-hydra/lib/mayaHydra/hydraExtensions/adapters/cameraAdapter.h
[2023-11-10T17:32:51.246Z]     -- promoting: /Volumes/DATA/local/S/jenkins/workspace/ECP/ecg-maya-hydra/ecg-maya-hydra-branch-preflight-python3-osx/ecg-maya-hydra/maya-hydra/lib/mayaHydra/hydraExtensions/adapters/constantShadowMatrix.h
[2023-11-10T17:32:51.246Z]     -- promoting: /Volumes/DATA/local/S/jenkins/workspace/ECP/ecg-maya-hydra/ecg-maya-hydra-branch-preflight-python3-osx/ecg-maya-hydra/maya-hydra/lib/mayaHydra/hydraExtensions/adapters/dagAdapter.h
[2023-11-10T17:32:51.246Z]     -- promoting: /Volumes/DATA/local/S/jenkins/workspace/ECP/ecg-maya-hydra/ecg-maya-hydra-branch-preflight-python3-osx/ecg-maya-hydra/maya-hydra/lib/mayaHydra/hydraExtensions/adapters/renderItemAdapter.h
[2023-11-10T17:32:51.246Z]     -- promoting: /Volumes/DATA/local/S/jenkins/workspace/ECP/ecg-maya-hydra/ecg-maya-hydra-branch-preflight-python3-osx/ecg-maya-hydra/maya-hydra/lib/mayaHydra/hydraExtensions/adapters/lightAdapter.h
[2023-11-10T17:32:51.246Z]     -- promoting: /Volumes/DATA/local/S/jenkins/workspace/ECP/ecg-maya-hydra/ecg-maya-hydra-branch-preflight-python3-osx/ecg-maya-hydra/maya-hydra/lib/mayaHydra/hydraExtensions/adapters/materialAdapter.h
[2023-11-10T17:32:51.246Z]     -- promoting: /Volumes/DATA/local/S/jenkins/workspace/ECP/ecg-maya-hydra/ecg-maya-hydra-branch-preflight-python3-osx/ecg-maya-hydra/maya-hydra/lib/mayaHydra/hydraExtensions/adapters/materialNetworkConverter.h
[2023-11-10T17:32:51.246Z]     -- promoting: /Volumes/DATA/local/S/jenkins/workspace/ECP/ecg-maya-hydra/ecg-maya-hydra-branch-preflight-python3-osx/ecg-maya-hydra/maya-hydra/lib/mayaHydra/hydraExtensions/adapters/mayaAttrs.h
[2023-11-10T17:32:51.246Z]     -- promoting: /Volumes/DATA/local/S/jenkins/workspace/ECP/ecg-maya-hydra/ecg-maya-hydra-branch-preflight-python3-osx/ecg-maya-hydra/maya-hydra/lib/mayaHydra/hydraExtensions/adapters/shapeAdapter.h
[2023-11-10T17:32:51.246Z]     -- promoting: /Volumes/DATA/local/S/jenkins/workspace/ECP/ecg-maya-hydra/ecg-maya-hydra-branch-preflight-python3-osx/ecg-maya-hydra/maya-hydra/lib/mayaHydra/hydraExtensions/adapters/tokens.h
[2023-11-10T17:32:51.246Z]     -- promoting: /Volumes/DATA/local/S/jenkins/workspace/ECP/ecg-maya-hydra/ecg-maya-hydra-branch-preflight-python3-osx/ecg-maya-hydra/maya-hydra/lib/mayaHydra/hydraExtensions/delegates/delegate.h
[2023-11-10T17:32:51.246Z]     -- promoting: /Volumes/DATA/local/S/jenkins/workspace/ECP/ecg-maya-hydra/ecg-maya-hydra-branch-preflight-python3-osx/ecg-maya-hydra/maya-hydra/lib/mayaHydra/hydraExtensions/delegates/delegateCtx.h
[2023-11-10T17:32:51.246Z]     -- promoting: /Volumes/DATA/local/S/jenkins/workspace/ECP/ecg-maya-hydra/ecg-maya-hydra-branch-preflight-python3-osx/ecg-maya-hydra/maya-hydra/lib/mayaHydra/hydraExtensions/delegates/delegateDebugCodes.h
[2023-11-10T17:32:51.246Z]     -- promoting: /Volumes/DATA/local/S/jenkins/workspace/ECP/ecg-maya-hydra/ecg-maya-hydra-branch-preflight-python3-osx/ecg-maya-hydra/maya-hydra/lib/mayaHydra/hydraExtensions/delegates/delegateRegistry.h
[2023-11-10T17:32:51.246Z]     -- promoting: /Volumes/DATA/local/S/jenkins/workspace/ECP/ecg-maya-hydra/ecg-maya-hydra-branch-preflight-python3-osx/ecg-maya-hydra/maya-hydra/lib/mayaHydra/hydraExtensions/delegates/params.h
[2023-11-10T17:32:51.247Z]     -- promoting: /Volumes/DATA/local/S/jenkins/workspace/ECP/ecg-maya-hydra/ecg-maya-hydra-branch-preflight-python3-osx/ecg-maya-hydra/maya-hydra/lib/mayaHydra/hydraExtensions/delegates/sceneDelegate.h
[2023-11-10T17:32:51.247Z]     -- promoting: /Volumes/DATA/local/S/jenkins/workspace/ECP/ecg-maya-hydra/ecg-maya-hydra-branch-preflight-python3-osx/ecg-maya-hydra/maya-hydra/lib/mayaHydra/hydraExtensions/delegates/defaultLightDelegate.h
[2023-11-10T17:32:51.247Z]     -- promoting: /Volumes/DATA/local/S/jenkins/workspace/ECP/ecg-maya-hydra/ecg-maya-hydra-branch-preflight-python3-osx/ecg-maya-hydra/maya-hydra/lib/mayaHydra/hydraExtensions/delegates/testDelegate.h
[2023-11-10T17:32:51.247Z]     -- promoting: /Volumes/DATA/local/S/jenkins/workspace/ECP/ecg-maya-hydra/ecg-maya-hydra-branch-preflight-python3-osx/ecg-maya-hydra/maya-hydra/lib/mayaHydra/hydraExtensions/sceneIndex/registration.h
[2023-11-10T17:32:51.247Z]     -- promoting: /Volumes/DATA/local/S/jenkins/workspace/ECP/ecg-maya-hydra/ecg-maya-hydra-branch-preflight-python3-osx/ecg-maya-hydra/maya-hydra/lib/mayaHydra/hydraExtensions/sceneIndex/mayaHydraSceneIndex.h
[2023-11-10T17:32:51.247Z]     -- promoting: /Volumes/DATA/local/S/jenkins/workspace/ECP/ecg-maya-hydra/ecg-maya-hydra-branch-preflight-python3-osx/ecg-maya-hydra/maya-hydra/lib/mayaHydra/hydraExtensions/sceneIndex/mayaHydraDataSource.h
[2023-11-10T17:32:51.247Z]     -- promoting: /Volumes/DATA/local/S/jenkins/workspace/ECP/ecg-maya-hydra/ecg-maya-hydra-branch-preflight-python3-osx/ecg-maya-hydra/maya-hydra/lib/mayaHydra/hydraExtensions/sceneIndex/mayaHydraPrimvarDataSource.h
[2023-11-10T17:32:51.247Z]     -- promoting: /Volumes/DATA/local/S/jenkins/workspace/ECP/ecg-maya-hydra/ecg-maya-hydra-branch-preflight-python3-osx/ecg-maya-hydra/maya-hydra/lib/mayaHydra/hydraExtensions/sceneIndex/mayaHydraDisplayStyleDataSource.h
[2023-11-10T17:32:51.247Z]     -- promoting: /Volumes/DATA/local/S/jenkins/workspace/ECP/ecg-maya-hydra/ecg-maya-hydra-branch-preflight-python3-osx/ecg-maya-hydra/maya-hydra/lib/mayaHydra/hydraExtensions/sceneIndex/mayaHydraCameraDataSource.h
[2023-11-10T17:32:51.247Z]     -- promoting: /Volumes/DATA/local/S/jenkins/workspace/ECP/ecg-maya-hydra/ecg-maya-hydra-branch-preflight-python3-osx/ecg-maya-hydra/maya-hydra/lib/mayaHydra/hydraExtensions/sceneIndex/mayaHydraLightDataSource.h
[2023-11-10T17:32:51.247Z]     -- promoting: /Volumes/DATA/local/S/jenkins/workspace/ECP/ecg-maya-hydra/ecg-maya-hydra-branch-preflight-python3-osx/ecg-maya-hydra/maya-hydra/lib/mayaHydra/hydraExtensions/sceneIndex/mayaHydraDefaultLightDataSource.h
[2023-11-10T17:32:51.247Z]     -- promoting: /Volumes/DATA/local/S/jenkins/workspace/ECP/ecg-maya-hydra/ecg-maya-hydra-branch-preflight-python3-osx/ecg-maya-hydra/maya-hydra/lib/mayaHydra/ufeExtensions/api.h
[2023-11-10T17:32:51.247Z]     -- promoting: /Volumes/DATA/local/S/jenkins/workspace/ECP/ecg-maya-hydra/ecg-maya-hydra-branch-preflight-python3-osx/ecg-maya-hydra/maya-hydra/lib/mayaHydra/ufeExtensions/Global.h
[2023-11-10T17:32:51.247Z]     -- promoting: /Volumes/DATA/local/S/jenkins/workspace/ECP/ecg-maya-hydra/ecg-maya-hydra-branch-preflight-python3-osx/ecg-maya-hydra/maya-hydra/lib/flowViewport/api.h
[2023-11-10T17:32:51.247Z]     -- promoting: /Volumes/DATA/local/S/jenkins/workspace/ECP/ecg-maya-hydra/ecg-maya-hydra-branch-preflight-python3-osx/ecg-maya-hydra/maya-hydra/lib/flowViewport/debugCodes.h
[2023-11-10T17:32:51.247Z]     -- promoting: /Volumes/DATA/local/S/jenkins/workspace/ECP/ecg-maya-hydra/ecg-maya-hydra-branch-preflight-python3-osx/ecg-maya-hydra/maya-hydra/lib/flowViewport/global.h
[2023-11-10T17:32:51.247Z]     -- promoting: /Volumes/DATA/local/S/jenkins/workspace/ECP/ecg-maya-hydra/ecg-maya-hydra-branch-preflight-python3-osx/ecg-maya-hydra/maya-hydra/lib/flowViewport/tokens.h
[2023-11-10T17:32:51.247Z]     -- promoting: /Volumes/DATA/local/S/jenkins/workspace/ECP/ecg-maya-hydra/ecg-maya-hydra-branch-preflight-python3-osx/ecg-maya-hydra/maya-hydra/lib/flowViewport/colorPreferences/fvpColorChanged.h
[2023-11-10T17:32:51.247Z]     -- promoting: /Volumes/DATA/local/S/jenkins/workspace/ECP/ecg-maya-hydra/ecg-maya-hydra-branch-preflight-python3-osx/ecg-maya-hydra/maya-hydra/lib/flowViewport/colorPreferences/fvpColorPreferences.h
[2023-11-10T17:32:51.247Z]     -- promoting: /Volumes/DATA/local/S/jenkins/workspace/ECP/ecg-maya-hydra/ecg-maya-hydra-branch-preflight-python3-osx/ecg-maya-hydra/maya-hydra/lib/flowViewport/colorPreferences/fvpColorPreferencesTokens.h
[2023-11-10T17:32:51.247Z]     -- promoting: /Volumes/DATA/local/S/jenkins/workspace/ECP/ecg-maya-hydra/ecg-maya-hydra-branch-preflight-python3-osx/ecg-maya-hydra/maya-hydra/lib/flowViewport/colorPreferences/fvpColorPreferencesTranslator.h
[2023-11-10T17:32:51.247Z]     -- promoting: /Volumes/DATA/local/S/jenkins/workspace/ECP/ecg-maya-hydra/ecg-maya-hydra-branch-preflight-python3-osx/ecg-maya-hydra/maya-hydra/lib/flowViewport/sceneIndex/fvpMergingSceneIndex.h
[2023-11-10T17:32:51.247Z]     -- promoting: /Volumes/DATA/local/S/jenkins/workspace/ECP/ecg-maya-hydra/ecg-maya-hydra-branch-preflight-python3-osx/ecg-maya-hydra/maya-hydra/lib/flowViewport/sceneIndex/fvpPassThroughSelectionInterfaceSceneIndex.h
[2023-11-10T17:32:51.247Z]     -- promoting: /Volumes/DATA/local/S/jenkins/workspace/ECP/ecg-maya-hydra/ecg-maya-hydra-branch-preflight-python3-osx/ecg-maya-hydra/maya-hydra/lib/flowViewport/sceneIndex/fvpPathInterface.h
[2023-11-10T17:32:51.247Z]     -- promoting: /Volumes/DATA/local/S/jenkins/workspace/ECP/ecg-maya-hydra/ecg-maya-hydra-branch-preflight-python3-osx/ecg-maya-hydra/maya-hydra/lib/flowViewport/sceneIndex/fvpPathInterfaceSceneIndex.h
[2023-11-10T17:32:51.247Z]     -- promoting: /Volumes/DATA/local/S/jenkins/workspace/ECP/ecg-maya-hydra/ecg-maya-hydra-branch-preflight-python3-osx/ecg-maya-hydra/maya-hydra/lib/flowViewport/sceneIndex/fvpRenderIndexProxy.h
[2023-11-10T17:32:51.247Z]     -- promoting: /Volumes/DATA/local/S/jenkins/workspace/ECP/ecg-maya-hydra/ecg-maya-hydra-branch-preflight-python3-osx/ecg-maya-hydra/maya-hydra/lib/flowViewport/sceneIndex/fvpSelectionInterface.h
[2023-11-10T17:32:51.247Z]     -- promoting: /Volumes/DATA/local/S/jenkins/workspace/ECP/ecg-maya-hydra/ecg-maya-hydra-branch-preflight-python3-osx/ecg-maya-hydra/maya-hydra/lib/flowViewport/sceneIndex/fvpSelectionSceneIndex.h
[2023-11-10T17:32:51.247Z]     -- promoting: /Volumes/DATA/local/S/jenkins/workspace/ECP/ecg-maya-hydra/ecg-maya-hydra-branch-preflight-python3-osx/ecg-maya-hydra/maya-hydra/lib/flowViewport/sceneIndex/fvpWireframeSelectionHighlightSceneIndex.h
[2023-11-10T17:32:51.247Z]     -- promoting: /Volumes/DATA/local/S/jenkins/workspace/ECP/ecg-maya-hydra/ecg-maya-hydra-branch-preflight-python3-osx/ecg-maya-hydra/maya-hydra/lib/flowViewport/API/fvpSelectionClient.h
[2023-11-10T17:32:51.247Z]     -- promoting: /Volumes/DATA/local/S/jenkins/workspace/ECP/ecg-maya-hydra/ecg-maya-hydra-branch-preflight-python3-osx/ecg-maya-hydra/maya-hydra/lib/flowViewport/API/fvpFlowSelectionInterface.h
[2023-11-10T17:32:51.247Z]     -- promoting: /Volumes/DATA/local/S/jenkins/workspace/ECP/ecg-maya-hydra/ecg-maya-hydra-branch-preflight-python3-osx/ecg-maya-hydra/maya-hydra/lib/flowViewport/API/fvpVersionInterface.h
[2023-11-10T17:32:51.247Z]     -- promoting: /Volumes/DATA/local/S/jenkins/workspace/ECP/ecg-maya-hydra/ecg-maya-hydra-branch-preflight-python3-osx/ecg-maya-hydra/maya-hydra/lib/flowViewport/API/interfacesImp/fvpSelectionInterfaceImp.h
[2023-11-10T17:32:51.247Z]     -- promoting: /Volumes/DATA/local/S/jenkins/workspace/ECP/ecg-maya-hydra/ecg-maya-hydra-branch-preflight-python3-osx/ecg-maya-hydra/maya-hydra/lib/flowViewport/API/interfacesImp/fvpVersionInterfaceImp.h
[2023-11-10T17:32:51.247Z]     -- promoting: /Volumes/DATA/local/S/jenkins/workspace/ECP/ecg-maya-hydra/ecg-maya-hydra-branch-preflight-python3-osx/ecg-maya-hydra/maya-hydra/lib/flowViewport/API/samples/fvpSelectionClientExample.h
[2023-11-10T17:32:51.247Z]     -- promoting: /Volumes/DATA/local/S/jenkins/workspace/ECP/ecg-maya-hydra/ecg-maya-hydra-branch-preflight-python3-osx/ecg-maya-hydra/maya-hydra/lib/flowViewport/selection/fvpSelectionTracker.h
[2023-11-10T17:32:51.247Z]     -- promoting: /Volumes/DATA/local/S/jenkins/workspace/ECP/ecg-maya-hydra/ecg-maya-hydra-branch-preflight-python3-osx/ecg-maya-hydra/maya-hydra/lib/flowViewport/selection/fvpSelectionTask.h
[2023-11-10T17:32:53.780Z]     -- Configuring done
[2023-11-10T17:32:53.780Z]     -- Generating done
[2023-11-10T17:32:53.780Z]     -- Build files have been written to: /Volumes/DATA/local/S/jenkins/workspace/ECP/ecg-maya-hydra/ecg-maya-hydra-branch-preflight-python3-osx/build/Debug
[2023-11-10T17:32:53.780Z]     
[2023-11-10T17:32:53.780Z]         Building with settings:
[2023-11-10T17:32:53.780Z]           Source directory          /Volumes/DATA/local/S/jenkins/workspace/ECP/ecg-maya-hydra/ecg-maya-hydra-branch-preflight-python3-osx/ecg-maya-hydra/maya-hydra
[2023-11-10T17:32:53.780Z]           Workspace directory       /local/S/jenkins/workspace/ECP/ecg-maya-hydra/ecg-maya-hydra-branch-preflight-python3-osx
[2023-11-10T17:32:53.780Z]           Build directory           /local/S/jenkins/workspace/ECP/ecg-maya-hydra/ecg-maya-hydra-branch-preflight-python3-osx/build/Debug
[2023-11-10T17:32:53.780Z]           Install directory         /local/S/jenkins/workspace/ECP/ecg-maya-hydra/ecg-maya-hydra-branch-preflight-python3-osx/install/Debug/MayaHydra
[2023-11-10T17:32:53.780Z]           Variant                   Debug
[2023-11-10T17:32:53.780Z]           Python Debug              Off
[2023-11-10T17:32:53.780Z]           CMake generator           Ninja
[2023-11-10T17:32:53.780Z]           Build arguments           ['-DCMAKE_MAKE_PROGRAM=/local/S/jenkins/workspace/shared/Artifactory/OSX/ninja/1.10.2/95d0ca5/ninja', '-DPYTHON_INCLUDE_DIR=/local/S/jenkins/workspace/shared/Artifactory/OSX/rundev-master-debug/202310260154/runtime/3fe4f1c/runTime/Maya.app/Contents/Frameworks/Python.framework/Versions/Current/include/python3.10', '-DPython_EXECUTABLE=/local/S/jenkins/workspace/shared/Artifactory/OSX/rundev-master-debug/202310260154/runtime/3fe4f1c/runTime/Maya.app/Contents/bin/mayapy', '-DPYTHON_LIBRARIES=/local/S/jenkins/workspace/shared/Artifactory/OSX/rundev-master-debug/202310260154/runtime/3fe4f1c/runTime/Maya.app/Contents/Frameworks/Python.framework/Versions/Current/lib/libpython3.10.dylib', '-DBUILD_WITH_PYTHON_3=ON', '-DBUILD_WITH_PYTHON_3_VERSION=3.10', '-DBUILD_UB2=ON', '-DCMAKE_WANT_MATERIALX_BUILD=ON', '-DCMAKE_PREFIX_PATH=/local/S/jenkins/workspace/shared/Artifactory/OSX/USD/a9d0dd1']
[2023-11-10T17:32:53.780Z]           Stages arguments          ['configure']
[2023-11-10T17:32:53.780Z]           CTest arguments           ['--parallel 8']
[2023-11-10T17:32:53.780Z]     STATUS: Could not find Maya Qt6.
[2023-11-10T17:32:53.780Z]     STATUS:   Extracting '/local/S/jenkins/workspace/shared/Artifactory/OSX/rundev-master-debug/202310260154/runtime/3fe4f1c/devkitBase/Qt.tgz' to '/local/S/jenkins/workspace/shared/Artifactory/OSX/rundev-master-debug/202310260154/runtime/3fe4f1c/devkitBase'
[2023-11-10T17:32:53.780Z]     Success MayaHydra build and install !!!!
[2023-11-10T17:32:53.780Z]     Elapsed time: 00:00:09
[Pipeline] sh
[2023-11-10T17:32:55.797Z] + python ecg-maya-hydra/build.py --stages=configure --workspace-dir=/local/S/jenkins/workspace/ECP/ecg-maya-hydra/ecg-maya-hydra-branch-preflight-python3-osx --artifactory-dir=/local/S/jenkins/workspace/shared/Artifactory --build-dir=/local/S/jenkins/workspace/ECP/ecg-maya-hydra/ecg-maya-hydra-branch-preflight-python3-osx/build --install-dir=/local/S/jenkins/workspace/ECP/ecg-maya-hydra/ecg-maya-hydra-branch-preflight-python3-osx/install --signing-dir=/local/S/jenkins/workspace/ECP/ecg-maya-hydra/ecg-maya-hydra-branch-preflight-python3-osx/signing --package-dir=/local/S/jenkins/workspace/ECP/ecg-maya-hydra/ecg-maya-hydra-branch-preflight-python3-osx/package --output-dir=/local/S/jenkins/workspace/ECP/ecg-maya-hydra/ecg-maya-hydra-branch-preflight-python3-osx/output --stash-dir=/local/S/jenkins/workspace/ECP/ecg-maya-hydra/ecg-maya-hydra-branch-preflight-python3-osx/stash --jenkins-build=382 --git-commit=f4e7d2b7882b60458753b9c09444f9526172c500 --git-branch=master --variants=RelWithDebInfo --interactive-tests=true --post-zips=false --osx-binary-architecture-target=ub2 --osx-deployment-target=11.0 --osx-base-sdk=CurrentActiveSDK --maya-cut-config=maya-rundev-master.yaml --maya-package=rundev-master --stage-banner
[2023-11-10T17:32:55.797Z] Using Maya cut from /local/S/jenkins/workspace/shared/Artifactory/OSX/rundev-master/202311060140/runtime/e9a5ae1
[2023-11-10T17:32:55.797Z] Using Maya ADSK Signatures from /local/S/jenkins/workspace/shared/Artifactory/OSX/adsk-plugin-signatures-maya/2023/3ae1ae7
[2023-11-10T17:32:55.797Z] Using Maya Security Library from /local/S/jenkins/workspace/shared/Artifactory/OSX/maya-security-library/3.4.0/5e08f3e
[2023-11-10T17:32:55.797Z] 
[2023-11-10T17:32:55.797Z] ================================================================================
[2023-11-10T17:32:55.797Z]                            configure (RelWithDebInfo)
[2023-11-10T17:32:55.797Z] ================================================================================
[2023-11-10T17:32:55.797Z] Maya Python RelWithDebInfo Info:
[2023-11-10T17:32:55.797Z]   mayapy executable   = /local/S/jenkins/workspace/shared/Artifactory/OSX/rundev-master/202311060140/runtime/e9a5ae1/runTime/Maya.app/Contents/bin/mayapy
[2023-11-10T17:32:55.797Z]   Include Folder      = /local/S/jenkins/workspace/shared/Artifactory/OSX/rundev-master/202311060140/runtime/e9a5ae1/runTime/Maya.app/Contents/Frameworks/Python.framework/Versions/Current/include/python3.10
[2023-11-10T17:32:55.798Z]   Library             = /local/S/jenkins/workspace/shared/Artifactory/OSX/rundev-master/202311060140/runtime/e9a5ae1/runTime/Maya.app/Contents/Frameworks/Python.framework/Versions/Current/lib/libpython3.10.dylib
[2023-11-10T17:32:55.798Z]   site-package Folder = /local/S/jenkins/workspace/shared/Artifactory/OSX/rundev-master/202311060140/runtime/e9a5ae1/runTime/Maya.app/Contents/Frameworks/Python.framework/Versions/Current/lib/python3.10/site-packages
[2023-11-10T17:32:55.798Z] In workdir: /Volumes/DATA/local/S/jenkins/workspace/ECP/ecg-maya-hydra/ecg-maya-hydra-branch-preflight-python3-osx/ecg-maya-hydra/maya-hydra
[2023-11-10T17:32:55.798Z] Executing: arch -arch arm64 /local/S/jenkins/workspace/shared/Artifactory/OSX/rundev-master/202311060140/runtime/e9a5ae1/runTime/Maya.app/Contents/bin/mayapy /Volumes/DATA/local/S/jenkins/workspace/ECP/ecg-maya-hydra/ecg-maya-hydra-branch-preflight-python3-osx/ecg-maya-hydra/maya-hydra/build.py --generator Ninja --build-relwithdebug --maya-location /local/S/jenkins/workspace/shared/Artifactory/OSX/rundev-master/202311060140/runtime/e9a5ae1/runTime --devkit-location /local/S/jenkins/workspace/shared/Artifactory/OSX/rundev-master/202311060140/runtime/e9a5ae1/devkitBase --pxrusd-location /local/S/jenkins/workspace/shared/Artifactory/OSX/USD/b595ab2 --build-args=-DCMAKE_MAKE_PROGRAM=/local/S/jenkins/workspace/shared/Artifactory/OSX/ninja/1.10.2/95d0ca5/ninja,-DPYTHON_INCLUDE_DIR=/local/S/jenkins/workspace/shared/Artifactory/OSX/rundev-master/202311060140/runtime/e9a5ae1/runTime/Maya.app/Contents/Frameworks/Python.framework/Versions/Current/include/python3.10,-DPython_EXECUTABLE=/local/S/jenkins/workspace/shared/Artifactory/OSX/rundev-master/202311060140/runtime/e9a5ae1/runTime/Maya.app/Contents/bin/mayapy,-DPYTHON_LIBRARIES=/local/S/jenkins/workspace/shared/Artifactory/OSX/rundev-master/202311060140/runtime/e9a5ae1/runTime/Maya.app/Contents/Frameworks/Python.framework/Versions/Current/lib/libpython3.10.dylib,-DBUILD_WITH_PYTHON_3=ON,-DBUILD_WITH_PYTHON_3_VERSION=3.10,-DBUILD_UB2=ON,-DCMAKE_WANT_MATERIALX_BUILD=ON,-DCMAKE_PREFIX_PATH=/local/S/jenkins/workspace/shared/Artifactory/OSX/USD/b595ab2 '--ctest-args=--parallel 8' --stages=configure --redirect-outstream-file=False --install-location /local/S/jenkins/workspace/ECP/ecg-maya-hydra/ecg-maya-hydra-branch-preflight-python3-osx/install/RelWithDebInfo/MayaHydra /local/S/jenkins/workspace/ECP/ecg-maya-hydra/ecg-maya-hydra-branch-preflight-python3-osx
[2023-11-10T17:32:55.798Z] Modified environment variables:
[2023-11-10T17:32:55.798Z]     PATH=/local/S/jenkins/workspace/shared/Artifactory/OSX/cmake/3.20.3/2594509/bin:/opt/homebrew/bin:/usr/local/bin:/bin:/usr/sbin:/sbin:/usr/bin:/usr/bin:/bin:/usr/sbin:/sbin
[2023-11-10T17:33:07.038Z]     -- The C compiler identification is AppleClang 13.1.6.13160021
[2023-11-10T17:33:07.038Z]     -- The CXX compiler identification is AppleClang 13.1.6.13160021
[2023-11-10T17:33:07.038Z]     -- Detecting C compiler ABI info
[2023-11-10T17:33:07.038Z]     -- Detecting C compiler ABI info - done
[2023-11-10T17:33:07.038Z]     -- Check for working C compiler: /Applications/Xcode.app/Contents/Developer/Toolchains/XcodeDefault.xctoolchain/usr/bin/cc - skipped
[2023-11-10T17:33:07.038Z]     -- Detecting C compile features
[2023-11-10T17:33:07.038Z]     -- Detecting C compile features - done
[2023-11-10T17:33:07.038Z]     -- Detecting CXX compiler ABI info
[2023-11-10T17:33:07.038Z]     -- Detecting CXX compiler ABI info - done
[2023-11-10T17:33:07.038Z]     -- Check for working CXX compiler: /Applications/Xcode.app/Contents/Developer/Toolchains/XcodeDefault.xctoolchain/usr/bin/c++ - skipped
[2023-11-10T17:33:07.038Z]     -- Detecting CXX compile features
[2023-11-10T17:33:07.038Z]     -- Detecting CXX compile features - done
[2023-11-10T17:33:07.038Z]     -- Building with Universal Binary 2
[2023-11-10T17:33:07.038Z]     -- Using Maya Light API Version 3
[2023-11-10T17:33:07.038Z]     -- Maya has setDefaultMaterialHandling API
[2023-11-10T17:33:07.038Z]     -- Maya has new point snapping API
[2023-11-10T17:33:07.038Z]     -- Maya has isInCrashHandler API
[2023-11-10T17:33:07.038Z]     -- Maya has getDisplayStyleOfAllViewports API
[2023-11-10T17:33:07.038Z]     -- Maya array iterator has difference_type trait
[2023-11-10T17:33:07.038Z]     -- MFnSet has getMemberPaths function
[2023-11-10T17:33:07.038Z]     -- MFnDisplayLayer exists
[2023-11-10T17:33:07.038Z]     -- MDisplayLayerMessage has MDisplayLayerMemberChangedFunction
[2023-11-10T17:33:07.038Z]     -- MRenderItem has HideOnPlayback API
[2023-11-10T17:33:07.038Z]     -- MacOSX: Maya was built with Universal Binary 2 (x86_64/arm64)
[2023-11-10T17:33:07.038Z]     -- Found Maya: /local/S/jenkins/workspace/shared/Artifactory/OSX/rundev-master/202311060140/runtime/e9a5ae1/runTime/maya.app/Contents/MacOS/Maya (found suitable version "2025", minimum required is "2024")
[2023-11-10T17:33:07.580Z]     -- Found Python: /local/S/jenkins/workspace/shared/Artifactory/OSX/rundev-master/202311060140/runtime/e9a5ae1/runTime/Maya.app/Contents/bin/mayapy (found suitable exact version "3.10.8") found components: Interpreter
[2023-11-10T17:33:07.580Z]     -- Build mayaHydra with Python3 = ON
[2023-11-10T17:33:07.580Z]     --    PYTHON_INCLUDE_DIRS = /local/S/jenkins/workspace/shared/Artifactory/OSX/rundev-master/202311060140/runtime/e9a5ae1/runTime/Maya.app/Contents/Frameworks/Python.framework/Versions/Current/include/python3.10
[2023-11-10T17:33:07.580Z]     --    PYTHON_LIBRARIES    = /local/S/jenkins/workspace/shared/Artifactory/OSX/rundev-master/202311060140/runtime/e9a5ae1/runTime/Maya.app/Contents/Frameworks/Python.framework/Versions/Current/lib/libpython3.10.dylib
[2023-11-10T17:33:07.580Z]     --    Python_EXECUTABLE   = /local/S/jenkins/workspace/shared/Artifactory/OSX/rundev-master/202311060140/runtime/e9a5ae1/runTime/Maya.app/Contents/bin/mayapy
[2023-11-10T17:33:07.580Z]     -- Found Python3: /local/S/jenkins/workspace/shared/Artifactory/OSX/rundev-master/202311060140/runtime/e9a5ae1/runTime/Maya.app/Contents/Frameworks/Python.framework/Versions/Current/include/python3.10 (found suitable exact version "3.10.8") found components: Development Development.Module Development.Embed
[2023-11-10T17:33:07.580Z]     -- USD has new Sdr.PropertyTypes.Color4
[2023-11-10T17:33:07.580Z]     -- USD has MaterialX metadata support
[2023-11-10T17:33:07.580Z]     -- USD include dir: /local/S/jenkins/workspace/shared/Artifactory/OSX/USD/b595ab2/include
[2023-11-10T17:33:07.580Z]     -- USD library dir: /local/S/jenkins/workspace/shared/Artifactory/OSX/USD/b595ab2/lib
[2023-11-10T17:33:07.580Z]     -- USD version: 0.23.8
[2023-11-10T17:33:07.580Z]     -- Found USD: /local/S/jenkins/workspace/shared/Artifactory/OSX/USD/b595ab2 (found suitable version "0.23.8", minimum required is "0.22.11")
[2023-11-10T17:33:07.580Z]     Updated PYTHONPATH: /local/S/jenkins/workspace/shared/Artifactory/OSX/USD/b595ab2/lib/python
[2023-11-10T17:33:07.580Z]     -- Found UFE: /local/S/jenkins/workspace/shared/Artifactory/OSX/rundev-master/202311060140/runtime/e9a5ae1/devkitBase/devkit/ufe/include (found version "0.5.11")
[2023-11-10T17:33:07.580Z]     -- UFE include dir: /local/S/jenkins/workspace/shared/Artifactory/OSX/rundev-master/202311060140/runtime/e9a5ae1/devkitBase/devkit/ufe/include
[2023-11-10T17:33:07.580Z]     -- UFE library: /local/S/jenkins/workspace/shared/Artifactory/OSX/rundev-master/202311060140/runtime/e9a5ae1/devkitBase/devkit/ufe/lib/libufe_0.dylib
[2023-11-10T17:33:07.580Z]     -- UFE version: 0.5.11
[2023-11-10T17:33:07.580Z]     -- Maya has UFE lights API
[2023-11-10T17:33:07.580Z]     -- Maya has UFE scene segment API
[2023-11-10T17:33:07.580Z]     -- Maya has UFE TrieNode childrenComponents accessor
[2023-11-10T17:33:07.580Z]     -- Building with UFE 0.5.11.
[2023-11-10T17:33:07.580Z]     -- Found MaterialX
[2023-11-10T17:33:08.218Z]     -- Performing Test HAVE_STDATOMIC
[2023-11-10T17:33:08.218Z]     -- Performing Test HAVE_STDATOMIC - Success
[2023-11-10T17:33:08.218Z]     -- Found OpenGL: /Applications/Xcode.app/Contents/Developer/Platforms/MacOSX.platform/Developer/SDKs/MacOSX12.3.sdk/System/Library/Frameworks/OpenGL.framework
[2023-11-10T17:33:08.218Z]     -- Check if linker can resolve circular dependencies - TRUE
[2023-11-10T17:33:08.218Z]     -- Found Qt 6.5.2 in Maya devkit. Hydra Scene Browser will be built.
[2023-11-10T17:33:08.218Z]     -- **** Building Gulrak From Github Repository.
[2023-11-10T17:33:08.218Z]     -- Populating gulrak
[2023-11-10T17:33:08.218Z]     -- Configuring done
[2023-11-10T17:33:08.218Z]     -- Generating done
[2023-11-10T17:33:08.218Z]     -- Build files have been written to: /Volumes/DATA/local/S/jenkins/workspace/ECP/ecg-maya-hydra/ecg-maya-hydra-branch-preflight-python3-osx/build/RelWithDebInfo/_deps/gulrak-subbuild
[2023-11-10T17:33:08.218Z]     [1/9] Creating directories for 'gulrak-populate'
[2023-11-10T17:33:08.218Z]     [1/9] Performing download step (git clone) for 'gulrak-populate'
[2023-11-10T17:33:08.218Z]     Cloning into 'gulrak-src'...
[2023-11-10T17:33:08.760Z]     HEAD is now at 4e21ab3 Version bump and updated readme.
[2023-11-10T17:33:08.760Z]     [2/9] Performing update step for 'gulrak-populate'
[2023-11-10T17:33:08.760Z]     [4/9] No patch step for 'gulrak-populate'
[2023-11-10T17:33:08.760Z]     [5/9] No configure step for 'gulrak-populate'
[2023-11-10T17:33:08.760Z]     [6/9] No build step for 'gulrak-populate'
[2023-11-10T17:33:08.760Z]     [7/9] No install step for 'gulrak-populate'
[2023-11-10T17:33:08.760Z]     [8/9] No test step for 'gulrak-populate'
[2023-11-10T17:33:08.760Z]     [9/9] Completed 'gulrak-populate'
[2023-11-10T17:33:08.760Z]     -- ========== Installing GoogleTest... ==========
[2023-11-10T17:33:08.760Z]     -- Configuring done
[2023-11-10T17:33:08.760Z]     -- Generating done
[2023-11-10T17:33:08.760Z]     -- Build files have been written to: /Volumes/DATA/local/S/jenkins/workspace/ECP/ecg-maya-hydra/ecg-maya-hydra-branch-preflight-python3-osx/build/RelWithDebInfo/googletest-config
[2023-11-10T17:33:08.760Z]     [1/8] Creating directories for 'googletest'
[2023-11-10T17:33:10.007Z]     [2/8] Performing download step (git clone) for 'googletest'
[2023-11-10T17:33:10.007Z]     Cloning into 'googletest-src'...
[2023-11-10T17:33:10.007Z]     HEAD is now at 703bd9ca Googletest export
[2023-11-10T17:33:10.007Z]     [3/8] Performing update step for 'googletest'
[2023-11-10T17:33:10.007Z]     [4/8] No patch step for 'googletest'
[2023-11-10T17:33:10.549Z]     [5/8] Performing configure step for 'googletest'
[2023-11-10T17:33:10.549Z]     Not searching for unused variables given on the command line.
[2023-11-10T17:33:10.549Z]     CMake Deprecation Warning at CMakeLists.txt:4 (cmake_minimum_required):
[2023-11-10T17:33:10.549Z]       Compatibility with CMake < 2.8.12 will be removed from a future version of
[2023-11-10T17:33:10.549Z]       CMake.
[2023-11-10T17:33:10.549Z]     
[2023-11-10T17:33:10.549Z]       Update the VERSION argument <min> value or use a ...<max> suffix to tell
[2023-11-10T17:33:10.549Z]       CMake that the project does not need compatibility with older versions.
[2023-11-10T17:33:10.549Z]     
[2023-11-10T17:33:10.549Z]     
[2023-11-10T17:33:10.549Z]     -- The C compiler identification is AppleClang 13.1.6.13160021
[2023-11-10T17:33:10.549Z]     -- The CXX compiler identification is AppleClang 13.1.6.13160021
[2023-11-10T17:33:10.549Z]     -- Detecting C compiler ABI info
[2023-11-10T17:33:10.549Z]     -- Detecting C compiler ABI info - done
[2023-11-10T17:33:10.549Z]     -- Check for working C compiler: /Applications/Xcode.app/Contents/Developer/Toolchains/XcodeDefault.xctoolchain/usr/bin/cc - skipped
[2023-11-10T17:33:10.550Z]     -- Detecting C compile features
[2023-11-10T17:33:10.550Z]     -- Detecting C compile features - done
[2023-11-10T17:33:10.550Z]     -- Detecting CXX compiler ABI info
[2023-11-10T17:33:10.550Z]     -- Detecting CXX compiler ABI info - done
[2023-11-10T17:33:10.550Z]     -- Check for working CXX compiler: /Applications/Xcode.app/Contents/Developer/Toolchains/XcodeDefault.xctoolchain/usr/bin/c++ - skipped
[2023-11-10T17:33:10.550Z]     -- Detecting CXX compile features
[2023-11-10T17:33:10.550Z]     -- Detecting CXX compile features - done
[2023-11-10T17:33:10.550Z]     CMake Deprecation Warning at googletest/CMakeLists.txt:56 (cmake_minimum_required):
[2023-11-10T17:33:10.550Z]       Compatibility with CMake < 2.8.12 will be removed from a future version of
[2023-11-10T17:33:10.550Z]       CMake.
[2023-11-10T17:33:10.550Z]     
[2023-11-10T17:33:10.550Z]       Update the VERSION argument <min> value or use a ...<max> suffix to tell
[2023-11-10T17:33:10.550Z]       CMake that the project does not need compatibility with older versions.
[2023-11-10T17:33:10.550Z]     
[2023-11-10T17:33:10.550Z]     
[2023-11-10T17:33:10.550Z]     -- Found PythonInterp: /usr/local/bin/python (found version "3.10.6")
[2023-11-10T17:33:10.550Z]     -- Looking for pthread.h
[2023-11-10T17:33:10.550Z]     -- Looking for pthread.h - found
[2023-11-10T17:33:10.550Z]     -- Performing Test CMAKE_HAVE_LIBC_PTHREAD
[2023-11-10T17:33:10.550Z]     -- Performing Test CMAKE_HAVE_LIBC_PTHREAD - Success
[2023-11-10T17:33:10.550Z]     -- Found Threads: TRUE
[2023-11-10T17:33:10.550Z]     -- Configuring done
[2023-11-10T17:33:10.550Z]     -- Generating done
[2023-11-10T17:33:10.550Z]     -- Build files have been written to: /Volumes/DATA/local/S/jenkins/workspace/ECP/ecg-maya-hydra/ecg-maya-hydra-branch-preflight-python3-osx/build/RelWithDebInfo/googletest-build
[2023-11-10T17:33:18.496Z]     [6/8] Performing build step for 'googletest'
[2023-11-10T17:33:18.496Z]     [1/4] Building CXX object googletest/CMakeFiles/gtest_main.dir/src/gtest_main.cc.o
[2023-11-10T17:33:18.496Z]     [2/4] Building CXX object googletest/CMakeFiles/gtest.dir/src/gtest-all.cc.o
[2023-11-10T17:33:18.496Z]     [3/4] Linking CXX shared library lib/libgtest.dylib
[2023-11-10T17:33:18.496Z]     [4/4] Linking CXX shared library lib/libgtest_main.dylib
[2023-11-10T17:33:18.496Z]     [7/8] Performing install step for 'googletest'
[2023-11-10T17:33:18.496Z]     [0/1] Install the project...
[2023-11-10T17:33:18.496Z]     -- Install configuration: "RelWithDebInfo"
[2023-11-10T17:33:18.496Z]     [8/8] Completed 'googletest'
[2023-11-10T17:33:18.496Z]     -- ========== ...  GoogleTest installed. ==========
[2023-11-10T17:33:18.496Z]     -- Found GTest: /Volumes/DATA/local/S/jenkins/workspace/ECP/ecg-maya-hydra/ecg-maya-hydra-branch-preflight-python3-osx/build/RelWithDebInfo/googletest-install/lib/libgtest.dylib
[2023-11-10T17:33:18.496Z]     -- promoting: /Volumes/DATA/local/S/jenkins/workspace/ECP/ecg-maya-hydra/ecg-maya-hydra-branch-preflight-python3-osx/ecg-maya-hydra/maya-hydra/lib/mayaHydra/mayaPlugin/pluginUtils.h
[2023-11-10T17:33:18.496Z]     -- promoting: /Volumes/DATA/local/S/jenkins/workspace/ECP/ecg-maya-hydra/ecg-maya-hydra-branch-preflight-python3-osx/ecg-maya-hydra/maya-hydra/lib/mayaHydra/hydraExtensions/api.h
[2023-11-10T17:33:18.496Z]     -- promoting: /Volumes/DATA/local/S/jenkins/workspace/ECP/ecg-maya-hydra/ecg-maya-hydra-branch-preflight-python3-osx/ecg-maya-hydra/maya-hydra/lib/mayaHydra/hydraExtensions/debugCodes.h
[2023-11-10T17:33:18.496Z]     -- promoting: /Volumes/DATA/local/S/jenkins/workspace/ECP/ecg-maya-hydra/ecg-maya-hydra-branch-preflight-python3-osx/ecg-maya-hydra/maya-hydra/lib/mayaHydra/hydraExtensions/hydraUtils.h
[2023-11-10T17:33:18.496Z]     -- promoting: /Volumes/DATA/local/S/jenkins/workspace/ECP/ecg-maya-hydra/ecg-maya-hydra-branch-preflight-python3-osx/ecg-maya-hydra/maya-hydra/lib/mayaHydra/hydraExtensions/interface.h
[2023-11-10T17:33:18.496Z]     -- promoting: /Volumes/DATA/local/S/jenkins/workspace/ECP/ecg-maya-hydra/ecg-maya-hydra-branch-preflight-python3-osx/ecg-maya-hydra/maya-hydra/lib/mayaHydra/hydraExtensions/interfaceImp.h
[2023-11-10T17:33:18.496Z]     -- promoting: /Volumes/DATA/local/S/jenkins/workspace/ECP/ecg-maya-hydra/ecg-maya-hydra-branch-preflight-python3-osx/ecg-maya-hydra/maya-hydra/lib/mayaHydra/hydraExtensions/mayaUtils.h
[2023-11-10T17:33:18.496Z]     -- promoting: /Volumes/DATA/local/S/jenkins/workspace/ECP/ecg-maya-hydra/ecg-maya-hydra-branch-preflight-python3-osx/ecg-maya-hydra/maya-hydra/lib/mayaHydra/hydraExtensions/mixedUtils.h
[2023-11-10T17:33:18.496Z]     -- promoting: /Volumes/DATA/local/S/jenkins/workspace/ECP/ecg-maya-hydra/ecg-maya-hydra-branch-preflight-python3-osx/ecg-maya-hydra/maya-hydra/lib/mayaHydra/hydraExtensions/mayaHydraSceneProducer.h
[2023-11-10T17:33:18.497Z]     -- promoting: /Volumes/DATA/local/S/jenkins/workspace/ECP/ecg-maya-hydra/ecg-maya-hydra-branch-preflight-python3-osx/ecg-maya-hydra/maya-hydra/lib/mayaHydra/hydraExtensions/adapters/adapter.h
[2023-11-10T17:33:18.497Z]     -- promoting: /Volumes/DATA/local/S/jenkins/workspace/ECP/ecg-maya-hydra/ecg-maya-hydra-branch-preflight-python3-osx/ecg-maya-hydra/maya-hydra/lib/mayaHydra/hydraExtensions/adapters/adapterDebugCodes.h
[2023-11-10T17:33:18.497Z]     -- promoting: /Volumes/DATA/local/S/jenkins/workspace/ECP/ecg-maya-hydra/ecg-maya-hydra-branch-preflight-python3-osx/ecg-maya-hydra/maya-hydra/lib/mayaHydra/hydraExtensions/adapters/adapterRegistry.h
[2023-11-10T17:33:18.497Z]     -- promoting: /Volumes/DATA/local/S/jenkins/workspace/ECP/ecg-maya-hydra/ecg-maya-hydra-branch-preflight-python3-osx/ecg-maya-hydra/maya-hydra/lib/mayaHydra/hydraExtensions/adapters/cameraAdapter.h
[2023-11-10T17:33:18.497Z]     -- promoting: /Volumes/DATA/local/S/jenkins/workspace/ECP/ecg-maya-hydra/ecg-maya-hydra-branch-preflight-python3-osx/ecg-maya-hydra/maya-hydra/lib/mayaHydra/hydraExtensions/adapters/constantShadowMatrix.h
[2023-11-10T17:33:18.497Z]     -- promoting: /Volumes/DATA/local/S/jenkins/workspace/ECP/ecg-maya-hydra/ecg-maya-hydra-branch-preflight-python3-osx/ecg-maya-hydra/maya-hydra/lib/mayaHydra/hydraExtensions/adapters/dagAdapter.h
[2023-11-10T17:33:18.497Z]     -- promoting: /Volumes/DATA/local/S/jenkins/workspace/ECP/ecg-maya-hydra/ecg-maya-hydra-branch-preflight-python3-osx/ecg-maya-hydra/maya-hydra/lib/mayaHydra/hydraExtensions/adapters/renderItemAdapter.h
[2023-11-10T17:33:18.497Z]     -- promoting: /Volumes/DATA/local/S/jenkins/workspace/ECP/ecg-maya-hydra/ecg-maya-hydra-branch-preflight-python3-osx/ecg-maya-hydra/maya-hydra/lib/mayaHydra/hydraExtensions/adapters/lightAdapter.h
[2023-11-10T17:33:18.497Z]     -- promoting: /Volumes/DATA/local/S/jenkins/workspace/ECP/ecg-maya-hydra/ecg-maya-hydra-branch-preflight-python3-osx/ecg-maya-hydra/maya-hydra/lib/mayaHydra/hydraExtensions/adapters/materialAdapter.h
[2023-11-10T17:33:18.497Z]     -- promoting: /Volumes/DATA/local/S/jenkins/workspace/ECP/ecg-maya-hydra/ecg-maya-hydra-branch-preflight-python3-osx/ecg-maya-hydra/maya-hydra/lib/mayaHydra/hydraExtensions/adapters/materialNetworkConverter.h
[2023-11-10T17:33:18.497Z]     -- promoting: /Volumes/DATA/local/S/jenkins/workspace/ECP/ecg-maya-hydra/ecg-maya-hydra-branch-preflight-python3-osx/ecg-maya-hydra/maya-hydra/lib/mayaHydra/hydraExtensions/adapters/mayaAttrs.h
[2023-11-10T17:33:18.497Z]     -- promoting: /Volumes/DATA/local/S/jenkins/workspace/ECP/ecg-maya-hydra/ecg-maya-hydra-branch-preflight-python3-osx/ecg-maya-hydra/maya-hydra/lib/mayaHydra/hydraExtensions/adapters/shapeAdapter.h
[2023-11-10T17:33:18.497Z]     -- promoting: /Volumes/DATA/local/S/jenkins/workspace/ECP/ecg-maya-hydra/ecg-maya-hydra-branch-preflight-python3-osx/ecg-maya-hydra/maya-hydra/lib/mayaHydra/hydraExtensions/adapters/tokens.h
[2023-11-10T17:33:18.497Z]     -- promoting: /Volumes/DATA/local/S/jenkins/workspace/ECP/ecg-maya-hydra/ecg-maya-hydra-branch-preflight-python3-osx/ecg-maya-hydra/maya-hydra/lib/mayaHydra/hydraExtensions/delegates/delegate.h
[2023-11-10T17:33:18.497Z]     -- promoting: /Volumes/DATA/local/S/jenkins/workspace/ECP/ecg-maya-hydra/ecg-maya-hydra-branch-preflight-python3-osx/ecg-maya-hydra/maya-hydra/lib/mayaHydra/hydraExtensions/delegates/delegateCtx.h
[2023-11-10T17:33:18.497Z]     -- promoting: /Volumes/DATA/local/S/jenkins/workspace/ECP/ecg-maya-hydra/ecg-maya-hydra-branch-preflight-python3-osx/ecg-maya-hydra/maya-hydra/lib/mayaHydra/hydraExtensions/delegates/delegateDebugCodes.h
[2023-11-10T17:33:18.497Z]     -- promoting: /Volumes/DATA/local/S/jenkins/workspace/ECP/ecg-maya-hydra/ecg-maya-hydra-branch-preflight-python3-osx/ecg-maya-hydra/maya-hydra/lib/mayaHydra/hydraExtensions/delegates/delegateRegistry.h
[2023-11-10T17:33:18.497Z]     -- promoting: /Volumes/DATA/local/S/jenkins/workspace/ECP/ecg-maya-hydra/ecg-maya-hydra-branch-preflight-python3-osx/ecg-maya-hydra/maya-hydra/lib/mayaHydra/hydraExtensions/delegates/params.h
[2023-11-10T17:33:18.497Z]     -- promoting: /Volumes/DATA/local/S/jenkins/workspace/ECP/ecg-maya-hydra/ecg-maya-hydra-branch-preflight-python3-osx/ecg-maya-hydra/maya-hydra/lib/mayaHydra/hydraExtensions/delegates/sceneDelegate.h
[2023-11-10T17:33:18.497Z]     -- promoting: /Volumes/DATA/local/S/jenkins/workspace/ECP/ecg-maya-hydra/ecg-maya-hydra-branch-preflight-python3-osx/ecg-maya-hydra/maya-hydra/lib/mayaHydra/hydraExtensions/delegates/defaultLightDelegate.h
[2023-11-10T17:33:18.497Z]     -- promoting: /Volumes/DATA/local/S/jenkins/workspace/ECP/ecg-maya-hydra/ecg-maya-hydra-branch-preflight-python3-osx/ecg-maya-hydra/maya-hydra/lib/mayaHydra/hydraExtensions/delegates/testDelegate.h
[2023-11-10T17:33:18.497Z]     -- promoting: /Volumes/DATA/local/S/jenkins/workspace/ECP/ecg-maya-hydra/ecg-maya-hydra-branch-preflight-python3-osx/ecg-maya-hydra/maya-hydra/lib/mayaHydra/hydraExtensions/sceneIndex/registration.h
[2023-11-10T17:33:18.497Z]     -- promoting: /Volumes/DATA/local/S/jenkins/workspace/ECP/ecg-maya-hydra/ecg-maya-hydra-branch-preflight-python3-osx/ecg-maya-hydra/maya-hydra/lib/mayaHydra/hydraExtensions/sceneIndex/mayaHydraSceneIndex.h
[2023-11-10T17:33:18.497Z]     -- promoting: /Volumes/DATA/local/S/jenkins/workspace/ECP/ecg-maya-hydra/ecg-maya-hydra-branch-preflight-python3-osx/ecg-maya-hydra/maya-hydra/lib/mayaHydra/hydraExtensions/sceneIndex/mayaHydraDataSource.h
[2023-11-10T17:33:18.497Z]     -- promoting: /Volumes/DATA/local/S/jenkins/workspace/ECP/ecg-maya-hydra/ecg-maya-hydra-branch-preflight-python3-osx/ecg-maya-hydra/maya-hydra/lib/mayaHydra/hydraExtensions/sceneIndex/mayaHydraPrimvarDataSource.h
[2023-11-10T17:33:18.497Z]     -- promoting: /Volumes/DATA/local/S/jenkins/workspace/ECP/ecg-maya-hydra/ecg-maya-hydra-branch-preflight-python3-osx/ecg-maya-hydra/maya-hydra/lib/mayaHydra/hydraExtensions/sceneIndex/mayaHydraDisplayStyleDataSource.h
[2023-11-10T17:33:18.497Z]     -- promoting: /Volumes/DATA/local/S/jenkins/workspace/ECP/ecg-maya-hydra/ecg-maya-hydra-branch-preflight-python3-osx/ecg-maya-hydra/maya-hydra/lib/mayaHydra/hydraExtensions/sceneIndex/mayaHydraCameraDataSource.h
[2023-11-10T17:33:18.497Z]     -- promoting: /Volumes/DATA/local/S/jenkins/workspace/ECP/ecg-maya-hydra/ecg-maya-hydra-branch-preflight-python3-osx/ecg-maya-hydra/maya-hydra/lib/mayaHydra/hydraExtensions/sceneIndex/mayaHydraLightDataSource.h
[2023-11-10T17:33:18.497Z]     -- promoting: /Volumes/DATA/local/S/jenkins/workspace/ECP/ecg-maya-hydra/ecg-maya-hydra-branch-preflight-python3-osx/ecg-maya-hydra/maya-hydra/lib/mayaHydra/hydraExtensions/sceneIndex/mayaHydraDefaultLightDataSource.h
[2023-11-10T17:33:18.497Z]     -- promoting: /Volumes/DATA/local/S/jenkins/workspace/ECP/ecg-maya-hydra/ecg-maya-hydra-branch-preflight-python3-osx/ecg-maya-hydra/maya-hydra/lib/mayaHydra/ufeExtensions/api.h
[2023-11-10T17:33:18.497Z]     -- promoting: /Volumes/DATA/local/S/jenkins/workspace/ECP/ecg-maya-hydra/ecg-maya-hydra-branch-preflight-python3-osx/ecg-maya-hydra/maya-hydra/lib/mayaHydra/ufeExtensions/Global.h
[2023-11-10T17:33:18.497Z]     -- promoting: /Volumes/DATA/local/S/jenkins/workspace/ECP/ecg-maya-hydra/ecg-maya-hydra-branch-preflight-python3-osx/ecg-maya-hydra/maya-hydra/lib/flowViewport/api.h
[2023-11-10T17:33:18.497Z]     -- promoting: /Volumes/DATA/local/S/jenkins/workspace/ECP/ecg-maya-hydra/ecg-maya-hydra-branch-preflight-python3-osx/ecg-maya-hydra/maya-hydra/lib/flowViewport/debugCodes.h
[2023-11-10T17:33:18.497Z]     -- promoting: /Volumes/DATA/local/S/jenkins/workspace/ECP/ecg-maya-hydra/ecg-maya-hydra-branch-preflight-python3-osx/ecg-maya-hydra/maya-hydra/lib/flowViewport/global.h
[2023-11-10T17:33:18.497Z]     -- promoting: /Volumes/DATA/local/S/jenkins/workspace/ECP/ecg-maya-hydra/ecg-maya-hydra-branch-preflight-python3-osx/ecg-maya-hydra/maya-hydra/lib/flowViewport/tokens.h
[2023-11-10T17:33:18.497Z]     -- promoting: /Volumes/DATA/local/S/jenkins/workspace/ECP/ecg-maya-hydra/ecg-maya-hydra-branch-preflight-python3-osx/ecg-maya-hydra/maya-hydra/lib/flowViewport/colorPreferences/fvpColorChanged.h
[2023-11-10T17:33:18.497Z]     -- promoting: /Volumes/DATA/local/S/jenkins/workspace/ECP/ecg-maya-hydra/ecg-maya-hydra-branch-preflight-python3-osx/ecg-maya-hydra/maya-hydra/lib/flowViewport/colorPreferences/fvpColorPreferences.h
[2023-11-10T17:33:18.497Z]     -- promoting: /Volumes/DATA/local/S/jenkins/workspace/ECP/ecg-maya-hydra/ecg-maya-hydra-branch-preflight-python3-osx/ecg-maya-hydra/maya-hydra/lib/flowViewport/colorPreferences/fvpColorPreferencesTokens.h
[2023-11-10T17:33:18.497Z]     -- promoting: /Volumes/DATA/local/S/jenkins/workspace/ECP/ecg-maya-hydra/ecg-maya-hydra-branch-preflight-python3-osx/ecg-maya-hydra/maya-hydra/lib/flowViewport/colorPreferences/fvpColorPreferencesTranslator.h
[2023-11-10T17:33:18.497Z]     -- promoting: /Volumes/DATA/local/S/jenkins/workspace/ECP/ecg-maya-hydra/ecg-maya-hydra-branch-preflight-python3-osx/ecg-maya-hydra/maya-hydra/lib/flowViewport/sceneIndex/fvpMergingSceneIndex.h
[2023-11-10T17:33:18.497Z]     -- promoting: /Volumes/DATA/local/S/jenkins/workspace/ECP/ecg-maya-hydra/ecg-maya-hydra-branch-preflight-python3-osx/ecg-maya-hydra/maya-hydra/lib/flowViewport/sceneIndex/fvpPassThroughSelectionInterfaceSceneIndex.h
[2023-11-10T17:33:18.497Z]     -- promoting: /Volumes/DATA/local/S/jenkins/workspace/ECP/ecg-maya-hydra/ecg-maya-hydra-branch-preflight-python3-osx/ecg-maya-hydra/maya-hydra/lib/flowViewport/sceneIndex/fvpPathInterface.h
[2023-11-10T17:33:18.497Z]     -- promoting: /Volumes/DATA/local/S/jenkins/workspace/ECP/ecg-maya-hydra/ecg-maya-hydra-branch-preflight-python3-osx/ecg-maya-hydra/maya-hydra/lib/flowViewport/sceneIndex/fvpPathInterfaceSceneIndex.h
[2023-11-10T17:33:18.497Z]     -- promoting: /Volumes/DATA/local/S/jenkins/workspace/ECP/ecg-maya-hydra/ecg-maya-hydra-branch-preflight-python3-osx/ecg-maya-hydra/maya-hydra/lib/flowViewport/sceneIndex/fvpRenderIndexProxy.h
[2023-11-10T17:33:18.497Z]     -- promoting: /Volumes/DATA/local/S/jenkins/workspace/ECP/ecg-maya-hydra/ecg-maya-hydra-branch-preflight-python3-osx/ecg-maya-hydra/maya-hydra/lib/flowViewport/sceneIndex/fvpSelectionInterface.h
[2023-11-10T17:33:18.497Z]     -- promoting: /Volumes/DATA/local/S/jenkins/workspace/ECP/ecg-maya-hydra/ecg-maya-hydra-branch-preflight-python3-osx/ecg-maya-hydra/maya-hydra/lib/flowViewport/sceneIndex/fvpSelectionSceneIndex.h
[2023-11-10T17:33:18.497Z]     -- promoting: /Volumes/DATA/local/S/jenkins/workspace/ECP/ecg-maya-hydra/ecg-maya-hydra-branch-preflight-python3-osx/ecg-maya-hydra/maya-hydra/lib/flowViewport/sceneIndex/fvpWireframeSelectionHighlightSceneIndex.h
[2023-11-10T17:33:18.497Z]     -- promoting: /Volumes/DATA/local/S/jenkins/workspace/ECP/ecg-maya-hydra/ecg-maya-hydra-branch-preflight-python3-osx/ecg-maya-hydra/maya-hydra/lib/flowViewport/API/fvpSelectionClient.h
[2023-11-10T17:33:18.497Z]     -- promoting: /Volumes/DATA/local/S/jenkins/workspace/ECP/ecg-maya-hydra/ecg-maya-hydra-branch-preflight-python3-osx/ecg-maya-hydra/maya-hydra/lib/flowViewport/API/fvpFlowSelectionInterface.h
[2023-11-10T17:33:18.497Z]     -- promoting: /Volumes/DATA/local/S/jenkins/workspace/ECP/ecg-maya-hydra/ecg-maya-hydra-branch-preflight-python3-osx/ecg-maya-hydra/maya-hydra/lib/flowViewport/API/fvpVersionInterface.h
[2023-11-10T17:33:18.497Z]     -- promoting: /Volumes/DATA/local/S/jenkins/workspace/ECP/ecg-maya-hydra/ecg-maya-hydra-branch-preflight-python3-osx/ecg-maya-hydra/maya-hydra/lib/flowViewport/API/interfacesImp/fvpSelectionInterfaceImp.h
[2023-11-10T17:33:18.497Z]     -- promoting: /Volumes/DATA/local/S/jenkins/workspace/ECP/ecg-maya-hydra/ecg-maya-hydra-branch-preflight-python3-osx/ecg-maya-hydra/maya-hydra/lib/flowViewport/API/interfacesImp/fvpVersionInterfaceImp.h
[2023-11-10T17:33:18.497Z]     -- promoting: /Volumes/DATA/local/S/jenkins/workspace/ECP/ecg-maya-hydra/ecg-maya-hydra-branch-preflight-python3-osx/ecg-maya-hydra/maya-hydra/lib/flowViewport/API/samples/fvpSelectionClientExample.h
[2023-11-10T17:33:18.497Z]     -- promoting: /Volumes/DATA/local/S/jenkins/workspace/ECP/ecg-maya-hydra/ecg-maya-hydra-branch-preflight-python3-osx/ecg-maya-hydra/maya-hydra/lib/flowViewport/selection/fvpSelectionTracker.h
[2023-11-10T17:33:18.497Z]     -- promoting: /Volumes/DATA/local/S/jenkins/workspace/ECP/ecg-maya-hydra/ecg-maya-hydra-branch-preflight-python3-osx/ecg-maya-hydra/maya-hydra/lib/flowViewport/selection/fvpSelectionTask.h
[2023-11-10T17:33:18.497Z]     -- Configuring done
[2023-11-10T17:33:18.497Z]     -- Generating done
[2023-11-10T17:33:18.497Z]     -- Build files have been written to: /Volumes/DATA/local/S/jenkins/workspace/ECP/ecg-maya-hydra/ecg-maya-hydra-branch-preflight-python3-osx/build/RelWithDebInfo
[2023-11-10T17:33:18.497Z]     
[2023-11-10T17:33:18.497Z]         Building with settings:
[2023-11-10T17:33:18.497Z]           Source directory          /Volumes/DATA/local/S/jenkins/workspace/ECP/ecg-maya-hydra/ecg-maya-hydra-branch-preflight-python3-osx/ecg-maya-hydra/maya-hydra
[2023-11-10T17:33:18.497Z]           Workspace directory       /local/S/jenkins/workspace/ECP/ecg-maya-hydra/ecg-maya-hydra-branch-preflight-python3-osx
[2023-11-10T17:33:18.497Z]           Build directory           /local/S/jenkins/workspace/ECP/ecg-maya-hydra/ecg-maya-hydra-branch-preflight-python3-osx/build/RelWithDebInfo
[2023-11-10T17:33:18.497Z]           Install directory         /local/S/jenkins/workspace/ECP/ecg-maya-hydra/ecg-maya-hydra-branch-preflight-python3-osx/install/RelWithDebInfo/MayaHydra
[2023-11-10T17:33:18.497Z]           Variant                   RelWithDebInfo
[2023-11-10T17:33:18.497Z]           Python Debug              Off
[2023-11-10T17:33:18.497Z]           CMake generator           Ninja
[2023-11-10T17:33:18.497Z]           Build arguments           ['-DCMAKE_MAKE_PROGRAM=/local/S/jenkins/workspace/shared/Artifactory/OSX/ninja/1.10.2/95d0ca5/ninja', '-DPYTHON_INCLUDE_DIR=/local/S/jenkins/workspace/shared/Artifactory/OSX/rundev-master/202311060140/runtime/e9a5ae1/runTime/Maya.app/Contents/Frameworks/Python.framework/Versions/Current/include/python3.10', '-DPython_EXECUTABLE=/local/S/jenkins/workspace/shared/Artifactory/OSX/rundev-master/202311060140/runtime/e9a5ae1/runTime/Maya.app/Contents/bin/mayapy', '-DPYTHON_LIBRARIES=/local/S/jenkins/workspace/shared/Artifactory/OSX/rundev-master/202311060140/runtime/e9a5ae1/runTime/Maya.app/Contents/Frameworks/Python.framework/Versions/Current/lib/libpython3.10.dylib', '-DBUILD_WITH_PYTHON_3=ON', '-DBUILD_WITH_PYTHON_3_VERSION=3.10', '-DBUILD_UB2=ON', '-DCMAKE_WANT_MATERIALX_BUILD=ON', '-DCMAKE_PREFIX_PATH=/local/S/jenkins/workspace/shared/Artifactory/OSX/USD/b595ab2']
[2023-11-10T17:33:18.497Z]           Stages arguments          ['configure']
[2023-11-10T17:33:18.497Z]           CTest arguments           ['--parallel 8']
[2023-11-10T17:33:18.497Z]     STATUS: Could not find Maya Qt6.
[2023-11-10T17:33:18.497Z]     STATUS:   Extracting '/local/S/jenkins/workspace/shared/Artifactory/OSX/rundev-master/202311060140/runtime/e9a5ae1/devkitBase/Qt.tgz' to '/local/S/jenkins/workspace/shared/Artifactory/OSX/rundev-master/202311060140/runtime/e9a5ae1/devkitBase'
[2023-11-10T17:33:18.497Z]     Success MayaHydra build and install !!!!
[2023-11-10T17:33:18.497Z]     Elapsed time: 00:00:12
[Pipeline] }
[Pipeline] // withEnv
[Pipeline] }
[Pipeline] // timeout
[Pipeline] }
[Pipeline] // stage
[Pipeline] }
[Pipeline] // timestamps
[Pipeline] timestamps
[Pipeline] {
[Pipeline] stage
[Pipeline] { (Build)
[Pipeline] timeout
[2023-11-10T17:33:18.922Z] Timeout set to expire in 6 hr 0 min
[Pipeline] {
[Pipeline] withEnv
[Pipeline] {
[Pipeline] sh
[2023-11-10T17:33:20.575Z] + python ecg-maya-hydra/build.py --stages=build --workspace-dir=/local/S/jenkins/workspace/ECP/ecg-maya-hydra/ecg-maya-hydra-branch-preflight-python3-osx --artifactory-dir=/local/S/jenkins/workspace/shared/Artifactory --build-dir=/local/S/jenkins/workspace/ECP/ecg-maya-hydra/ecg-maya-hydra-branch-preflight-python3-osx/build --install-dir=/local/S/jenkins/workspace/ECP/ecg-maya-hydra/ecg-maya-hydra-branch-preflight-python3-osx/install --signing-dir=/local/S/jenkins/workspace/ECP/ecg-maya-hydra/ecg-maya-hydra-branch-preflight-python3-osx/signing --package-dir=/local/S/jenkins/workspace/ECP/ecg-maya-hydra/ecg-maya-hydra-branch-preflight-python3-osx/package --output-dir=/local/S/jenkins/workspace/ECP/ecg-maya-hydra/ecg-maya-hydra-branch-preflight-python3-osx/output --stash-dir=/local/S/jenkins/workspace/ECP/ecg-maya-hydra/ecg-maya-hydra-branch-preflight-python3-osx/stash --jenkins-build=382 --git-commit=f4e7d2b7882b60458753b9c09444f9526172c500 --git-branch=master --variants=Debug --interactive-tests=true --post-zips=false --osx-binary-architecture-target=ub2 --osx-deployment-target=11.0 --osx-base-sdk=CurrentActiveSDK --build-retry=3 --maya-cut-config=maya-rundev-master-debug.yaml --maya-package=rundev-master-debug --stage-banner
[2023-11-10T17:33:20.575Z] Using Maya cut from /local/S/jenkins/workspace/shared/Artifactory/OSX/rundev-master-debug/202310260154/runtime/3fe4f1c
[2023-11-10T17:33:20.575Z] Using Maya ADSK Signatures from /local/S/jenkins/workspace/shared/Artifactory/OSX/adsk-plugin-signatures-maya/2023/3ae1ae7
[2023-11-10T17:33:20.575Z] Using Maya Security Library from /local/S/jenkins/workspace/shared/Artifactory/OSX/maya-security-library/3.4.0/5e08f3e
[2023-11-10T17:33:20.575Z] 
[2023-11-10T17:33:20.575Z] ================================================================================
[2023-11-10T17:33:20.575Z]                                  build (Debug)
[2023-11-10T17:33:20.575Z] ================================================================================
[2023-11-10T17:33:20.575Z] Maya Python Debug Info:
[2023-11-10T17:33:20.575Z]   mayapy executable   = /local/S/jenkins/workspace/shared/Artifactory/OSX/rundev-master-debug/202310260154/runtime/3fe4f1c/runTime/Maya.app/Contents/bin/mayapy
[2023-11-10T17:33:20.575Z]   Include Folder      = /local/S/jenkins/workspace/shared/Artifactory/OSX/rundev-master-debug/202310260154/runtime/3fe4f1c/runTime/Maya.app/Contents/Frameworks/Python.framework/Versions/Current/include/python3.10
[2023-11-10T17:33:20.575Z]   Library             = /local/S/jenkins/workspace/shared/Artifactory/OSX/rundev-master-debug/202310260154/runtime/3fe4f1c/runTime/Maya.app/Contents/Frameworks/Python.framework/Versions/Current/lib/libpython3.10.dylib
[2023-11-10T17:33:20.575Z]   site-package Folder = /local/S/jenkins/workspace/shared/Artifactory/OSX/rundev-master-debug/202310260154/runtime/3fe4f1c/runTime/Maya.app/Contents/Frameworks/Python.framework/Versions/Current/lib/python3.10/site-packages
[2023-11-10T17:33:20.575Z] In workdir: /Volumes/DATA/local/S/jenkins/workspace/ECP/ecg-maya-hydra/ecg-maya-hydra-branch-preflight-python3-osx/ecg-maya-hydra/maya-hydra
[2023-11-10T17:33:20.575Z] Executing: arch -arch arm64 /local/S/jenkins/workspace/shared/Artifactory/OSX/rundev-master-debug/202310260154/runtime/3fe4f1c/runTime/Maya.app/Contents/bin/mayapy /Volumes/DATA/local/S/jenkins/workspace/ECP/ecg-maya-hydra/ecg-maya-hydra-branch-preflight-python3-osx/ecg-maya-hydra/maya-hydra/build.py --generator Ninja --build-debug --maya-location /local/S/jenkins/workspace/shared/Artifactory/OSX/rundev-master-debug/202310260154/runtime/3fe4f1c/runTime --devkit-location /local/S/jenkins/workspace/shared/Artifactory/OSX/rundev-master-debug/202310260154/runtime/3fe4f1c/devkitBase --pxrusd-location /local/S/jenkins/workspace/shared/Artifactory/OSX/USD/a9d0dd1 --build-args=-DCMAKE_MAKE_PROGRAM=/local/S/jenkins/workspace/shared/Artifactory/OSX/ninja/1.10.2/95d0ca5/ninja,-DPYTHON_INCLUDE_DIR=/local/S/jenkins/workspace/shared/Artifactory/OSX/rundev-master-debug/202310260154/runtime/3fe4f1c/runTime/Maya.app/Contents/Frameworks/Python.framework/Versions/Current/include/python3.10,-DPython_EXECUTABLE=/local/S/jenkins/workspace/shared/Artifactory/OSX/rundev-master-debug/202310260154/runtime/3fe4f1c/runTime/Maya.app/Contents/bin/mayapy,-DPYTHON_LIBRARIES=/local/S/jenkins/workspace/shared/Artifactory/OSX/rundev-master-debug/202310260154/runtime/3fe4f1c/runTime/Maya.app/Contents/Frameworks/Python.framework/Versions/Current/lib/libpython3.10.dylib,-DBUILD_WITH_PYTHON_3=ON,-DBUILD_WITH_PYTHON_3_VERSION=3.10,-DBUILD_UB2=ON,-DCMAKE_WANT_MATERIALX_BUILD=ON,-DCMAKE_PREFIX_PATH=/local/S/jenkins/workspace/shared/Artifactory/OSX/USD/a9d0dd1 '--ctest-args=--parallel 8' --stages=build --redirect-outstream-file=False --install-location /local/S/jenkins/workspace/ECP/ecg-maya-hydra/ecg-maya-hydra-branch-preflight-python3-osx/install/Debug/MayaHydra /local/S/jenkins/workspace/ECP/ecg-maya-hydra/ecg-maya-hydra-branch-preflight-python3-osx
[2023-11-10T17:33:20.575Z] Modified environment variables:
[2023-11-10T17:33:20.575Z]     PATH=/local/S/jenkins/workspace/shared/Artifactory/OSX/cmake/3.20.3/2594509/bin:/opt/homebrew/bin:/usr/local/bin:/bin:/usr/sbin:/sbin:/usr/bin:/usr/bin:/bin:/usr/sbin:/sbin
[2023-11-10T17:33:22.372Z]     [1/100] Building CXX object lib/flowViewport/CMakeFiles/flowViewport.dir/debugCodes.cpp.o
[2023-11-10T17:33:22.372Z]     [2/100] Building CXX object lib/flowViewport/CMakeFiles/flowViewport.dir/tokens.cpp.o
[2023-11-10T17:33:22.372Z]     [3/100] Building CXX object lib/flowViewport/CMakeFiles/flowViewport.dir/colorPreferences/fvpColorPreferencesTokens.cpp.o
[2023-11-10T17:33:22.372Z]     [4/100] Building CXX object lib/flowViewport/CMakeFiles/flowViewport.dir/sceneIndex/fvpPathInterface.cpp.o
[2023-11-10T17:33:22.921Z]     [5/100] Building CXX object lib/flowViewport/CMakeFiles/flowViewport.dir/global.cpp.o
[2023-11-10T17:33:22.921Z]     [6/100] Building CXX object lib/flowViewport/CMakeFiles/flowViewport.dir/colorPreferences/fvpColorChanged.cpp.o
[2023-11-10T17:33:22.921Z]     [7/100] Building CXX object lib/flowViewport/CMakeFiles/flowViewport.dir/sceneIndex/fvpSelectionInterface.cpp.o
[2023-11-10T17:33:22.921Z]     [8/100] Building CXX object lib/flowViewport/CMakeFiles/flowViewport.dir/colorPreferences/fvpColorPreferences.cpp.o
[2023-11-10T17:33:23.471Z]     [9/100] Building CXX object lib/mayaHydra/ufeExtensions/CMakeFiles/ufeExtensions.dir/Global.cpp.o
[2023-11-10T17:33:24.018Z]     [10/100] Linking CXX shared library lib/mayaHydra/ufeExtensions/libufeExtensions.dylib
[2023-11-10T17:33:24.018Z]     [11/100] Building CXX object lib/flowViewport/CMakeFiles/flowViewport.dir/API/interfacesImp/fvpVersionInterfaceImp.cpp.o
[2023-11-10T17:33:25.161Z]     [12/100] Automatic MOC for target adskHydraSceneBrowser
[2023-11-10T17:33:25.161Z]     [13/100] Building CXX object lib/flowViewport/CMakeFiles/flowViewport.dir/API/interfacesImp/fvpSelectionInterfaceImp.cpp.o
[2023-11-10T17:33:27.050Z]     [14/100] Building CXX object lib/flowViewport/CMakeFiles/flowViewport.dir/sceneIndex/fvpMergingSceneIndex.cpp.o
[2023-11-10T17:33:27.050Z]     [15/100] Building CXX object lib/flowViewport/CMakeFiles/flowViewport.dir/sceneIndex/fvpPassThroughSelectionInterfaceSceneIndex.cpp.o
[2023-11-10T17:33:27.050Z]     [16/100] Building CXX object lib/flowViewport/CMakeFiles/flowViewport.dir/sceneIndex/fvpPathInterfaceSceneIndex.cpp.o
[2023-11-10T17:33:27.700Z]     [17/100] Building CXX object lib/flowViewport/CMakeFiles/flowViewport.dir/sceneIndex/fvpRenderIndexProxy.cpp.o
[2023-11-10T17:33:28.276Z]     [18/100] Building CXX object lib/flowViewport/CMakeFiles/flowViewport.dir/sceneIndex/fvpSelectionSceneIndex.cpp.o
[2023-11-10T17:33:29.446Z]     [19/100] Building CXX object lib/flowViewport/CMakeFiles/flowViewport.dir/sceneIndex/fvpWireframeSelectionHighlightSceneIndex.cpp.o
[2023-11-10T17:33:30.658Z]     [20/100] Building CXX object lib/adskHydraSceneBrowser/lib/CMakeFiles/adskHydraSceneBrowser.dir/src/patch/sceneIndexObserverLoggingTreeView.cpp.o
[2023-11-10T17:33:31.227Z]     [21/100] Building CXX object lib/adskHydraSceneBrowser/lib/CMakeFiles/adskHydraSceneBrowser.dir/adskHydraSceneBrowser_autogen/mocs_compilation.cpp.o
[2023-11-10T17:33:31.803Z]     [22/100] Building CXX object lib/adskHydraSceneBrowser/lib/CMakeFiles/adskHydraSceneBrowser.dir/src/patch/registeredSceneIndexChooser.cpp.o
[2023-11-10T17:33:32.991Z]     [23/100] Building CXX object lib/adskHydraSceneBrowser/lib/CMakeFiles/adskHydraSceneBrowser.dir/src/patch/sceneIndexObserverLoggingWidget.cpp.o
[2023-11-10T17:33:32.991Z]     [24/100] Building CXX object lib/adskHydraSceneBrowser/lib/CMakeFiles/adskHydraSceneBrowser.dir/src/patch/dataSourceValueTreeView.cpp.o
[2023-11-10T17:33:33.668Z]     [25/100] Building CXX object lib/adskHydraSceneBrowser/lib/CMakeFiles/adskHydraSceneBrowser.dir/src/patch/dataSourceTreeWidget.cpp.o
[2023-11-10T17:33:33.668Z]     [26/100] Building CXX object lib/adskHydraSceneBrowser/lib/CMakeFiles/adskHydraSceneBrowser.dir/src/patch/sceneIndexDebuggerWidget.cpp.o
[2023-11-10T17:33:34.232Z]     [27/100] Building CXX object lib/flowViewport/CMakeFiles/flowViewport.dir/API/samples/fvpSelectionClientExample.cpp.o
[2023-11-10T17:33:34.815Z]     [28/100] Building CXX object lib/mayaHydra/mayaPlugin/CMakeFiles/mayaHydra.dir/colorNotFoundException.cpp.o
[2023-11-10T17:33:35.361Z]     [29/100] Building CXX object lib/adskHydraSceneBrowser/lib/CMakeFiles/adskHydraSceneBrowser.dir/src/patch/sceneIndexTreeWidget.cpp.o
[2023-11-10T17:33:35.361Z]     [30/100] Linking CXX shared library lib/adskHydraSceneBrowser/lib/libadskHydraSceneBrowser.dylib
[2023-11-10T17:33:36.543Z]     [31/100] Building CXX object plugin/mayaHydraSceneBrowserTest/CMakeFiles/mayaHydraSceneBrowserTest.dir/mayaHydraSceneBrowserTestCmd.cpp.o
[2023-11-10T17:33:37.110Z]     [32/100] Building CXX object lib/mayaHydra/mayaPlugin/CMakeFiles/mayaHydra.dir/mayaColorPreferencesTranslator.cpp.o
[2023-11-10T17:33:37.110Z]     [33/100] Building CXX object lib/adskHydraSceneBrowser/test/CMakeFiles/adskHydraSceneBrowserTesting.dir/adskHydraSceneBrowserTesting.cpp.o
[2023-11-10T17:33:37.772Z]     [34/100] Building CXX object plugin/mayaHydraSceneBrowser/CMakeFiles/mayaHydraSceneBrowser.dir/mayaHydraSceneBrowser.cpp.o
[2023-11-10T17:33:37.772Z]     [35/100] Building CXX object lib/mayaHydra/mayaPlugin/CMakeFiles/mayaHydra.dir/pluginDebugCodes.cpp.o
[2023-11-10T17:33:38.336Z]     [36/100] Building CXX object lib/mayaHydra/mayaPlugin/CMakeFiles/mayaHydra.dir/tokens.cpp.o
[2023-11-10T17:33:38.910Z]     [37/100] Building CXX object lib/flowViewport/CMakeFiles/flowViewport.dir/selection/fvpSelectionTracker.cpp.o
[2023-11-10T17:33:38.910Z]     [38/100] Building CXX object lib/adskHydraSceneBrowser/test/CMakeFiles/adskHydraSceneBrowserTesting.dir/adskHydraSceneBrowserTestFixture.cpp.o
[2023-11-10T17:33:38.910Z]     [39/100] Building CXX object lib/flowViewport/CMakeFiles/flowViewport.dir/selection/fvpSelectionTask.cpp.o
[2023-11-10T17:33:39.463Z]     [40/100] Linking CXX shared library lib/adskHydraSceneBrowser/test/libadskHydraSceneBrowserTesting.dylib
[2023-11-10T17:33:39.463Z]     [41/100] Linking CXX shared library lib/flowViewport/libflowViewport.dylib
[2023-11-10T17:33:39.463Z]     [42/100] Building CXX object lib/mayaHydra/hydraExtensions/CMakeFiles/mayaHydraLib.dir/debugCodes.cpp.o
[2023-11-10T17:33:40.654Z]     [43/100] Building CXX object lib/mayaHydra/hydraExtensions/CMakeFiles/mayaHydraLib.dir/mayaUtils.cpp.o
[2023-11-10T17:33:43.284Z]     [44/100] Building CXX object lib/mayaHydra/hydraExtensions/CMakeFiles/mayaHydraLib.dir/interfaceImp.cpp.o
[2023-11-10T17:33:43.284Z]     [45/100] Building CXX object lib/mayaHydra/mayaPlugin/CMakeFiles/mayaHydra.dir/plugin.cpp.o
[2023-11-10T17:33:43.284Z]     [46/100] Building CXX object lib/mayaHydra/hydraExtensions/CMakeFiles/mayaHydraLib.dir/hydraUtils.cpp.o
[2023-11-10T17:33:43.284Z]     [47/100] Building CXX object lib/mayaHydra/mayaPlugin/CMakeFiles/mayaHydra.dir/pluginUtils.cpp.o
[2023-11-10T17:33:44.483Z]     [48/100] Building CXX object lib/mayaHydra/hydraExtensions/CMakeFiles/mayaHydraLib.dir/mixedUtils.cpp.o
[2023-11-10T17:33:44.484Z]     [49/100] Building CXX object lib/mayaHydra/hydraExtensions/CMakeFiles/mayaHydraLib.dir/adapters/adapterDebugCodes.cpp.o
[2023-11-10T17:33:46.374Z]     [50/100] Building CXX object lib/mayaHydra/mayaPlugin/CMakeFiles/mayaHydra.dir/viewCommand.cpp.o
[2023-11-10T17:33:46.374Z]     /Volumes/DATA/local/S/jenkins/workspace/ECP/ecg-maya-hydra/ecg-maya-hydra-branch-preflight-python3-osx/ecg-maya-hydra/maya-hydra/lib/mayaHydra/mayaPlugin/viewCommand.cpp:33:9: warning: MAYAHYDRA_CUT_ID is not defined [-W#pragma-messages]
[2023-11-10T17:33:46.374Z]     #pragma message("MAYAHYDRA_CUT_ID is not defined")
[2023-11-10T17:33:46.374Z]             ^
[2023-11-10T17:33:46.374Z]     1 warning generated.
[2023-11-10T17:33:46.374Z]     /Volumes/DATA/local/S/jenkins/workspace/ECP/ecg-maya-hydra/ecg-maya-hydra-branch-preflight-python3-osx/ecg-maya-hydra/maya-hydra/lib/mayaHydra/mayaPlugin/viewCommand.cpp:33:9: warning: MAYAHYDRA_CUT_ID is not defined [-W#pragma-messages]
[2023-11-10T17:33:46.374Z]     #pragma message("MAYAHYDRA_CUT_ID is not defined")
[2023-11-10T17:33:46.374Z]             ^
[2023-11-10T17:33:46.374Z]     1 warning generated.
[2023-11-10T17:33:48.234Z]     [51/100] Building CXX object lib/mayaHydra/mayaPlugin/CMakeFiles/mayaHydra.dir/renderOverride.cpp.o
[2023-11-10T17:33:48.234Z]     [52/100] Building CXX object lib/mayaHydra/mayaPlugin/CMakeFiles/mayaHydra.dir/renderGlobals.cpp.o
[2023-11-10T17:33:50.908Z]     [53/100] Building CXX object lib/mayaHydra/hydraExtensions/CMakeFiles/mayaHydraLib.dir/adapters/adapter.cpp.o
[2023-11-10T17:33:51.463Z]     [54/100] Building CXX object lib/mayaHydra/hydraExtensions/CMakeFiles/mayaHydraLib.dir/adapters/adapterRegistry.cpp.o
[2023-11-10T17:33:52.019Z]     [55/100] Building CXX object lib/mayaHydra/hydraExtensions/CMakeFiles/mayaHydraLib.dir/adapters/areaLightAdapter.cpp.o
[2023-11-10T17:33:52.593Z]     [56/100] Building CXX object lib/mayaHydra/hydraExtensions/CMakeFiles/mayaHydraLib.dir/adapters/aiSkydomeLightAdapter.cpp.o
[2023-11-10T17:33:53.752Z]     [57/100] Building CXX object lib/mayaHydra/hydraExtensions/CMakeFiles/mayaHydraLib.dir/adapters/mayaAttrs.cpp.o
[2023-11-10T17:33:53.752Z]     [58/100] Building CXX object lib/mayaHydra/hydraExtensions/CMakeFiles/mayaHydraLib.dir/mayaHydraSceneProducer.cpp.o
[2023-11-10T17:33:54.327Z]     [59/100] Building CXX object lib/mayaHydra/hydraExtensions/CMakeFiles/mayaHydraLib.dir/adapters/cameraAdapter.cpp.o
[2023-11-10T17:33:55.528Z]     [60/100] Building CXX object lib/mayaHydra/hydraExtensions/CMakeFiles/mayaHydraLib.dir/adapters/dagAdapter.cpp.o
[2023-11-10T17:33:56.773Z]     [61/100] Building CXX object lib/mayaHydra/hydraExtensions/CMakeFiles/mayaHydraLib.dir/adapters/renderItemAdapter.cpp.o
[2023-11-10T17:33:58.737Z]     [62/100] Building CXX object lib/mayaHydra/hydraExtensions/CMakeFiles/mayaHydraLib.dir/adapters/lightAdapter.cpp.o
[2023-11-10T17:33:59.929Z]     [63/100] Building CXX object lib/mayaHydra/hydraExtensions/CMakeFiles/mayaHydraLib.dir/adapters/directionalLightAdapter.cpp.o
[2023-11-10T17:33:59.929Z]     [64/100] Building CXX object lib/mayaHydra/hydraExtensions/CMakeFiles/mayaHydraLib.dir/adapters/materialAdapter.cpp.o
[2023-11-10T17:34:00.523Z]     [65/100] Building CXX object lib/mayaHydra/hydraExtensions/CMakeFiles/mayaHydraLib.dir/adapters/tokens.cpp.o
[2023-11-10T17:34:01.725Z]     [66/100] Building CXX object lib/mayaHydra/hydraExtensions/CMakeFiles/mayaHydraLib.dir/adapters/meshAdapter.cpp.o
[2023-11-10T17:34:01.725Z]     [67/100] Building CXX object lib/mayaHydra/hydraExtensions/CMakeFiles/mayaHydraLib.dir/adapters/nurbsCurveAdapter.cpp.o
[2023-11-10T17:34:02.298Z]     [68/100] Building CXX object lib/mayaHydra/hydraExtensions/CMakeFiles/mayaHydraLib.dir/delegates/delegateDebugCodes.cpp.o
[2023-11-10T17:34:02.866Z]     [69/100] Building CXX object lib/mayaHydra/hydraExtensions/CMakeFiles/mayaHydraLib.dir/adapters/materialNetworkConverter.cpp.o
[2023-11-10T17:34:03.438Z]     [70/100] Building CXX object lib/mayaHydra/hydraExtensions/CMakeFiles/mayaHydraLib.dir/adapters/pointLightAdapter.cpp.o
[2023-11-10T17:34:03.438Z]     [71/100] Building CXX object lib/mayaHydra/hydraExtensions/CMakeFiles/mayaHydraLib.dir/adapters/shapeAdapter.cpp.o
[2023-11-10T17:34:06.162Z]     [72/100] Building CXX object lib/mayaHydra/hydraExtensions/CMakeFiles/mayaHydraLib.dir/adapters/spotLightAdapter.cpp.o
[2023-11-10T17:34:06.737Z]     [73/100] Building CXX object lib/mayaHydra/hydraExtensions/CMakeFiles/mayaHydraLib.dir/delegates/delegate.cpp.o
[2023-11-10T17:34:07.308Z]     [74/100] Building CXX object lib/mayaHydra/hydraExtensions/CMakeFiles/mayaHydraLib.dir/delegates/delegateCtx.cpp.o
[2023-11-10T17:34:09.179Z]     [75/100] Building CXX object lib/mayaHydra/hydraExtensions/CMakeFiles/mayaHydraLib.dir/delegates/delegateRegistry.cpp.o
[2023-11-10T17:34:09.750Z]     [76/100] Building CXX object lib/mayaHydra/hydraExtensions/CMakeFiles/mayaHydraLib.dir/sceneIndex/registration.cpp.o
[2023-11-10T17:34:12.397Z]     [77/100] Building CXX object lib/mayaHydra/hydraExtensions/CMakeFiles/mayaHydraLib.dir/delegates/sceneDelegate.cpp.o
[2023-11-10T17:34:14.276Z]     [78/100] Building CXX object lib/mayaHydra/hydraExtensions/CMakeFiles/mayaHydraLib.dir/delegates/defaultLightDelegate.cpp.o
[2023-11-10T17:34:14.276Z]     [79/100] Building CXX object lib/mayaHydra/hydraExtensions/CMakeFiles/mayaHydraLib.dir/sceneIndex/mayaHydraPrimvarDataSource.cpp.o
[2023-11-10T17:34:14.276Z]     [80/100] Building CXX object lib/mayaHydra/hydraExtensions/CMakeFiles/mayaHydraLib.dir/delegates/testDelegate.cpp.o
[2023-11-10T17:34:16.160Z]     [81/100] Building CXX object test/lib/mayaUsd/render/mayaToHydra/cpp/CMakeFiles/mayaHydraCppTests.dir/mayaHydraCppTestsCmd.cpp.o
[2023-11-10T17:34:16.160Z]     [82/100] Building CXX object lib/mayaHydra/hydraExtensions/CMakeFiles/mayaHydraLib.dir/sceneIndex/mayaHydraDataSource.cpp.o
[2023-11-10T17:34:16.160Z]     [83/100] Building CXX object lib/mayaHydra/hydraExtensions/CMakeFiles/mayaHydraLib.dir/sceneIndex/mayaHydraDisplayStyleDataSource.cpp.o
[2023-11-10T17:34:16.716Z]     [84/100] Building CXX object lib/mayaHydra/hydraExtensions/CMakeFiles/mayaHydraLib.dir/sceneIndex/mayaHydraSceneIndex.cpp.o
[2023-11-10T17:34:16.716Z]     [85/100] Building CXX object lib/mayaHydra/hydraExtensions/CMakeFiles/mayaHydraLib.dir/sceneIndex/mayaHydraCameraDataSource.cpp.o
[2023-11-10T17:34:17.293Z]     [86/100] Building CXX object test/lib/mayaUsd/render/mayaToHydra/cpp/CMakeFiles/mayaHydraCppTests.dir/testCppFramework.cpp.o
[2023-11-10T17:34:18.532Z]     [87/100] Building CXX object test/lib/mayaUsd/render/mayaToHydra/cpp/CMakeFiles/mayaHydraCppTests.dir/testColorPreferences.cpp.o
[2023-11-10T17:34:18.532Z]     [88/100] Building CXX object test/lib/mayaUsd/render/mayaToHydra/cpp/CMakeFiles/mayaHydraCppTests.dir/testUtils.cpp.o
[2023-11-10T17:34:19.082Z]     [89/100] Building CXX object lib/mayaHydra/hydraExtensions/CMakeFiles/mayaHydraLib.dir/sceneIndex/mayaHydraLightDataSource.cpp.o
[2023-11-10T17:34:21.609Z]     [90/100] Building CXX object test/lib/mayaUsd/render/mayaToHydra/cpp/CMakeFiles/mayaHydraCppTests.dir/testMayaSceneFlattening.cpp.o
[2023-11-10T17:34:21.609Z]     [91/100] Building CXX object test/lib/mayaUsd/render/mayaToHydra/cpp/CMakeFiles/mayaHydraCppTests.dir/testMayaUsdUfeItems.cpp.o
[2023-11-10T17:34:21.609Z]     [92/100] Building CXX object lib/mayaHydra/hydraExtensions/CMakeFiles/mayaHydraLib.dir/sceneIndex/mayaHydraDefaultLightDataSource.cpp.o
[2023-11-10T17:34:22.194Z]     [93/100] Building CXX object test/lib/mayaUsd/render/mayaToHydra/cpp/CMakeFiles/mayaHydraCppTests.dir/testWireframeSelectionHighlightSceneIndex.cpp.o
[2023-11-10T17:34:22.194Z]     [94/100] Linking CXX shared library lib/mayaHydra/hydraExtensions/libmayaHydraLib.dylib
[2023-11-10T17:34:22.739Z]     [95/100] Building CXX object test/lib/mayaUsd/render/mayaToHydra/cpp/CMakeFiles/mayaHydraCppTests.dir/testSelectionSceneIndex.cpp.o
[2023-11-10T17:34:22.739Z]     [96/100] Linking CXX shared library plugin/mayaHydraSceneBrowser/mayaHydraSceneBrowser.bundle
[2023-11-10T17:34:22.739Z]     [97/100] Linking CXX shared library plugin/mayaHydraSceneBrowserTest/mayaHydraSceneBrowserTest.bundle
[2023-11-10T17:34:22.739Z]     [98/100] Linking CXX shared library lib/mayaHydra/mayaPlugin/mayaHydra.bundle
[2023-11-10T17:34:23.875Z]     [99/100] Building CXX object test/lib/mayaUsd/render/mayaToHydra/cpp/CMakeFiles/mayaHydraCppTests.dir/testMergingSceneIndex.cpp.o
[2023-11-10T17:34:23.875Z]     [100/100] Linking CXX shared library test/lib/mayaUsd/render/mayaToHydra/cpp/mayaHydraCppTests.bundle
[2023-11-10T17:34:23.875Z]     
[2023-11-10T17:34:23.875Z]         Building with settings:
[2023-11-10T17:34:23.875Z]           Source directory          /Volumes/DATA/local/S/jenkins/workspace/ECP/ecg-maya-hydra/ecg-maya-hydra-branch-preflight-python3-osx/ecg-maya-hydra/maya-hydra
[2023-11-10T17:34:23.875Z]           Workspace directory       /local/S/jenkins/workspace/ECP/ecg-maya-hydra/ecg-maya-hydra-branch-preflight-python3-osx
[2023-11-10T17:34:23.875Z]           Build directory           /local/S/jenkins/workspace/ECP/ecg-maya-hydra/ecg-maya-hydra-branch-preflight-python3-osx/build/Debug
[2023-11-10T17:34:23.875Z]           Install directory         /local/S/jenkins/workspace/ECP/ecg-maya-hydra/ecg-maya-hydra-branch-preflight-python3-osx/install/Debug/MayaHydra
[2023-11-10T17:34:23.875Z]           Variant                   Debug
[2023-11-10T17:34:23.875Z]           Python Debug              Off
[2023-11-10T17:34:23.875Z]           CMake generator           Ninja
[2023-11-10T17:34:23.875Z]           Build arguments           ['-DCMAKE_MAKE_PROGRAM=/local/S/jenkins/workspace/shared/Artifactory/OSX/ninja/1.10.2/95d0ca5/ninja', '-DPYTHON_INCLUDE_DIR=/local/S/jenkins/workspace/shared/Artifactory/OSX/rundev-master-debug/202310260154/runtime/3fe4f1c/runTime/Maya.app/Contents/Frameworks/Python.framework/Versions/Current/include/python3.10', '-DPython_EXECUTABLE=/local/S/jenkins/workspace/shared/Artifactory/OSX/rundev-master-debug/202310260154/runtime/3fe4f1c/runTime/Maya.app/Contents/bin/mayapy', '-DPYTHON_LIBRARIES=/local/S/jenkins/workspace/shared/Artifactory/OSX/rundev-master-debug/202310260154/runtime/3fe4f1c/runTime/Maya.app/Contents/Frameworks/Python.framework/Versions/Current/lib/libpython3.10.dylib', '-DBUILD_WITH_PYTHON_3=ON', '-DBUILD_WITH_PYTHON_3_VERSION=3.10', '-DBUILD_UB2=ON', '-DCMAKE_WANT_MATERIALX_BUILD=ON', '-DCMAKE_PREFIX_PATH=/local/S/jenkins/workspace/shared/Artifactory/OSX/USD/a9d0dd1']
[2023-11-10T17:34:23.875Z]           Stages arguments          ['build']
[2023-11-10T17:34:23.875Z]           CTest arguments           ['--parallel 8']
[2023-11-10T17:34:23.875Z]     Success MayaHydra build and install !!!!
[2023-11-10T17:34:23.875Z]     Elapsed time: 00:01:03
[Pipeline] sh
[2023-11-10T17:34:25.479Z] + python ecg-maya-hydra/build.py --stages=build --workspace-dir=/local/S/jenkins/workspace/ECP/ecg-maya-hydra/ecg-maya-hydra-branch-preflight-python3-osx --artifactory-dir=/local/S/jenkins/workspace/shared/Artifactory --build-dir=/local/S/jenkins/workspace/ECP/ecg-maya-hydra/ecg-maya-hydra-branch-preflight-python3-osx/build --install-dir=/local/S/jenkins/workspace/ECP/ecg-maya-hydra/ecg-maya-hydra-branch-preflight-python3-osx/install --signing-dir=/local/S/jenkins/workspace/ECP/ecg-maya-hydra/ecg-maya-hydra-branch-preflight-python3-osx/signing --package-dir=/local/S/jenkins/workspace/ECP/ecg-maya-hydra/ecg-maya-hydra-branch-preflight-python3-osx/package --output-dir=/local/S/jenkins/workspace/ECP/ecg-maya-hydra/ecg-maya-hydra-branch-preflight-python3-osx/output --stash-dir=/local/S/jenkins/workspace/ECP/ecg-maya-hydra/ecg-maya-hydra-branch-preflight-python3-osx/stash --jenkins-build=382 --git-commit=f4e7d2b7882b60458753b9c09444f9526172c500 --git-branch=master --variants=RelWithDebInfo --interactive-tests=true --post-zips=false --osx-binary-architecture-target=ub2 --osx-deployment-target=11.0 --osx-base-sdk=CurrentActiveSDK --build-retry=3 --maya-cut-config=maya-rundev-master.yaml --maya-package=rundev-master --stage-banner
[2023-11-10T17:34:25.480Z] Using Maya cut from /local/S/jenkins/workspace/shared/Artifactory/OSX/rundev-master/202311060140/runtime/e9a5ae1
[2023-11-10T17:34:25.480Z] Using Maya ADSK Signatures from /local/S/jenkins/workspace/shared/Artifactory/OSX/adsk-plugin-signatures-maya/2023/3ae1ae7
[2023-11-10T17:34:25.480Z] Using Maya Security Library from /local/S/jenkins/workspace/shared/Artifactory/OSX/maya-security-library/3.4.0/5e08f3e
[2023-11-10T17:34:25.480Z] 
[2023-11-10T17:34:25.480Z] ================================================================================
[2023-11-10T17:34:25.480Z]                              build (RelWithDebInfo)
[2023-11-10T17:34:25.480Z] ================================================================================
[2023-11-10T17:34:25.480Z] Maya Python RelWithDebInfo Info:
[2023-11-10T17:34:25.480Z]   mayapy executable   = /local/S/jenkins/workspace/shared/Artifactory/OSX/rundev-master/202311060140/runtime/e9a5ae1/runTime/Maya.app/Contents/bin/mayapy
[2023-11-10T17:34:25.480Z]   Include Folder      = /local/S/jenkins/workspace/shared/Artifactory/OSX/rundev-master/202311060140/runtime/e9a5ae1/runTime/Maya.app/Contents/Frameworks/Python.framework/Versions/Current/include/python3.10
[2023-11-10T17:34:25.480Z]   Library             = /local/S/jenkins/workspace/shared/Artifactory/OSX/rundev-master/202311060140/runtime/e9a5ae1/runTime/Maya.app/Contents/Frameworks/Python.framework/Versions/Current/lib/libpython3.10.dylib
[2023-11-10T17:34:25.480Z]   site-package Folder = /local/S/jenkins/workspace/shared/Artifactory/OSX/rundev-master/202311060140/runtime/e9a5ae1/runTime/Maya.app/Contents/Frameworks/Python.framework/Versions/Current/lib/python3.10/site-packages
[2023-11-10T17:34:25.480Z] In workdir: /Volumes/DATA/local/S/jenkins/workspace/ECP/ecg-maya-hydra/ecg-maya-hydra-branch-preflight-python3-osx/ecg-maya-hydra/maya-hydra
[2023-11-10T17:34:25.480Z] Executing: arch -arch arm64 /local/S/jenkins/workspace/shared/Artifactory/OSX/rundev-master/202311060140/runtime/e9a5ae1/runTime/Maya.app/Contents/bin/mayapy /Volumes/DATA/local/S/jenkins/workspace/ECP/ecg-maya-hydra/ecg-maya-hydra-branch-preflight-python3-osx/ecg-maya-hydra/maya-hydra/build.py --generator Ninja --build-relwithdebug --maya-location /local/S/jenkins/workspace/shared/Artifactory/OSX/rundev-master/202311060140/runtime/e9a5ae1/runTime --devkit-location /local/S/jenkins/workspace/shared/Artifactory/OSX/rundev-master/202311060140/runtime/e9a5ae1/devkitBase --pxrusd-location /local/S/jenkins/workspace/shared/Artifactory/OSX/USD/b595ab2 --build-args=-DCMAKE_MAKE_PROGRAM=/local/S/jenkins/workspace/shared/Artifactory/OSX/ninja/1.10.2/95d0ca5/ninja,-DPYTHON_INCLUDE_DIR=/local/S/jenkins/workspace/shared/Artifactory/OSX/rundev-master/202311060140/runtime/e9a5ae1/runTime/Maya.app/Contents/Frameworks/Python.framework/Versions/Current/include/python3.10,-DPython_EXECUTABLE=/local/S/jenkins/workspace/shared/Artifactory/OSX/rundev-master/202311060140/runtime/e9a5ae1/runTime/Maya.app/Contents/bin/mayapy,-DPYTHON_LIBRARIES=/local/S/jenkins/workspace/shared/Artifactory/OSX/rundev-master/202311060140/runtime/e9a5ae1/runTime/Maya.app/Contents/Frameworks/Python.framework/Versions/Current/lib/libpython3.10.dylib,-DBUILD_WITH_PYTHON_3=ON,-DBUILD_WITH_PYTHON_3_VERSION=3.10,-DBUILD_UB2=ON,-DCMAKE_WANT_MATERIALX_BUILD=ON,-DCMAKE_PREFIX_PATH=/local/S/jenkins/workspace/shared/Artifactory/OSX/USD/b595ab2 '--ctest-args=--parallel 8' --stages=build --redirect-outstream-file=False --install-location /local/S/jenkins/workspace/ECP/ecg-maya-hydra/ecg-maya-hydra-branch-preflight-python3-osx/install/RelWithDebInfo/MayaHydra /local/S/jenkins/workspace/ECP/ecg-maya-hydra/ecg-maya-hydra-branch-preflight-python3-osx
[2023-11-10T17:34:25.480Z] Modified environment variables:
[2023-11-10T17:34:25.480Z]     PATH=/local/S/jenkins/workspace/shared/Artifactory/OSX/cmake/3.20.3/2594509/bin:/opt/homebrew/bin:/usr/local/bin:/bin:/usr/sbin:/sbin:/usr/bin:/usr/bin:/bin:/usr/sbin:/sbin
[2023-11-10T17:34:26.673Z]     [1/100] Building CXX object lib/mayaHydra/mayaPlugin/CMakeFiles/mayaHydra.dir/colorNotFoundException.cpp.o
[2023-11-10T17:34:26.673Z]     [2/100] Building CXX object lib/mayaHydra/mayaPlugin/CMakeFiles/mayaHydra.dir/pluginDebugCodes.cpp.o
[2023-11-10T17:34:26.673Z]     [3/100] Building CXX object lib/mayaHydra/mayaPlugin/CMakeFiles/mayaHydra.dir/tokens.cpp.o
[2023-11-10T17:34:27.879Z]     [4/100] Building CXX object lib/mayaHydra/hydraExtensions/CMakeFiles/mayaHydraLib.dir/debugCodes.cpp.o
[2023-11-10T17:34:28.457Z]     [5/100] Building CXX object lib/mayaHydra/mayaPlugin/CMakeFiles/mayaHydra.dir/mayaColorPreferencesTranslator.cpp.o
[2023-11-10T17:34:29.032Z]     [6/100] Building CXX object lib/mayaHydra/hydraExtensions/CMakeFiles/mayaHydraLib.dir/mayaUtils.cpp.o
[2023-11-10T17:34:31.644Z]     [7/100] Building CXX object lib/mayaHydra/hydraExtensions/CMakeFiles/mayaHydraLib.dir/interfaceImp.cpp.o
[2023-11-10T17:34:32.214Z]     [8/100] Building CXX object lib/mayaHydra/hydraExtensions/CMakeFiles/mayaHydraLib.dir/hydraUtils.cpp.o
[2023-11-10T17:34:32.771Z]     [9/100] Building CXX object lib/mayaHydra/mayaPlugin/CMakeFiles/mayaHydra.dir/pluginUtils.cpp.o
[2023-11-10T17:34:33.347Z]     [10/100] Building CXX object lib/mayaHydra/hydraExtensions/CMakeFiles/mayaHydraLib.dir/mixedUtils.cpp.o
[2023-11-10T17:34:33.347Z]     [11/100] Building CXX object lib/mayaHydra/hydraExtensions/CMakeFiles/mayaHydraLib.dir/adapters/adapterDebugCodes.cpp.o
[2023-11-10T17:34:33.918Z]     [12/100] Building CXX object lib/mayaHydra/mayaPlugin/CMakeFiles/mayaHydra.dir/plugin.cpp.o
[2023-11-10T17:34:34.571Z]     [13/100] Building CXX object lib/mayaHydra/mayaPlugin/CMakeFiles/mayaHydra.dir/viewCommand.cpp.o
[2023-11-10T17:34:34.571Z]     /Volumes/DATA/local/S/jenkins/workspace/ECP/ecg-maya-hydra/ecg-maya-hydra-branch-preflight-python3-osx/ecg-maya-hydra/maya-hydra/lib/mayaHydra/mayaPlugin/viewCommand.cpp:33:9: warning: MAYAHYDRA_CUT_ID is not defined [-W#pragma-messages]
[2023-11-10T17:34:34.571Z]     #pragma message("MAYAHYDRA_CUT_ID is not defined")
[2023-11-10T17:34:34.571Z]             ^
[2023-11-10T17:34:34.571Z]     1 warning generated.
[2023-11-10T17:34:34.571Z]     /Volumes/DATA/local/S/jenkins/workspace/ECP/ecg-maya-hydra/ecg-maya-hydra-branch-preflight-python3-osx/ecg-maya-hydra/maya-hydra/lib/mayaHydra/mayaPlugin/viewCommand.cpp:33:9: warning: MAYAHYDRA_CUT_ID is not defined [-W#pragma-messages]
[2023-11-10T17:34:34.571Z]     #pragma message("MAYAHYDRA_CUT_ID is not defined")
[2023-11-10T17:34:34.571Z]             ^
[2023-11-10T17:34:34.571Z]     1 warning generated.
[2023-11-10T17:34:39.003Z]     [14/100] Building CXX object lib/mayaHydra/mayaPlugin/CMakeFiles/mayaHydra.dir/renderOverride.cpp.o
[2023-11-10T17:34:39.646Z]     [15/100] Building CXX object lib/mayaHydra/hydraExtensions/CMakeFiles/mayaHydraLib.dir/adapters/adapter.cpp.o
[2023-11-10T17:34:40.218Z]     [16/100] Building CXX object lib/mayaHydra/mayaPlugin/CMakeFiles/mayaHydra.dir/renderGlobals.cpp.o
[2023-11-10T17:34:41.377Z]     [17/100] Building CXX object lib/mayaHydra/hydraExtensions/CMakeFiles/mayaHydraLib.dir/adapters/areaLightAdapter.cpp.o
[2023-11-10T17:34:42.112Z]     [18/100] Building CXX object lib/mayaHydra/hydraExtensions/CMakeFiles/mayaHydraLib.dir/adapters/adapterRegistry.cpp.o
[2023-11-10T17:34:42.725Z]     [19/100] Building CXX object lib/mayaHydra/hydraExtensions/CMakeFiles/mayaHydraLib.dir/adapters/aiSkydomeLightAdapter.cpp.o
[2023-11-10T17:34:42.725Z]     [20/100] Building CXX object lib/mayaHydra/hydraExtensions/CMakeFiles/mayaHydraLib.dir/adapters/cameraAdapter.cpp.o
[2023-11-10T17:34:43.296Z]     [21/100] Building CXX object lib/mayaHydra/hydraExtensions/CMakeFiles/mayaHydraLib.dir/mayaHydraSceneProducer.cpp.o
[2023-11-10T17:34:43.878Z]     [22/100] Building CXX object lib/mayaHydra/hydraExtensions/CMakeFiles/mayaHydraLib.dir/adapters/mayaAttrs.cpp.o
[2023-11-10T17:34:47.495Z]     [23/100] Building CXX object lib/mayaHydra/hydraExtensions/CMakeFiles/mayaHydraLib.dir/adapters/dagAdapter.cpp.o
[2023-11-10T17:34:48.691Z]     [24/100] Building CXX object lib/mayaHydra/hydraExtensions/CMakeFiles/mayaHydraLib.dir/adapters/lightAdapter.cpp.o
[2023-11-10T17:34:49.245Z]     [25/100] Building CXX object lib/mayaHydra/hydraExtensions/CMakeFiles/mayaHydraLib.dir/adapters/directionalLightAdapter.cpp.o
[2023-11-10T17:34:49.821Z]     [26/100] Building CXX object lib/mayaHydra/hydraExtensions/CMakeFiles/mayaHydraLib.dir/adapters/renderItemAdapter.cpp.o
[2023-11-10T17:34:52.679Z]     [27/100] Building CXX object lib/mayaHydra/hydraExtensions/CMakeFiles/mayaHydraLib.dir/adapters/tokens.cpp.o
[2023-11-10T17:34:52.679Z]     [28/100] Building CXX object lib/mayaHydra/hydraExtensions/CMakeFiles/mayaHydraLib.dir/adapters/materialAdapter.cpp.o
[2023-11-10T17:34:53.254Z]     [29/100] Building CXX object lib/mayaHydra/hydraExtensions/CMakeFiles/mayaHydraLib.dir/adapters/nurbsCurveAdapter.cpp.o
[2023-11-10T17:34:53.254Z]     [30/100] Building CXX object lib/mayaHydra/hydraExtensions/CMakeFiles/mayaHydraLib.dir/adapters/meshAdapter.cpp.o
[2023-11-10T17:34:53.835Z]     [31/100] Building CXX object lib/mayaHydra/hydraExtensions/CMakeFiles/mayaHydraLib.dir/delegates/delegateDebugCodes.cpp.o
[2023-11-10T17:34:55.720Z]     [32/100] Building CXX object lib/mayaHydra/hydraExtensions/CMakeFiles/mayaHydraLib.dir/adapters/pointLightAdapter.cpp.o
[2023-11-10T17:34:56.291Z]     [33/100] Building CXX object lib/mayaHydra/hydraExtensions/CMakeFiles/mayaHydraLib.dir/adapters/shapeAdapter.cpp.o
[2023-11-10T17:34:56.858Z]     [34/100] Building CXX object lib/mayaHydra/hydraExtensions/CMakeFiles/mayaHydraLib.dir/adapters/materialNetworkConverter.cpp.o
[2023-11-10T17:34:58.061Z]     [35/100] Building CXX object lib/mayaHydra/hydraExtensions/CMakeFiles/mayaHydraLib.dir/adapters/spotLightAdapter.cpp.o
[2023-11-10T17:34:58.061Z]     [36/100] Building CXX object lib/mayaHydra/hydraExtensions/CMakeFiles/mayaHydraLib.dir/delegates/delegate.cpp.o
[2023-11-10T17:34:58.630Z]     [37/100] Building CXX object lib/mayaHydra/hydraExtensions/CMakeFiles/mayaHydraLib.dir/delegates/delegateCtx.cpp.o
[2023-11-10T17:35:01.263Z]     [38/100] Building CXX object lib/mayaHydra/hydraExtensions/CMakeFiles/mayaHydraLib.dir/delegates/delegateRegistry.cpp.o
[2023-11-10T17:35:03.879Z]     [39/100] Building CXX object lib/mayaHydra/hydraExtensions/CMakeFiles/mayaHydraLib.dir/sceneIndex/registration.cpp.o
[2023-11-10T17:35:06.557Z]     [40/100] Building CXX object lib/mayaHydra/hydraExtensions/CMakeFiles/mayaHydraLib.dir/sceneIndex/mayaHydraPrimvarDataSource.cpp.o
[2023-11-10T17:35:07.792Z]     [41/100] Building CXX object lib/mayaHydra/hydraExtensions/CMakeFiles/mayaHydraLib.dir/delegates/defaultLightDelegate.cpp.o
[2023-11-10T17:35:07.792Z]     [42/100] Building CXX object lib/mayaHydra/hydraExtensions/CMakeFiles/mayaHydraLib.dir/delegates/testDelegate.cpp.o
[2023-11-10T17:35:08.960Z]     [43/100] Building CXX object lib/mayaHydra/hydraExtensions/CMakeFiles/mayaHydraLib.dir/sceneIndex/mayaHydraDisplayStyleDataSource.cpp.o
[2023-11-10T17:35:10.161Z]     [44/100] Building CXX object lib/mayaHydra/hydraExtensions/CMakeFiles/mayaHydraLib.dir/delegates/sceneDelegate.cpp.o
[2023-11-10T17:35:10.725Z]     [45/100] Building CXX object test/lib/mayaUsd/render/mayaToHydra/cpp/CMakeFiles/mayaHydraCppTests.dir/mayaHydraCppTestsCmd.cpp.o
[2023-11-10T17:35:10.725Z]     [46/100] Building CXX object lib/mayaHydra/hydraExtensions/CMakeFiles/mayaHydraLib.dir/sceneIndex/mayaHydraDataSource.cpp.o
[2023-11-10T17:35:12.670Z]     [47/100] Building CXX object lib/mayaHydra/hydraExtensions/CMakeFiles/mayaHydraLib.dir/sceneIndex/mayaHydraCameraDataSource.cpp.o
[2023-11-10T17:35:12.670Z]     [48/100] Building CXX object test/lib/mayaUsd/render/mayaToHydra/cpp/CMakeFiles/mayaHydraCppTests.dir/testCppFramework.cpp.o
[2023-11-10T17:35:12.670Z]     [49/100] Building CXX object test/lib/mayaUsd/render/mayaToHydra/cpp/CMakeFiles/mayaHydraCppTests.dir/testUtils.cpp.o
[2023-11-10T17:35:13.238Z]     [50/100] Building CXX object lib/mayaHydra/hydraExtensions/CMakeFiles/mayaHydraLib.dir/sceneIndex/mayaHydraLightDataSource.cpp.o
[2023-11-10T17:35:13.782Z]     [51/100] Building CXX object lib/mayaHydra/hydraExtensions/CMakeFiles/mayaHydraLib.dir/sceneIndex/mayaHydraSceneIndex.cpp.o
[2023-11-10T17:35:13.782Z]     [52/100] Building CXX object test/lib/mayaUsd/render/mayaToHydra/cpp/CMakeFiles/mayaHydraCppTests.dir/testColorPreferences.cpp.o
[2023-11-10T17:35:16.311Z]     [53/100] Building CXX object lib/mayaHydra/ufeExtensions/CMakeFiles/ufeExtensions.dir/Global.cpp.o
[2023-11-10T17:35:16.869Z]     [54/100] Linking CXX shared library lib/mayaHydra/ufeExtensions/libufeExtensions.dylib
[2023-11-10T17:35:18.034Z]     [55/100] Automatic MOC for target adskHydraSceneBrowser
[2023-11-10T17:35:18.034Z]     [56/100] Building CXX object lib/flowViewport/CMakeFiles/flowViewport.dir/debugCodes.cpp.o
[2023-11-10T17:35:18.743Z]     [57/100] Building CXX object test/lib/mayaUsd/render/mayaToHydra/cpp/CMakeFiles/mayaHydraCppTests.dir/testMayaSceneFlattening.cpp.o
[2023-11-10T17:35:18.743Z]     [58/100] Building CXX object lib/mayaHydra/hydraExtensions/CMakeFiles/mayaHydraLib.dir/sceneIndex/mayaHydraDefaultLightDataSource.cpp.o
[2023-11-10T17:35:19.951Z]     [59/100] Building CXX object test/lib/mayaUsd/render/mayaToHydra/cpp/CMakeFiles/mayaHydraCppTests.dir/testMayaUsdUfeItems.cpp.o
[2023-11-10T17:35:21.831Z]     [60/100] Building CXX object test/lib/mayaUsd/render/mayaToHydra/cpp/CMakeFiles/mayaHydraCppTests.dir/testSelectionSceneIndex.cpp.o
[2023-11-10T17:35:22.404Z]     [61/100] Building CXX object test/lib/mayaUsd/render/mayaToHydra/cpp/CMakeFiles/mayaHydraCppTests.dir/testWireframeSelectionHighlightSceneIndex.cpp.o
[2023-11-10T17:35:23.607Z]     [62/100] Building CXX object test/lib/mayaUsd/render/mayaToHydra/cpp/CMakeFiles/mayaHydraCppTests.dir/testMergingSceneIndex.cpp.o
[2023-11-10T17:35:24.183Z]     [63/100] Building CXX object lib/adskHydraSceneBrowser/lib/CMakeFiles/adskHydraSceneBrowser.dir/src/patch/sceneIndexObserverLoggingTreeView.cpp.o
[2023-11-10T17:35:24.183Z]     [64/100] Building CXX object lib/adskHydraSceneBrowser/lib/CMakeFiles/adskHydraSceneBrowser.dir/adskHydraSceneBrowser_autogen/mocs_compilation.cpp.o
[2023-11-10T17:35:24.748Z]     [65/100] Building CXX object lib/adskHydraSceneBrowser/lib/CMakeFiles/adskHydraSceneBrowser.dir/src/patch/registeredSceneIndexChooser.cpp.o
[2023-11-10T17:35:25.344Z]     [66/100] Building CXX object lib/adskHydraSceneBrowser/lib/CMakeFiles/adskHydraSceneBrowser.dir/src/patch/dataSourceValueTreeView.cpp.o
[2023-11-10T17:35:26.544Z]     [67/100] Building CXX object lib/adskHydraSceneBrowser/lib/CMakeFiles/adskHydraSceneBrowser.dir/src/patch/dataSourceTreeWidget.cpp.o
[2023-11-10T17:35:27.123Z]     [68/100] Building CXX object lib/adskHydraSceneBrowser/lib/CMakeFiles/adskHydraSceneBrowser.dir/src/patch/sceneIndexObserverLoggingWidget.cpp.o
[2023-11-10T17:35:27.691Z]     [69/100] Building CXX object lib/flowViewport/CMakeFiles/flowViewport.dir/global.cpp.o
[2023-11-10T17:35:28.298Z]     [70/100] Building CXX object lib/flowViewport/CMakeFiles/flowViewport.dir/tokens.cpp.o
[2023-11-10T17:35:28.872Z]     [71/100] Building CXX object lib/adskHydraSceneBrowser/lib/CMakeFiles/adskHydraSceneBrowser.dir/src/patch/sceneIndexDebuggerWidget.cpp.o
[2023-11-10T17:35:28.872Z]     [72/100] Building CXX object lib/flowViewport/CMakeFiles/flowViewport.dir/colorPreferences/fvpColorChanged.cpp.o
[2023-11-10T17:35:28.872Z]     [73/100] Building CXX object plugin/mayaHydraSceneBrowserTest/CMakeFiles/mayaHydraSceneBrowserTest.dir/mayaHydraSceneBrowserTestCmd.cpp.o
[2023-11-10T17:35:28.872Z]     [74/100] Building CXX object lib/flowViewport/CMakeFiles/flowViewport.dir/sceneIndex/fvpPathInterface.cpp.o
[2023-11-10T17:35:29.450Z]     [75/100] Building CXX object lib/flowViewport/CMakeFiles/flowViewport.dir/colorPreferences/fvpColorPreferences.cpp.o
[2023-11-10T17:35:30.007Z]     [76/100] Building CXX object lib/flowViewport/CMakeFiles/flowViewport.dir/colorPreferences/fvpColorPreferencesTokens.cpp.o
[2023-11-10T17:35:30.007Z]     [77/100] Building CXX object lib/adskHydraSceneBrowser/test/CMakeFiles/adskHydraSceneBrowserTesting.dir/adskHydraSceneBrowserTesting.cpp.o
[2023-11-10T17:35:30.008Z]     [78/100] Building CXX object lib/flowViewport/CMakeFiles/flowViewport.dir/sceneIndex/fvpSelectionInterface.cpp.o
[2023-11-10T17:35:30.590Z]     [79/100] Building CXX object plugin/mayaHydraSceneBrowser/CMakeFiles/mayaHydraSceneBrowser.dir/mayaHydraSceneBrowser.cpp.o
[2023-11-10T17:35:30.590Z]     [80/100] Building CXX object lib/adskHydraSceneBrowser/lib/CMakeFiles/adskHydraSceneBrowser.dir/src/patch/sceneIndexTreeWidget.cpp.o
[2023-11-10T17:35:31.147Z]     [81/100] Linking CXX shared library lib/adskHydraSceneBrowser/lib/libadskHydraSceneBrowser.dylib
[2023-11-10T17:35:31.147Z]     [82/100] Building CXX object lib/flowViewport/CMakeFiles/flowViewport.dir/API/interfacesImp/fvpVersionInterfaceImp.cpp.o
[2023-11-10T17:35:32.346Z]     [83/100] Building CXX object lib/flowViewport/CMakeFiles/flowViewport.dir/API/interfacesImp/fvpSelectionInterfaceImp.cpp.o
[2023-11-10T17:35:32.346Z]     [84/100] Building CXX object lib/flowViewport/CMakeFiles/flowViewport.dir/sceneIndex/fvpPathInterfaceSceneIndex.cpp.o
[2023-11-10T17:35:32.908Z]     [85/100] Building CXX object lib/flowViewport/CMakeFiles/flowViewport.dir/sceneIndex/fvpMergingSceneIndex.cpp.o
[2023-11-10T17:35:32.908Z]     [86/100] Building CXX object lib/flowViewport/CMakeFiles/flowViewport.dir/sceneIndex/fvpPassThroughSelectionInterfaceSceneIndex.cpp.o
[2023-11-10T17:35:33.457Z]     [87/100] Building CXX object lib/flowViewport/CMakeFiles/flowViewport.dir/API/samples/fvpSelectionClientExample.cpp.o
[2023-11-10T17:35:33.457Z]     [88/100] Building CXX object lib/flowViewport/CMakeFiles/flowViewport.dir/sceneIndex/fvpRenderIndexProxy.cpp.o
[2023-11-10T17:35:35.250Z]     [89/100] Building CXX object lib/flowViewport/CMakeFiles/flowViewport.dir/sceneIndex/fvpSelectionSceneIndex.cpp.o
[2023-11-10T17:35:36.386Z]     [90/100] Building CXX object lib/adskHydraSceneBrowser/test/CMakeFiles/adskHydraSceneBrowserTesting.dir/adskHydraSceneBrowserTestFixture.cpp.o
[2023-11-10T17:35:36.386Z]     [91/100] Building CXX object lib/flowViewport/CMakeFiles/flowViewport.dir/sceneIndex/fvpWireframeSelectionHighlightSceneIndex.cpp.o
[2023-11-10T17:35:36.386Z]     [92/100] Linking CXX shared library lib/adskHydraSceneBrowser/test/libadskHydraSceneBrowserTesting.dylib
[2023-11-10T17:35:36.386Z]     [93/100] Building CXX object lib/flowViewport/CMakeFiles/flowViewport.dir/selection/fvpSelectionTracker.cpp.o
[2023-11-10T17:35:36.931Z]     [94/100] Building CXX object lib/flowViewport/CMakeFiles/flowViewport.dir/selection/fvpSelectionTask.cpp.o
[2023-11-10T17:35:36.931Z]     [95/100] Linking CXX shared library lib/flowViewport/libflowViewport.dylib
[2023-11-10T17:35:37.494Z]     [96/100] Linking CXX shared library lib/mayaHydra/hydraExtensions/libmayaHydraLib.dylib
[2023-11-10T17:35:37.494Z]     [97/100] Linking CXX shared library plugin/mayaHydraSceneBrowserTest/mayaHydraSceneBrowserTest.bundle
[2023-11-10T17:35:37.494Z]     [98/100] Linking CXX shared library plugin/mayaHydraSceneBrowser/mayaHydraSceneBrowser.bundle
[2023-11-10T17:35:37.494Z]     [99/100] Linking CXX shared library test/lib/mayaUsd/render/mayaToHydra/cpp/mayaHydraCppTests.bundle
[2023-11-10T17:35:37.494Z]     [100/100] Linking CXX shared library lib/mayaHydra/mayaPlugin/mayaHydra.bundle
[2023-11-10T17:35:37.494Z]     
[2023-11-10T17:35:37.494Z]         Building with settings:
[2023-11-10T17:35:37.494Z]           Source directory          /Volumes/DATA/local/S/jenkins/workspace/ECP/ecg-maya-hydra/ecg-maya-hydra-branch-preflight-python3-osx/ecg-maya-hydra/maya-hydra
[2023-11-10T17:35:37.494Z]           Workspace directory       /local/S/jenkins/workspace/ECP/ecg-maya-hydra/ecg-maya-hydra-branch-preflight-python3-osx
[2023-11-10T17:35:37.494Z]           Build directory           /local/S/jenkins/workspace/ECP/ecg-maya-hydra/ecg-maya-hydra-branch-preflight-python3-osx/build/RelWithDebInfo
[2023-11-10T17:35:37.494Z]           Install directory         /local/S/jenkins/workspace/ECP/ecg-maya-hydra/ecg-maya-hydra-branch-preflight-python3-osx/install/RelWithDebInfo/MayaHydra
[2023-11-10T17:35:37.494Z]           Variant                   RelWithDebInfo
[2023-11-10T17:35:37.494Z]           Python Debug              Off
[2023-11-10T17:35:37.494Z]           CMake generator           Ninja
[2023-11-10T17:35:37.494Z]           Build arguments           ['-DCMAKE_MAKE_PROGRAM=/local/S/jenkins/workspace/shared/Artifactory/OSX/ninja/1.10.2/95d0ca5/ninja', '-DPYTHON_INCLUDE_DIR=/local/S/jenkins/workspace/shared/Artifactory/OSX/rundev-master/202311060140/runtime/e9a5ae1/runTime/Maya.app/Contents/Frameworks/Python.framework/Versions/Current/include/python3.10', '-DPython_EXECUTABLE=/local/S/jenkins/workspace/shared/Artifactory/OSX/rundev-master/202311060140/runtime/e9a5ae1/runTime/Maya.app/Contents/bin/mayapy', '-DPYTHON_LIBRARIES=/local/S/jenkins/workspace/shared/Artifactory/OSX/rundev-master/202311060140/runtime/e9a5ae1/runTime/Maya.app/Contents/Frameworks/Python.framework/Versions/Current/lib/libpython3.10.dylib', '-DBUILD_WITH_PYTHON_3=ON', '-DBUILD_WITH_PYTHON_3_VERSION=3.10', '-DBUILD_UB2=ON', '-DCMAKE_WANT_MATERIALX_BUILD=ON', '-DCMAKE_PREFIX_PATH=/local/S/jenkins/workspace/shared/Artifactory/OSX/USD/b595ab2']
[2023-11-10T17:35:37.494Z]           Stages arguments          ['build']
[2023-11-10T17:35:37.494Z]           CTest arguments           ['--parallel 8']
[2023-11-10T17:35:37.494Z]     Success MayaHydra build and install !!!!
[2023-11-10T17:35:37.494Z]     Elapsed time: 00:01:11
[Pipeline] }
[Pipeline] // withEnv
[Pipeline] }
[Pipeline] // timeout
[Pipeline] }
[Pipeline] // stage
[Pipeline] }
[Pipeline] // timestamps
[Pipeline] timestamps
[Pipeline] {
[Pipeline] stage
[Pipeline] { (Install)
[Pipeline] timeout
[2023-11-10T17:35:37.854Z] Timeout set to expire in 6 hr 0 min
[Pipeline] {
[Pipeline] withEnv
[Pipeline] {
[Pipeline] sh
[2023-11-10T17:35:39.502Z] + python ecg-maya-hydra/build.py --stages=install --workspace-dir=/local/S/jenkins/workspace/ECP/ecg-maya-hydra/ecg-maya-hydra-branch-preflight-python3-osx --artifactory-dir=/local/S/jenkins/workspace/shared/Artifactory --build-dir=/local/S/jenkins/workspace/ECP/ecg-maya-hydra/ecg-maya-hydra-branch-preflight-python3-osx/build --install-dir=/local/S/jenkins/workspace/ECP/ecg-maya-hydra/ecg-maya-hydra-branch-preflight-python3-osx/install --signing-dir=/local/S/jenkins/workspace/ECP/ecg-maya-hydra/ecg-maya-hydra-branch-preflight-python3-osx/signing --package-dir=/local/S/jenkins/workspace/ECP/ecg-maya-hydra/ecg-maya-hydra-branch-preflight-python3-osx/package --output-dir=/local/S/jenkins/workspace/ECP/ecg-maya-hydra/ecg-maya-hydra-branch-preflight-python3-osx/output --stash-dir=/local/S/jenkins/workspace/ECP/ecg-maya-hydra/ecg-maya-hydra-branch-preflight-python3-osx/stash --jenkins-build=382 --git-commit=f4e7d2b7882b60458753b9c09444f9526172c500 --git-branch=master --variants=Debug --interactive-tests=true --post-zips=false --osx-binary-architecture-target=ub2 --osx-deployment-target=11.0 --osx-base-sdk=CurrentActiveSDK --maya-cut-config=maya-rundev-master-debug.yaml --maya-package=rundev-master-debug --stage-banner
[2023-11-10T17:35:39.503Z] Using Maya cut from /local/S/jenkins/workspace/shared/Artifactory/OSX/rundev-master-debug/202310260154/runtime/3fe4f1c
[2023-11-10T17:35:39.503Z] Using Maya ADSK Signatures from /local/S/jenkins/workspace/shared/Artifactory/OSX/adsk-plugin-signatures-maya/2023/3ae1ae7
[2023-11-10T17:35:39.503Z] Using Maya Security Library from /local/S/jenkins/workspace/shared/Artifactory/OSX/maya-security-library/3.4.0/5e08f3e
[2023-11-10T17:35:39.503Z] 
[2023-11-10T17:35:39.503Z] ================================================================================
[2023-11-10T17:35:39.503Z]                                 install (Debug)
[2023-11-10T17:35:39.503Z] ================================================================================
[2023-11-10T17:35:39.503Z] Maya Python Debug Info:
[2023-11-10T17:35:39.503Z]   mayapy executable   = /local/S/jenkins/workspace/shared/Artifactory/OSX/rundev-master-debug/202310260154/runtime/3fe4f1c/runTime/Maya.app/Contents/bin/mayapy
[2023-11-10T17:35:39.503Z]   Include Folder      = /local/S/jenkins/workspace/shared/Artifactory/OSX/rundev-master-debug/202310260154/runtime/3fe4f1c/runTime/Maya.app/Contents/Frameworks/Python.framework/Versions/Current/include/python3.10
[2023-11-10T17:35:39.503Z]   Library             = /local/S/jenkins/workspace/shared/Artifactory/OSX/rundev-master-debug/202310260154/runtime/3fe4f1c/runTime/Maya.app/Contents/Frameworks/Python.framework/Versions/Current/lib/libpython3.10.dylib
[2023-11-10T17:35:39.503Z]   site-package Folder = /local/S/jenkins/workspace/shared/Artifactory/OSX/rundev-master-debug/202310260154/runtime/3fe4f1c/runTime/Maya.app/Contents/Frameworks/Python.framework/Versions/Current/lib/python3.10/site-packages
[2023-11-10T17:35:39.503Z] In workdir: /Volumes/DATA/local/S/jenkins/workspace/ECP/ecg-maya-hydra/ecg-maya-hydra-branch-preflight-python3-osx/ecg-maya-hydra/maya-hydra
[2023-11-10T17:35:39.503Z] Executing: arch -arch arm64 /local/S/jenkins/workspace/shared/Artifactory/OSX/rundev-master-debug/202310260154/runtime/3fe4f1c/runTime/Maya.app/Contents/bin/mayapy /Volumes/DATA/local/S/jenkins/workspace/ECP/ecg-maya-hydra/ecg-maya-hydra-branch-preflight-python3-osx/ecg-maya-hydra/maya-hydra/build.py --generator Ninja --build-debug --maya-location /local/S/jenkins/workspace/shared/Artifactory/OSX/rundev-master-debug/202310260154/runtime/3fe4f1c/runTime --devkit-location /local/S/jenkins/workspace/shared/Artifactory/OSX/rundev-master-debug/202310260154/runtime/3fe4f1c/devkitBase --pxrusd-location /local/S/jenkins/workspace/shared/Artifactory/OSX/USD/a9d0dd1 --build-args=-DCMAKE_MAKE_PROGRAM=/local/S/jenkins/workspace/shared/Artifactory/OSX/ninja/1.10.2/95d0ca5/ninja,-DPYTHON_INCLUDE_DIR=/local/S/jenkins/workspace/shared/Artifactory/OSX/rundev-master-debug/202310260154/runtime/3fe4f1c/runTime/Maya.app/Contents/Frameworks/Python.framework/Versions/Current/include/python3.10,-DPython_EXECUTABLE=/local/S/jenkins/workspace/shared/Artifactory/OSX/rundev-master-debug/202310260154/runtime/3fe4f1c/runTime/Maya.app/Contents/bin/mayapy,-DPYTHON_LIBRARIES=/local/S/jenkins/workspace/shared/Artifactory/OSX/rundev-master-debug/202310260154/runtime/3fe4f1c/runTime/Maya.app/Contents/Frameworks/Python.framework/Versions/Current/lib/libpython3.10.dylib,-DBUILD_WITH_PYTHON_3=ON,-DBUILD_WITH_PYTHON_3_VERSION=3.10,-DBUILD_UB2=ON,-DCMAKE_WANT_MATERIALX_BUILD=ON,-DCMAKE_PREFIX_PATH=/local/S/jenkins/workspace/shared/Artifactory/OSX/USD/a9d0dd1 '--ctest-args=--parallel 8' --stages=install --redirect-outstream-file=False --install-location /local/S/jenkins/workspace/ECP/ecg-maya-hydra/ecg-maya-hydra-branch-preflight-python3-osx/install/Debug/MayaHydra /local/S/jenkins/workspace/ECP/ecg-maya-hydra/ecg-maya-hydra-branch-preflight-python3-osx
[2023-11-10T17:35:39.503Z] Modified environment variables:
[2023-11-10T17:35:39.503Z]     PATH=/local/S/jenkins/workspace/shared/Artifactory/OSX/cmake/3.20.3/2594509/bin:/opt/homebrew/bin:/usr/local/bin:/bin:/usr/sbin:/sbin:/usr/bin:/usr/bin:/bin:/usr/sbin:/sbin
[2023-11-10T17:35:40.044Z]     [0/1] Install the project...
[2023-11-10T17:35:40.044Z]     -- Install configuration: "Debug"
[2023-11-10T17:35:40.594Z]     
[2023-11-10T17:35:40.594Z]         Building with settings:
[2023-11-10T17:35:40.594Z]           Source directory          /Volumes/DATA/local/S/jenkins/workspace/ECP/ecg-maya-hydra/ecg-maya-hydra-branch-preflight-python3-osx/ecg-maya-hydra/maya-hydra
[2023-11-10T17:35:40.594Z]           Workspace directory       /local/S/jenkins/workspace/ECP/ecg-maya-hydra/ecg-maya-hydra-branch-preflight-python3-osx
[2023-11-10T17:35:40.594Z]           Build directory           /local/S/jenkins/workspace/ECP/ecg-maya-hydra/ecg-maya-hydra-branch-preflight-python3-osx/build/Debug
[2023-11-10T17:35:40.594Z]           Install directory         /local/S/jenkins/workspace/ECP/ecg-maya-hydra/ecg-maya-hydra-branch-preflight-python3-osx/install/Debug/MayaHydra
[2023-11-10T17:35:40.594Z]           Variant                   Debug
[2023-11-10T17:35:40.594Z]           Python Debug              Off
[2023-11-10T17:35:40.594Z]           CMake generator           Ninja
[2023-11-10T17:35:40.594Z]           Build arguments           ['-DCMAKE_MAKE_PROGRAM=/local/S/jenkins/workspace/shared/Artifactory/OSX/ninja/1.10.2/95d0ca5/ninja', '-DPYTHON_INCLUDE_DIR=/local/S/jenkins/workspace/shared/Artifactory/OSX/rundev-master-debug/202310260154/runtime/3fe4f1c/runTime/Maya.app/Contents/Frameworks/Python.framework/Versions/Current/include/python3.10', '-DPython_EXECUTABLE=/local/S/jenkins/workspace/shared/Artifactory/OSX/rundev-master-debug/202310260154/runtime/3fe4f1c/runTime/Maya.app/Contents/bin/mayapy', '-DPYTHON_LIBRARIES=/local/S/jenkins/workspace/shared/Artifactory/OSX/rundev-master-debug/202310260154/runtime/3fe4f1c/runTime/Maya.app/Contents/Frameworks/Python.framework/Versions/Current/lib/libpython3.10.dylib', '-DBUILD_WITH_PYTHON_3=ON', '-DBUILD_WITH_PYTHON_3_VERSION=3.10', '-DBUILD_UB2=ON', '-DCMAKE_WANT_MATERIALX_BUILD=ON', '-DCMAKE_PREFIX_PATH=/local/S/jenkins/workspace/shared/Artifactory/OSX/USD/a9d0dd1']
[2023-11-10T17:35:40.594Z]           Stages arguments          ['install']
[2023-11-10T17:35:40.594Z]           CTest arguments           ['--parallel 8']
[2023-11-10T17:35:40.594Z]     Success MayaHydra build and install !!!!
[2023-11-10T17:35:40.594Z]     Elapsed time: 00:00:00
[Pipeline] sh
[2023-11-10T17:35:42.335Z] + python ecg-maya-hydra/build.py --stages=install --workspace-dir=/local/S/jenkins/workspace/ECP/ecg-maya-hydra/ecg-maya-hydra-branch-preflight-python3-osx --artifactory-dir=/local/S/jenkins/workspace/shared/Artifactory --build-dir=/local/S/jenkins/workspace/ECP/ecg-maya-hydra/ecg-maya-hydra-branch-preflight-python3-osx/build --install-dir=/local/S/jenkins/workspace/ECP/ecg-maya-hydra/ecg-maya-hydra-branch-preflight-python3-osx/install --signing-dir=/local/S/jenkins/workspace/ECP/ecg-maya-hydra/ecg-maya-hydra-branch-preflight-python3-osx/signing --package-dir=/local/S/jenkins/workspace/ECP/ecg-maya-hydra/ecg-maya-hydra-branch-preflight-python3-osx/package --output-dir=/local/S/jenkins/workspace/ECP/ecg-maya-hydra/ecg-maya-hydra-branch-preflight-python3-osx/output --stash-dir=/local/S/jenkins/workspace/ECP/ecg-maya-hydra/ecg-maya-hydra-branch-preflight-python3-osx/stash --jenkins-build=382 --git-commit=f4e7d2b7882b60458753b9c09444f9526172c500 --git-branch=master --variants=RelWithDebInfo --interactive-tests=true --post-zips=false --osx-binary-architecture-target=ub2 --osx-deployment-target=11.0 --osx-base-sdk=CurrentActiveSDK --maya-cut-config=maya-rundev-master.yaml --maya-package=rundev-master --stage-banner
[2023-11-10T17:35:42.335Z] Using Maya cut from /local/S/jenkins/workspace/shared/Artifactory/OSX/rundev-master/202311060140/runtime/e9a5ae1
[2023-11-10T17:35:42.335Z] Using Maya ADSK Signatures from /local/S/jenkins/workspace/shared/Artifactory/OSX/adsk-plugin-signatures-maya/2023/3ae1ae7
[2023-11-10T17:35:42.335Z] Using Maya Security Library from /local/S/jenkins/workspace/shared/Artifactory/OSX/maya-security-library/3.4.0/5e08f3e
[2023-11-10T17:35:42.335Z] 
[2023-11-10T17:35:42.335Z] ================================================================================
[2023-11-10T17:35:42.335Z]                             install (RelWithDebInfo)
[2023-11-10T17:35:42.335Z] ================================================================================
[2023-11-10T17:35:42.335Z] Maya Python RelWithDebInfo Info:
[2023-11-10T17:35:42.335Z]   mayapy executable   = /local/S/jenkins/workspace/shared/Artifactory/OSX/rundev-master/202311060140/runtime/e9a5ae1/runTime/Maya.app/Contents/bin/mayapy
[2023-11-10T17:35:42.335Z]   Include Folder      = /local/S/jenkins/workspace/shared/Artifactory/OSX/rundev-master/202311060140/runtime/e9a5ae1/runTime/Maya.app/Contents/Frameworks/Python.framework/Versions/Current/include/python3.10
[2023-11-10T17:35:42.335Z]   Library             = /local/S/jenkins/workspace/shared/Artifactory/OSX/rundev-master/202311060140/runtime/e9a5ae1/runTime/Maya.app/Contents/Frameworks/Python.framework/Versions/Current/lib/libpython3.10.dylib
[2023-11-10T17:35:42.336Z]   site-package Folder = /local/S/jenkins/workspace/shared/Artifactory/OSX/rundev-master/202311060140/runtime/e9a5ae1/runTime/Maya.app/Contents/Frameworks/Python.framework/Versions/Current/lib/python3.10/site-packages
[2023-11-10T17:35:42.336Z] In workdir: /Volumes/DATA/local/S/jenkins/workspace/ECP/ecg-maya-hydra/ecg-maya-hydra-branch-preflight-python3-osx/ecg-maya-hydra/maya-hydra
[2023-11-10T17:35:42.336Z] Executing: arch -arch arm64 /local/S/jenkins/workspace/shared/Artifactory/OSX/rundev-master/202311060140/runtime/e9a5ae1/runTime/Maya.app/Contents/bin/mayapy /Volumes/DATA/local/S/jenkins/workspace/ECP/ecg-maya-hydra/ecg-maya-hydra-branch-preflight-python3-osx/ecg-maya-hydra/maya-hydra/build.py --generator Ninja --build-relwithdebug --maya-location /local/S/jenkins/workspace/shared/Artifactory/OSX/rundev-master/202311060140/runtime/e9a5ae1/runTime --devkit-location /local/S/jenkins/workspace/shared/Artifactory/OSX/rundev-master/202311060140/runtime/e9a5ae1/devkitBase --pxrusd-location /local/S/jenkins/workspace/shared/Artifactory/OSX/USD/b595ab2 --build-args=-DCMAKE_MAKE_PROGRAM=/local/S/jenkins/workspace/shared/Artifactory/OSX/ninja/1.10.2/95d0ca5/ninja,-DPYTHON_INCLUDE_DIR=/local/S/jenkins/workspace/shared/Artifactory/OSX/rundev-master/202311060140/runtime/e9a5ae1/runTime/Maya.app/Contents/Frameworks/Python.framework/Versions/Current/include/python3.10,-DPython_EXECUTABLE=/local/S/jenkins/workspace/shared/Artifactory/OSX/rundev-master/202311060140/runtime/e9a5ae1/runTime/Maya.app/Contents/bin/mayapy,-DPYTHON_LIBRARIES=/local/S/jenkins/workspace/shared/Artifactory/OSX/rundev-master/202311060140/runtime/e9a5ae1/runTime/Maya.app/Contents/Frameworks/Python.framework/Versions/Current/lib/libpython3.10.dylib,-DBUILD_WITH_PYTHON_3=ON,-DBUILD_WITH_PYTHON_3_VERSION=3.10,-DBUILD_UB2=ON,-DCMAKE_WANT_MATERIALX_BUILD=ON,-DCMAKE_PREFIX_PATH=/local/S/jenkins/workspace/shared/Artifactory/OSX/USD/b595ab2 '--ctest-args=--parallel 8' --stages=install --redirect-outstream-file=False --install-location /local/S/jenkins/workspace/ECP/ecg-maya-hydra/ecg-maya-hydra-branch-preflight-python3-osx/install/RelWithDebInfo/MayaHydra /local/S/jenkins/workspace/ECP/ecg-maya-hydra/ecg-maya-hydra-branch-preflight-python3-osx
[2023-11-10T17:35:42.336Z] Modified environment variables:
[2023-11-10T17:35:42.336Z]     PATH=/local/S/jenkins/workspace/shared/Artifactory/OSX/cmake/3.20.3/2594509/bin:/opt/homebrew/bin:/usr/local/bin:/bin:/usr/sbin:/sbin:/usr/bin:/usr/bin:/bin:/usr/sbin:/sbin
[2023-11-10T17:35:42.951Z]     [0/1] Install the project...
[2023-11-10T17:35:42.951Z]     -- Install configuration: "RelWithDebInfo"
[2023-11-10T17:35:42.951Z]     
[2023-11-10T17:35:42.951Z]         Building with settings:
[2023-11-10T17:35:42.951Z]           Source directory          /Volumes/DATA/local/S/jenkins/workspace/ECP/ecg-maya-hydra/ecg-maya-hydra-branch-preflight-python3-osx/ecg-maya-hydra/maya-hydra
[2023-11-10T17:35:42.951Z]           Workspace directory       /local/S/jenkins/workspace/ECP/ecg-maya-hydra/ecg-maya-hydra-branch-preflight-python3-osx
[2023-11-10T17:35:42.951Z]           Build directory           /local/S/jenkins/workspace/ECP/ecg-maya-hydra/ecg-maya-hydra-branch-preflight-python3-osx/build/RelWithDebInfo
[2023-11-10T17:35:42.951Z]           Install directory         /local/S/jenkins/workspace/ECP/ecg-maya-hydra/ecg-maya-hydra-branch-preflight-python3-osx/install/RelWithDebInfo/MayaHydra
[2023-11-10T17:35:42.951Z]           Variant                   RelWithDebInfo
[2023-11-10T17:35:42.951Z]           Python Debug              Off
[2023-11-10T17:35:42.951Z]           CMake generator           Ninja
[2023-11-10T17:35:42.951Z]           Build arguments           ['-DCMAKE_MAKE_PROGRAM=/local/S/jenkins/workspace/shared/Artifactory/OSX/ninja/1.10.2/95d0ca5/ninja', '-DPYTHON_INCLUDE_DIR=/local/S/jenkins/workspace/shared/Artifactory/OSX/rundev-master/202311060140/runtime/e9a5ae1/runTime/Maya.app/Contents/Frameworks/Python.framework/Versions/Current/include/python3.10', '-DPython_EXECUTABLE=/local/S/jenkins/workspace/shared/Artifactory/OSX/rundev-master/202311060140/runtime/e9a5ae1/runTime/Maya.app/Contents/bin/mayapy', '-DPYTHON_LIBRARIES=/local/S/jenkins/workspace/shared/Artifactory/OSX/rundev-master/202311060140/runtime/e9a5ae1/runTime/Maya.app/Contents/Frameworks/Python.framework/Versions/Current/lib/libpython3.10.dylib', '-DBUILD_WITH_PYTHON_3=ON', '-DBUILD_WITH_PYTHON_3_VERSION=3.10', '-DBUILD_UB2=ON', '-DCMAKE_WANT_MATERIALX_BUILD=ON', '-DCMAKE_PREFIX_PATH=/local/S/jenkins/workspace/shared/Artifactory/OSX/USD/b595ab2']
[2023-11-10T17:35:42.951Z]           Stages arguments          ['install']
[2023-11-10T17:35:42.951Z]           CTest arguments           ['--parallel 8']
[2023-11-10T17:35:42.951Z]     Success MayaHydra build and install !!!!
[2023-11-10T17:35:42.951Z]     Elapsed time: 00:00:00
[Pipeline] }
[Pipeline] // withEnv
[Pipeline] }
[Pipeline] // timeout
[Pipeline] }
[Pipeline] // stage
[Pipeline] }
[Pipeline] // timestamps
[Pipeline] timestamps
[Pipeline] {
[Pipeline] stage
[Pipeline] { (Test)
[Pipeline] timeout
[2023-11-10T17:35:43.388Z] Timeout set to expire in 6 hr 0 min
[Pipeline] {
[Pipeline] withEnv
[Pipeline] {
[Pipeline] sh
[2023-11-10T17:35:44.950Z] + python ecg-maya-hydra/build.py --stages=test --workspace-dir=/local/S/jenkins/workspace/ECP/ecg-maya-hydra/ecg-maya-hydra-branch-preflight-python3-osx --artifactory-dir=/local/S/jenkins/workspace/shared/Artifactory --build-dir=/local/S/jenkins/workspace/ECP/ecg-maya-hydra/ecg-maya-hydra-branch-preflight-python3-osx/build --install-dir=/local/S/jenkins/workspace/ECP/ecg-maya-hydra/ecg-maya-hydra-branch-preflight-python3-osx/install --signing-dir=/local/S/jenkins/workspace/ECP/ecg-maya-hydra/ecg-maya-hydra-branch-preflight-python3-osx/signing --package-dir=/local/S/jenkins/workspace/ECP/ecg-maya-hydra/ecg-maya-hydra-branch-preflight-python3-osx/package --output-dir=/local/S/jenkins/workspace/ECP/ecg-maya-hydra/ecg-maya-hydra-branch-preflight-python3-osx/output --stash-dir=/local/S/jenkins/workspace/ECP/ecg-maya-hydra/ecg-maya-hydra-branch-preflight-python3-osx/stash --jenkins-build=382 --git-commit=f4e7d2b7882b60458753b9c09444f9526172c500 --git-branch=master --variants=RelWithDebInfo --interactive-tests=true --post-zips=false --osx-binary-architecture-target=ub2 --osx-deployment-target=11.0 --osx-base-sdk=CurrentActiveSDK --test-jobs=0 --failed-test-retry=3 --maya-cut-config=maya-rundev-master.yaml --maya-package=rundev-master --stage-banner --progressive-timeout
[2023-11-10T17:35:44.950Z] Using Maya cut from /local/S/jenkins/workspace/shared/Artifactory/OSX/rundev-master/202311060140/runtime/e9a5ae1
[2023-11-10T17:35:44.950Z] Using Maya ADSK Signatures from /local/S/jenkins/workspace/shared/Artifactory/OSX/adsk-plugin-signatures-maya/2023/3ae1ae7
[2023-11-10T17:35:44.950Z] Using Maya Security Library from /local/S/jenkins/workspace/shared/Artifactory/OSX/maya-security-library/3.4.0/5e08f3e
[2023-11-10T17:35:44.950Z] 
[2023-11-10T17:35:44.950Z] ================================================================================
[2023-11-10T17:35:44.950Z]                              test (RelWithDebInfo)
[2023-11-10T17:35:44.950Z] ================================================================================
[2023-11-10T17:35:44.950Z] Maya Python RelWithDebInfo Info:
[2023-11-10T17:35:44.950Z]   mayapy executable   = /local/S/jenkins/workspace/shared/Artifactory/OSX/rundev-master/202311060140/runtime/e9a5ae1/runTime/Maya.app/Contents/bin/mayapy
[2023-11-10T17:35:44.950Z]   Include Folder      = /local/S/jenkins/workspace/shared/Artifactory/OSX/rundev-master/202311060140/runtime/e9a5ae1/runTime/Maya.app/Contents/Frameworks/Python.framework/Versions/Current/include/python3.10
[2023-11-10T17:35:44.950Z]   Library             = /local/S/jenkins/workspace/shared/Artifactory/OSX/rundev-master/202311060140/runtime/e9a5ae1/runTime/Maya.app/Contents/Frameworks/Python.framework/Versions/Current/lib/libpython3.10.dylib
[2023-11-10T17:35:44.950Z]   site-package Folder = /local/S/jenkins/workspace/shared/Artifactory/OSX/rundev-master/202311060140/runtime/e9a5ae1/runTime/Maya.app/Contents/Frameworks/Python.framework/Versions/Current/lib/python3.10/site-packages
[2023-11-10T17:35:44.950Z] In workdir: /Volumes/DATA/local/S/jenkins/workspace/ECP/ecg-maya-hydra/ecg-maya-hydra-branch-preflight-python3-osx/ecg-maya-hydra/maya-hydra
[2023-11-10T17:35:44.950Z] Executing: arch -arch arm64 /local/S/jenkins/workspace/shared/Artifactory/OSX/rundev-master/202311060140/runtime/e9a5ae1/runTime/Maya.app/Contents/bin/mayapy /Volumes/DATA/local/S/jenkins/workspace/ECP/ecg-maya-hydra/ecg-maya-hydra-branch-preflight-python3-osx/ecg-maya-hydra/maya-hydra/build.py --generator Ninja --build-relwithdebug --maya-location /local/S/jenkins/workspace/shared/Artifactory/OSX/rundev-master/202311060140/runtime/e9a5ae1/runTime --devkit-location /local/S/jenkins/workspace/shared/Artifactory/OSX/rundev-master/202311060140/runtime/e9a5ae1/devkitBase --pxrusd-location /local/S/jenkins/workspace/shared/Artifactory/OSX/USD/b595ab2 --build-args=-DCMAKE_MAKE_PROGRAM=/local/S/jenkins/workspace/shared/Artifactory/OSX/ninja/1.10.2/95d0ca5/ninja,-DPYTHON_INCLUDE_DIR=/local/S/jenkins/workspace/shared/Artifactory/OSX/rundev-master/202311060140/runtime/e9a5ae1/runTime/Maya.app/Contents/Frameworks/Python.framework/Versions/Current/include/python3.10,-DPython_EXECUTABLE=/local/S/jenkins/workspace/shared/Artifactory/OSX/rundev-master/202311060140/runtime/e9a5ae1/runTime/Maya.app/Contents/bin/mayapy,-DPYTHON_LIBRARIES=/local/S/jenkins/workspace/shared/Artifactory/OSX/rundev-master/202311060140/runtime/e9a5ae1/runTime/Maya.app/Contents/Frameworks/Python.framework/Versions/Current/lib/libpython3.10.dylib,-DBUILD_WITH_PYTHON_3=ON,-DBUILD_WITH_PYTHON_3_VERSION=3.10,-DBUILD_UB2=ON,-DCMAKE_WANT_MATERIALX_BUILD=ON,-DCMAKE_PREFIX_PATH=/local/S/jenkins/workspace/shared/Artifactory/OSX/USD/b595ab2 '--ctest-args=--parallel 8' --stages=test --redirect-outstream-file=False --install-location /local/S/jenkins/workspace/ECP/ecg-maya-hydra/ecg-maya-hydra-branch-preflight-python3-osx/install/RelWithDebInfo/MayaHydra /local/S/jenkins/workspace/ECP/ecg-maya-hydra/ecg-maya-hydra-branch-preflight-python3-osx
[2023-11-10T17:35:44.950Z] Modified environment variables:
[2023-11-10T17:35:44.950Z]     PATH=/local/S/jenkins/workspace/shared/Artifactory/OSX/cmake/3.20.3/2594509/bin:/opt/homebrew/bin:/usr/local/bin:/bin:/usr/sbin:/sbin:/usr/bin:/usr/bin:/bin:/usr/sbin:/sbin
[2023-11-10T17:35:44.950Z]     Test project /Volumes/DATA/local/S/jenkins/workspace/ECP/ecg-maya-hydra/ecg-maya-hydra-branch-preflight-python3-osx/build/RelWithDebInfo
[2023-11-10T17:35:44.950Z]           Start  1: _Interactive_Maya
[2023-11-10T17:35:44.950Z]      1/19 Test  #1: _Interactive_Maya ...........................***Not Run (Disabled)   0.00 sec
[2023-11-10T17:35:44.950Z]           Start  2: testImageDiffing
[2023-11-10T17:35:44.950Z]           Start  3: testMtohCommand
[2023-11-10T17:35:44.950Z]           Start  4: testMeshes
[2023-11-10T17:35:44.950Z]           Start  5: testNamespaces
[2023-11-10T17:35:44.950Z]           Start  6: testVisibility
[2023-11-10T17:35:44.950Z]           Start  7: testRendererSwitching
[2023-11-10T17:35:44.950Z]           Start  8: testSceneBrowser
[2023-11-10T17:35:44.950Z]           Start  9: testStageAddPrim
[2023-11-10T17:35:52.537Z]      2/19 Test  #9: testStageAddPrim ............................   Passed    7.53 sec
[2023-11-10T17:35:52.537Z]           Start 10: testNewSceneWithStage
[2023-11-10T17:35:52.537Z]      3/19 Test  #8: testSceneBrowser ............................   Passed    7.61 sec
[2023-11-10T17:35:52.537Z]           Start 11: testDirectionalLights
[2023-11-10T17:35:53.083Z]      4/19 Test  #5: testNamespaces ..............................   Passed    7.90 sec
[2023-11-10T17:35:53.083Z]           Start 12: testColorPreferences
[2023-11-10T17:35:53.083Z]      5/19 Test  #3: testMtohCommand .............................   Passed    7.97 sec
[2023-11-10T17:35:53.083Z]           Start 13: testCppFramework
[2023-11-10T17:35:53.083Z]      6/19 Test  #7: testRendererSwitching .......................   Passed    8.01 sec
[2023-11-10T17:35:53.083Z]           Start 14: testMayaSceneFlattening
[2023-11-10T17:35:53.083Z]      7/19 Test  #4: testMeshes ..................................   Passed    8.07 sec
[2023-11-10T17:35:53.083Z]           Start 15: testMayaUsdUfeItems
[2023-11-10T17:35:53.626Z]      8/19 Test  #2: testImageDiffing ............................   Passed    8.42 sec
[2023-11-10T17:35:53.626Z]           Start 16: testMergingSceneIndex
[2023-11-10T17:35:54.793Z]      9/19 Test  #6: testVisibility ..............................   Passed    9.47 sec
[2023-11-10T17:35:54.793Z]           Start 17: testSelectionSceneIndex
[2023-11-10T17:36:00.178Z]     10/19 Test #10: testNewSceneWithStage .......................   Passed    7.44 sec
[2023-11-10T17:36:00.178Z]           Start 18: testWireframeSelectionHighlightSceneIndex
[2023-11-10T17:36:00.724Z]     11/19 Test #15: testMayaUsdUfeItems .........................   Passed    7.28 sec
[2023-11-10T17:36:00.724Z]           Start 19: testMeshes_meshAdapter
[2023-11-10T17:36:00.724Z]     12/19 Test #14: testMayaSceneFlattening .....................   Passed    7.48 sec
[2023-11-10T17:36:00.724Z]     13/19 Test #13: testCppFramework ............................   Passed    7.59 sec
[2023-11-10T17:36:00.724Z]     14/19 Test #11: testDirectionalLights .......................***Failed    7.97 sec
[2023-11-10T17:36:00.724Z]     MAYA_DEBUG_NO_SAVE_ON_CRASH is set.
[2023-11-10T17:36:00.724Z]     Warning: Legacy synColor unsupported on this platform.
[2023-11-10T17:36:00.724Z]     Setting of MAYA_COLOR_MANAGEMENT_SYNCOLOR ignored
[2023-11-10T17:36:00.724Z]     Initialized VP2.0 renderer {
[2023-11-10T17:36:00.724Z]       Version : 2016.11.62.12. Feature Level 5.
[2023-11-10T17:36:00.724Z]       Adapter : Apple M1
[2023-11-10T17:36:00.724Z]       Vendor ID: 0. Device ID :
[2023-11-10T17:36:00.724Z]       Driver : 4.1 Metal - 76.3.
[2023-11-10T17:36:00.724Z]       API : OpenGL V.4.1.
[2023-11-10T17:36:00.724Z]       Max texture size : 16384 * 16384.
[2023-11-10T17:36:00.724Z]       Max texture coords : 32
[2023-11-10T17:36:00.724Z]       Shader versions supported (Vertex: 5, Geometry: 5, Pixel 5).
[2023-11-10T17:36:00.724Z]       Shader compiler profile : (Best card profile)
[2023-11-10T17:36:00.724Z]       Active stereo support available : 0
[2023-11-10T17:36:00.724Z]       GPU Memory Limit : 10922 MB.
[2023-11-10T17:36:00.724Z]       CPU Memory Limit : 15564.8 MB.
[2023-11-10T17:36:00.724Z]       MultiDraw consolidation : enabled
[2023-11-10T17:36:00.724Z]     }
[2023-11-10T17:36:00.724Z]     OpenCL evaluator is attempting to initialize OpenCL.
[2023-11-10T17:36:00.724Z]     Detected 1 OpenCL Platforms:
[2023-11-10T17:36:00.724Z]      0: Apple. Apple. OpenCL 1.2 (Apr 19 2022 18:44:44).
[2023-11-10T17:36:00.724Z]      Supported extensions: cl_APPLE_SetMemObjectDestructor cl_APPLE_ContextLoggingFunctions cl_APPLE_clut cl_APPLE_query_kernel_names cl_APPLE_gl_sharing cl_khr_gl_event
[2023-11-10T17:36:00.724Z]      Selected matching OpenCL Platform: Apple Apple OpenCL 1.2 (Apr 19 2022 18:44:44).
[2023-11-10T17:36:00.724Z]     OpenCL evaluator choosing OpenCL platform Apple.
[2023-11-10T17:36:00.724Z]     Choosing OpenCL Device Apple M1.  Device Type: GPU  Device is available.
[2023-11-10T17:36:00.724Z]     
[2023-11-10T17:36:00.724Z]     Coding Error: in Define at line 153 of /Volumes/DATA/local/S/jenkins/workspace/ECP/ecg-usd-build/ecg-usd-full-python3.10-osx/ecg-usd-build/usd/pxr/base/tf/envSetting.cpp -- Multiple definitions of TfEnvSetting variable detected.  This is usually due to software misconfiguration.  Contact the build team for assistance.  (duplicate 'MAYA_HYDRA_USE_MESH_ADAPTER')
[2023-11-10T17:36:00.724Z]     E
[2023-11-10T17:36:00.724Z]     ======================================================================
[2023-11-10T17:36:00.724Z]     ERROR: test_DirectionalLights (__main__.TestDirectionalLights)
[2023-11-10T17:36:00.724Z]     ----------------------------------------------------------------------
[2023-11-10T17:36:00.724Z]     Traceback (most recent call last):
[2023-11-10T17:36:00.724Z]       File "/Volumes/DATA/local/S/jenkins/workspace/ECP/ecg-maya-hydra/ecg-maya-hydra-branch-preflight-python3-osx/ecg-maya-hydra/maya-hydra/test/lib/mayaUsd/render/mayaToHydra/testDirectionalLights.py", line 42, in test_DirectionalLights
[2023-11-10T17:36:00.724Z]         testFile = mayaUtils.openTestScene(
[2023-11-10T17:36:00.724Z]       File "/Volumes/DATA/local/S/jenkins/workspace/ECP/ecg-maya-hydra/ecg-maya-hydra-branch-preflight-python3-osx/ecg-maya-hydra/maya-hydra/test/testUtils/mayaUtils.py", line 132, in openTestScene
[2023-11-10T17:36:00.724Z]         cmds.file(filePath, force=True, open=True)
[2023-11-10T17:36:00.724Z]     RuntimeError: file: /Volumes/DATA/local/S/jenkins/workspace/ECP/ecg-maya-hydra/ecg-maya-hydra-branch-preflight-python3-osx/ecg-maya-hydra/maya-hydra/test/testSamples/testDirectionalLights/UsdStageWithSphereMatXStdSurf.ma line 6: RuntimeError: file <maya console> line 1: Plug-in, "mtoa", was not found on MAYA_PLUG_IN_PATH.
[2023-11-10T17:36:00.724Z]     file: /Volumes/DATA/local/S/jenkins/workspace/ECP/ecg-maya-hydra/ecg-maya-hydra-branch-preflight-python3-osx/ecg-maya-hydra/maya-hydra/test/testSamples/testDirectionalLights/UsdStageWithSphereMatXStdSurf.ma line 8: RuntimeError: file <maya console> line 1: Plug-in, "mayaUsdPlugin", was not found on MAYA_PLUG_IN_PATH.
[2023-11-10T17:36:00.724Z]     file: /Volumes/DATA/local/S/jenkins/workspace/ECP/ecg-maya-hydra/ecg-maya-hydra-branch-preflight-python3-osx/ecg-maya-hydra/maya-hydra/test/testSamples/testDirectionalLights/UsdStageWithSphereMatXStdSurf.ma line 46: The camera 'topShape' has no '.ai_translator' attribute.
[2023-11-10T17:36:00.724Z]     file: /Volumes/DATA/local/S/jenkins/workspace/ECP/ecg-maya-hydra/ecg-maya-hydra-branch-preflight-python3-osx/ecg-maya-hydra/maya-hydra/test/testSamples/testDirectionalLights/UsdStageWithSphereMatXStdSurf.ma line 46: setAttr: No object matches name: .ai_translator
[2023-11-10T17:36:00.724Z]     file: /Volumes/DATA/local/S/jenkins/workspace/ECP/ecg-maya-hydra/ecg-maya-hydra-branch-preflight-python3-osx/ecg-maya-hydra/maya-hydra/test/testSamples/testDirectionalLights/UsdStageWithSphereMatXStdSurf.ma line 62: The camera 'frontShape' has no '.ai_translator' attribute.
[2023-11-10T17:36:00.724Z]     file: /Volumes/DATA/local/S/jenkins/workspace/ECP/ecg-maya-hydra/ecg-maya-hydra-branch-preflight-python3-osx/ecg-maya-hydra/maya-hydra/test/testSamples/testDirectionalLights/UsdStageWithSphereMatXStdSurf.ma line 62: setAttr: No object matches name: .ai_translator
[2023-11-10T17:36:00.725Z]     file: /Volumes/DATA/local/S/jenkins/workspace/ECP/ecg-maya-hydra/ecg-maya-hydra-branch-preflight-python3-osx/ecg-maya-hydra/maya-hydra/test/testSamples/testDirectionalLights/UsdStageWithSphereMatXStdSurf.ma line 79: The camera 'sideShape' has no '.ai_translator' attribute.
[2023-11-10T17:36:00.725Z]     file: /Volumes/DATA/local/S/jenkins/workspace/ECP/ecg-maya-hydra/ecg-maya-hydra-branch-preflight-python3-osx/ecg-maya-hydra/maya-hydra/test/testSamples/testDirectionalLights/UsdStageWithSphereMatXStdSurf.ma line 79: setAttr: No object matches name: .ai_translator
[2023-11-10T17:36:00.725Z]     file: /Volumes/DATA/local/S/jenkins/workspace/ECP/ecg-maya-hydra/ecg-maya-hydra-branch-preflight-python3-osx/ecg-maya-hydra/maya-hydra/test/testSamples/testDirectionalLights/UsdStageWithSphereMatXStdSurf.ma line 89: setAttr: Too much data was provided. The last 1 elements were not used.
[2023-11-10T17:36:00.725Z]     file: /Volumes/DATA/local/S/jenkins/workspace/ECP/ecg-maya-hydra/ecg-maya-hydra-branch-preflight-python3-osx/ecg-maya-hydra/maya-hydra/test/testSamples/testDirectionalLights/UsdStageWithSphereMatXStdSurf.ma line 90: setAttr: Too much data was provided. The last 1 elements were not used.
[2023-11-10T17:36:00.725Z]     Error reading file.
[2023-11-10T17:36:00.725Z]     Error reading file.
[2023-11-10T17:36:00.725Z]     
[2023-11-10T17:36:00.725Z]     
[2023-11-10T17:36:00.725Z]     ----------------------------------------------------------------------
[2023-11-10T17:36:00.725Z]     Ran 1 test in 2.760s
[2023-11-10T17:36:00.725Z]     
[2023-11-10T17:36:00.725Z]     FAILED (errors=1)
[2023-11-10T17:36:00.725Z]     Checksum for file '/local/S/jenkins/workspace/shared/Artifactory/OSX/rundev-master/202311060140/runtime/e9a5ae1/runTime/plug-ins/MASH/scripts/userSetup.py' has not been found. It will be saved.
[2023-11-10T17:36:00.725Z]     
[2023-11-10T17:36:01.269Z]     15/19 Test #12: testColorPreferences ........................   Passed    7.92 sec
[2023-11-10T17:36:01.269Z]     16/19 Test #16: testMergingSceneIndex .......................   Passed    7.49 sec
[2023-11-10T17:36:01.814Z]     17/19 Test #17: testSelectionSceneIndex .....................   Passed    6.91 sec
[2023-11-10T17:36:05.142Z]     18/19 Test #18: testWireframeSelectionHighlightSceneIndex ...   Passed    4.81 sec
[2023-11-10T17:36:05.142Z]     19/19 Test #19: testMeshes_meshAdapter ......................   Passed    4.76 sec
[2023-11-10T17:36:05.142Z]     
[2023-11-10T17:36:05.142Z]     94% tests passed, 1 tests failed out of 18
[2023-11-10T17:36:05.142Z]     
[2023-11-10T17:36:05.142Z]     Label Time Summary:
[2023-11-10T17:36:05.142Z]     Debugging      =   0.00 sec*proc (1 test)
[2023-11-10T17:36:05.142Z]     interactive    = 134.64 sec*proc (18 tests)
[2023-11-10T17:36:05.142Z]     mayaHydra      = 134.64 sec*proc (18 tests)
[2023-11-10T17:36:05.142Z]     
[2023-11-10T17:36:05.142Z]     Total Test time (real) =  20.11 sec
[2023-11-10T17:36:05.142Z]     
[2023-11-10T17:36:05.142Z]     The following tests did not run:
[2023-11-10T17:36:05.142Z]     	  1 - _Interactive_Maya (Disabled)
[2023-11-10T17:36:05.142Z]     
[2023-11-10T17:36:05.142Z]     The following tests FAILED:
[2023-11-10T17:36:05.142Z]     	 11 - testDirectionalLights (Failed)
[2023-11-10T17:36:05.142Z]     Errors while running CTest
[2023-11-10T17:36:05.142Z]     
[2023-11-10T17:36:05.142Z]         Building with settings:
[2023-11-10T17:36:05.142Z]           Source directory          /Volumes/DATA/local/S/jenkins/workspace/ECP/ecg-maya-hydra/ecg-maya-hydra-branch-preflight-python3-osx/ecg-maya-hydra/maya-hydra
[2023-11-10T17:36:05.142Z]           Workspace directory       /local/S/jenkins/workspace/ECP/ecg-maya-hydra/ecg-maya-hydra-branch-preflight-python3-osx
[2023-11-10T17:36:05.142Z]           Build directory           /local/S/jenkins/workspace/ECP/ecg-maya-hydra/ecg-maya-hydra-branch-preflight-python3-osx/build/RelWithDebInfo
[2023-11-10T17:36:05.142Z]           Install directory         /local/S/jenkins/workspace/ECP/ecg-maya-hydra/ecg-maya-hydra-branch-preflight-python3-osx/install/RelWithDebInfo/MayaHydra
[2023-11-10T17:36:05.142Z]           Variant                   RelWithDebInfo
[2023-11-10T17:36:05.142Z]           Python Debug              Off
[2023-11-10T17:36:05.142Z]           CMake generator           Ninja
[2023-11-10T17:36:05.142Z]           Build arguments           ['-DCMAKE_MAKE_PROGRAM=/local/S/jenkins/workspace/shared/Artifactory/OSX/ninja/1.10.2/95d0ca5/ninja', '-DPYTHON_INCLUDE_DIR=/local/S/jenkins/workspace/shared/Artifactory/OSX/rundev-master/202311060140/runtime/e9a5ae1/runTime/Maya.app/Contents/Frameworks/Python.framework/Versions/Current/include/python3.10', '-DPython_EXECUTABLE=/local/S/jenkins/workspace/shared/Artifactory/OSX/rundev-master/202311060140/runtime/e9a5ae1/runTime/Maya.app/Contents/bin/mayapy', '-DPYTHON_LIBRARIES=/local/S/jenkins/workspace/shared/Artifactory/OSX/rundev-master/202311060140/runtime/e9a5ae1/runTime/Maya.app/Contents/Frameworks/Python.framework/Versions/Current/lib/libpython3.10.dylib', '-DBUILD_WITH_PYTHON_3=ON', '-DBUILD_WITH_PYTHON_3_VERSION=3.10', '-DBUILD_UB2=ON', '-DCMAKE_WANT_MATERIALX_BUILD=ON', '-DCMAKE_PREFIX_PATH=/local/S/jenkins/workspace/shared/Artifactory/OSX/USD/b595ab2']
[2023-11-10T17:36:05.142Z]           Stages arguments          ['test']
[2023-11-10T17:36:05.142Z]           CTest arguments           ['--parallel 8']
[2023-11-10T17:36:05.142Z]     #####################################################################################
[2023-11-10T17:36:05.142Z]     log date: 2023-11-10 09:35
[2023-11-10T17:36:05.142Z]     commit sha: 4bd41fffa709498478271bc1506d70daacbf09fa
[2023-11-10T17:36:05.142Z]     commit date: Fri Nov 10 17:21:19 2023 +0100
[2023-11-10T17:36:05.142Z]     #####################################################################################
[2023-11-10T17:36:05.142Z]     
[2023-11-10T17:36:05.142Z]     cmake --build . --config RelWithDebInfo --target install -- -j8
[2023-11-10T17:36:05.142Z]     #####################################################################################
[2023-11-10T17:36:05.142Z]     log date: 2023-11-10 09:35
[2023-11-10T17:36:05.142Z]     commit sha: 4bd41fffa709498478271bc1506d70daacbf09fa
[2023-11-10T17:36:05.142Z]     commit date: Fri Nov 10 17:21:19 2023 +0100
[2023-11-10T17:36:05.142Z]     #####################################################################################
[2023-11-10T17:36:05.142Z]     
[2023-11-10T17:36:05.142Z]     ctest --output-on-failure --timeout 500 -C RelWithDebInfo --parallel 8
[2023-11-10T17:36:05.142Z]     
[2023-11-10T17:36:05.142Z]     Traceback (most recent call last):
[2023-11-10T17:36:05.142Z]       File "/Volumes/DATA/local/S/jenkins/workspace/ECP/ecg-maya-hydra/ecg-maya-hydra-branch-preflight-python3-osx/ecg-maya-hydra/maya-hydra/build.py", line 750, in <module>
[2023-11-10T17:36:05.142Z]         RunTests(context, context.ctestArgs)
[2023-11-10T17:36:05.142Z]       File "/Volumes/DATA/local/S/jenkins/workspace/ECP/ecg-maya-hydra/ecg-maya-hydra-branch-preflight-python3-osx/ecg-maya-hydra/maya-hydra/build.py", line 521, in RunTests
[2023-11-10T17:36:05.142Z]         RunCTest(context,extraArgs)
[2023-11-10T17:36:05.142Z]       File "/Volumes/DATA/local/S/jenkins/workspace/ECP/ecg-maya-hydra/ecg-maya-hydra-branch-preflight-python3-osx/ecg-maya-hydra/maya-hydra/build.py", line 334, in RunCTest
[2023-11-10T17:36:05.142Z]         Run(context,
[2023-11-10T17:36:05.142Z]       File "/Volumes/DATA/local/S/jenkins/workspace/ECP/ecg-maya-hydra/ecg-maya-hydra-branch-preflight-python3-osx/ecg-maya-hydra/maya-hydra/build.py", line 197, in Run
[2023-11-10T17:36:05.142Z]         raise RuntimeError("Failed to run '{cmd}'\nSee {log} for more details."
[2023-11-10T17:36:05.142Z]     RuntimeError: Failed to run 'ctest --output-on-failure --timeout 500 -C RelWithDebInfo --parallel 8 '
[2023-11-10T17:36:05.142Z]     See /local/S/jenkins/workspace/ECP/ecg-maya-hydra/ecg-maya-hydra-branch-preflight-python3-osx/build/RelWithDebInfo/build_log.txt for more details.
[2023-11-10T17:36:05.142Z] build.py: error: Command failed with error code: 1
[Pipeline] }
[Pipeline] // withEnv
[Pipeline] }
[Pipeline] // timeout
[Pipeline] }
[Pipeline] // stage
[Pipeline] }
[Pipeline] // timestamps
[Pipeline] emailextrecipients
Not sending mail to unregistered user ecg.jenkins@autodesk.com because your SCM claimed this was associated with a user ID ‘ecg.jenkins' which your security realm does not recognize; you may need changes in your SCM plugin
Not sending mail to unregistered user ecg.jenkins@autodesk.com because your SCM claimed this was associated with a user ID ‘ecg.jenkins' which your security realm does not recognize; you may need changes in your SCM plugin
[Pipeline] echo
No recipients to send notification.
[Pipeline] }
[Pipeline] // node
[Pipeline] End of Pipeline
ERROR: script returned exit code 1
[Checks API] No suitable checks publisher found.
Finished: FAILURE
